ARM GAS  C:\Users\main\AppData\Local\Temp\ccbbDJV7.s 			page 1


   1              		.cpu cortex-m0plus
   2              		.arch armv6s-m
   3              		.fpu softvfp
   4              		.eabi_attribute 20, 1
   5              		.eabi_attribute 21, 1
   6              		.eabi_attribute 23, 3
   7              		.eabi_attribute 24, 1
   8              		.eabi_attribute 25, 1
   9              		.eabi_attribute 26, 1
  10              		.eabi_attribute 30, 1
  11              		.eabi_attribute 34, 0
  12              		.eabi_attribute 18, 4
  13              		.file	"app_freertos.c"
  14              		.text
  15              	.Ltext0:
  16              		.cfi_sections	.debug_frame
  17              		.section	.text.StartDefaultTask,"ax",%progbits
  18              		.align	1
  19              		.global	StartDefaultTask
  20              		.syntax unified
  21              		.code	16
  22              		.thumb_func
  24              	StartDefaultTask:
  25              	.LFB349:
  26              		.file 1 "Core/Src/app_freertos.c"
   1:Core/Src/app_freertos.c **** /* USER CODE BEGIN Header */
   2:Core/Src/app_freertos.c **** /**
   3:Core/Src/app_freertos.c ****   ******************************************************************************
   4:Core/Src/app_freertos.c ****   * File Name          : app_freertos.c
   5:Core/Src/app_freertos.c ****   * Description        : FreeRTOS applicative file
   6:Core/Src/app_freertos.c ****   ******************************************************************************
   7:Core/Src/app_freertos.c ****   * @attention
   8:Core/Src/app_freertos.c ****   *
   9:Core/Src/app_freertos.c ****   * Copyright (c) 2025 STMicroelectronics.
  10:Core/Src/app_freertos.c ****   * All rights reserved.
  11:Core/Src/app_freertos.c ****   *
  12:Core/Src/app_freertos.c ****   * This software is licensed under terms that can be found in the LICENSE file
  13:Core/Src/app_freertos.c ****   * in the root directory of this software component.
  14:Core/Src/app_freertos.c ****   * If no LICENSE file comes with this software, it is provided AS-IS.
  15:Core/Src/app_freertos.c ****   *
  16:Core/Src/app_freertos.c ****   ******************************************************************************
  17:Core/Src/app_freertos.c ****   */
  18:Core/Src/app_freertos.c **** /* USER CODE END Header */
  19:Core/Src/app_freertos.c **** 
  20:Core/Src/app_freertos.c **** /* Includes ------------------------------------------------------------------*/
  21:Core/Src/app_freertos.c **** #include "app_freertos.h"
  22:Core/Src/app_freertos.c **** 
  23:Core/Src/app_freertos.c **** /* Private includes ----------------------------------------------------------*/
  24:Core/Src/app_freertos.c **** /* USER CODE BEGIN Includes */
  25:Core/Src/app_freertos.c **** #include "adc.h"
  26:Core/Src/app_freertos.c **** #include "lcd.h"
  27:Core/Src/app_freertos.c **** #include "gpio.h"
  28:Core/Src/app_freertos.c **** #include "cmsis_os.h"
  29:Core/Src/app_freertos.c **** /* USER CODE END Includes */
  30:Core/Src/app_freertos.c **** 
  31:Core/Src/app_freertos.c **** /* Private typedef -----------------------------------------------------------*/
  32:Core/Src/app_freertos.c **** /* USER CODE BEGIN PTD */
ARM GAS  C:\Users\main\AppData\Local\Temp\ccbbDJV7.s 			page 2


  33:Core/Src/app_freertos.c **** 
  34:Core/Src/app_freertos.c **** /* USER CODE END PTD */
  35:Core/Src/app_freertos.c **** 
  36:Core/Src/app_freertos.c **** /* Private define ------------------------------------------------------------*/
  37:Core/Src/app_freertos.c **** /* USER CODE BEGIN PD */
  38:Core/Src/app_freertos.c **** 
  39:Core/Src/app_freertos.c **** /* USER CODE END PD */
  40:Core/Src/app_freertos.c **** 
  41:Core/Src/app_freertos.c **** /* Private macro -------------------------------------------------------------*/
  42:Core/Src/app_freertos.c **** /* USER CODE BEGIN PM */
  43:Core/Src/app_freertos.c **** 
  44:Core/Src/app_freertos.c **** /* USER CODE END PM */
  45:Core/Src/app_freertos.c **** 
  46:Core/Src/app_freertos.c **** /* Private variables ---------------------------------------------------------*/
  47:Core/Src/app_freertos.c **** /* USER CODE BEGIN Variables */
  48:Core/Src/app_freertos.c **** #define DATA_SIZE 10  // –†–æ–∑–º—ñ—Ä –±—É—Ñ–µ—Ä–∞ –¥–ª—è –∑–±–µ—Ä–µ–∂–µ–Ω–Ω—è –∑–Ω–∞—á–µ–Ω—å
  49:Core/Src/app_freertos.c **** uint16_t sensor_data[DATA_SIZE]; // –ë—É—Ñ–µ—Ä –¥–ª—è –∑–±–µ—Ä–µ–∂–µ–Ω–Ω—è –∑–Ω–∞—á–µ–Ω—å
  50:Core/Src/app_freertos.c **** uint8_t data_index = 0; // –ü–æ—Ç–æ—á–Ω–∏–π —ñ–Ω–¥–µ–∫—Å –±—É—Ñ–µ—Ä–∞
  51:Core/Src/app_freertos.c **** uint8_t display_mode = 0; // –†–µ–∂–∏–º –≤—ñ–¥–æ–±—Ä–∞–∂–µ–Ω–Ω—è
  52:Core/Src/app_freertos.c **** osSemaphoreId_t dataSemaphore;  // –û–≥–æ–ª–æ—à–µ–Ω–Ω—è —Å–µ–º–∞—Ñ–æ—Ä—É
  53:Core/Src/app_freertos.c **** /* USER CODE END Variables */
  54:Core/Src/app_freertos.c **** /* Definitions for defaultTask */
  55:Core/Src/app_freertos.c **** osThreadId_t defaultTaskHandle;
  56:Core/Src/app_freertos.c **** const osThreadAttr_t defaultTask_attributes = {
  57:Core/Src/app_freertos.c ****   .name = "defaultTask",
  58:Core/Src/app_freertos.c ****   .priority = (osPriority_t) osPriorityNormal,
  59:Core/Src/app_freertos.c ****   .stack_size = 128 * 4
  60:Core/Src/app_freertos.c **** };
  61:Core/Src/app_freertos.c **** /* Definitions for myTask02 */
  62:Core/Src/app_freertos.c **** osThreadId_t myTask02Handle;
  63:Core/Src/app_freertos.c **** const osThreadAttr_t myTask02_attributes = {
  64:Core/Src/app_freertos.c ****   .name = "myTask02",
  65:Core/Src/app_freertos.c ****   .priority = (osPriority_t) osPriorityLow,
  66:Core/Src/app_freertos.c ****   .stack_size = 128 * 4
  67:Core/Src/app_freertos.c **** };
  68:Core/Src/app_freertos.c **** /* Definitions for myTask03 */
  69:Core/Src/app_freertos.c **** osThreadId_t myTask03Handle;
  70:Core/Src/app_freertos.c **** const osThreadAttr_t myTask03_attributes = {
  71:Core/Src/app_freertos.c ****   .name = "myTask03",
  72:Core/Src/app_freertos.c ****   .priority = (osPriority_t) osPriorityLow,
  73:Core/Src/app_freertos.c ****   .stack_size = 128 * 4
  74:Core/Src/app_freertos.c **** };
  75:Core/Src/app_freertos.c **** 
  76:Core/Src/app_freertos.c **** /* Private function prototypes -----------------------------------------------*/
  77:Core/Src/app_freertos.c **** /* USER CODE BEGIN FunctionPrototypes */
  78:Core/Src/app_freertos.c **** long map(long x, long in_min, long in_max, long out_min, long out_max)
  79:Core/Src/app_freertos.c **** {
  80:Core/Src/app_freertos.c ****   return (x - in_min) * (out_max - out_min + 1) / (in_max - in_min + 1) + out_min;
  81:Core/Src/app_freertos.c **** }
  82:Core/Src/app_freertos.c **** 
  83:Core/Src/app_freertos.c **** uint16_t getAverage()
  84:Core/Src/app_freertos.c **** {
  85:Core/Src/app_freertos.c ****   uint32_t sum = 0;
  86:Core/Src/app_freertos.c ****   for (uint8_t i = 0; i < DATA_SIZE; i++) {
  87:Core/Src/app_freertos.c ****     sum += sensor_data[i];
  88:Core/Src/app_freertos.c ****   }
  89:Core/Src/app_freertos.c ****   return sum / DATA_SIZE;
ARM GAS  C:\Users\main\AppData\Local\Temp\ccbbDJV7.s 			page 3


  90:Core/Src/app_freertos.c **** }
  91:Core/Src/app_freertos.c **** /* USER CODE END FunctionPrototypes */
  92:Core/Src/app_freertos.c **** 
  93:Core/Src/app_freertos.c **** /**
  94:Core/Src/app_freertos.c ****   * @brief  FreeRTOS initialization
  95:Core/Src/app_freertos.c ****   * @param  None
  96:Core/Src/app_freertos.c ****   * @retval None
  97:Core/Src/app_freertos.c ****   */
  98:Core/Src/app_freertos.c **** void MX_FREERTOS_Init(void) {
  99:Core/Src/app_freertos.c ****   /* USER CODE BEGIN Init */
 100:Core/Src/app_freertos.c ****   dataSemaphore = osSemaphoreNew(1, 1, NULL); // –°—Ç–≤–æ—Ä–µ–Ω–Ω—è —Å–µ–º–∞—Ñ–æ—Ä—É –∑ –ø–æ—á–∞—Ç–
 101:Core/Src/app_freertos.c ****   /* USER CODE END Init */
 102:Core/Src/app_freertos.c **** 
 103:Core/Src/app_freertos.c ****   /* USER CODE BEGIN RTOS_MUTEX */
 104:Core/Src/app_freertos.c ****   /* add mutexes, ... */
 105:Core/Src/app_freertos.c ****   /* USER CODE END RTOS_MUTEX */
 106:Core/Src/app_freertos.c **** 
 107:Core/Src/app_freertos.c ****   /* USER CODE BEGIN RTOS_SEMAPHORES */
 108:Core/Src/app_freertos.c ****   /* add semaphores, ... */
 109:Core/Src/app_freertos.c ****   /* USER CODE END RTOS_SEMAPHORES */
 110:Core/Src/app_freertos.c **** 
 111:Core/Src/app_freertos.c ****   /* USER CODE BEGIN RTOS_TIMERS */
 112:Core/Src/app_freertos.c ****   /* start timers, add new ones, ... */
 113:Core/Src/app_freertos.c ****   /* USER CODE END RTOS_TIMERS */
 114:Core/Src/app_freertos.c **** 
 115:Core/Src/app_freertos.c ****   /* USER CODE BEGIN RTOS_QUEUES */
 116:Core/Src/app_freertos.c ****   /* add queues, ... */
 117:Core/Src/app_freertos.c ****   /* USER CODE END RTOS_QUEUES */
 118:Core/Src/app_freertos.c ****   /* creation of defaultTask */
 119:Core/Src/app_freertos.c ****   defaultTaskHandle = osThreadNew(StartDefaultTask, NULL, &defaultTask_attributes);
 120:Core/Src/app_freertos.c **** 
 121:Core/Src/app_freertos.c ****   /* creation of myTask02 */
 122:Core/Src/app_freertos.c ****   myTask02Handle = osThreadNew(StartTask02, NULL, &myTask02_attributes);
 123:Core/Src/app_freertos.c **** 
 124:Core/Src/app_freertos.c ****   /* creation of myTask03 */
 125:Core/Src/app_freertos.c ****   myTask03Handle = osThreadNew(StartTask03, NULL, &myTask03_attributes);
 126:Core/Src/app_freertos.c **** 
 127:Core/Src/app_freertos.c ****   /* USER CODE BEGIN RTOS_THREADS */
 128:Core/Src/app_freertos.c ****   /* add threads, ... */
 129:Core/Src/app_freertos.c ****   /* USER CODE END RTOS_THREADS */
 130:Core/Src/app_freertos.c **** 
 131:Core/Src/app_freertos.c ****   /* USER CODE BEGIN RTOS_EVENTS */
 132:Core/Src/app_freertos.c ****   /* add events, ... */
 133:Core/Src/app_freertos.c ****   /* USER CODE END RTOS_EVENTS */
 134:Core/Src/app_freertos.c **** 
 135:Core/Src/app_freertos.c **** }
 136:Core/Src/app_freertos.c **** /* USER CODE BEGIN Header_StartDefaultTask */
 137:Core/Src/app_freertos.c **** /**
 138:Core/Src/app_freertos.c **** * @brief Function implementing the defaultTask thread.
 139:Core/Src/app_freertos.c **** * @param argument: Not used
 140:Core/Src/app_freertos.c **** * @retval None
 141:Core/Src/app_freertos.c **** */
 142:Core/Src/app_freertos.c **** /* USER CODE END Header_StartDefaultTask */
 143:Core/Src/app_freertos.c **** void StartDefaultTask(void *argument)
 144:Core/Src/app_freertos.c **** {
  27              		.loc 1 144 1 view -0
  28              		.cfi_startproc
ARM GAS  C:\Users\main\AppData\Local\Temp\ccbbDJV7.s 			page 4


  29              		@ Volatile: function does not return.
  30              		@ args = 0, pretend = 0, frame = 0
  31              		@ frame_needed = 0, uses_anonymous_args = 0
  32              	.LVL0:
  33              		.loc 1 144 1 is_stmt 0 view .LVU1
  34 0000 10B5     		push	{r4, lr}
  35              	.LCFI0:
  36              		.cfi_def_cfa_offset 8
  37              		.cfi_offset 4, -8
  38              		.cfi_offset 14, -4
  39              	.LVL1:
  40              	.L2:
 145:Core/Src/app_freertos.c ****   /* USER CODE BEGIN defaultTask */
 146:Core/Src/app_freertos.c ****   /* Infinite loop */
 147:Core/Src/app_freertos.c ****   for(;;)
  41              		.loc 1 147 3 is_stmt 1 discriminator 1 view .LVU2
 148:Core/Src/app_freertos.c ****   {
 149:Core/Src/app_freertos.c ****     osDelay(1000);
  42              		.loc 1 149 5 discriminator 1 view .LVU3
  43 0002 FA20     		movs	r0, #250
  44 0004 8000     		lsls	r0, r0, #2
  45 0006 FFF7FEFF 		bl	osDelay
  46              	.LVL2:
 147:Core/Src/app_freertos.c ****   {
  47              		.loc 1 147 8 discriminator 1 view .LVU4
  48 000a FAE7     		b	.L2
  49              		.cfi_endproc
  50              	.LFE349:
  52              		.global	__aeabi_idiv
  53              		.section	.text.map,"ax",%progbits
  54              		.align	1
  55              		.global	map
  56              		.syntax unified
  57              		.code	16
  58              		.thumb_func
  60              	map:
  61              	.LVL3:
  62              	.LFB346:
  79:Core/Src/app_freertos.c ****   return (x - in_min) * (out_max - out_min + 1) / (in_max - in_min + 1) + out_min;
  63              		.loc 1 79 1 view -0
  64              		.cfi_startproc
  65              		@ args = 4, pretend = 0, frame = 0
  66              		@ frame_needed = 0, uses_anonymous_args = 0
  79:Core/Src/app_freertos.c ****   return (x - in_min) * (out_max - out_min + 1) / (in_max - in_min + 1) + out_min;
  67              		.loc 1 79 1 is_stmt 0 view .LVU6
  68 0000 10B5     		push	{r4, lr}
  69              	.LCFI1:
  70              		.cfi_def_cfa_offset 8
  71              		.cfi_offset 4, -8
  72              		.cfi_offset 14, -4
  73 0002 1C00     		movs	r4, r3
  80:Core/Src/app_freertos.c **** }
  74              		.loc 1 80 3 is_stmt 1 view .LVU7
  80:Core/Src/app_freertos.c **** }
  75              		.loc 1 80 13 is_stmt 0 view .LVU8
  76 0004 431A     		subs	r3, r0, r1
  77              	.LVL4:
ARM GAS  C:\Users\main\AppData\Local\Temp\ccbbDJV7.s 			page 5


  80:Core/Src/app_freertos.c **** }
  78              		.loc 1 80 34 view .LVU9
  79 0006 0298     		ldr	r0, [sp, #8]
  80              	.LVL5:
  80:Core/Src/app_freertos.c **** }
  81              		.loc 1 80 34 view .LVU10
  82 0008 001B     		subs	r0, r0, r4
  80:Core/Src/app_freertos.c **** }
  83              		.loc 1 80 44 view .LVU11
  84 000a 0130     		adds	r0, r0, #1
  80:Core/Src/app_freertos.c **** }
  85              		.loc 1 80 23 view .LVU12
  86 000c 5843     		muls	r0, r3
  80:Core/Src/app_freertos.c **** }
  87              		.loc 1 80 59 view .LVU13
  88 000e 511A     		subs	r1, r2, r1
  89              	.LVL6:
  80:Core/Src/app_freertos.c **** }
  90              		.loc 1 80 68 view .LVU14
  91 0010 0131     		adds	r1, r1, #1
  80:Core/Src/app_freertos.c **** }
  92              		.loc 1 80 49 view .LVU15
  93 0012 FFF7FEFF 		bl	__aeabi_idiv
  94              	.LVL7:
  80:Core/Src/app_freertos.c **** }
  95              		.loc 1 80 73 view .LVU16
  96 0016 0019     		adds	r0, r0, r4
  81:Core/Src/app_freertos.c **** 
  97              		.loc 1 81 1 view .LVU17
  98              		@ sp needed
  99              	.LVL8:
  81:Core/Src/app_freertos.c **** 
 100              		.loc 1 81 1 view .LVU18
 101 0018 10BD     		pop	{r4, pc}
 102              		.cfi_endproc
 103              	.LFE346:
 105              		.global	__aeabi_idivmod
 106              		.section	.text.StartTask02,"ax",%progbits
 107              		.align	1
 108              		.global	StartTask02
 109              		.syntax unified
 110              		.code	16
 111              		.thumb_func
 113              	StartTask02:
 114              	.LFB350:
 150:Core/Src/app_freertos.c ****   }
 151:Core/Src/app_freertos.c ****   /* USER CODE END defaultTask */
 152:Core/Src/app_freertos.c **** }
 153:Core/Src/app_freertos.c **** 
 154:Core/Src/app_freertos.c **** /* USER CODE BEGIN Header_StartTask02 */
 155:Core/Src/app_freertos.c **** /**
 156:Core/Src/app_freertos.c **** * @brief Function implementing the myTask02 thread.
 157:Core/Src/app_freertos.c **** * @param argument: Not used
 158:Core/Src/app_freertos.c **** * @retval None
 159:Core/Src/app_freertos.c **** */
 160:Core/Src/app_freertos.c **** /* USER CODE END Header_StartTask02 */
 161:Core/Src/app_freertos.c **** void StartTask02(void *argument)
ARM GAS  C:\Users\main\AppData\Local\Temp\ccbbDJV7.s 			page 6


 162:Core/Src/app_freertos.c **** {
 115              		.loc 1 162 1 is_stmt 1 view -0
 116              		.cfi_startproc
 117              		@ args = 0, pretend = 0, frame = 0
 118              		@ frame_needed = 0, uses_anonymous_args = 0
 119              	.LVL9:
 120              		.loc 1 162 1 is_stmt 0 view .LVU20
 121 0000 30B5     		push	{r4, r5, lr}
 122              	.LCFI2:
 123              		.cfi_def_cfa_offset 12
 124              		.cfi_offset 4, -12
 125              		.cfi_offset 5, -8
 126              		.cfi_offset 14, -4
 127 0002 83B0     		sub	sp, sp, #12
 128              	.LCFI3:
 129              		.cfi_def_cfa_offset 24
 130 0004 0DE0     		b	.L5
 131              	.LVL10:
 132              	.L6:
 133              	.LBB2:
 163:Core/Src/app_freertos.c ****   /* USER CODE BEGIN myTask02 */
 164:Core/Src/app_freertos.c ****   /* Infinite loop */
 165:Core/Src/app_freertos.c ****   for(;;)
 166:Core/Src/app_freertos.c ****   {
 167:Core/Src/app_freertos.c ****     if (display_mode == 0) {
 168:Core/Src/app_freertos.c ****       HAL_GPIO_WritePin(GPIOA, GPIO_PIN_11, GPIO_PIN_SET);
 169:Core/Src/app_freertos.c ****       HAL_ADC_Start(&hadc1);
 170:Core/Src/app_freertos.c ****       HAL_ADC_PollForConversion(&hadc1, 100);
 171:Core/Src/app_freertos.c ****       uint16_t new_value = map(HAL_ADC_GetValue(&hadc1), 0, 4095, 0, 100);
 172:Core/Src/app_freertos.c ****       
 173:Core/Src/app_freertos.c ****       if (osSemaphoreAcquire(dataSemaphore, osWaitForever) == osOK) {  // –û—á—ñ–∫—É—î–º–æ –¥–æ—Å—Ç
 174:Core/Src/app_freertos.c ****         sensor_data[data_index] = new_value;
 175:Core/Src/app_freertos.c ****         data_index = (data_index + 1) % DATA_SIZE;
 176:Core/Src/app_freertos.c ****         osSemaphoreRelease(dataSemaphore);  // –ó–≤—ñ–ª—å–Ω—è—î–º–æ —Å–µ–º–∞—Ñ–æ—Ä
 177:Core/Src/app_freertos.c ****       }
 178:Core/Src/app_freertos.c **** 
 179:Core/Src/app_freertos.c ****       HAL_ADC_Stop(&hadc1);
 134              		.loc 1 179 7 is_stmt 1 view .LVU21
 135 0006 2148     		ldr	r0, .L8
 136 0008 FFF7FEFF 		bl	HAL_ADC_Stop
 137              	.LVL11:
 180:Core/Src/app_freertos.c ****       HAL_GPIO_WritePin(GPIOA, GPIO_PIN_11, GPIO_PIN_RESET);
 138              		.loc 1 180 7 view .LVU22
 139 000c 8021     		movs	r1, #128
 140 000e A020     		movs	r0, #160
 141 0010 0022     		movs	r2, #0
 142 0012 0901     		lsls	r1, r1, #4
 143 0014 C005     		lsls	r0, r0, #23
 144 0016 FFF7FEFF 		bl	HAL_GPIO_WritePin
 145              	.LVL12:
 181:Core/Src/app_freertos.c ****       vTaskDelay(1000 / portTICK_PERIOD_MS);
 146              		.loc 1 181 7 view .LVU23
 147 001a FA20     		movs	r0, #250
 148 001c 8000     		lsls	r0, r0, #2
 149 001e FFF7FEFF 		bl	vTaskDelay
 150              	.LVL13:
 151              	.L5:
ARM GAS  C:\Users\main\AppData\Local\Temp\ccbbDJV7.s 			page 7


 152              		.loc 1 181 7 is_stmt 0 view .LVU24
 153              	.LBE2:
 165:Core/Src/app_freertos.c ****   {
 154              		.loc 1 165 3 is_stmt 1 view .LVU25
 167:Core/Src/app_freertos.c ****       HAL_GPIO_WritePin(GPIOA, GPIO_PIN_11, GPIO_PIN_SET);
 155              		.loc 1 167 5 view .LVU26
 167:Core/Src/app_freertos.c ****       HAL_GPIO_WritePin(GPIOA, GPIO_PIN_11, GPIO_PIN_SET);
 156              		.loc 1 167 22 is_stmt 0 view .LVU27
 157 0022 1B4B     		ldr	r3, .L8+4
 158 0024 1B78     		ldrb	r3, [r3]
 167:Core/Src/app_freertos.c ****       HAL_GPIO_WritePin(GPIOA, GPIO_PIN_11, GPIO_PIN_SET);
 159              		.loc 1 167 8 view .LVU28
 160 0026 002B     		cmp	r3, #0
 161 0028 FBD1     		bne	.L5
 162              	.LBB3:
 168:Core/Src/app_freertos.c ****       HAL_ADC_Start(&hadc1);
 163              		.loc 1 168 7 is_stmt 1 view .LVU29
 164 002a 8021     		movs	r1, #128
 165 002c A020     		movs	r0, #160
 166 002e 0122     		movs	r2, #1
 167 0030 0901     		lsls	r1, r1, #4
 168 0032 C005     		lsls	r0, r0, #23
 169 0034 FFF7FEFF 		bl	HAL_GPIO_WritePin
 170              	.LVL14:
 169:Core/Src/app_freertos.c ****       HAL_ADC_PollForConversion(&hadc1, 100);
 171              		.loc 1 169 7 view .LVU30
 172 0038 144C     		ldr	r4, .L8
 173 003a 2000     		movs	r0, r4
 174 003c FFF7FEFF 		bl	HAL_ADC_Start
 175              	.LVL15:
 170:Core/Src/app_freertos.c ****       uint16_t new_value = map(HAL_ADC_GetValue(&hadc1), 0, 4095, 0, 100);
 176              		.loc 1 170 7 view .LVU31
 177 0040 6421     		movs	r1, #100
 178 0042 2000     		movs	r0, r4
 179 0044 FFF7FEFF 		bl	HAL_ADC_PollForConversion
 180              	.LVL16:
 171:Core/Src/app_freertos.c ****       
 181              		.loc 1 171 7 view .LVU32
 171:Core/Src/app_freertos.c ****       
 182              		.loc 1 171 32 is_stmt 0 view .LVU33
 183 0048 2000     		movs	r0, r4
 184 004a FFF7FEFF 		bl	HAL_ADC_GetValue
 185              	.LVL17:
 171:Core/Src/app_freertos.c ****       
 186              		.loc 1 171 28 view .LVU34
 187 004e 6423     		movs	r3, #100
 188 0050 0093     		str	r3, [sp]
 189 0052 0023     		movs	r3, #0
 190 0054 0F4A     		ldr	r2, .L8+8
 191 0056 0021     		movs	r1, #0
 192 0058 FFF7FEFF 		bl	map
 193              	.LVL18:
 171:Core/Src/app_freertos.c ****       
 194              		.loc 1 171 16 view .LVU35
 195 005c 84B2     		uxth	r4, r0
 196              	.LVL19:
 173:Core/Src/app_freertos.c ****         sensor_data[data_index] = new_value;
ARM GAS  C:\Users\main\AppData\Local\Temp\ccbbDJV7.s 			page 8


 197              		.loc 1 173 7 is_stmt 1 view .LVU36
 173:Core/Src/app_freertos.c ****         sensor_data[data_index] = new_value;
 198              		.loc 1 173 11 is_stmt 0 view .LVU37
 199 005e 0121     		movs	r1, #1
 200 0060 0D4B     		ldr	r3, .L8+12
 201 0062 1868     		ldr	r0, [r3]
 202 0064 4942     		rsbs	r1, r1, #0
 203 0066 FFF7FEFF 		bl	osSemaphoreAcquire
 204              	.LVL20:
 173:Core/Src/app_freertos.c ****         sensor_data[data_index] = new_value;
 205              		.loc 1 173 10 view .LVU38
 206 006a 0028     		cmp	r0, #0
 207 006c CBD1     		bne	.L6
 174:Core/Src/app_freertos.c ****         data_index = (data_index + 1) % DATA_SIZE;
 208              		.loc 1 174 9 is_stmt 1 view .LVU39
 174:Core/Src/app_freertos.c ****         data_index = (data_index + 1) % DATA_SIZE;
 209              		.loc 1 174 20 is_stmt 0 view .LVU40
 210 006e 0B4D     		ldr	r5, .L8+16
 211 0070 2878     		ldrb	r0, [r5]
 174:Core/Src/app_freertos.c ****         data_index = (data_index + 1) % DATA_SIZE;
 212              		.loc 1 174 33 view .LVU41
 213 0072 4200     		lsls	r2, r0, #1
 214 0074 0A4B     		ldr	r3, .L8+20
 215 0076 D452     		strh	r4, [r2, r3]
 175:Core/Src/app_freertos.c ****         osSemaphoreRelease(dataSemaphore);  // –ó–≤—ñ–ª—å–Ω—è—î–º–æ —Å–µ–º–∞—Ñ–æ—Ä
 216              		.loc 1 175 9 is_stmt 1 view .LVU42
 175:Core/Src/app_freertos.c ****         osSemaphoreRelease(dataSemaphore);  // –ó–≤—ñ–ª—å–Ω—è—î–º–æ —Å–µ–º–∞—Ñ–æ—Ä
 217              		.loc 1 175 34 is_stmt 0 view .LVU43
 218 0078 0130     		adds	r0, r0, #1
 175:Core/Src/app_freertos.c ****         osSemaphoreRelease(dataSemaphore);  // –ó–≤—ñ–ª—å–Ω—è—î–º–æ —Å–µ–º–∞—Ñ–æ—Ä
 219              		.loc 1 175 39 view .LVU44
 220 007a 0A21     		movs	r1, #10
 221 007c FFF7FEFF 		bl	__aeabi_idivmod
 222              	.LVL21:
 175:Core/Src/app_freertos.c ****         osSemaphoreRelease(dataSemaphore);  // –ó–≤—ñ–ª—å–Ω—è—î–º–æ —Å–µ–º–∞—Ñ–æ—Ä
 223              		.loc 1 175 20 view .LVU45
 224 0080 2970     		strb	r1, [r5]
 176:Core/Src/app_freertos.c ****       }
 225              		.loc 1 176 9 is_stmt 1 view .LVU46
 226 0082 054B     		ldr	r3, .L8+12
 227 0084 1868     		ldr	r0, [r3]
 228 0086 FFF7FEFF 		bl	osSemaphoreRelease
 229              	.LVL22:
 230 008a BCE7     		b	.L6
 231              	.L9:
 232              		.align	2
 233              	.L8:
 234 008c 00000000 		.word	hadc1
 235 0090 00000000 		.word	.LANCHOR0
 236 0094 FF0F0000 		.word	4095
 237 0098 00000000 		.word	.LANCHOR1
 238 009c 00000000 		.word	.LANCHOR2
 239 00a0 00000000 		.word	.LANCHOR3
 240              	.LBE3:
 241              		.cfi_endproc
 242              	.LFE350:
 244              		.global	__aeabi_uidiv
ARM GAS  C:\Users\main\AppData\Local\Temp\ccbbDJV7.s 			page 9


 245              		.section	.text.getAverage,"ax",%progbits
 246              		.align	1
 247              		.global	getAverage
 248              		.syntax unified
 249              		.code	16
 250              		.thumb_func
 252              	getAverage:
 253              	.LFB347:
  84:Core/Src/app_freertos.c ****   uint32_t sum = 0;
 254              		.loc 1 84 1 view -0
 255              		.cfi_startproc
 256              		@ args = 0, pretend = 0, frame = 0
 257              		@ frame_needed = 0, uses_anonymous_args = 0
 258 0000 10B5     		push	{r4, lr}
 259              	.LCFI4:
 260              		.cfi_def_cfa_offset 8
 261              		.cfi_offset 4, -8
 262              		.cfi_offset 14, -4
  85:Core/Src/app_freertos.c ****   for (uint8_t i = 0; i < DATA_SIZE; i++) {
 263              		.loc 1 85 3 view .LVU48
 264              	.LVL23:
  86:Core/Src/app_freertos.c ****     sum += sensor_data[i];
 265              		.loc 1 86 3 view .LVU49
 266              	.LBB4:
  86:Core/Src/app_freertos.c ****     sum += sensor_data[i];
 267              		.loc 1 86 8 view .LVU50
  86:Core/Src/app_freertos.c ****     sum += sensor_data[i];
 268              		.loc 1 86 16 is_stmt 0 view .LVU51
 269 0002 0023     		movs	r3, #0
 270              	.LBE4:
  85:Core/Src/app_freertos.c ****   for (uint8_t i = 0; i < DATA_SIZE; i++) {
 271              		.loc 1 85 12 view .LVU52
 272 0004 0020     		movs	r0, #0
 273              	.LBB5:
  86:Core/Src/app_freertos.c ****     sum += sensor_data[i];
 274              		.loc 1 86 3 view .LVU53
 275 0006 05E0     		b	.L11
 276              	.LVL24:
 277              	.L12:
  87:Core/Src/app_freertos.c ****   }
 278              		.loc 1 87 5 is_stmt 1 discriminator 3 view .LVU54
  87:Core/Src/app_freertos.c ****   }
 279              		.loc 1 87 23 is_stmt 0 discriminator 3 view .LVU55
 280 0008 5900     		lsls	r1, r3, #1
 281 000a 064A     		ldr	r2, .L13
 282 000c 8A5A     		ldrh	r2, [r1, r2]
  87:Core/Src/app_freertos.c ****   }
 283              		.loc 1 87 9 discriminator 3 view .LVU56
 284 000e 8018     		adds	r0, r0, r2
 285              	.LVL25:
  86:Core/Src/app_freertos.c ****     sum += sensor_data[i];
 286              		.loc 1 86 38 is_stmt 1 discriminator 3 view .LVU57
  86:Core/Src/app_freertos.c ****     sum += sensor_data[i];
 287              		.loc 1 86 39 is_stmt 0 discriminator 3 view .LVU58
 288 0010 0133     		adds	r3, r3, #1
 289              	.LVL26:
  86:Core/Src/app_freertos.c ****     sum += sensor_data[i];
ARM GAS  C:\Users\main\AppData\Local\Temp\ccbbDJV7.s 			page 10


 290              		.loc 1 86 39 discriminator 3 view .LVU59
 291 0012 DBB2     		uxtb	r3, r3
 292              	.LVL27:
 293              	.L11:
  86:Core/Src/app_freertos.c ****     sum += sensor_data[i];
 294              		.loc 1 86 23 is_stmt 1 discriminator 1 view .LVU60
  86:Core/Src/app_freertos.c ****     sum += sensor_data[i];
 295              		.loc 1 86 3 is_stmt 0 discriminator 1 view .LVU61
 296 0014 092B     		cmp	r3, #9
 297 0016 F7D9     		bls	.L12
 298              	.LBE5:
  89:Core/Src/app_freertos.c **** }
 299              		.loc 1 89 3 is_stmt 1 view .LVU62
  89:Core/Src/app_freertos.c **** }
 300              		.loc 1 89 14 is_stmt 0 view .LVU63
 301 0018 0A21     		movs	r1, #10
 302 001a FFF7FEFF 		bl	__aeabi_uidiv
 303              	.LVL28:
  89:Core/Src/app_freertos.c **** }
 304              		.loc 1 89 14 view .LVU64
 305 001e 80B2     		uxth	r0, r0
  90:Core/Src/app_freertos.c **** /* USER CODE END FunctionPrototypes */
 306              		.loc 1 90 1 view .LVU65
 307              		@ sp needed
 308 0020 10BD     		pop	{r4, pc}
 309              	.L14:
 310 0022 C046     		.align	2
 311              	.L13:
 312 0024 00000000 		.word	.LANCHOR3
 313              		.cfi_endproc
 314              	.LFE347:
 316              		.section	.rodata.StartTask03.str1.4,"aMS",%progbits,1
 317              		.align	2
 318              	.LC10:
 319 0000 56616C75 		.ascii	"Value: %d\000"
 319      653A2025 
 319      6400
 320 000a 0000     		.align	2
 321              	.LC12:
 322 000c 4176673A 		.ascii	"Avg: %d\000"
 322      20256400 
 323              		.section	.text.StartTask03,"ax",%progbits
 324              		.align	1
 325              		.global	StartTask03
 326              		.syntax unified
 327              		.code	16
 328              		.thumb_func
 330              	StartTask03:
 331              	.LFB351:
 182:Core/Src/app_freertos.c ****     }
 183:Core/Src/app_freertos.c ****   }
 184:Core/Src/app_freertos.c ****   /* USER CODE END myTask02 */
 185:Core/Src/app_freertos.c **** }
 186:Core/Src/app_freertos.c **** 
 187:Core/Src/app_freertos.c **** /* USER CODE BEGIN Header_StartTask03 */
 188:Core/Src/app_freertos.c **** /**
 189:Core/Src/app_freertos.c **** * @brief Function implementing the myTask03 thread.
ARM GAS  C:\Users\main\AppData\Local\Temp\ccbbDJV7.s 			page 11


 190:Core/Src/app_freertos.c **** * @param argument: Not used
 191:Core/Src/app_freertos.c **** * @retval None
 192:Core/Src/app_freertos.c **** */
 193:Core/Src/app_freertos.c **** /* USER CODE END Header_StartTask03 */
 194:Core/Src/app_freertos.c **** void StartTask03(void *argument)
 195:Core/Src/app_freertos.c **** {
 332              		.loc 1 195 1 is_stmt 1 view -0
 333              		.cfi_startproc
 334              		@ Volatile: function does not return.
 335              		@ args = 0, pretend = 0, frame = 16
 336              		@ frame_needed = 0, uses_anonymous_args = 0
 337              	.LVL29:
 338              		.loc 1 195 1 is_stmt 0 view .LVU67
 339 0000 00B5     		push	{lr}
 340              	.LCFI5:
 341              		.cfi_def_cfa_offset 4
 342              		.cfi_offset 14, -4
 343 0002 85B0     		sub	sp, sp, #20
 344              	.LCFI6:
 345              		.cfi_def_cfa_offset 24
 346 0004 16E0     		b	.L19
 347              	.LVL30:
 348              	.L17:
 196:Core/Src/app_freertos.c ****   /* USER CODE BEGIN myTask03 */
 197:Core/Src/app_freertos.c ****   char buffer[16];
 198:Core/Src/app_freertos.c ****   /* Infinite loop */
 199:Core/Src/app_freertos.c ****   for(;;)
 200:Core/Src/app_freertos.c ****   {
 201:Core/Src/app_freertos.c ****     if (osSemaphoreAcquire(dataSemaphore, osWaitForever) == osOK) {  // –û—á—ñ–∫—É—î–º–æ –¥–æ—Å—Ç—É
 202:Core/Src/app_freertos.c ****       if (display_mode == 0) {
 203:Core/Src/app_freertos.c ****         HAL_GPIO_WritePin(GPIOA, GPIO_PIN_5, GPIO_PIN_RESET);
 204:Core/Src/app_freertos.c ****         sprintf(buffer, "Value: %d", sensor_data[(data_index + DATA_SIZE - 1) % DATA_SIZE]);
 205:Core/Src/app_freertos.c ****       } else {
 206:Core/Src/app_freertos.c ****         HAL_GPIO_WritePin(GPIOA, GPIO_PIN_5, GPIO_PIN_SET);
 349              		.loc 1 206 9 is_stmt 1 view .LVU68
 350 0006 A020     		movs	r0, #160
 351 0008 0122     		movs	r2, #1
 352 000a 2021     		movs	r1, #32
 353 000c C005     		lsls	r0, r0, #23
 354 000e FFF7FEFF 		bl	HAL_GPIO_WritePin
 355              	.LVL31:
 207:Core/Src/app_freertos.c ****         sprintf(buffer, "Avg: %d", getAverage());
 356              		.loc 1 207 9 view .LVU69
 357              		.loc 1 207 36 is_stmt 0 view .LVU70
 358 0012 FFF7FEFF 		bl	getAverage
 359              	.LVL32:
 360 0016 0200     		movs	r2, r0
 361              		.loc 1 207 9 view .LVU71
 362 0018 1649     		ldr	r1, .L20
 363 001a 6846     		mov	r0, sp
 364 001c FFF7FEFF 		bl	sprintf
 365              	.LVL33:
 366              	.L18:
 208:Core/Src/app_freertos.c ****       }
 209:Core/Src/app_freertos.c ****       osSemaphoreRelease(dataSemaphore);  // –ó–≤—ñ–ª—å–Ω—è—î–º–æ —Å–µ–º–∞—Ñ–æ—Ä
 367              		.loc 1 209 7 is_stmt 1 view .LVU72
 368 0020 154B     		ldr	r3, .L20+4
ARM GAS  C:\Users\main\AppData\Local\Temp\ccbbDJV7.s 			page 12


 369 0022 1868     		ldr	r0, [r3]
 370 0024 FFF7FEFF 		bl	osSemaphoreRelease
 371              	.LVL34:
 372              	.L16:
 210:Core/Src/app_freertos.c ****     }
 211:Core/Src/app_freertos.c **** 
 212:Core/Src/app_freertos.c ****     lcd_print(buffer);
 373              		.loc 1 212 5 view .LVU73
 374 0028 6846     		mov	r0, sp
 375 002a FFF7FEFF 		bl	lcd_print
 376              	.LVL35:
 213:Core/Src/app_freertos.c ****     vTaskDelay(100 / portTICK_PERIOD_MS);
 377              		.loc 1 213 5 view .LVU74
 378 002e 6420     		movs	r0, #100
 379 0030 FFF7FEFF 		bl	vTaskDelay
 380              	.LVL36:
 199:Core/Src/app_freertos.c ****   {
 381              		.loc 1 199 8 view .LVU75
 382              	.L19:
 197:Core/Src/app_freertos.c ****   /* Infinite loop */
 383              		.loc 1 197 3 view .LVU76
 199:Core/Src/app_freertos.c ****   {
 384              		.loc 1 199 3 view .LVU77
 201:Core/Src/app_freertos.c ****       if (display_mode == 0) {
 385              		.loc 1 201 5 view .LVU78
 201:Core/Src/app_freertos.c ****       if (display_mode == 0) {
 386              		.loc 1 201 9 is_stmt 0 view .LVU79
 387 0034 0121     		movs	r1, #1
 388 0036 104B     		ldr	r3, .L20+4
 389 0038 1868     		ldr	r0, [r3]
 390 003a 4942     		rsbs	r1, r1, #0
 391 003c FFF7FEFF 		bl	osSemaphoreAcquire
 392              	.LVL37:
 201:Core/Src/app_freertos.c ****       if (display_mode == 0) {
 393              		.loc 1 201 8 view .LVU80
 394 0040 0028     		cmp	r0, #0
 395 0042 F1D1     		bne	.L16
 202:Core/Src/app_freertos.c ****         HAL_GPIO_WritePin(GPIOA, GPIO_PIN_5, GPIO_PIN_RESET);
 396              		.loc 1 202 7 is_stmt 1 view .LVU81
 202:Core/Src/app_freertos.c ****         HAL_GPIO_WritePin(GPIOA, GPIO_PIN_5, GPIO_PIN_RESET);
 397              		.loc 1 202 24 is_stmt 0 view .LVU82
 398 0044 0D4B     		ldr	r3, .L20+8
 399 0046 1B78     		ldrb	r3, [r3]
 202:Core/Src/app_freertos.c ****         HAL_GPIO_WritePin(GPIOA, GPIO_PIN_5, GPIO_PIN_RESET);
 400              		.loc 1 202 10 view .LVU83
 401 0048 002B     		cmp	r3, #0
 402 004a DCD1     		bne	.L17
 203:Core/Src/app_freertos.c ****         sprintf(buffer, "Value: %d", sensor_data[(data_index + DATA_SIZE - 1) % DATA_SIZE]);
 403              		.loc 1 203 9 is_stmt 1 view .LVU84
 404 004c A030     		adds	r0, r0, #160
 405 004e 0022     		movs	r2, #0
 406 0050 2021     		movs	r1, #32
 407 0052 C005     		lsls	r0, r0, #23
 408 0054 FFF7FEFF 		bl	HAL_GPIO_WritePin
 409              	.LVL38:
 204:Core/Src/app_freertos.c ****       } else {
 410              		.loc 1 204 9 view .LVU85
ARM GAS  C:\Users\main\AppData\Local\Temp\ccbbDJV7.s 			page 13


 204:Core/Src/app_freertos.c ****       } else {
 411              		.loc 1 204 74 is_stmt 0 view .LVU86
 412 0058 094B     		ldr	r3, .L20+12
 413 005a 1878     		ldrb	r0, [r3]
 414 005c 0930     		adds	r0, r0, #9
 204:Core/Src/app_freertos.c ****       } else {
 415              		.loc 1 204 79 view .LVU87
 416 005e 0A21     		movs	r1, #10
 417 0060 FFF7FEFF 		bl	__aeabi_idivmod
 418              	.LVL39:
 204:Core/Src/app_freertos.c ****       } else {
 419              		.loc 1 204 49 view .LVU88
 420 0064 4900     		lsls	r1, r1, #1
 421 0066 074B     		ldr	r3, .L20+16
 422 0068 CA5A     		ldrh	r2, [r1, r3]
 204:Core/Src/app_freertos.c ****       } else {
 423              		.loc 1 204 9 view .LVU89
 424 006a 0749     		ldr	r1, .L20+20
 425 006c 6846     		mov	r0, sp
 426 006e FFF7FEFF 		bl	sprintf
 427              	.LVL40:
 428 0072 D5E7     		b	.L18
 429              	.L21:
 430              		.align	2
 431              	.L20:
 432 0074 0C000000 		.word	.LC12
 433 0078 00000000 		.word	.LANCHOR1
 434 007c 00000000 		.word	.LANCHOR0
 435 0080 00000000 		.word	.LANCHOR2
 436 0084 00000000 		.word	.LANCHOR3
 437 0088 00000000 		.word	.LC10
 438              		.cfi_endproc
 439              	.LFE351:
 441              		.section	.text.MX_FREERTOS_Init,"ax",%progbits
 442              		.align	1
 443              		.global	MX_FREERTOS_Init
 444              		.syntax unified
 445              		.code	16
 446              		.thumb_func
 448              	MX_FREERTOS_Init:
 449              	.LFB348:
  98:Core/Src/app_freertos.c ****   /* USER CODE BEGIN Init */
 450              		.loc 1 98 29 is_stmt 1 view -0
 451              		.cfi_startproc
 452              		@ args = 0, pretend = 0, frame = 0
 453              		@ frame_needed = 0, uses_anonymous_args = 0
 454 0000 10B5     		push	{r4, lr}
 455              	.LCFI7:
 456              		.cfi_def_cfa_offset 8
 457              		.cfi_offset 4, -8
 458              		.cfi_offset 14, -4
 100:Core/Src/app_freertos.c ****   /* USER CODE END Init */
 459              		.loc 1 100 3 view .LVU91
 100:Core/Src/app_freertos.c ****   /* USER CODE END Init */
 460              		.loc 1 100 19 is_stmt 0 view .LVU92
 461 0002 0022     		movs	r2, #0
 462 0004 0121     		movs	r1, #1
ARM GAS  C:\Users\main\AppData\Local\Temp\ccbbDJV7.s 			page 14


 463 0006 0120     		movs	r0, #1
 464 0008 FFF7FEFF 		bl	osSemaphoreNew
 465              	.LVL41:
 100:Core/Src/app_freertos.c ****   /* USER CODE END Init */
 466              		.loc 1 100 17 view .LVU93
 467 000c 0B4B     		ldr	r3, .L23
 468 000e 1860     		str	r0, [r3]
 119:Core/Src/app_freertos.c **** 
 469              		.loc 1 119 3 is_stmt 1 view .LVU94
 119:Core/Src/app_freertos.c **** 
 470              		.loc 1 119 23 is_stmt 0 view .LVU95
 471 0010 0B4A     		ldr	r2, .L23+4
 472 0012 0021     		movs	r1, #0
 473 0014 0B48     		ldr	r0, .L23+8
 474 0016 FFF7FEFF 		bl	osThreadNew
 475              	.LVL42:
 119:Core/Src/app_freertos.c **** 
 476              		.loc 1 119 21 view .LVU96
 477 001a 0B4B     		ldr	r3, .L23+12
 478 001c 1860     		str	r0, [r3]
 122:Core/Src/app_freertos.c **** 
 479              		.loc 1 122 3 is_stmt 1 view .LVU97
 122:Core/Src/app_freertos.c **** 
 480              		.loc 1 122 20 is_stmt 0 view .LVU98
 481 001e 0B4A     		ldr	r2, .L23+16
 482 0020 0021     		movs	r1, #0
 483 0022 0B48     		ldr	r0, .L23+20
 484 0024 FFF7FEFF 		bl	osThreadNew
 485              	.LVL43:
 122:Core/Src/app_freertos.c **** 
 486              		.loc 1 122 18 view .LVU99
 487 0028 0A4B     		ldr	r3, .L23+24
 488 002a 1860     		str	r0, [r3]
 125:Core/Src/app_freertos.c **** 
 489              		.loc 1 125 3 is_stmt 1 view .LVU100
 125:Core/Src/app_freertos.c **** 
 490              		.loc 1 125 20 is_stmt 0 view .LVU101
 491 002c 0A4A     		ldr	r2, .L23+28
 492 002e 0021     		movs	r1, #0
 493 0030 0A48     		ldr	r0, .L23+32
 494 0032 FFF7FEFF 		bl	osThreadNew
 495              	.LVL44:
 125:Core/Src/app_freertos.c **** 
 496              		.loc 1 125 18 view .LVU102
 497 0036 0A4B     		ldr	r3, .L23+36
 498 0038 1860     		str	r0, [r3]
 135:Core/Src/app_freertos.c **** /* USER CODE BEGIN Header_StartDefaultTask */
 499              		.loc 1 135 1 view .LVU103
 500              		@ sp needed
 501 003a 10BD     		pop	{r4, pc}
 502              	.L24:
 503              		.align	2
 504              	.L23:
 505 003c 00000000 		.word	.LANCHOR1
 506 0040 00000000 		.word	.LANCHOR4
 507 0044 00000000 		.word	StartDefaultTask
 508 0048 00000000 		.word	.LANCHOR5
ARM GAS  C:\Users\main\AppData\Local\Temp\ccbbDJV7.s 			page 15


 509 004c 00000000 		.word	.LANCHOR6
 510 0050 00000000 		.word	StartTask02
 511 0054 00000000 		.word	.LANCHOR7
 512 0058 00000000 		.word	.LANCHOR8
 513 005c 00000000 		.word	StartTask03
 514 0060 00000000 		.word	.LANCHOR9
 515              		.cfi_endproc
 516              	.LFE348:
 518              		.global	myTask03_attributes
 519              		.section	.rodata.str1.4,"aMS",%progbits,1
 520              		.align	2
 521              	.LC24:
 522 0000 6D795461 		.ascii	"myTask03\000"
 522      736B3033 
 522      00
 523              		.global	myTask03Handle
 524              		.global	myTask02_attributes
 525 0009 000000   		.align	2
 526              	.LC25:
 527 000c 6D795461 		.ascii	"myTask02\000"
 527      736B3032 
 527      00
 528              		.global	myTask02Handle
 529              		.global	defaultTask_attributes
 530 0015 000000   		.align	2
 531              	.LC26:
 532 0018 64656661 		.ascii	"defaultTask\000"
 532      756C7454 
 532      61736B00 
 533              		.global	defaultTaskHandle
 534              		.global	dataSemaphore
 535              		.global	display_mode
 536              		.global	data_index
 537              		.global	sensor_data
 538              		.section	.bss.dataSemaphore,"aw",%nobits
 539              		.align	2
 540              		.set	.LANCHOR1,. + 0
 543              	dataSemaphore:
 544 0000 00000000 		.space	4
 545              		.section	.bss.data_index,"aw",%nobits
 546              		.set	.LANCHOR2,. + 0
 549              	data_index:
 550 0000 00       		.space	1
 551              		.section	.bss.defaultTaskHandle,"aw",%nobits
 552              		.align	2
 553              		.set	.LANCHOR5,. + 0
 556              	defaultTaskHandle:
 557 0000 00000000 		.space	4
 558              		.section	.bss.display_mode,"aw",%nobits
 559              		.set	.LANCHOR0,. + 0
 562              	display_mode:
 563 0000 00       		.space	1
 564              		.section	.bss.myTask02Handle,"aw",%nobits
 565              		.align	2
 566              		.set	.LANCHOR7,. + 0
 569              	myTask02Handle:
 570 0000 00000000 		.space	4
ARM GAS  C:\Users\main\AppData\Local\Temp\ccbbDJV7.s 			page 16


 571              		.section	.bss.myTask03Handle,"aw",%nobits
 572              		.align	2
 573              		.set	.LANCHOR9,. + 0
 576              	myTask03Handle:
 577 0000 00000000 		.space	4
 578              		.section	.bss.sensor_data,"aw",%nobits
 579              		.align	2
 580              		.set	.LANCHOR3,. + 0
 583              	sensor_data:
 584 0000 00000000 		.space	20
 584      00000000 
 584      00000000 
 584      00000000 
 584      00000000 
 585              		.section	.rodata.defaultTask_attributes,"a"
 586              		.align	2
 587              		.set	.LANCHOR4,. + 0
 590              	defaultTask_attributes:
 591 0000 18000000 		.word	.LC26
 592 0004 00000000 		.space	16
 592      00000000 
 592      00000000 
 592      00000000 
 593 0014 00020000 		.word	512
 594 0018 18000000 		.word	24
 595 001c 00000000 		.space	8
 595      00000000 
 596              		.section	.rodata.myTask02_attributes,"a"
 597              		.align	2
 598              		.set	.LANCHOR6,. + 0
 601              	myTask02_attributes:
 602 0000 0C000000 		.word	.LC25
 603 0004 00000000 		.space	16
 603      00000000 
 603      00000000 
 603      00000000 
 604 0014 00020000 		.word	512
 605 0018 08000000 		.word	8
 606 001c 00000000 		.space	8
 606      00000000 
 607              		.section	.rodata.myTask03_attributes,"a"
 608              		.align	2
 609              		.set	.LANCHOR8,. + 0
 612              	myTask03_attributes:
 613 0000 00000000 		.word	.LC24
 614 0004 00000000 		.space	16
 614      00000000 
 614      00000000 
 614      00000000 
 615 0014 00020000 		.word	512
 616 0018 08000000 		.word	8
 617 001c 00000000 		.space	8
 617      00000000 
 618              		.text
 619              	.Letext0:
 620              		.file 2 "c:\\program files (x86)\\gnu arm embedded toolchain\\10 2021.10\\arm-none-eabi\\include\\
 621              		.file 3 "c:\\program files (x86)\\gnu arm embedded toolchain\\10 2021.10\\arm-none-eabi\\include\\
ARM GAS  C:\Users\main\AppData\Local\Temp\ccbbDJV7.s 			page 17


 622              		.file 4 "Middlewares/Third_Party/FreeRTOS/Source/portable/GCC/ARM_CM0/portmacro.h"
 623              		.file 5 "Drivers/CMSIS/Device/ST/STM32C0xx/Include/stm32c031xx.h"
 624              		.file 6 "Drivers/CMSIS/Device/ST/STM32C0xx/Include/stm32c0xx.h"
 625              		.file 7 "Drivers/STM32C0xx_HAL_Driver/Inc/stm32c0xx_hal_def.h"
 626              		.file 8 "Drivers/STM32C0xx_HAL_Driver/Inc/stm32c0xx_hal_gpio.h"
 627              		.file 9 "Drivers/STM32C0xx_HAL_Driver/Inc/stm32c0xx_hal_dma.h"
 628              		.file 10 "Drivers/STM32C0xx_HAL_Driver/Inc/stm32c0xx_hal_adc.h"
 629              		.file 11 "Middlewares/Third_Party/CMSIS/RTOS2/Include/cmsis_os2.h"
 630              		.file 12 "Core/Inc/app_freertos.h"
 631              		.file 13 "Core/Inc/adc.h"
 632              		.file 14 "c:\\program files (x86)\\gnu arm embedded toolchain\\10 2021.10\\arm-none-eabi\\include\
 633              		.file 15 "Core/Inc/lcd.h"
 634              		.file 16 "Middlewares/Third_Party/FreeRTOS/Source/include/task.h"
ARM GAS  C:\Users\main\AppData\Local\Temp\ccbbDJV7.s 			page 18


DEFINED SYMBOLS
                            *ABS*:00000000 app_freertos.c
C:\Users\main\AppData\Local\Temp\ccbbDJV7.s:18     .text.StartDefaultTask:00000000 $t
C:\Users\main\AppData\Local\Temp\ccbbDJV7.s:24     .text.StartDefaultTask:00000000 StartDefaultTask
C:\Users\main\AppData\Local\Temp\ccbbDJV7.s:54     .text.map:00000000 $t
C:\Users\main\AppData\Local\Temp\ccbbDJV7.s:60     .text.map:00000000 map
C:\Users\main\AppData\Local\Temp\ccbbDJV7.s:107    .text.StartTask02:00000000 $t
C:\Users\main\AppData\Local\Temp\ccbbDJV7.s:113    .text.StartTask02:00000000 StartTask02
C:\Users\main\AppData\Local\Temp\ccbbDJV7.s:234    .text.StartTask02:0000008c $d
C:\Users\main\AppData\Local\Temp\ccbbDJV7.s:246    .text.getAverage:00000000 $t
C:\Users\main\AppData\Local\Temp\ccbbDJV7.s:252    .text.getAverage:00000000 getAverage
C:\Users\main\AppData\Local\Temp\ccbbDJV7.s:312    .text.getAverage:00000024 $d
C:\Users\main\AppData\Local\Temp\ccbbDJV7.s:317    .rodata.StartTask03.str1.4:00000000 $d
C:\Users\main\AppData\Local\Temp\ccbbDJV7.s:324    .text.StartTask03:00000000 $t
C:\Users\main\AppData\Local\Temp\ccbbDJV7.s:330    .text.StartTask03:00000000 StartTask03
C:\Users\main\AppData\Local\Temp\ccbbDJV7.s:432    .text.StartTask03:00000074 $d
C:\Users\main\AppData\Local\Temp\ccbbDJV7.s:442    .text.MX_FREERTOS_Init:00000000 $t
C:\Users\main\AppData\Local\Temp\ccbbDJV7.s:448    .text.MX_FREERTOS_Init:00000000 MX_FREERTOS_Init
C:\Users\main\AppData\Local\Temp\ccbbDJV7.s:505    .text.MX_FREERTOS_Init:0000003c $d
C:\Users\main\AppData\Local\Temp\ccbbDJV7.s:612    .rodata.myTask03_attributes:00000000 myTask03_attributes
C:\Users\main\AppData\Local\Temp\ccbbDJV7.s:520    .rodata.str1.4:00000000 $d
C:\Users\main\AppData\Local\Temp\ccbbDJV7.s:576    .bss.myTask03Handle:00000000 myTask03Handle
C:\Users\main\AppData\Local\Temp\ccbbDJV7.s:601    .rodata.myTask02_attributes:00000000 myTask02_attributes
C:\Users\main\AppData\Local\Temp\ccbbDJV7.s:569    .bss.myTask02Handle:00000000 myTask02Handle
C:\Users\main\AppData\Local\Temp\ccbbDJV7.s:590    .rodata.defaultTask_attributes:00000000 defaultTask_attributes
C:\Users\main\AppData\Local\Temp\ccbbDJV7.s:556    .bss.defaultTaskHandle:00000000 defaultTaskHandle
C:\Users\main\AppData\Local\Temp\ccbbDJV7.s:543    .bss.dataSemaphore:00000000 dataSemaphore
C:\Users\main\AppData\Local\Temp\ccbbDJV7.s:562    .bss.display_mode:00000000 display_mode
C:\Users\main\AppData\Local\Temp\ccbbDJV7.s:549    .bss.data_index:00000000 data_index
C:\Users\main\AppData\Local\Temp\ccbbDJV7.s:583    .bss.sensor_data:00000000 sensor_data
C:\Users\main\AppData\Local\Temp\ccbbDJV7.s:539    .bss.dataSemaphore:00000000 $d
C:\Users\main\AppData\Local\Temp\ccbbDJV7.s:550    .bss.data_index:00000000 $d
C:\Users\main\AppData\Local\Temp\ccbbDJV7.s:552    .bss.defaultTaskHandle:00000000 $d
C:\Users\main\AppData\Local\Temp\ccbbDJV7.s:563    .bss.display_mode:00000000 $d
C:\Users\main\AppData\Local\Temp\ccbbDJV7.s:565    .bss.myTask02Handle:00000000 $d
C:\Users\main\AppData\Local\Temp\ccbbDJV7.s:572    .bss.myTask03Handle:00000000 $d
C:\Users\main\AppData\Local\Temp\ccbbDJV7.s:579    .bss.sensor_data:00000000 $d
C:\Users\main\AppData\Local\Temp\ccbbDJV7.s:586    .rodata.defaultTask_attributes:00000000 $d
C:\Users\main\AppData\Local\Temp\ccbbDJV7.s:597    .rodata.myTask02_attributes:00000000 $d
C:\Users\main\AppData\Local\Temp\ccbbDJV7.s:608    .rodata.myTask03_attributes:00000000 $d

UNDEFINED SYMBOLS
osDelay
__aeabi_idiv
__aeabi_idivmod
HAL_ADC_Stop
HAL_GPIO_WritePin
vTaskDelay
HAL_ADC_Start
HAL_ADC_PollForConversion
HAL_ADC_GetValue
osSemaphoreAcquire
osSemaphoreRelease
hadc1
__aeabi_uidiv
sprintf
lcd_print
ARM GAS  C:\Users\main\AppData\Local\Temp\ccbbDJV7.s 			page 19


osSemaphoreNew
osThreadNew
