ARM GAS  C:\Users\main\AppData\Local\Temp\cc5Bsl4w.s 			page 1


   1              		.cpu cortex-m0plus
   2              		.arch armv6s-m
   3              		.fpu softvfp
   4              		.eabi_attribute 20, 1
   5              		.eabi_attribute 21, 1
   6              		.eabi_attribute 23, 3
   7              		.eabi_attribute 24, 1
   8              		.eabi_attribute 25, 1
   9              		.eabi_attribute 26, 1
  10              		.eabi_attribute 30, 1
  11              		.eabi_attribute 34, 0
  12              		.eabi_attribute 18, 4
  13              		.file	"qf_qeq.c"
  14              		.text
  15              	.Ltext0:
  16              		.cfi_sections	.debug_frame
  17              		.section	.text.QEQueue_init,"ax",%progbits
  18              		.align	1
  19              		.global	QEQueue_init
  20              		.syntax unified
  21              		.code	16
  22              		.thumb_func
  24              	QEQueue_init:
  25              	.LVL0:
  26              	.LFB18:
  27              		.file 1 "Middlewares/Third_Party/QuantumLeaps_RTEF_qpc/src/qf/qf_qeq.c"
   1:Middlewares/Third_Party/QuantumLeaps_RTEF_qpc/src/qf/qf_qeq.c **** //============================================================================
   2:Middlewares/Third_Party/QuantumLeaps_RTEF_qpc/src/qf/qf_qeq.c **** // QP/C Real-Time Embedded Framework (RTEF)
   3:Middlewares/Third_Party/QuantumLeaps_RTEF_qpc/src/qf/qf_qeq.c **** // Version 8.0.2
   4:Middlewares/Third_Party/QuantumLeaps_RTEF_qpc/src/qf/qf_qeq.c **** //
   5:Middlewares/Third_Party/QuantumLeaps_RTEF_qpc/src/qf/qf_qeq.c **** // Copyright (C) 2005 Quantum Leaps, LLC. All rights reserved.
   6:Middlewares/Third_Party/QuantumLeaps_RTEF_qpc/src/qf/qf_qeq.c **** //
   7:Middlewares/Third_Party/QuantumLeaps_RTEF_qpc/src/qf/qf_qeq.c **** //                    Q u a n t u m  L e a P s
   8:Middlewares/Third_Party/QuantumLeaps_RTEF_qpc/src/qf/qf_qeq.c **** //                    ------------------------
   9:Middlewares/Third_Party/QuantumLeaps_RTEF_qpc/src/qf/qf_qeq.c **** //                    Modern Embedded Software
  10:Middlewares/Third_Party/QuantumLeaps_RTEF_qpc/src/qf/qf_qeq.c **** //
  11:Middlewares/Third_Party/QuantumLeaps_RTEF_qpc/src/qf/qf_qeq.c **** // SPDX-License-Identifier: GPL-3.0-or-later OR LicenseRef-QL-commercial
  12:Middlewares/Third_Party/QuantumLeaps_RTEF_qpc/src/qf/qf_qeq.c **** //
  13:Middlewares/Third_Party/QuantumLeaps_RTEF_qpc/src/qf/qf_qeq.c **** // This software is dual-licensed under the terms of the open-source GNU
  14:Middlewares/Third_Party/QuantumLeaps_RTEF_qpc/src/qf/qf_qeq.c **** // General Public License (GPL) or under the terms of one of the closed-
  15:Middlewares/Third_Party/QuantumLeaps_RTEF_qpc/src/qf/qf_qeq.c **** // source Quantum Leaps commercial licenses.
  16:Middlewares/Third_Party/QuantumLeaps_RTEF_qpc/src/qf/qf_qeq.c **** //
  17:Middlewares/Third_Party/QuantumLeaps_RTEF_qpc/src/qf/qf_qeq.c **** // Redistributions in source code must retain this top-level comment block.
  18:Middlewares/Third_Party/QuantumLeaps_RTEF_qpc/src/qf/qf_qeq.c **** // Plagiarizing this software to sidestep the license obligations is illegal.
  19:Middlewares/Third_Party/QuantumLeaps_RTEF_qpc/src/qf/qf_qeq.c **** //
  20:Middlewares/Third_Party/QuantumLeaps_RTEF_qpc/src/qf/qf_qeq.c **** // NOTE:
  21:Middlewares/Third_Party/QuantumLeaps_RTEF_qpc/src/qf/qf_qeq.c **** // The GPL does NOT permit the incorporation of this code into proprietary
  22:Middlewares/Third_Party/QuantumLeaps_RTEF_qpc/src/qf/qf_qeq.c **** // programs. Please contact Quantum Leaps for commercial licensing options,
  23:Middlewares/Third_Party/QuantumLeaps_RTEF_qpc/src/qf/qf_qeq.c **** // which expressly supersede the GPL and are designed explicitly for
  24:Middlewares/Third_Party/QuantumLeaps_RTEF_qpc/src/qf/qf_qeq.c **** // closed-source distribution.
  25:Middlewares/Third_Party/QuantumLeaps_RTEF_qpc/src/qf/qf_qeq.c **** //
  26:Middlewares/Third_Party/QuantumLeaps_RTEF_qpc/src/qf/qf_qeq.c **** // Quantum Leaps contact information:
  27:Middlewares/Third_Party/QuantumLeaps_RTEF_qpc/src/qf/qf_qeq.c **** // <www.state-machine.com/licensing>
  28:Middlewares/Third_Party/QuantumLeaps_RTEF_qpc/src/qf/qf_qeq.c **** // <info@state-machine.com>
  29:Middlewares/Third_Party/QuantumLeaps_RTEF_qpc/src/qf/qf_qeq.c **** //============================================================================
  30:Middlewares/Third_Party/QuantumLeaps_RTEF_qpc/src/qf/qf_qeq.c **** #define QP_IMPL           // this is QP implementation
  31:Middlewares/Third_Party/QuantumLeaps_RTEF_qpc/src/qf/qf_qeq.c **** #include "qp_port.h"      // QP port
ARM GAS  C:\Users\main\AppData\Local\Temp\cc5Bsl4w.s 			page 2


  32:Middlewares/Third_Party/QuantumLeaps_RTEF_qpc/src/qf/qf_qeq.c **** #include "qp_pkg.h"       // QP package-scope interface
  33:Middlewares/Third_Party/QuantumLeaps_RTEF_qpc/src/qf/qf_qeq.c **** #include "qsafe.h"        // QP Functional Safety (FuSa) Subsystem
  34:Middlewares/Third_Party/QuantumLeaps_RTEF_qpc/src/qf/qf_qeq.c **** #ifdef Q_SPY              // QS software tracing enabled?
  35:Middlewares/Third_Party/QuantumLeaps_RTEF_qpc/src/qf/qf_qeq.c ****     #include "qs_port.h"  // QS port
  36:Middlewares/Third_Party/QuantumLeaps_RTEF_qpc/src/qf/qf_qeq.c ****     #include "qs_pkg.h"   // QS facilities for pre-defined trace records
  37:Middlewares/Third_Party/QuantumLeaps_RTEF_qpc/src/qf/qf_qeq.c **** #else
  38:Middlewares/Third_Party/QuantumLeaps_RTEF_qpc/src/qf/qf_qeq.c ****     #include "qs_dummy.h" // disable the QS software tracing
  39:Middlewares/Third_Party/QuantumLeaps_RTEF_qpc/src/qf/qf_qeq.c **** #endif // Q_SPY
  40:Middlewares/Third_Party/QuantumLeaps_RTEF_qpc/src/qf/qf_qeq.c **** 
  41:Middlewares/Third_Party/QuantumLeaps_RTEF_qpc/src/qf/qf_qeq.c **** Q_DEFINE_THIS_MODULE("qf_qeq")
  42:Middlewares/Third_Party/QuantumLeaps_RTEF_qpc/src/qf/qf_qeq.c **** 
  43:Middlewares/Third_Party/QuantumLeaps_RTEF_qpc/src/qf/qf_qeq.c **** //............................................................................
  44:Middlewares/Third_Party/QuantumLeaps_RTEF_qpc/src/qf/qf_qeq.c **** //! @public @memberof QEQueue
  45:Middlewares/Third_Party/QuantumLeaps_RTEF_qpc/src/qf/qf_qeq.c **** void QEQueue_init(QEQueue * const me,
  46:Middlewares/Third_Party/QuantumLeaps_RTEF_qpc/src/qf/qf_qeq.c ****     struct QEvt const  * * const qSto,
  47:Middlewares/Third_Party/QuantumLeaps_RTEF_qpc/src/qf/qf_qeq.c ****     uint_fast16_t const qLen)
  48:Middlewares/Third_Party/QuantumLeaps_RTEF_qpc/src/qf/qf_qeq.c **** {
  28              		.loc 1 48 1 view -0
  29              		.cfi_startproc
  30              		@ args = 0, pretend = 0, frame = 0
  31              		@ frame_needed = 0, uses_anonymous_args = 0
  32              		.loc 1 48 1 is_stmt 0 view .LVU1
  33 0000 70B5     		push	{r4, r5, r6, lr}
  34              	.LCFI0:
  35              		.cfi_def_cfa_offset 16
  36              		.cfi_offset 4, -16
  37              		.cfi_offset 5, -12
  38              		.cfi_offset 6, -8
  39              		.cfi_offset 14, -4
  40 0002 0400     		movs	r4, r0
  41 0004 0E00     		movs	r6, r1
  42 0006 1500     		movs	r5, r2
  49:Middlewares/Third_Party/QuantumLeaps_RTEF_qpc/src/qf/qf_qeq.c ****     QF_CRIT_STAT
  50:Middlewares/Third_Party/QuantumLeaps_RTEF_qpc/src/qf/qf_qeq.c ****     QF_CRIT_ENTRY();
  43              		.loc 1 50 5 is_stmt 1 view .LVU2
  44 0008 FFF7FEFF 		bl	vPortEnterCritical
  45              	.LVL1:
  51:Middlewares/Third_Party/QuantumLeaps_RTEF_qpc/src/qf/qf_qeq.c **** 
  52:Middlewares/Third_Party/QuantumLeaps_RTEF_qpc/src/qf/qf_qeq.c **** #if (QF_EQUEUE_CTR_SIZE == 1U)
  53:Middlewares/Third_Party/QuantumLeaps_RTEF_qpc/src/qf/qf_qeq.c ****     Q_REQUIRE_INCRIT(100, qLen < 0xFFU);
  46              		.loc 1 53 5 view .LVU3
  47 000c FE2D     		cmp	r5, #254
  48 000e 11D8     		bhi	.L4
  54:Middlewares/Third_Party/QuantumLeaps_RTEF_qpc/src/qf/qf_qeq.c **** #endif
  55:Middlewares/Third_Party/QuantumLeaps_RTEF_qpc/src/qf/qf_qeq.c **** 
  56:Middlewares/Third_Party/QuantumLeaps_RTEF_qpc/src/qf/qf_qeq.c ****     me->frontEvt = (QEvt *)0; // no events in the queue
  49              		.loc 1 56 5 view .LVU4
  50              		.loc 1 56 18 is_stmt 0 view .LVU5
  51 0010 0023     		movs	r3, #0
  52 0012 2360     		str	r3, [r4]
  57:Middlewares/Third_Party/QuantumLeaps_RTEF_qpc/src/qf/qf_qeq.c ****     me->ring     = qSto;      // the beginning of the ring buffer
  53              		.loc 1 57 5 is_stmt 1 view .LVU6
  54              		.loc 1 57 18 is_stmt 0 view .LVU7
  55 0014 6660     		str	r6, [r4, #4]
  58:Middlewares/Third_Party/QuantumLeaps_RTEF_qpc/src/qf/qf_qeq.c ****     me->end      = (QEQueueCtr)qLen;
  56              		.loc 1 58 5 is_stmt 1 view .LVU8
  57              		.loc 1 58 20 is_stmt 0 view .LVU9
ARM GAS  C:\Users\main\AppData\Local\Temp\cc5Bsl4w.s 			page 3


  58 0016 EBB2     		uxtb	r3, r5
  59              		.loc 1 58 18 view .LVU10
  60 0018 2372     		strb	r3, [r4, #8]
  59:Middlewares/Third_Party/QuantumLeaps_RTEF_qpc/src/qf/qf_qeq.c ****     if (qLen > 0U) {
  61              		.loc 1 59 5 is_stmt 1 view .LVU11
  62              		.loc 1 59 8 is_stmt 0 view .LVU12
  63 001a 002D     		cmp	r5, #0
  64 001c 02D0     		beq	.L3
  60:Middlewares/Third_Party/QuantumLeaps_RTEF_qpc/src/qf/qf_qeq.c ****         me->head = 0U;
  65              		.loc 1 60 9 is_stmt 1 view .LVU13
  66              		.loc 1 60 18 is_stmt 0 view .LVU14
  67 001e 0022     		movs	r2, #0
  68 0020 6272     		strb	r2, [r4, #9]
  61:Middlewares/Third_Party/QuantumLeaps_RTEF_qpc/src/qf/qf_qeq.c ****         me->tail = 0U;
  69              		.loc 1 61 9 is_stmt 1 view .LVU15
  70              		.loc 1 61 18 is_stmt 0 view .LVU16
  71 0022 A272     		strb	r2, [r4, #10]
  72              	.L3:
  62:Middlewares/Third_Party/QuantumLeaps_RTEF_qpc/src/qf/qf_qeq.c ****     }
  63:Middlewares/Third_Party/QuantumLeaps_RTEF_qpc/src/qf/qf_qeq.c ****     me->nFree    = (QEQueueCtr)(qLen + 1U); // +1 for frontEvt
  73              		.loc 1 63 5 is_stmt 1 view .LVU17
  74              		.loc 1 63 20 is_stmt 0 view .LVU18
  75 0024 0133     		adds	r3, r3, #1
  76 0026 DBB2     		uxtb	r3, r3
  77              		.loc 1 63 18 view .LVU19
  78 0028 E372     		strb	r3, [r4, #11]
  64:Middlewares/Third_Party/QuantumLeaps_RTEF_qpc/src/qf/qf_qeq.c ****     me->nMin     = me->nFree;
  79              		.loc 1 64 5 is_stmt 1 view .LVU20
  80              		.loc 1 64 22 is_stmt 0 view .LVU21
  81 002a E37A     		ldrb	r3, [r4, #11]
  82              		.loc 1 64 18 view .LVU22
  83 002c 2373     		strb	r3, [r4, #12]
  65:Middlewares/Third_Party/QuantumLeaps_RTEF_qpc/src/qf/qf_qeq.c **** 
  66:Middlewares/Third_Party/QuantumLeaps_RTEF_qpc/src/qf/qf_qeq.c ****     QF_CRIT_EXIT();
  84              		.loc 1 66 5 is_stmt 1 view .LVU23
  85 002e FFF7FEFF 		bl	vPortExitCritical
  86              	.LVL2:
  67:Middlewares/Third_Party/QuantumLeaps_RTEF_qpc/src/qf/qf_qeq.c **** }
  87              		.loc 1 67 1 is_stmt 0 view .LVU24
  88              		@ sp needed
  89              	.LVL3:
  90              	.LVL4:
  91              	.LVL5:
  92              		.loc 1 67 1 view .LVU25
  93 0032 70BD     		pop	{r4, r5, r6, pc}
  94              	.LVL6:
  95              	.L4:
  53:Middlewares/Third_Party/QuantumLeaps_RTEF_qpc/src/qf/qf_qeq.c **** #endif
  96              		.loc 1 53 5 discriminator 1 view .LVU26
  97 0034 6421     		movs	r1, #100
  98 0036 0148     		ldr	r0, .L5
  99 0038 FFF7FEFF 		bl	Q_onError
 100              	.LVL7:
 101              	.L6:
 102              		.align	2
 103              	.L5:
 104 003c 00000000 		.word	.LANCHOR0
ARM GAS  C:\Users\main\AppData\Local\Temp\cc5Bsl4w.s 			page 4


 105              		.cfi_endproc
 106              	.LFE18:
 108              		.section	.text.QEQueue_post,"ax",%progbits
 109              		.align	1
 110              		.global	QEQueue_post
 111              		.syntax unified
 112              		.code	16
 113              		.thumb_func
 115              	QEQueue_post:
 116              	.LVL8:
 117              	.LFB19:
  68:Middlewares/Third_Party/QuantumLeaps_RTEF_qpc/src/qf/qf_qeq.c **** 
  69:Middlewares/Third_Party/QuantumLeaps_RTEF_qpc/src/qf/qf_qeq.c **** //............................................................................
  70:Middlewares/Third_Party/QuantumLeaps_RTEF_qpc/src/qf/qf_qeq.c **** //! @public @memberof QEQueue
  71:Middlewares/Third_Party/QuantumLeaps_RTEF_qpc/src/qf/qf_qeq.c **** bool QEQueue_post(QEQueue * const me,
  72:Middlewares/Third_Party/QuantumLeaps_RTEF_qpc/src/qf/qf_qeq.c ****     struct QEvt const * const e,
  73:Middlewares/Third_Party/QuantumLeaps_RTEF_qpc/src/qf/qf_qeq.c ****     uint_fast16_t const margin,
  74:Middlewares/Third_Party/QuantumLeaps_RTEF_qpc/src/qf/qf_qeq.c ****     uint_fast8_t const qsId)
  75:Middlewares/Third_Party/QuantumLeaps_RTEF_qpc/src/qf/qf_qeq.c **** {
 118              		.loc 1 75 1 is_stmt 1 view -0
 119              		.cfi_startproc
 120              		@ args = 0, pretend = 0, frame = 0
 121              		@ frame_needed = 0, uses_anonymous_args = 0
 122              		.loc 1 75 1 is_stmt 0 view .LVU28
 123 0000 F8B5     		push	{r3, r4, r5, r6, r7, lr}
 124              	.LCFI1:
 125              		.cfi_def_cfa_offset 24
 126              		.cfi_offset 3, -24
 127              		.cfi_offset 4, -20
 128              		.cfi_offset 5, -16
 129              		.cfi_offset 6, -12
 130              		.cfi_offset 7, -8
 131              		.cfi_offset 14, -4
 132 0002 0400     		movs	r4, r0
 133 0004 0D00     		movs	r5, r1
 134 0006 1700     		movs	r7, r2
  76:Middlewares/Third_Party/QuantumLeaps_RTEF_qpc/src/qf/qf_qeq.c **** #ifndef Q_SPY
  77:Middlewares/Third_Party/QuantumLeaps_RTEF_qpc/src/qf/qf_qeq.c ****     Q_UNUSED_PAR(qsId);
 135              		.loc 1 77 5 is_stmt 1 view .LVU29
  78:Middlewares/Third_Party/QuantumLeaps_RTEF_qpc/src/qf/qf_qeq.c **** #endif
  79:Middlewares/Third_Party/QuantumLeaps_RTEF_qpc/src/qf/qf_qeq.c **** 
  80:Middlewares/Third_Party/QuantumLeaps_RTEF_qpc/src/qf/qf_qeq.c ****     QF_CRIT_STAT
  81:Middlewares/Third_Party/QuantumLeaps_RTEF_qpc/src/qf/qf_qeq.c ****     QF_CRIT_ENTRY();
 136              		.loc 1 81 5 view .LVU30
 137 0008 FFF7FEFF 		bl	vPortEnterCritical
 138              	.LVL9:
  82:Middlewares/Third_Party/QuantumLeaps_RTEF_qpc/src/qf/qf_qeq.c **** 
  83:Middlewares/Third_Party/QuantumLeaps_RTEF_qpc/src/qf/qf_qeq.c ****     Q_REQUIRE_INCRIT(200, e != (QEvt *)0);
 139              		.loc 1 83 5 view .LVU31
 140 000c 002D     		cmp	r5, #0
 141 000e 2BD0     		beq	.L20
  84:Middlewares/Third_Party/QuantumLeaps_RTEF_qpc/src/qf/qf_qeq.c **** 
  85:Middlewares/Third_Party/QuantumLeaps_RTEF_qpc/src/qf/qf_qeq.c ****     QEQueueCtr tmp = me->nFree; // get volatile into temporary
 142              		.loc 1 85 5 view .LVU32
 143              		.loc 1 85 16 is_stmt 0 view .LVU33
 144 0010 E37A     		ldrb	r3, [r4, #11]
 145 0012 DBB2     		uxtb	r3, r3
ARM GAS  C:\Users\main\AppData\Local\Temp\cc5Bsl4w.s 			page 5


 146              	.LVL10:
  86:Middlewares/Third_Party/QuantumLeaps_RTEF_qpc/src/qf/qf_qeq.c **** 
  87:Middlewares/Third_Party/QuantumLeaps_RTEF_qpc/src/qf/qf_qeq.c ****     // can the queue accept the event?
  88:Middlewares/Third_Party/QuantumLeaps_RTEF_qpc/src/qf/qf_qeq.c ****     bool const status = ((margin == QF_NO_MARGIN) && (tmp > 0U))
 147              		.loc 1 88 5 is_stmt 1 view .LVU34
  89:Middlewares/Third_Party/QuantumLeaps_RTEF_qpc/src/qf/qf_qeq.c ****                         || (tmp > (QEQueueCtr)margin);
 148              		.loc 1 89 25 is_stmt 0 view .LVU35
 149 0014 224A     		ldr	r2, .L25
 150 0016 9742     		cmp	r7, r2
 151 0018 2AD0     		beq	.L21
 152              	.L9:
 153              		.loc 1 89 35 discriminator 1 view .LVU36
 154 001a FAB2     		uxtb	r2, r7
 155              		.loc 1 89 25 discriminator 1 view .LVU37
 156 001c 9A42     		cmp	r2, r3
 157 001e 2BD2     		bcs	.L19
 158              		.loc 1 89 25 view .LVU38
 159 0020 0126     		movs	r6, #1
 160              	.L10:
 161              	.LVL11:
  90:Middlewares/Third_Party/QuantumLeaps_RTEF_qpc/src/qf/qf_qeq.c ****     if (status) {
 162              		.loc 1 90 5 is_stmt 1 view .LVU39
 163              		.loc 1 90 8 is_stmt 0 view .LVU40
 164 0022 002E     		cmp	r6, #0
 165 0024 30D0     		beq	.L11
  91:Middlewares/Third_Party/QuantumLeaps_RTEF_qpc/src/qf/qf_qeq.c ****         // is it a mutable event?
  92:Middlewares/Third_Party/QuantumLeaps_RTEF_qpc/src/qf/qf_qeq.c ****         if (e->poolNum_ != 0U) {
 166              		.loc 1 92 9 is_stmt 1 view .LVU41
 167              		.loc 1 92 14 is_stmt 0 view .LVU42
 168 0026 AA78     		ldrb	r2, [r5, #2]
 169              		.loc 1 92 12 view .LVU43
 170 0028 002A     		cmp	r2, #0
 171 002a 07D0     		beq	.L12
  93:Middlewares/Third_Party/QuantumLeaps_RTEF_qpc/src/qf/qf_qeq.c ****             Q_ASSERT_INCRIT(205, e->refCtr_ < (2U * QF_MAX_ACTIVE));
 172              		.loc 1 93 13 is_stmt 1 view .LVU44
 173 002c EA78     		ldrb	r2, [r5, #3]
 174 002e D2B2     		uxtb	r2, r2
 175 0030 3F2A     		cmp	r2, #63
 176 0032 23D8     		bhi	.L22
  94:Middlewares/Third_Party/QuantumLeaps_RTEF_qpc/src/qf/qf_qeq.c ****             QEvt_refCtr_inc_(e); // increment the reference counter
 177              		.loc 1 94 13 view .LVU45
 178              	.LVL12:
 179              	.LBB6:
 180              	.LBI6:
 181              		.file 2 "Middlewares/Third_Party/QuantumLeaps_RTEF_qpc/include/qp_pkg.h"
   1:Middlewares/Third_Party/QuantumLeaps_RTEF_qpc/include/qp_pkg.h **** //============================================================================
   2:Middlewares/Third_Party/QuantumLeaps_RTEF_qpc/include/qp_pkg.h **** // QP/C Real-Time Embedded Framework (RTEF)
   3:Middlewares/Third_Party/QuantumLeaps_RTEF_qpc/include/qp_pkg.h **** // Version 8.0.2
   4:Middlewares/Third_Party/QuantumLeaps_RTEF_qpc/include/qp_pkg.h **** //
   5:Middlewares/Third_Party/QuantumLeaps_RTEF_qpc/include/qp_pkg.h **** // Copyright (C) 2005 Quantum Leaps, LLC. All rights reserved.
   6:Middlewares/Third_Party/QuantumLeaps_RTEF_qpc/include/qp_pkg.h **** //
   7:Middlewares/Third_Party/QuantumLeaps_RTEF_qpc/include/qp_pkg.h **** //                    Q u a n t u m  L e a P s
   8:Middlewares/Third_Party/QuantumLeaps_RTEF_qpc/include/qp_pkg.h **** //                    ------------------------
   9:Middlewares/Third_Party/QuantumLeaps_RTEF_qpc/include/qp_pkg.h **** //                    Modern Embedded Software
  10:Middlewares/Third_Party/QuantumLeaps_RTEF_qpc/include/qp_pkg.h **** //
  11:Middlewares/Third_Party/QuantumLeaps_RTEF_qpc/include/qp_pkg.h **** // SPDX-License-Identifier: GPL-3.0-or-later OR LicenseRef-QL-commercial
  12:Middlewares/Third_Party/QuantumLeaps_RTEF_qpc/include/qp_pkg.h **** //
ARM GAS  C:\Users\main\AppData\Local\Temp\cc5Bsl4w.s 			page 6


  13:Middlewares/Third_Party/QuantumLeaps_RTEF_qpc/include/qp_pkg.h **** // This software is dual-licensed under the terms of the open-source GNU
  14:Middlewares/Third_Party/QuantumLeaps_RTEF_qpc/include/qp_pkg.h **** // General Public License (GPL) or under the terms of one of the closed-
  15:Middlewares/Third_Party/QuantumLeaps_RTEF_qpc/include/qp_pkg.h **** // source Quantum Leaps commercial licenses.
  16:Middlewares/Third_Party/QuantumLeaps_RTEF_qpc/include/qp_pkg.h **** //
  17:Middlewares/Third_Party/QuantumLeaps_RTEF_qpc/include/qp_pkg.h **** // Redistributions in source code must retain this top-level comment block.
  18:Middlewares/Third_Party/QuantumLeaps_RTEF_qpc/include/qp_pkg.h **** // Plagiarizing this software to sidestep the license obligations is illegal.
  19:Middlewares/Third_Party/QuantumLeaps_RTEF_qpc/include/qp_pkg.h **** //
  20:Middlewares/Third_Party/QuantumLeaps_RTEF_qpc/include/qp_pkg.h **** // NOTE:
  21:Middlewares/Third_Party/QuantumLeaps_RTEF_qpc/include/qp_pkg.h **** // The GPL does NOT permit the incorporation of this code into proprietary
  22:Middlewares/Third_Party/QuantumLeaps_RTEF_qpc/include/qp_pkg.h **** // programs. Please contact Quantum Leaps for commercial licensing options,
  23:Middlewares/Third_Party/QuantumLeaps_RTEF_qpc/include/qp_pkg.h **** // which expressly supersede the GPL and are designed explicitly for
  24:Middlewares/Third_Party/QuantumLeaps_RTEF_qpc/include/qp_pkg.h **** // closed-source distribution.
  25:Middlewares/Third_Party/QuantumLeaps_RTEF_qpc/include/qp_pkg.h **** //
  26:Middlewares/Third_Party/QuantumLeaps_RTEF_qpc/include/qp_pkg.h **** // Quantum Leaps contact information:
  27:Middlewares/Third_Party/QuantumLeaps_RTEF_qpc/include/qp_pkg.h **** // <www.state-machine.com/licensing>
  28:Middlewares/Third_Party/QuantumLeaps_RTEF_qpc/include/qp_pkg.h **** // <info@state-machine.com>
  29:Middlewares/Third_Party/QuantumLeaps_RTEF_qpc/include/qp_pkg.h **** //============================================================================
  30:Middlewares/Third_Party/QuantumLeaps_RTEF_qpc/include/qp_pkg.h **** #ifndef QP_PKG_H_
  31:Middlewares/Third_Party/QuantumLeaps_RTEF_qpc/include/qp_pkg.h **** #define QP_PKG_H_
  32:Middlewares/Third_Party/QuantumLeaps_RTEF_qpc/include/qp_pkg.h **** 
  33:Middlewares/Third_Party/QuantumLeaps_RTEF_qpc/include/qp_pkg.h **** //============================================================================
  34:Middlewares/Third_Party/QuantumLeaps_RTEF_qpc/include/qp_pkg.h **** #define QACTIVE_CAST_(ptr_)    ((QActive *)(ptr_))
  35:Middlewares/Third_Party/QuantumLeaps_RTEF_qpc/include/qp_pkg.h **** #define Q_PTR2UINT_CAST_(ptr_) ((uintptr_t)(ptr_))
  36:Middlewares/Third_Party/QuantumLeaps_RTEF_qpc/include/qp_pkg.h **** 
  37:Middlewares/Third_Party/QuantumLeaps_RTEF_qpc/include/qp_pkg.h **** //============================================================================
  38:Middlewares/Third_Party/QuantumLeaps_RTEF_qpc/include/qp_pkg.h **** typedef struct {
  39:Middlewares/Third_Party/QuantumLeaps_RTEF_qpc/include/qp_pkg.h **** #if (QF_MAX_EPOOL > 0U)
  40:Middlewares/Third_Party/QuantumLeaps_RTEF_qpc/include/qp_pkg.h ****     QF_EPOOL_TYPE_ ePool_[QF_MAX_EPOOL]; //!< @private @memberof QF_Attr
  41:Middlewares/Third_Party/QuantumLeaps_RTEF_qpc/include/qp_pkg.h ****     uint_fast8_t maxPool_;               //!< @private @memberof QF_Attr
  42:Middlewares/Third_Party/QuantumLeaps_RTEF_qpc/include/qp_pkg.h **** #else
  43:Middlewares/Third_Party/QuantumLeaps_RTEF_qpc/include/qp_pkg.h ****     uint8_t dummy;                       //!< @private @memberof QF_Attr
  44:Middlewares/Third_Party/QuantumLeaps_RTEF_qpc/include/qp_pkg.h **** #endif //  (QF_MAX_EPOOL == 0U)
  45:Middlewares/Third_Party/QuantumLeaps_RTEF_qpc/include/qp_pkg.h **** } QF_Attr;
  46:Middlewares/Third_Party/QuantumLeaps_RTEF_qpc/include/qp_pkg.h **** 
  47:Middlewares/Third_Party/QuantumLeaps_RTEF_qpc/include/qp_pkg.h **** extern QF_Attr QF_priv_; //!< @static @private @memberof QF
  48:Middlewares/Third_Party/QuantumLeaps_RTEF_qpc/include/qp_pkg.h **** 
  49:Middlewares/Third_Party/QuantumLeaps_RTEF_qpc/include/qp_pkg.h **** //! @static @private @memberof QF
  50:Middlewares/Third_Party/QuantumLeaps_RTEF_qpc/include/qp_pkg.h **** void QF_bzero_(
  51:Middlewares/Third_Party/QuantumLeaps_RTEF_qpc/include/qp_pkg.h ****     void * const start,
  52:Middlewares/Third_Party/QuantumLeaps_RTEF_qpc/include/qp_pkg.h ****     uint_fast16_t const len);
  53:Middlewares/Third_Party/QuantumLeaps_RTEF_qpc/include/qp_pkg.h **** 
  54:Middlewares/Third_Party/QuantumLeaps_RTEF_qpc/include/qp_pkg.h **** //============================================================================
  55:Middlewares/Third_Party/QuantumLeaps_RTEF_qpc/include/qp_pkg.h **** // Bitmasks are for the QTimeEvt::flags attribute
  56:Middlewares/Third_Party/QuantumLeaps_RTEF_qpc/include/qp_pkg.h **** #define QTE_FLAG_IS_LINKED      (1U << 7U)
  57:Middlewares/Third_Party/QuantumLeaps_RTEF_qpc/include/qp_pkg.h **** #define QTE_FLAG_WAS_DISARMED   (1U << 6U)
  58:Middlewares/Third_Party/QuantumLeaps_RTEF_qpc/include/qp_pkg.h **** 
  59:Middlewares/Third_Party/QuantumLeaps_RTEF_qpc/include/qp_pkg.h **** //============================================================================
  60:Middlewares/Third_Party/QuantumLeaps_RTEF_qpc/include/qp_pkg.h **** //! @private @memberof QEvt
  61:Middlewares/Third_Party/QuantumLeaps_RTEF_qpc/include/qp_pkg.h **** static inline void QEvt_refCtr_inc_(QEvt const * const me) {
 182              		.loc 2 61 20 view .LVU46
 183              	.LBB7:
  62:Middlewares/Third_Party/QuantumLeaps_RTEF_qpc/include/qp_pkg.h ****     // NOTE: this function must be called inside a critical section
  63:Middlewares/Third_Party/QuantumLeaps_RTEF_qpc/include/qp_pkg.h ****     uint8_t const rc = me->refCtr_ + 1U;
 184              		.loc 2 63 5 view .LVU47
 185              		.loc 2 63 26 is_stmt 0 view .LVU48
 186 0034 EA78     		ldrb	r2, [r5, #3]
 187              		.loc 2 63 19 view .LVU49
ARM GAS  C:\Users\main\AppData\Local\Temp\cc5Bsl4w.s 			page 7


 188 0036 0132     		adds	r2, r2, #1
 189 0038 D2B2     		uxtb	r2, r2
 190              	.LVL13:
  64:Middlewares/Third_Party/QuantumLeaps_RTEF_qpc/include/qp_pkg.h ****     ((QEvt *)me)->refCtr_ = rc; // cast away 'const'
 191              		.loc 2 64 5 is_stmt 1 view .LVU50
 192              		.loc 2 64 27 is_stmt 0 view .LVU51
 193 003a EA70     		strb	r2, [r5, #3]
 194              	.LVL14:
 195              	.L12:
 196              		.loc 2 64 27 view .LVU52
 197              	.LBE7:
 198              	.LBE6:
  95:Middlewares/Third_Party/QuantumLeaps_RTEF_qpc/src/qf/qf_qeq.c ****         }
  96:Middlewares/Third_Party/QuantumLeaps_RTEF_qpc/src/qf/qf_qeq.c **** 
  97:Middlewares/Third_Party/QuantumLeaps_RTEF_qpc/src/qf/qf_qeq.c ****         --tmp; // one free entry just used up
 199              		.loc 1 97 9 is_stmt 1 view .LVU53
 200 003c 013B     		subs	r3, r3, #1
 201              	.LVL15:
 202              		.loc 1 97 9 is_stmt 0 view .LVU54
 203 003e DBB2     		uxtb	r3, r3
 204              	.LVL16:
  98:Middlewares/Third_Party/QuantumLeaps_RTEF_qpc/src/qf/qf_qeq.c **** 
  99:Middlewares/Third_Party/QuantumLeaps_RTEF_qpc/src/qf/qf_qeq.c ****         me->nFree = tmp; // update the original
 205              		.loc 1 99 9 is_stmt 1 view .LVU55
 206              		.loc 1 99 19 is_stmt 0 view .LVU56
 207 0040 E372     		strb	r3, [r4, #11]
 100:Middlewares/Third_Party/QuantumLeaps_RTEF_qpc/src/qf/qf_qeq.c ****         if (me->nMin > tmp) { // is this the new minimum?
 208              		.loc 1 100 9 is_stmt 1 view .LVU57
 209              		.loc 1 100 15 is_stmt 0 view .LVU58
 210 0042 227B     		ldrb	r2, [r4, #12]
 211              		.loc 1 100 12 view .LVU59
 212 0044 9A42     		cmp	r2, r3
 213 0046 00D9     		bls	.L14
 101:Middlewares/Third_Party/QuantumLeaps_RTEF_qpc/src/qf/qf_qeq.c ****             me->nMin = tmp; // update minimum so far
 214              		.loc 1 101 13 is_stmt 1 view .LVU60
 215              		.loc 1 101 22 is_stmt 0 view .LVU61
 216 0048 2373     		strb	r3, [r4, #12]
 217              	.L14:
 102:Middlewares/Third_Party/QuantumLeaps_RTEF_qpc/src/qf/qf_qeq.c ****         }
 103:Middlewares/Third_Party/QuantumLeaps_RTEF_qpc/src/qf/qf_qeq.c **** 
 104:Middlewares/Third_Party/QuantumLeaps_RTEF_qpc/src/qf/qf_qeq.c **** #ifdef Q_SPY
 105:Middlewares/Third_Party/QuantumLeaps_RTEF_qpc/src/qf/qf_qeq.c ****         QS_BEGIN_PRE(QS_QF_EQUEUE_POST, qsId)
 106:Middlewares/Third_Party/QuantumLeaps_RTEF_qpc/src/qf/qf_qeq.c ****             QS_TIME_PRE();        // timestamp
 107:Middlewares/Third_Party/QuantumLeaps_RTEF_qpc/src/qf/qf_qeq.c ****             QS_SIG_PRE(e->sig);   // the signal of the event
 108:Middlewares/Third_Party/QuantumLeaps_RTEF_qpc/src/qf/qf_qeq.c ****             QS_OBJ_PRE(me);       // this queue object
 109:Middlewares/Third_Party/QuantumLeaps_RTEF_qpc/src/qf/qf_qeq.c ****             QS_2U8_PRE(e->poolNum_, e->refCtr_);
 110:Middlewares/Third_Party/QuantumLeaps_RTEF_qpc/src/qf/qf_qeq.c ****             QS_EQC_PRE(tmp);      // # free entries
 111:Middlewares/Third_Party/QuantumLeaps_RTEF_qpc/src/qf/qf_qeq.c ****             QS_EQC_PRE(me->nMin); // min # free entries
 112:Middlewares/Third_Party/QuantumLeaps_RTEF_qpc/src/qf/qf_qeq.c ****         QS_END_PRE()
 113:Middlewares/Third_Party/QuantumLeaps_RTEF_qpc/src/qf/qf_qeq.c **** #endif // def Q_SPY
 114:Middlewares/Third_Party/QuantumLeaps_RTEF_qpc/src/qf/qf_qeq.c **** 
 115:Middlewares/Third_Party/QuantumLeaps_RTEF_qpc/src/qf/qf_qeq.c ****         if (me->frontEvt == (QEvt *)0) { // is the queue empty?
 218              		.loc 1 115 9 is_stmt 1 view .LVU62
 219              		.loc 1 115 15 is_stmt 0 view .LVU63
 220 004a 2368     		ldr	r3, [r4]
 221              	.LVL17:
 222              		.loc 1 115 12 view .LVU64
ARM GAS  C:\Users\main\AppData\Local\Temp\cc5Bsl4w.s 			page 8


 223 004c 002B     		cmp	r3, #0
 224 004e 19D0     		beq	.L23
 116:Middlewares/Third_Party/QuantumLeaps_RTEF_qpc/src/qf/qf_qeq.c ****             me->frontEvt = e; // deliver event directly
 117:Middlewares/Third_Party/QuantumLeaps_RTEF_qpc/src/qf/qf_qeq.c ****         }
 118:Middlewares/Third_Party/QuantumLeaps_RTEF_qpc/src/qf/qf_qeq.c ****         else { // queue was not empty, insert event into the ring-buffer
 119:Middlewares/Third_Party/QuantumLeaps_RTEF_qpc/src/qf/qf_qeq.c ****             tmp = me->head; // get volatile into temporary
 225              		.loc 1 119 13 is_stmt 1 view .LVU65
 226              		.loc 1 119 17 is_stmt 0 view .LVU66
 227 0050 627A     		ldrb	r2, [r4, #9]
 228 0052 D3B2     		uxtb	r3, r2
 229              	.LVL18:
 120:Middlewares/Third_Party/QuantumLeaps_RTEF_qpc/src/qf/qf_qeq.c ****             me->ring[tmp] = e; // insert e into buffer
 230              		.loc 1 120 13 is_stmt 1 view .LVU67
 231              		.loc 1 120 21 is_stmt 0 view .LVU68
 232 0054 9100     		lsls	r1, r2, #2
 233              		.loc 1 120 27 view .LVU69
 234 0056 6068     		ldr	r0, [r4, #4]
 235 0058 4550     		str	r5, [r0, r1]
 121:Middlewares/Third_Party/QuantumLeaps_RTEF_qpc/src/qf/qf_qeq.c **** 
 122:Middlewares/Third_Party/QuantumLeaps_RTEF_qpc/src/qf/qf_qeq.c ****             if (tmp == 0U) { // need to wrap the head?
 236              		.loc 1 122 13 is_stmt 1 view .LVU70
 237              		.loc 1 122 16 is_stmt 0 view .LVU71
 238 005a 002A     		cmp	r2, #0
 239 005c 00D1     		bne	.L17
 123:Middlewares/Third_Party/QuantumLeaps_RTEF_qpc/src/qf/qf_qeq.c ****                 tmp = me->end;
 240              		.loc 1 123 17 is_stmt 1 view .LVU72
 241              		.loc 1 123 21 is_stmt 0 view .LVU73
 242 005e 237A     		ldrb	r3, [r4, #8]
 243              	.LVL19:
 244              	.L17:
 124:Middlewares/Third_Party/QuantumLeaps_RTEF_qpc/src/qf/qf_qeq.c ****             }
 125:Middlewares/Third_Party/QuantumLeaps_RTEF_qpc/src/qf/qf_qeq.c ****             --tmp; // advance head (counter-clockwise)
 245              		.loc 1 125 13 is_stmt 1 view .LVU74
 246 0060 013B     		subs	r3, r3, #1
 247              	.LVL20:
 248              		.loc 1 125 13 is_stmt 0 view .LVU75
 249 0062 DBB2     		uxtb	r3, r3
 250              	.LVL21:
 126:Middlewares/Third_Party/QuantumLeaps_RTEF_qpc/src/qf/qf_qeq.c **** 
 127:Middlewares/Third_Party/QuantumLeaps_RTEF_qpc/src/qf/qf_qeq.c ****             me->head = tmp; // update the original
 251              		.loc 1 127 13 is_stmt 1 view .LVU76
 252              		.loc 1 127 22 is_stmt 0 view .LVU77
 253 0064 6372     		strb	r3, [r4, #9]
 254 0066 12E0     		b	.L16
 255              	.LVL22:
 256              	.L20:
  83:Middlewares/Third_Party/QuantumLeaps_RTEF_qpc/src/qf/qf_qeq.c **** 
 257              		.loc 1 83 5 discriminator 1 view .LVU78
 258 0068 C821     		movs	r1, #200
 259 006a 0E48     		ldr	r0, .L25+4
 260 006c FFF7FEFF 		bl	Q_onError
 261              	.LVL23:
 262              	.L21:
  88:Middlewares/Third_Party/QuantumLeaps_RTEF_qpc/src/qf/qf_qeq.c ****                         || (tmp > (QEQueueCtr)margin);
 263              		.loc 1 88 51 view .LVU79
 264 0070 002B     		cmp	r3, #0
 265 0072 D2D0     		beq	.L9
ARM GAS  C:\Users\main\AppData\Local\Temp\cc5Bsl4w.s 			page 9


  89:Middlewares/Third_Party/QuantumLeaps_RTEF_qpc/src/qf/qf_qeq.c ****     if (status) {
 266              		.loc 1 89 25 view .LVU80
 267 0074 0126     		movs	r6, #1
 268 0076 D4E7     		b	.L10
 269              	.L19:
 270 0078 0026     		movs	r6, #0
 271 007a D2E7     		b	.L10
 272              	.LVL24:
 273              	.L22:
  93:Middlewares/Third_Party/QuantumLeaps_RTEF_qpc/src/qf/qf_qeq.c ****             QEvt_refCtr_inc_(e); // increment the reference counter
 274              		.loc 1 93 13 discriminator 1 view .LVU81
 275 007c CD21     		movs	r1, #205
 276 007e 0948     		ldr	r0, .L25+4
 277 0080 FFF7FEFF 		bl	Q_onError
 278              	.LVL25:
 279              	.L23:
 116:Middlewares/Third_Party/QuantumLeaps_RTEF_qpc/src/qf/qf_qeq.c ****         }
 280              		.loc 1 116 13 is_stmt 1 view .LVU82
 116:Middlewares/Third_Party/QuantumLeaps_RTEF_qpc/src/qf/qf_qeq.c ****         }
 281              		.loc 1 116 26 is_stmt 0 view .LVU83
 282 0084 2560     		str	r5, [r4]
 283              	.LVL26:
 116:Middlewares/Third_Party/QuantumLeaps_RTEF_qpc/src/qf/qf_qeq.c ****         }
 284              		.loc 1 116 26 view .LVU84
 285 0086 02E0     		b	.L16
 286              	.LVL27:
 287              	.L11:
 128:Middlewares/Third_Party/QuantumLeaps_RTEF_qpc/src/qf/qf_qeq.c ****         }
 129:Middlewares/Third_Party/QuantumLeaps_RTEF_qpc/src/qf/qf_qeq.c ****     }
 130:Middlewares/Third_Party/QuantumLeaps_RTEF_qpc/src/qf/qf_qeq.c ****     else { // event cannot be posted
 131:Middlewares/Third_Party/QuantumLeaps_RTEF_qpc/src/qf/qf_qeq.c ****         // dropping events must be acceptable
 132:Middlewares/Third_Party/QuantumLeaps_RTEF_qpc/src/qf/qf_qeq.c ****         Q_ASSERT_INCRIT(230, margin != QF_NO_MARGIN);
 288              		.loc 1 132 9 is_stmt 1 view .LVU85
 289 0088 054B     		ldr	r3, .L25
 290              	.LVL28:
 291              		.loc 1 132 9 is_stmt 0 view .LVU86
 292 008a 9F42     		cmp	r7, r3
 293 008c 03D0     		beq	.L24
 294              	.L16:
 133:Middlewares/Third_Party/QuantumLeaps_RTEF_qpc/src/qf/qf_qeq.c **** 
 134:Middlewares/Third_Party/QuantumLeaps_RTEF_qpc/src/qf/qf_qeq.c **** #ifdef Q_SPY
 135:Middlewares/Third_Party/QuantumLeaps_RTEF_qpc/src/qf/qf_qeq.c ****         QS_BEGIN_PRE(QS_QF_EQUEUE_POST_ATTEMPT, qsId)
 136:Middlewares/Third_Party/QuantumLeaps_RTEF_qpc/src/qf/qf_qeq.c ****             QS_TIME_PRE();       // timestamp
 137:Middlewares/Third_Party/QuantumLeaps_RTEF_qpc/src/qf/qf_qeq.c ****             QS_SIG_PRE(e->sig);  // the signal of this event
 138:Middlewares/Third_Party/QuantumLeaps_RTEF_qpc/src/qf/qf_qeq.c ****             QS_OBJ_PRE(me);      // this queue object
 139:Middlewares/Third_Party/QuantumLeaps_RTEF_qpc/src/qf/qf_qeq.c ****             QS_2U8_PRE(e->poolNum_, e->refCtr_);
 140:Middlewares/Third_Party/QuantumLeaps_RTEF_qpc/src/qf/qf_qeq.c ****             QS_EQC_PRE(tmp);     // # free entries
 141:Middlewares/Third_Party/QuantumLeaps_RTEF_qpc/src/qf/qf_qeq.c ****             QS_EQC_PRE(margin);  // margin requested
 142:Middlewares/Third_Party/QuantumLeaps_RTEF_qpc/src/qf/qf_qeq.c ****         QS_END_PRE()
 143:Middlewares/Third_Party/QuantumLeaps_RTEF_qpc/src/qf/qf_qeq.c **** #endif // def Q_SPY
 144:Middlewares/Third_Party/QuantumLeaps_RTEF_qpc/src/qf/qf_qeq.c ****     }
 145:Middlewares/Third_Party/QuantumLeaps_RTEF_qpc/src/qf/qf_qeq.c **** 
 146:Middlewares/Third_Party/QuantumLeaps_RTEF_qpc/src/qf/qf_qeq.c ****     QF_CRIT_EXIT();
 295              		.loc 1 146 5 is_stmt 1 view .LVU87
 296 008e FFF7FEFF 		bl	vPortExitCritical
 297              	.LVL29:
 147:Middlewares/Third_Party/QuantumLeaps_RTEF_qpc/src/qf/qf_qeq.c **** 
ARM GAS  C:\Users\main\AppData\Local\Temp\cc5Bsl4w.s 			page 10


 148:Middlewares/Third_Party/QuantumLeaps_RTEF_qpc/src/qf/qf_qeq.c ****     return status;
 298              		.loc 1 148 5 view .LVU88
 149:Middlewares/Third_Party/QuantumLeaps_RTEF_qpc/src/qf/qf_qeq.c **** }
 299              		.loc 1 149 1 is_stmt 0 view .LVU89
 300 0092 3000     		movs	r0, r6
 301              		@ sp needed
 302              	.LVL30:
 303              	.LVL31:
 304              	.LVL32:
 305              	.LVL33:
 306              		.loc 1 149 1 view .LVU90
 307 0094 F8BD     		pop	{r3, r4, r5, r6, r7, pc}
 308              	.LVL34:
 309              	.L24:
 132:Middlewares/Third_Party/QuantumLeaps_RTEF_qpc/src/qf/qf_qeq.c **** 
 310              		.loc 1 132 9 discriminator 1 view .LVU91
 311 0096 E621     		movs	r1, #230
 312 0098 0248     		ldr	r0, .L25+4
 313 009a FFF7FEFF 		bl	Q_onError
 314              	.LVL35:
 315              	.L26:
 316 009e C046     		.align	2
 317              	.L25:
 318 00a0 FFFF0000 		.word	65535
 319 00a4 00000000 		.word	.LANCHOR0
 320              		.cfi_endproc
 321              	.LFE19:
 323              		.section	.text.QEQueue_postLIFO,"ax",%progbits
 324              		.align	1
 325              		.global	QEQueue_postLIFO
 326              		.syntax unified
 327              		.code	16
 328              		.thumb_func
 330              	QEQueue_postLIFO:
 331              	.LVL36:
 332              	.LFB20:
 150:Middlewares/Third_Party/QuantumLeaps_RTEF_qpc/src/qf/qf_qeq.c **** 
 151:Middlewares/Third_Party/QuantumLeaps_RTEF_qpc/src/qf/qf_qeq.c **** //............................................................................
 152:Middlewares/Third_Party/QuantumLeaps_RTEF_qpc/src/qf/qf_qeq.c **** //! @public @memberof QEQueue
 153:Middlewares/Third_Party/QuantumLeaps_RTEF_qpc/src/qf/qf_qeq.c **** void QEQueue_postLIFO(QEQueue * const me,
 154:Middlewares/Third_Party/QuantumLeaps_RTEF_qpc/src/qf/qf_qeq.c ****     struct QEvt const * const e,
 155:Middlewares/Third_Party/QuantumLeaps_RTEF_qpc/src/qf/qf_qeq.c ****     uint_fast8_t const qsId)
 156:Middlewares/Third_Party/QuantumLeaps_RTEF_qpc/src/qf/qf_qeq.c **** {
 333              		.loc 1 156 1 is_stmt 1 view -0
 334              		.cfi_startproc
 335              		@ args = 0, pretend = 0, frame = 0
 336              		@ frame_needed = 0, uses_anonymous_args = 0
 337              		.loc 1 156 1 is_stmt 0 view .LVU93
 338 0000 70B5     		push	{r4, r5, r6, lr}
 339              	.LCFI2:
 340              		.cfi_def_cfa_offset 16
 341              		.cfi_offset 4, -16
 342              		.cfi_offset 5, -12
 343              		.cfi_offset 6, -8
 344              		.cfi_offset 14, -4
 345 0002 0400     		movs	r4, r0
 346 0004 0D00     		movs	r5, r1
ARM GAS  C:\Users\main\AppData\Local\Temp\cc5Bsl4w.s 			page 11


 157:Middlewares/Third_Party/QuantumLeaps_RTEF_qpc/src/qf/qf_qeq.c **** #ifndef Q_SPY
 158:Middlewares/Third_Party/QuantumLeaps_RTEF_qpc/src/qf/qf_qeq.c ****     Q_UNUSED_PAR(qsId);
 347              		.loc 1 158 5 is_stmt 1 view .LVU94
 159:Middlewares/Third_Party/QuantumLeaps_RTEF_qpc/src/qf/qf_qeq.c **** #endif
 160:Middlewares/Third_Party/QuantumLeaps_RTEF_qpc/src/qf/qf_qeq.c **** 
 161:Middlewares/Third_Party/QuantumLeaps_RTEF_qpc/src/qf/qf_qeq.c ****     QF_CRIT_STAT
 162:Middlewares/Third_Party/QuantumLeaps_RTEF_qpc/src/qf/qf_qeq.c ****     QF_CRIT_ENTRY();
 348              		.loc 1 162 5 view .LVU95
 349 0006 FFF7FEFF 		bl	vPortEnterCritical
 350              	.LVL37:
 163:Middlewares/Third_Party/QuantumLeaps_RTEF_qpc/src/qf/qf_qeq.c **** 
 164:Middlewares/Third_Party/QuantumLeaps_RTEF_qpc/src/qf/qf_qeq.c ****     Q_REQUIRE_INCRIT(300, e != (QEvt *)0);
 351              		.loc 1 164 5 view .LVU96
 352 000a 002D     		cmp	r5, #0
 353 000c 26D0     		beq	.L36
 165:Middlewares/Third_Party/QuantumLeaps_RTEF_qpc/src/qf/qf_qeq.c **** 
 166:Middlewares/Third_Party/QuantumLeaps_RTEF_qpc/src/qf/qf_qeq.c ****     QEQueueCtr tmp = me->nFree; // get volatile into temporary
 354              		.loc 1 166 5 view .LVU97
 355              		.loc 1 166 16 is_stmt 0 view .LVU98
 356 000e E27A     		ldrb	r2, [r4, #11]
 357 0010 D3B2     		uxtb	r3, r2
 358              	.LVL38:
 167:Middlewares/Third_Party/QuantumLeaps_RTEF_qpc/src/qf/qf_qeq.c **** 
 168:Middlewares/Third_Party/QuantumLeaps_RTEF_qpc/src/qf/qf_qeq.c ****     // must be able to LIFO-post the event
 169:Middlewares/Third_Party/QuantumLeaps_RTEF_qpc/src/qf/qf_qeq.c ****     Q_REQUIRE_INCRIT(310, tmp != 0U);
 359              		.loc 1 169 5 is_stmt 1 view .LVU99
 360 0012 002A     		cmp	r2, #0
 361 0014 27D0     		beq	.L37
 170:Middlewares/Third_Party/QuantumLeaps_RTEF_qpc/src/qf/qf_qeq.c **** 
 171:Middlewares/Third_Party/QuantumLeaps_RTEF_qpc/src/qf/qf_qeq.c ****     if (e->poolNum_ != 0U) { // is it a mutable event?
 362              		.loc 1 171 5 view .LVU100
 363              		.loc 1 171 10 is_stmt 0 view .LVU101
 364 0016 AA78     		ldrb	r2, [r5, #2]
 365              		.loc 1 171 8 view .LVU102
 366 0018 002A     		cmp	r2, #0
 367 001a 07D0     		beq	.L30
 172:Middlewares/Third_Party/QuantumLeaps_RTEF_qpc/src/qf/qf_qeq.c ****         Q_ASSERT_INCRIT(305, e->refCtr_ < (2U * QF_MAX_ACTIVE));
 368              		.loc 1 172 9 is_stmt 1 view .LVU103
 369 001c EA78     		ldrb	r2, [r5, #3]
 370 001e D2B2     		uxtb	r2, r2
 371 0020 3F2A     		cmp	r2, #63
 372 0022 25D8     		bhi	.L38
 173:Middlewares/Third_Party/QuantumLeaps_RTEF_qpc/src/qf/qf_qeq.c ****         QEvt_refCtr_inc_(e); // increment the reference counter
 373              		.loc 1 173 9 view .LVU104
 374              	.LVL39:
 375              	.LBB8:
 376              	.LBI8:
  61:Middlewares/Third_Party/QuantumLeaps_RTEF_qpc/include/qp_pkg.h ****     // NOTE: this function must be called inside a critical section
 377              		.loc 2 61 20 view .LVU105
 378              	.LBB9:
  63:Middlewares/Third_Party/QuantumLeaps_RTEF_qpc/include/qp_pkg.h ****     ((QEvt *)me)->refCtr_ = rc; // cast away 'const'
 379              		.loc 2 63 5 view .LVU106
  63:Middlewares/Third_Party/QuantumLeaps_RTEF_qpc/include/qp_pkg.h ****     ((QEvt *)me)->refCtr_ = rc; // cast away 'const'
 380              		.loc 2 63 26 is_stmt 0 view .LVU107
 381 0024 EA78     		ldrb	r2, [r5, #3]
  63:Middlewares/Third_Party/QuantumLeaps_RTEF_qpc/include/qp_pkg.h ****     ((QEvt *)me)->refCtr_ = rc; // cast away 'const'
 382              		.loc 2 63 19 view .LVU108
ARM GAS  C:\Users\main\AppData\Local\Temp\cc5Bsl4w.s 			page 12


 383 0026 0132     		adds	r2, r2, #1
 384 0028 D2B2     		uxtb	r2, r2
 385              	.LVL40:
 386              		.loc 2 64 5 is_stmt 1 view .LVU109
 387              		.loc 2 64 27 is_stmt 0 view .LVU110
 388 002a EA70     		strb	r2, [r5, #3]
 389              	.LVL41:
 390              	.L30:
 391              		.loc 2 64 27 view .LVU111
 392              	.LBE9:
 393              	.LBE8:
 174:Middlewares/Third_Party/QuantumLeaps_RTEF_qpc/src/qf/qf_qeq.c ****     }
 175:Middlewares/Third_Party/QuantumLeaps_RTEF_qpc/src/qf/qf_qeq.c **** 
 176:Middlewares/Third_Party/QuantumLeaps_RTEF_qpc/src/qf/qf_qeq.c ****     --tmp; // one free entry just used up
 394              		.loc 1 176 5 is_stmt 1 view .LVU112
 395 002c 013B     		subs	r3, r3, #1
 396              	.LVL42:
 397              		.loc 1 176 5 is_stmt 0 view .LVU113
 398 002e DBB2     		uxtb	r3, r3
 399              	.LVL43:
 177:Middlewares/Third_Party/QuantumLeaps_RTEF_qpc/src/qf/qf_qeq.c **** 
 178:Middlewares/Third_Party/QuantumLeaps_RTEF_qpc/src/qf/qf_qeq.c ****     me->nFree = tmp; // update the original
 400              		.loc 1 178 5 is_stmt 1 view .LVU114
 401              		.loc 1 178 15 is_stmt 0 view .LVU115
 402 0030 E372     		strb	r3, [r4, #11]
 179:Middlewares/Third_Party/QuantumLeaps_RTEF_qpc/src/qf/qf_qeq.c ****     if (me->nMin > tmp) { // is this the new minimum?
 403              		.loc 1 179 5 is_stmt 1 view .LVU116
 404              		.loc 1 179 11 is_stmt 0 view .LVU117
 405 0032 227B     		ldrb	r2, [r4, #12]
 406              		.loc 1 179 8 view .LVU118
 407 0034 9A42     		cmp	r2, r3
 408 0036 00D9     		bls	.L32
 180:Middlewares/Third_Party/QuantumLeaps_RTEF_qpc/src/qf/qf_qeq.c ****         me->nMin = tmp; // update minimum so far
 409              		.loc 1 180 9 is_stmt 1 view .LVU119
 410              		.loc 1 180 18 is_stmt 0 view .LVU120
 411 0038 2373     		strb	r3, [r4, #12]
 412              	.L32:
 181:Middlewares/Third_Party/QuantumLeaps_RTEF_qpc/src/qf/qf_qeq.c ****     }
 182:Middlewares/Third_Party/QuantumLeaps_RTEF_qpc/src/qf/qf_qeq.c **** 
 183:Middlewares/Third_Party/QuantumLeaps_RTEF_qpc/src/qf/qf_qeq.c ****     QS_BEGIN_PRE(QS_QF_EQUEUE_POST_LIFO, qsId)
 413              		.loc 1 183 5 is_stmt 1 view .LVU121
 184:Middlewares/Third_Party/QuantumLeaps_RTEF_qpc/src/qf/qf_qeq.c ****         QS_TIME_PRE();        // timestamp
 414              		.loc 1 184 9 view .LVU122
 185:Middlewares/Third_Party/QuantumLeaps_RTEF_qpc/src/qf/qf_qeq.c ****         QS_SIG_PRE(e->sig);   // the signal of this event
 415              		.loc 1 185 9 view .LVU123
 186:Middlewares/Third_Party/QuantumLeaps_RTEF_qpc/src/qf/qf_qeq.c ****         QS_OBJ_PRE(me);       // this queue object
 416              		.loc 1 186 9 view .LVU124
 187:Middlewares/Third_Party/QuantumLeaps_RTEF_qpc/src/qf/qf_qeq.c ****         QS_2U8_PRE(e->poolNum_, e->refCtr_);
 417              		.loc 1 187 9 view .LVU125
 188:Middlewares/Third_Party/QuantumLeaps_RTEF_qpc/src/qf/qf_qeq.c ****         QS_EQC_PRE(tmp);      // # free entries
 418              		.loc 1 188 9 view .LVU126
 189:Middlewares/Third_Party/QuantumLeaps_RTEF_qpc/src/qf/qf_qeq.c ****         QS_EQC_PRE(me->nMin); // min # free entries
 419              		.loc 1 189 9 view .LVU127
 190:Middlewares/Third_Party/QuantumLeaps_RTEF_qpc/src/qf/qf_qeq.c ****     QS_END_PRE()
 191:Middlewares/Third_Party/QuantumLeaps_RTEF_qpc/src/qf/qf_qeq.c **** 
 192:Middlewares/Third_Party/QuantumLeaps_RTEF_qpc/src/qf/qf_qeq.c ****     QEvt const * const frontEvt = me->frontEvt;
 420              		.loc 1 192 5 view .LVU128
ARM GAS  C:\Users\main\AppData\Local\Temp\cc5Bsl4w.s 			page 13


 421              		.loc 1 192 24 is_stmt 0 view .LVU129
 422 003a 2268     		ldr	r2, [r4]
 423              	.LVL44:
 193:Middlewares/Third_Party/QuantumLeaps_RTEF_qpc/src/qf/qf_qeq.c ****     me->frontEvt = e; // deliver the event directly to the front
 424              		.loc 1 193 5 is_stmt 1 view .LVU130
 425              		.loc 1 193 18 is_stmt 0 view .LVU131
 426 003c 2560     		str	r5, [r4]
 194:Middlewares/Third_Party/QuantumLeaps_RTEF_qpc/src/qf/qf_qeq.c **** 
 195:Middlewares/Third_Party/QuantumLeaps_RTEF_qpc/src/qf/qf_qeq.c ****     if (frontEvt != (QEvt *)0) { // was the queue NOT empty?
 427              		.loc 1 195 5 is_stmt 1 view .LVU132
 428              		.loc 1 195 8 is_stmt 0 view .LVU133
 429 003e 002A     		cmp	r2, #0
 430 0040 09D0     		beq	.L33
 196:Middlewares/Third_Party/QuantumLeaps_RTEF_qpc/src/qf/qf_qeq.c ****         tmp = me->tail; // get volatile into temporary;
 431              		.loc 1 196 9 is_stmt 1 view .LVU134
 432              		.loc 1 196 13 is_stmt 0 view .LVU135
 433 0042 A37A     		ldrb	r3, [r4, #10]
 434              	.LVL45:
 197:Middlewares/Third_Party/QuantumLeaps_RTEF_qpc/src/qf/qf_qeq.c ****         ++tmp;
 435              		.loc 1 197 9 is_stmt 1 view .LVU136
 436 0044 0133     		adds	r3, r3, #1
 437              	.LVL46:
 438              		.loc 1 197 9 is_stmt 0 view .LVU137
 439 0046 DBB2     		uxtb	r3, r3
 440              	.LVL47:
 198:Middlewares/Third_Party/QuantumLeaps_RTEF_qpc/src/qf/qf_qeq.c ****         if (tmp == me->end) { // need to wrap the tail?
 441              		.loc 1 198 9 is_stmt 1 view .LVU138
 442              		.loc 1 198 22 is_stmt 0 view .LVU139
 443 0048 217A     		ldrb	r1, [r4, #8]
 444              		.loc 1 198 12 view .LVU140
 445 004a 9942     		cmp	r1, r3
 446 004c 15D0     		beq	.L39
 447              	.LVL48:
 448              	.L34:
 199:Middlewares/Third_Party/QuantumLeaps_RTEF_qpc/src/qf/qf_qeq.c ****             tmp = 0U; // wrap around
 200:Middlewares/Third_Party/QuantumLeaps_RTEF_qpc/src/qf/qf_qeq.c ****         }
 201:Middlewares/Third_Party/QuantumLeaps_RTEF_qpc/src/qf/qf_qeq.c ****         me->tail = tmp;
 449              		.loc 1 201 9 is_stmt 1 view .LVU141
 450              		.loc 1 201 18 is_stmt 0 view .LVU142
 451 004e A372     		strb	r3, [r4, #10]
 202:Middlewares/Third_Party/QuantumLeaps_RTEF_qpc/src/qf/qf_qeq.c ****         me->ring[tmp] = frontEvt;
 452              		.loc 1 202 9 is_stmt 1 view .LVU143
 453              		.loc 1 202 11 is_stmt 0 view .LVU144
 454 0050 6168     		ldr	r1, [r4, #4]
 455              		.loc 1 202 17 view .LVU145
 456 0052 9B00     		lsls	r3, r3, #2
 457              	.LVL49:
 458              		.loc 1 202 23 view .LVU146
 459 0054 CA50     		str	r2, [r1, r3]
 460              	.LVL50:
 461              	.L33:
 203:Middlewares/Third_Party/QuantumLeaps_RTEF_qpc/src/qf/qf_qeq.c ****     }
 204:Middlewares/Third_Party/QuantumLeaps_RTEF_qpc/src/qf/qf_qeq.c **** 
 205:Middlewares/Third_Party/QuantumLeaps_RTEF_qpc/src/qf/qf_qeq.c ****     QF_CRIT_EXIT();
 462              		.loc 1 205 5 is_stmt 1 view .LVU147
 463 0056 FFF7FEFF 		bl	vPortExitCritical
 464              	.LVL51:
ARM GAS  C:\Users\main\AppData\Local\Temp\cc5Bsl4w.s 			page 14


 206:Middlewares/Third_Party/QuantumLeaps_RTEF_qpc/src/qf/qf_qeq.c **** }
 465              		.loc 1 206 1 is_stmt 0 view .LVU148
 466              		@ sp needed
 467              	.LVL52:
 468              	.LVL53:
 469              		.loc 1 206 1 view .LVU149
 470 005a 70BD     		pop	{r4, r5, r6, pc}
 471              	.LVL54:
 472              	.L36:
 164:Middlewares/Third_Party/QuantumLeaps_RTEF_qpc/src/qf/qf_qeq.c **** 
 473              		.loc 1 164 5 discriminator 1 view .LVU150
 474 005c 9621     		movs	r1, #150
 475 005e 4900     		lsls	r1, r1, #1
 476 0060 0748     		ldr	r0, .L40
 477 0062 FFF7FEFF 		bl	Q_onError
 478              	.LVL55:
 479              	.L37:
 169:Middlewares/Third_Party/QuantumLeaps_RTEF_qpc/src/qf/qf_qeq.c **** 
 480              		.loc 1 169 5 discriminator 1 view .LVU151
 481 0066 9B21     		movs	r1, #155
 482 0068 4900     		lsls	r1, r1, #1
 483 006a 0548     		ldr	r0, .L40
 484 006c FFF7FEFF 		bl	Q_onError
 485              	.LVL56:
 486              	.L38:
 172:Middlewares/Third_Party/QuantumLeaps_RTEF_qpc/src/qf/qf_qeq.c ****         QEvt_refCtr_inc_(e); // increment the reference counter
 487              		.loc 1 172 9 discriminator 1 view .LVU152
 488 0070 3221     		movs	r1, #50
 489 0072 FF31     		adds	r1, r1, #255
 490 0074 0248     		ldr	r0, .L40
 491 0076 FFF7FEFF 		bl	Q_onError
 492              	.LVL57:
 493              	.L39:
 199:Middlewares/Third_Party/QuantumLeaps_RTEF_qpc/src/qf/qf_qeq.c ****         }
 494              		.loc 1 199 17 view .LVU153
 495 007a 0023     		movs	r3, #0
 496              	.LVL58:
 199:Middlewares/Third_Party/QuantumLeaps_RTEF_qpc/src/qf/qf_qeq.c ****         }
 497              		.loc 1 199 17 view .LVU154
 498 007c E7E7     		b	.L34
 499              	.L41:
 500 007e C046     		.align	2
 501              	.L40:
 502 0080 00000000 		.word	.LANCHOR0
 503              		.cfi_endproc
 504              	.LFE20:
 506              		.section	.text.QEQueue_get,"ax",%progbits
 507              		.align	1
 508              		.global	QEQueue_get
 509              		.syntax unified
 510              		.code	16
 511              		.thumb_func
 513              	QEQueue_get:
 514              	.LVL59:
 515              	.LFB21:
 207:Middlewares/Third_Party/QuantumLeaps_RTEF_qpc/src/qf/qf_qeq.c **** 
 208:Middlewares/Third_Party/QuantumLeaps_RTEF_qpc/src/qf/qf_qeq.c **** //............................................................................
ARM GAS  C:\Users\main\AppData\Local\Temp\cc5Bsl4w.s 			page 15


 209:Middlewares/Third_Party/QuantumLeaps_RTEF_qpc/src/qf/qf_qeq.c **** //! @public @memberof QEQueue
 210:Middlewares/Third_Party/QuantumLeaps_RTEF_qpc/src/qf/qf_qeq.c **** struct QEvt const * QEQueue_get(QEQueue * const me,
 211:Middlewares/Third_Party/QuantumLeaps_RTEF_qpc/src/qf/qf_qeq.c ****     uint_fast8_t const qsId)
 212:Middlewares/Third_Party/QuantumLeaps_RTEF_qpc/src/qf/qf_qeq.c **** {
 516              		.loc 1 212 1 is_stmt 1 view -0
 517              		.cfi_startproc
 518              		@ args = 0, pretend = 0, frame = 0
 519              		@ frame_needed = 0, uses_anonymous_args = 0
 520              		.loc 1 212 1 is_stmt 0 view .LVU156
 521 0000 70B5     		push	{r4, r5, r6, lr}
 522              	.LCFI3:
 523              		.cfi_def_cfa_offset 16
 524              		.cfi_offset 4, -16
 525              		.cfi_offset 5, -12
 526              		.cfi_offset 6, -8
 527              		.cfi_offset 14, -4
 528 0002 0400     		movs	r4, r0
 213:Middlewares/Third_Party/QuantumLeaps_RTEF_qpc/src/qf/qf_qeq.c **** #ifndef Q_SPY
 214:Middlewares/Third_Party/QuantumLeaps_RTEF_qpc/src/qf/qf_qeq.c ****     Q_UNUSED_PAR(qsId);
 529              		.loc 1 214 5 is_stmt 1 view .LVU157
 215:Middlewares/Third_Party/QuantumLeaps_RTEF_qpc/src/qf/qf_qeq.c **** #endif
 216:Middlewares/Third_Party/QuantumLeaps_RTEF_qpc/src/qf/qf_qeq.c **** 
 217:Middlewares/Third_Party/QuantumLeaps_RTEF_qpc/src/qf/qf_qeq.c ****     QF_CRIT_STAT
 218:Middlewares/Third_Party/QuantumLeaps_RTEF_qpc/src/qf/qf_qeq.c ****     QF_CRIT_ENTRY();
 530              		.loc 1 218 5 view .LVU158
 531 0004 FFF7FEFF 		bl	vPortEnterCritical
 532              	.LVL60:
 219:Middlewares/Third_Party/QuantumLeaps_RTEF_qpc/src/qf/qf_qeq.c **** 
 220:Middlewares/Third_Party/QuantumLeaps_RTEF_qpc/src/qf/qf_qeq.c ****     QEvt const * const e = me->frontEvt; // always remove evt from the front
 533              		.loc 1 220 5 view .LVU159
 534              		.loc 1 220 24 is_stmt 0 view .LVU160
 535 0008 2568     		ldr	r5, [r4]
 536              	.LVL61:
 221:Middlewares/Third_Party/QuantumLeaps_RTEF_qpc/src/qf/qf_qeq.c **** 
 222:Middlewares/Third_Party/QuantumLeaps_RTEF_qpc/src/qf/qf_qeq.c ****     if (e != (QEvt *)0) { // was the queue not empty?
 537              		.loc 1 222 5 is_stmt 1 view .LVU161
 538              		.loc 1 222 8 is_stmt 0 view .LVU162
 539 000a 002D     		cmp	r5, #0
 540 000c 14D0     		beq	.L43
 541              	.LBB10:
 223:Middlewares/Third_Party/QuantumLeaps_RTEF_qpc/src/qf/qf_qeq.c ****         QEQueueCtr tmp = me->nFree; // get volatile into temporary
 542              		.loc 1 223 9 is_stmt 1 view .LVU163
 543              		.loc 1 223 20 is_stmt 0 view .LVU164
 544 000e E37A     		ldrb	r3, [r4, #11]
 545              	.LVL62:
 224:Middlewares/Third_Party/QuantumLeaps_RTEF_qpc/src/qf/qf_qeq.c **** 
 225:Middlewares/Third_Party/QuantumLeaps_RTEF_qpc/src/qf/qf_qeq.c ****         ++tmp; // one more free event in the queue
 546              		.loc 1 225 9 is_stmt 1 view .LVU165
 547 0010 0133     		adds	r3, r3, #1
 548              	.LVL63:
 549              		.loc 1 225 9 is_stmt 0 view .LVU166
 550 0012 DBB2     		uxtb	r3, r3
 551              	.LVL64:
 226:Middlewares/Third_Party/QuantumLeaps_RTEF_qpc/src/qf/qf_qeq.c **** 
 227:Middlewares/Third_Party/QuantumLeaps_RTEF_qpc/src/qf/qf_qeq.c ****         me->nFree = tmp; // update the # free
 552              		.loc 1 227 9 is_stmt 1 view .LVU167
 553              		.loc 1 227 19 is_stmt 0 view .LVU168
ARM GAS  C:\Users\main\AppData\Local\Temp\cc5Bsl4w.s 			page 16


 554 0014 E372     		strb	r3, [r4, #11]
 228:Middlewares/Third_Party/QuantumLeaps_RTEF_qpc/src/qf/qf_qeq.c **** 
 229:Middlewares/Third_Party/QuantumLeaps_RTEF_qpc/src/qf/qf_qeq.c ****         // any events in the ring buffer?
 230:Middlewares/Third_Party/QuantumLeaps_RTEF_qpc/src/qf/qf_qeq.c ****         if (tmp <= me->end) {
 555              		.loc 1 230 9 is_stmt 1 view .LVU169
 556              		.loc 1 230 22 is_stmt 0 view .LVU170
 557 0016 227A     		ldrb	r2, [r4, #8]
 558              		.loc 1 230 12 view .LVU171
 559 0018 9A42     		cmp	r2, r3
 560 001a 16D3     		bcc	.L44
 561              	.LBB11:
 231:Middlewares/Third_Party/QuantumLeaps_RTEF_qpc/src/qf/qf_qeq.c **** 
 232:Middlewares/Third_Party/QuantumLeaps_RTEF_qpc/src/qf/qf_qeq.c ****             QS_BEGIN_PRE(QS_QF_EQUEUE_GET, qsId)
 562              		.loc 1 232 13 is_stmt 1 view .LVU172
 233:Middlewares/Third_Party/QuantumLeaps_RTEF_qpc/src/qf/qf_qeq.c ****                 QS_TIME_PRE();      // timestamp
 563              		.loc 1 233 17 view .LVU173
 234:Middlewares/Third_Party/QuantumLeaps_RTEF_qpc/src/qf/qf_qeq.c ****                 QS_SIG_PRE(e->sig); // the signal of this event
 564              		.loc 1 234 17 view .LVU174
 235:Middlewares/Third_Party/QuantumLeaps_RTEF_qpc/src/qf/qf_qeq.c ****                 QS_OBJ_PRE(me);     // this queue object
 565              		.loc 1 235 17 view .LVU175
 236:Middlewares/Third_Party/QuantumLeaps_RTEF_qpc/src/qf/qf_qeq.c ****                 QS_2U8_PRE(e->poolNum_, e->refCtr_);
 566              		.loc 1 236 17 view .LVU176
 237:Middlewares/Third_Party/QuantumLeaps_RTEF_qpc/src/qf/qf_qeq.c ****                 QS_EQC_PRE(tmp);    // # free entries
 567              		.loc 1 237 17 view .LVU177
 238:Middlewares/Third_Party/QuantumLeaps_RTEF_qpc/src/qf/qf_qeq.c ****             QS_END_PRE()
 239:Middlewares/Third_Party/QuantumLeaps_RTEF_qpc/src/qf/qf_qeq.c **** 
 240:Middlewares/Third_Party/QuantumLeaps_RTEF_qpc/src/qf/qf_qeq.c ****             tmp = me->tail; // get volatile into temporary
 568              		.loc 1 240 13 view .LVU178
 569              		.loc 1 240 17 is_stmt 0 view .LVU179
 570 001c A37A     		ldrb	r3, [r4, #10]
 571              	.LVL65:
 572              		.loc 1 240 17 view .LVU180
 573 001e D9B2     		uxtb	r1, r3
 574              	.LVL66:
 241:Middlewares/Third_Party/QuantumLeaps_RTEF_qpc/src/qf/qf_qeq.c ****             QEvt const * const frontEvt = me->ring[tmp];
 575              		.loc 1 241 13 is_stmt 1 view .LVU181
 576              		.loc 1 241 51 is_stmt 0 view .LVU182
 577 0020 9B00     		lsls	r3, r3, #2
 578              		.loc 1 241 32 view .LVU183
 579 0022 6068     		ldr	r0, [r4, #4]
 580 0024 C358     		ldr	r3, [r0, r3]
 581              	.LVL67:
 242:Middlewares/Third_Party/QuantumLeaps_RTEF_qpc/src/qf/qf_qeq.c **** 
 243:Middlewares/Third_Party/QuantumLeaps_RTEF_qpc/src/qf/qf_qeq.c ****             Q_ASSERT_INCRIT(420, frontEvt != (QEvt *)0);
 582              		.loc 1 243 13 is_stmt 1 view .LVU184
 583 0026 002B     		cmp	r3, #0
 584 0028 0AD0     		beq	.L47
 244:Middlewares/Third_Party/QuantumLeaps_RTEF_qpc/src/qf/qf_qeq.c **** 
 245:Middlewares/Third_Party/QuantumLeaps_RTEF_qpc/src/qf/qf_qeq.c ****             me->frontEvt = frontEvt; // update the original
 585              		.loc 1 245 13 view .LVU185
 586              		.loc 1 245 26 is_stmt 0 view .LVU186
 587 002a 2360     		str	r3, [r4]
 246:Middlewares/Third_Party/QuantumLeaps_RTEF_qpc/src/qf/qf_qeq.c **** 
 247:Middlewares/Third_Party/QuantumLeaps_RTEF_qpc/src/qf/qf_qeq.c ****             if (tmp == 0U) { // need to wrap the tail?
 588              		.loc 1 247 13 is_stmt 1 view .LVU187
 589              		.loc 1 247 16 is_stmt 0 view .LVU188
 590 002c 0029     		cmp	r1, #0
ARM GAS  C:\Users\main\AppData\Local\Temp\cc5Bsl4w.s 			page 17


 591 002e 00D0     		beq	.L46
 240:Middlewares/Third_Party/QuantumLeaps_RTEF_qpc/src/qf/qf_qeq.c ****             QEvt const * const frontEvt = me->ring[tmp];
 592              		.loc 1 240 17 view .LVU189
 593 0030 0A00     		movs	r2, r1
 594              	.L46:
 595              	.LVL68:
 248:Middlewares/Third_Party/QuantumLeaps_RTEF_qpc/src/qf/qf_qeq.c ****                 tmp = me->end;
 249:Middlewares/Third_Party/QuantumLeaps_RTEF_qpc/src/qf/qf_qeq.c ****             }
 250:Middlewares/Third_Party/QuantumLeaps_RTEF_qpc/src/qf/qf_qeq.c ****             --tmp; // advance the tail (counter-clockwise)
 596              		.loc 1 250 13 is_stmt 1 view .LVU190
 597 0032 013A     		subs	r2, r2, #1
 598              	.LVL69:
 599              		.loc 1 250 13 is_stmt 0 view .LVU191
 600 0034 D2B2     		uxtb	r2, r2
 601              	.LVL70:
 251:Middlewares/Third_Party/QuantumLeaps_RTEF_qpc/src/qf/qf_qeq.c ****             me->tail = tmp; // update the original
 602              		.loc 1 251 13 is_stmt 1 view .LVU192
 603              		.loc 1 251 22 is_stmt 0 view .LVU193
 604 0036 A272     		strb	r2, [r4, #10]
 605              	.LVL71:
 606              	.L43:
 607              		.loc 1 251 22 view .LVU194
 608              	.LBE11:
 252:Middlewares/Third_Party/QuantumLeaps_RTEF_qpc/src/qf/qf_qeq.c ****         }
 253:Middlewares/Third_Party/QuantumLeaps_RTEF_qpc/src/qf/qf_qeq.c ****         else {
 254:Middlewares/Third_Party/QuantumLeaps_RTEF_qpc/src/qf/qf_qeq.c ****             me->frontEvt = (QEvt *)0; // queue becomes empty
 255:Middlewares/Third_Party/QuantumLeaps_RTEF_qpc/src/qf/qf_qeq.c **** 
 256:Middlewares/Third_Party/QuantumLeaps_RTEF_qpc/src/qf/qf_qeq.c ****             // all entries in the queue must be free (+1 for frontEvt)
 257:Middlewares/Third_Party/QuantumLeaps_RTEF_qpc/src/qf/qf_qeq.c ****             Q_ASSERT_INCRIT(440, tmp == (me->end + 1U));
 258:Middlewares/Third_Party/QuantumLeaps_RTEF_qpc/src/qf/qf_qeq.c **** 
 259:Middlewares/Third_Party/QuantumLeaps_RTEF_qpc/src/qf/qf_qeq.c ****             QS_BEGIN_PRE(QS_QF_EQUEUE_GET_LAST, qsId)
 260:Middlewares/Third_Party/QuantumLeaps_RTEF_qpc/src/qf/qf_qeq.c ****                 QS_TIME_PRE();      // timestamp
 609              		.loc 1 260 17 is_stmt 1 view .LVU195
 261:Middlewares/Third_Party/QuantumLeaps_RTEF_qpc/src/qf/qf_qeq.c ****                 QS_SIG_PRE(e->sig); // the signal of this event
 610              		.loc 1 261 17 view .LVU196
 262:Middlewares/Third_Party/QuantumLeaps_RTEF_qpc/src/qf/qf_qeq.c ****                 QS_OBJ_PRE(me);     // this queue object
 611              		.loc 1 262 17 view .LVU197
 263:Middlewares/Third_Party/QuantumLeaps_RTEF_qpc/src/qf/qf_qeq.c ****                 QS_2U8_PRE(e->poolNum_, e->refCtr_);
 612              		.loc 1 263 17 view .LVU198
 613              	.LBE10:
 264:Middlewares/Third_Party/QuantumLeaps_RTEF_qpc/src/qf/qf_qeq.c ****             QS_END_PRE()
 265:Middlewares/Third_Party/QuantumLeaps_RTEF_qpc/src/qf/qf_qeq.c ****         }
 266:Middlewares/Third_Party/QuantumLeaps_RTEF_qpc/src/qf/qf_qeq.c ****     }
 267:Middlewares/Third_Party/QuantumLeaps_RTEF_qpc/src/qf/qf_qeq.c **** 
 268:Middlewares/Third_Party/QuantumLeaps_RTEF_qpc/src/qf/qf_qeq.c ****     QF_CRIT_EXIT();
 614              		.loc 1 268 5 view .LVU199
 615 0038 FFF7FEFF 		bl	vPortExitCritical
 616              	.LVL72:
 269:Middlewares/Third_Party/QuantumLeaps_RTEF_qpc/src/qf/qf_qeq.c **** 
 270:Middlewares/Third_Party/QuantumLeaps_RTEF_qpc/src/qf/qf_qeq.c ****     return e;
 617              		.loc 1 270 5 view .LVU200
 271:Middlewares/Third_Party/QuantumLeaps_RTEF_qpc/src/qf/qf_qeq.c **** }
 618              		.loc 1 271 1 is_stmt 0 view .LVU201
 619 003c 2800     		movs	r0, r5
 620              		@ sp needed
 621              	.LVL73:
 622              	.LVL74:
ARM GAS  C:\Users\main\AppData\Local\Temp\cc5Bsl4w.s 			page 18


 623              		.loc 1 271 1 view .LVU202
 624 003e 70BD     		pop	{r4, r5, r6, pc}
 625              	.LVL75:
 626              	.L47:
 627              	.LBB13:
 628              	.LBB12:
 243:Middlewares/Third_Party/QuantumLeaps_RTEF_qpc/src/qf/qf_qeq.c **** 
 629              		.loc 1 243 13 discriminator 1 view .LVU203
 630 0040 D221     		movs	r1, #210
 631              	.LVL76:
 243:Middlewares/Third_Party/QuantumLeaps_RTEF_qpc/src/qf/qf_qeq.c **** 
 632              		.loc 1 243 13 discriminator 1 view .LVU204
 633 0042 4900     		lsls	r1, r1, #1
 634 0044 0648     		ldr	r0, .L48
 635 0046 FFF7FEFF 		bl	Q_onError
 636              	.LVL77:
 637              	.L44:
 243:Middlewares/Third_Party/QuantumLeaps_RTEF_qpc/src/qf/qf_qeq.c **** 
 638              		.loc 1 243 13 discriminator 1 view .LVU205
 639              	.LBE12:
 254:Middlewares/Third_Party/QuantumLeaps_RTEF_qpc/src/qf/qf_qeq.c **** 
 640              		.loc 1 254 13 is_stmt 1 view .LVU206
 254:Middlewares/Third_Party/QuantumLeaps_RTEF_qpc/src/qf/qf_qeq.c **** 
 641              		.loc 1 254 26 is_stmt 0 view .LVU207
 642 004a 0021     		movs	r1, #0
 643 004c 2160     		str	r1, [r4]
 257:Middlewares/Third_Party/QuantumLeaps_RTEF_qpc/src/qf/qf_qeq.c **** 
 644              		.loc 1 257 13 is_stmt 1 view .LVU208
 645 004e 0132     		adds	r2, r2, #1
 646 0050 9342     		cmp	r3, r2
 647 0052 F1D0     		beq	.L43
 257:Middlewares/Third_Party/QuantumLeaps_RTEF_qpc/src/qf/qf_qeq.c **** 
 648              		.loc 1 257 13 is_stmt 0 discriminator 1 view .LVU209
 649 0054 DC31     		adds	r1, r1, #220
 650 0056 4900     		lsls	r1, r1, #1
 651 0058 0148     		ldr	r0, .L48
 652 005a FFF7FEFF 		bl	Q_onError
 653              	.LVL78:
 654              	.L49:
 257:Middlewares/Third_Party/QuantumLeaps_RTEF_qpc/src/qf/qf_qeq.c **** 
 655              		.loc 1 257 13 discriminator 1 view .LVU210
 656 005e C046     		.align	2
 657              	.L48:
 658 0060 00000000 		.word	.LANCHOR0
 659              	.LBE13:
 660              		.cfi_endproc
 661              	.LFE21:
 663              		.section	.rodata.Q_this_module_,"a"
 664              		.align	2
 665              		.set	.LANCHOR0,. + 0
 668              	Q_this_module_:
 669 0000 71665F71 		.ascii	"qf_qeq\000"
 669      657100
 670              		.text
 671              	.Letext0:
 672              		.file 3 "c:\\program files (x86)\\gnu arm embedded toolchain\\10 2021.10\\arm-none-eabi\\include\\
 673              		.file 4 "c:\\program files (x86)\\gnu arm embedded toolchain\\10 2021.10\\arm-none-eabi\\include\\
ARM GAS  C:\Users\main\AppData\Local\Temp\cc5Bsl4w.s 			page 19


 674              		.file 5 "c:\\program files (x86)\\gnu arm embedded toolchain\\10 2021.10\\arm-none-eabi\\include\\
 675              		.file 6 "Middlewares/Third_Party/QuantumLeaps_RTEF_qpc/include/qequeue.h"
 676              		.file 7 "Middlewares/Third_Party/QuantumLeaps_RTEF_qpc/include/qp.h"
 677              		.file 8 "Middlewares/Third_Party/QuantumLeaps_RTEF_qpc/include/qsafe.h"
 678              		.file 9 "Middlewares/Third_Party/FreeRTOS/Source/portable/GCC/ARM_CM0/portmacro.h"
ARM GAS  C:\Users\main\AppData\Local\Temp\cc5Bsl4w.s 			page 20


DEFINED SYMBOLS
                            *ABS*:00000000 qf_qeq.c
C:\Users\main\AppData\Local\Temp\cc5Bsl4w.s:18     .text.QEQueue_init:00000000 $t
C:\Users\main\AppData\Local\Temp\cc5Bsl4w.s:24     .text.QEQueue_init:00000000 QEQueue_init
C:\Users\main\AppData\Local\Temp\cc5Bsl4w.s:104    .text.QEQueue_init:0000003c $d
C:\Users\main\AppData\Local\Temp\cc5Bsl4w.s:109    .text.QEQueue_post:00000000 $t
C:\Users\main\AppData\Local\Temp\cc5Bsl4w.s:115    .text.QEQueue_post:00000000 QEQueue_post
C:\Users\main\AppData\Local\Temp\cc5Bsl4w.s:318    .text.QEQueue_post:000000a0 $d
C:\Users\main\AppData\Local\Temp\cc5Bsl4w.s:324    .text.QEQueue_postLIFO:00000000 $t
C:\Users\main\AppData\Local\Temp\cc5Bsl4w.s:330    .text.QEQueue_postLIFO:00000000 QEQueue_postLIFO
C:\Users\main\AppData\Local\Temp\cc5Bsl4w.s:502    .text.QEQueue_postLIFO:00000080 $d
C:\Users\main\AppData\Local\Temp\cc5Bsl4w.s:507    .text.QEQueue_get:00000000 $t
C:\Users\main\AppData\Local\Temp\cc5Bsl4w.s:513    .text.QEQueue_get:00000000 QEQueue_get
C:\Users\main\AppData\Local\Temp\cc5Bsl4w.s:658    .text.QEQueue_get:00000060 $d
C:\Users\main\AppData\Local\Temp\cc5Bsl4w.s:664    .rodata.Q_this_module_:00000000 $d
C:\Users\main\AppData\Local\Temp\cc5Bsl4w.s:668    .rodata.Q_this_module_:00000000 Q_this_module_

UNDEFINED SYMBOLS
vPortEnterCritical
vPortExitCritical
Q_onError
