ARM GAS  C:\Users\main\AppData\Local\Temp\ccfCjRdV.s 			page 1


   1              		.cpu cortex-m0plus
   2              		.arch armv6s-m
   3              		.fpu softvfp
   4              		.eabi_attribute 20, 1
   5              		.eabi_attribute 21, 1
   6              		.eabi_attribute 23, 3
   7              		.eabi_attribute 24, 1
   8              		.eabi_attribute 25, 1
   9              		.eabi_attribute 26, 1
  10              		.eabi_attribute 30, 1
  11              		.eabi_attribute 34, 0
  12              		.eabi_attribute 18, 4
  13              		.file	"usart.c"
  14              		.text
  15              	.Ltext0:
  16              		.cfi_sections	.debug_frame
  17              		.section	.text.MX_USART1_UART_Init,"ax",%progbits
  18              		.align	1
  19              		.global	MX_USART1_UART_Init
  20              		.syntax unified
  21              		.code	16
  22              		.thumb_func
  24              	MX_USART1_UART_Init:
  25              	.LFB345:
  26              		.file 1 "Core/Src/usart.c"
   1:Core/Src/usart.c **** /* USER CODE BEGIN Header */
   2:Core/Src/usart.c **** /**
   3:Core/Src/usart.c ****   ******************************************************************************
   4:Core/Src/usart.c ****   * @file    usart.c
   5:Core/Src/usart.c ****   * @brief   This file provides code for the configuration
   6:Core/Src/usart.c ****   *          of the USART instances.
   7:Core/Src/usart.c ****   ******************************************************************************
   8:Core/Src/usart.c ****   * @attention
   9:Core/Src/usart.c ****   *
  10:Core/Src/usart.c ****   * Copyright (c) 2025 STMicroelectronics.
  11:Core/Src/usart.c ****   * All rights reserved.
  12:Core/Src/usart.c ****   *
  13:Core/Src/usart.c ****   * This software is licensed under terms that can be found in the LICENSE file
  14:Core/Src/usart.c ****   * in the root directory of this software component.
  15:Core/Src/usart.c ****   * If no LICENSE file comes with this software, it is provided AS-IS.
  16:Core/Src/usart.c ****   *
  17:Core/Src/usart.c ****   ******************************************************************************
  18:Core/Src/usart.c ****   */
  19:Core/Src/usart.c **** /* USER CODE END Header */
  20:Core/Src/usart.c **** /* Includes ------------------------------------------------------------------*/
  21:Core/Src/usart.c **** #include "usart.h"
  22:Core/Src/usart.c **** 
  23:Core/Src/usart.c **** /* USER CODE BEGIN 0 */
  24:Core/Src/usart.c **** 
  25:Core/Src/usart.c **** /* USER CODE END 0 */
  26:Core/Src/usart.c **** 
  27:Core/Src/usart.c **** UART_HandleTypeDef huart1;
  28:Core/Src/usart.c **** 
  29:Core/Src/usart.c **** /* USART1 init function */
  30:Core/Src/usart.c **** 
  31:Core/Src/usart.c **** void MX_USART1_UART_Init(void)
  32:Core/Src/usart.c **** {
ARM GAS  C:\Users\main\AppData\Local\Temp\ccfCjRdV.s 			page 2


  27              		.loc 1 32 1 view -0
  28              		.cfi_startproc
  29              		@ args = 0, pretend = 0, frame = 0
  30              		@ frame_needed = 0, uses_anonymous_args = 0
  31 0000 10B5     		push	{r4, lr}
  32              	.LCFI0:
  33              		.cfi_def_cfa_offset 8
  34              		.cfi_offset 4, -8
  35              		.cfi_offset 14, -4
  33:Core/Src/usart.c **** 
  34:Core/Src/usart.c ****   /* USER CODE BEGIN USART1_Init 0 */
  35:Core/Src/usart.c **** 
  36:Core/Src/usart.c ****   /* USER CODE END USART1_Init 0 */
  37:Core/Src/usart.c **** 
  38:Core/Src/usart.c ****   /* USER CODE BEGIN USART1_Init 1 */
  39:Core/Src/usart.c **** 
  40:Core/Src/usart.c ****   /* USER CODE END USART1_Init 1 */
  41:Core/Src/usart.c ****   huart1.Instance = USART1;
  36              		.loc 1 41 3 view .LVU1
  37              		.loc 1 41 19 is_stmt 0 view .LVU2
  38 0002 1948     		ldr	r0, .L10
  39 0004 194B     		ldr	r3, .L10+4
  40 0006 0360     		str	r3, [r0]
  42:Core/Src/usart.c ****   huart1.Init.BaudRate = 115200;
  41              		.loc 1 42 3 is_stmt 1 view .LVU3
  42              		.loc 1 42 24 is_stmt 0 view .LVU4
  43 0008 E123     		movs	r3, #225
  44 000a 5B02     		lsls	r3, r3, #9
  45 000c 4360     		str	r3, [r0, #4]
  43:Core/Src/usart.c ****   huart1.Init.WordLength = UART_WORDLENGTH_8B;
  46              		.loc 1 43 3 is_stmt 1 view .LVU5
  47              		.loc 1 43 26 is_stmt 0 view .LVU6
  48 000e 0023     		movs	r3, #0
  49 0010 8360     		str	r3, [r0, #8]
  44:Core/Src/usart.c ****   huart1.Init.StopBits = UART_STOPBITS_1;
  50              		.loc 1 44 3 is_stmt 1 view .LVU7
  51              		.loc 1 44 24 is_stmt 0 view .LVU8
  52 0012 C360     		str	r3, [r0, #12]
  45:Core/Src/usart.c ****   huart1.Init.Parity = UART_PARITY_NONE;
  53              		.loc 1 45 3 is_stmt 1 view .LVU9
  54              		.loc 1 45 22 is_stmt 0 view .LVU10
  55 0014 0361     		str	r3, [r0, #16]
  46:Core/Src/usart.c ****   huart1.Init.Mode = UART_MODE_TX_RX;
  56              		.loc 1 46 3 is_stmt 1 view .LVU11
  57              		.loc 1 46 20 is_stmt 0 view .LVU12
  58 0016 0C22     		movs	r2, #12
  59 0018 4261     		str	r2, [r0, #20]
  47:Core/Src/usart.c ****   huart1.Init.HwFlowCtl = UART_HWCONTROL_NONE;
  60              		.loc 1 47 3 is_stmt 1 view .LVU13
  61              		.loc 1 47 25 is_stmt 0 view .LVU14
  62 001a 8361     		str	r3, [r0, #24]
  48:Core/Src/usart.c ****   huart1.Init.OverSampling = UART_OVERSAMPLING_16;
  63              		.loc 1 48 3 is_stmt 1 view .LVU15
  64              		.loc 1 48 28 is_stmt 0 view .LVU16
  65 001c C361     		str	r3, [r0, #28]
  49:Core/Src/usart.c ****   huart1.Init.OneBitSampling = UART_ONE_BIT_SAMPLE_DISABLE;
  66              		.loc 1 49 3 is_stmt 1 view .LVU17
ARM GAS  C:\Users\main\AppData\Local\Temp\ccfCjRdV.s 			page 3


  67              		.loc 1 49 30 is_stmt 0 view .LVU18
  68 001e 0362     		str	r3, [r0, #32]
  50:Core/Src/usart.c ****   huart1.Init.ClockPrescaler = UART_PRESCALER_DIV1;
  69              		.loc 1 50 3 is_stmt 1 view .LVU19
  70              		.loc 1 50 30 is_stmt 0 view .LVU20
  71 0020 4362     		str	r3, [r0, #36]
  51:Core/Src/usart.c ****   huart1.AdvancedInit.AdvFeatureInit = UART_ADVFEATURE_NO_INIT;
  72              		.loc 1 51 3 is_stmt 1 view .LVU21
  73              		.loc 1 51 38 is_stmt 0 view .LVU22
  74 0022 8362     		str	r3, [r0, #40]
  52:Core/Src/usart.c ****   if (HAL_UART_Init(&huart1) != HAL_OK)
  75              		.loc 1 52 3 is_stmt 1 view .LVU23
  76              		.loc 1 52 7 is_stmt 0 view .LVU24
  77 0024 FFF7FEFF 		bl	HAL_UART_Init
  78              	.LVL0:
  79              		.loc 1 52 6 view .LVU25
  80 0028 0028     		cmp	r0, #0
  81 002a 11D1     		bne	.L6
  82              	.L2:
  53:Core/Src/usart.c ****   {
  54:Core/Src/usart.c ****     Error_Handler();
  55:Core/Src/usart.c ****   }
  56:Core/Src/usart.c ****   if (HAL_UARTEx_SetTxFifoThreshold(&huart1, UART_TXFIFO_THRESHOLD_1_8) != HAL_OK)
  83              		.loc 1 56 3 is_stmt 1 view .LVU26
  84              		.loc 1 56 7 is_stmt 0 view .LVU27
  85 002c 0021     		movs	r1, #0
  86 002e 0E48     		ldr	r0, .L10
  87 0030 FFF7FEFF 		bl	HAL_UARTEx_SetTxFifoThreshold
  88              	.LVL1:
  89              		.loc 1 56 6 view .LVU28
  90 0034 0028     		cmp	r0, #0
  91 0036 0ED1     		bne	.L7
  92              	.L3:
  57:Core/Src/usart.c ****   {
  58:Core/Src/usart.c ****     Error_Handler();
  59:Core/Src/usart.c ****   }
  60:Core/Src/usart.c ****   if (HAL_UARTEx_SetRxFifoThreshold(&huart1, UART_RXFIFO_THRESHOLD_1_8) != HAL_OK)
  93              		.loc 1 60 3 is_stmt 1 view .LVU29
  94              		.loc 1 60 7 is_stmt 0 view .LVU30
  95 0038 0021     		movs	r1, #0
  96 003a 0B48     		ldr	r0, .L10
  97 003c FFF7FEFF 		bl	HAL_UARTEx_SetRxFifoThreshold
  98              	.LVL2:
  99              		.loc 1 60 6 view .LVU31
 100 0040 0028     		cmp	r0, #0
 101 0042 0BD1     		bne	.L8
 102              	.L4:
  61:Core/Src/usart.c ****   {
  62:Core/Src/usart.c ****     Error_Handler();
  63:Core/Src/usart.c ****   }
  64:Core/Src/usart.c ****   if (HAL_UARTEx_DisableFifoMode(&huart1) != HAL_OK)
 103              		.loc 1 64 3 is_stmt 1 view .LVU32
 104              		.loc 1 64 7 is_stmt 0 view .LVU33
 105 0044 0848     		ldr	r0, .L10
 106 0046 FFF7FEFF 		bl	HAL_UARTEx_DisableFifoMode
 107              	.LVL3:
 108              		.loc 1 64 6 view .LVU34
ARM GAS  C:\Users\main\AppData\Local\Temp\ccfCjRdV.s 			page 4


 109 004a 0028     		cmp	r0, #0
 110 004c 09D1     		bne	.L9
 111              	.L1:
  65:Core/Src/usart.c ****   {
  66:Core/Src/usart.c ****     Error_Handler();
  67:Core/Src/usart.c ****   }
  68:Core/Src/usart.c ****   /* USER CODE BEGIN USART1_Init 2 */
  69:Core/Src/usart.c **** 
  70:Core/Src/usart.c ****   /* USER CODE END USART1_Init 2 */
  71:Core/Src/usart.c **** 
  72:Core/Src/usart.c **** }
 112              		.loc 1 72 1 view .LVU35
 113              		@ sp needed
 114 004e 10BD     		pop	{r4, pc}
 115              	.L6:
  54:Core/Src/usart.c ****   }
 116              		.loc 1 54 5 is_stmt 1 view .LVU36
 117 0050 FFF7FEFF 		bl	Error_Handler
 118              	.LVL4:
 119 0054 EAE7     		b	.L2
 120              	.L7:
  58:Core/Src/usart.c ****   }
 121              		.loc 1 58 5 view .LVU37
 122 0056 FFF7FEFF 		bl	Error_Handler
 123              	.LVL5:
 124 005a EDE7     		b	.L3
 125              	.L8:
  62:Core/Src/usart.c ****   }
 126              		.loc 1 62 5 view .LVU38
 127 005c FFF7FEFF 		bl	Error_Handler
 128              	.LVL6:
 129 0060 F0E7     		b	.L4
 130              	.L9:
  66:Core/Src/usart.c ****   }
 131              		.loc 1 66 5 view .LVU39
 132 0062 FFF7FEFF 		bl	Error_Handler
 133              	.LVL7:
 134              		.loc 1 72 1 is_stmt 0 view .LVU40
 135 0066 F2E7     		b	.L1
 136              	.L11:
 137              		.align	2
 138              	.L10:
 139 0068 00000000 		.word	huart1
 140 006c 00380140 		.word	1073821696
 141              		.cfi_endproc
 142              	.LFE345:
 144              		.section	.text.HAL_UART_MspInit,"ax",%progbits
 145              		.align	1
 146              		.global	HAL_UART_MspInit
 147              		.syntax unified
 148              		.code	16
 149              		.thumb_func
 151              	HAL_UART_MspInit:
 152              	.LVL8:
 153              	.LFB346:
  73:Core/Src/usart.c **** 
  74:Core/Src/usart.c **** void HAL_UART_MspInit(UART_HandleTypeDef* uartHandle)
ARM GAS  C:\Users\main\AppData\Local\Temp\ccfCjRdV.s 			page 5


  75:Core/Src/usart.c **** {
 154              		.loc 1 75 1 is_stmt 1 view -0
 155              		.cfi_startproc
 156              		@ args = 0, pretend = 0, frame = 56
 157              		@ frame_needed = 0, uses_anonymous_args = 0
 158              		.loc 1 75 1 is_stmt 0 view .LVU42
 159 0000 F0B5     		push	{r4, r5, r6, r7, lr}
 160              	.LCFI1:
 161              		.cfi_def_cfa_offset 20
 162              		.cfi_offset 4, -20
 163              		.cfi_offset 5, -16
 164              		.cfi_offset 6, -12
 165              		.cfi_offset 7, -8
 166              		.cfi_offset 14, -4
 167 0002 8FB0     		sub	sp, sp, #60
 168              	.LCFI2:
 169              		.cfi_def_cfa_offset 80
 170 0004 0400     		movs	r4, r0
  76:Core/Src/usart.c **** 
  77:Core/Src/usart.c ****   GPIO_InitTypeDef GPIO_InitStruct = {0};
 171              		.loc 1 77 3 is_stmt 1 view .LVU43
 172              		.loc 1 77 20 is_stmt 0 view .LVU44
 173 0006 1422     		movs	r2, #20
 174 0008 0021     		movs	r1, #0
 175 000a 09A8     		add	r0, sp, #36
 176              	.LVL9:
 177              		.loc 1 77 20 view .LVU45
 178 000c FFF7FEFF 		bl	memset
 179              	.LVL10:
  78:Core/Src/usart.c ****   RCC_PeriphCLKInitTypeDef PeriphClkInit = {0};
 180              		.loc 1 78 3 is_stmt 1 view .LVU46
 181              		.loc 1 78 28 is_stmt 0 view .LVU47
 182 0010 1C22     		movs	r2, #28
 183 0012 0021     		movs	r1, #0
 184 0014 02A8     		add	r0, sp, #8
 185 0016 FFF7FEFF 		bl	memset
 186              	.LVL11:
  79:Core/Src/usart.c ****   if(uartHandle->Instance==USART1)
 187              		.loc 1 79 3 is_stmt 1 view .LVU48
 188              		.loc 1 79 16 is_stmt 0 view .LVU49
 189 001a 2268     		ldr	r2, [r4]
 190              		.loc 1 79 5 view .LVU50
 191 001c 1D4B     		ldr	r3, .L17
 192 001e 9A42     		cmp	r2, r3
 193 0020 01D0     		beq	.L15
 194              	.LVL12:
 195              	.L12:
  80:Core/Src/usart.c ****   {
  81:Core/Src/usart.c ****   /* USER CODE BEGIN USART1_MspInit 0 */
  82:Core/Src/usart.c **** 
  83:Core/Src/usart.c ****   /* USER CODE END USART1_MspInit 0 */
  84:Core/Src/usart.c **** 
  85:Core/Src/usart.c ****   /** Initializes the peripherals clocks
  86:Core/Src/usart.c ****   */
  87:Core/Src/usart.c ****     PeriphClkInit.PeriphClockSelection = RCC_PERIPHCLK_USART1;
  88:Core/Src/usart.c ****     PeriphClkInit.Usart1ClockSelection = RCC_USART1CLKSOURCE_PCLK1;
  89:Core/Src/usart.c ****     if (HAL_RCCEx_PeriphCLKConfig(&PeriphClkInit) != HAL_OK)
ARM GAS  C:\Users\main\AppData\Local\Temp\ccfCjRdV.s 			page 6


  90:Core/Src/usart.c ****     {
  91:Core/Src/usart.c ****       Error_Handler();
  92:Core/Src/usart.c ****     }
  93:Core/Src/usart.c **** 
  94:Core/Src/usart.c ****     /* USART1 clock enable */
  95:Core/Src/usart.c ****     __HAL_RCC_USART1_CLK_ENABLE();
  96:Core/Src/usart.c **** 
  97:Core/Src/usart.c ****     __HAL_RCC_GPIOA_CLK_ENABLE();
  98:Core/Src/usart.c ****     /**USART1 GPIO Configuration
  99:Core/Src/usart.c ****     PA1     ------> USART1_RX
 100:Core/Src/usart.c ****     PA9     ------> USART1_TX
 101:Core/Src/usart.c ****     */
 102:Core/Src/usart.c ****     GPIO_InitStruct.Pin = GPIO_PIN_1;
 103:Core/Src/usart.c ****     GPIO_InitStruct.Mode = GPIO_MODE_AF_PP;
 104:Core/Src/usart.c ****     GPIO_InitStruct.Pull = GPIO_NOPULL;
 105:Core/Src/usart.c ****     GPIO_InitStruct.Speed = GPIO_SPEED_FREQ_LOW;
 106:Core/Src/usart.c ****     GPIO_InitStruct.Alternate = GPIO_AF4_USART1;
 107:Core/Src/usart.c ****     HAL_GPIO_Init(GPIOA, &GPIO_InitStruct);
 108:Core/Src/usart.c **** 
 109:Core/Src/usart.c ****     GPIO_InitStruct.Pin = GPIO_PIN_9;
 110:Core/Src/usart.c ****     GPIO_InitStruct.Mode = GPIO_MODE_AF_PP;
 111:Core/Src/usart.c ****     GPIO_InitStruct.Pull = GPIO_NOPULL;
 112:Core/Src/usart.c ****     GPIO_InitStruct.Speed = GPIO_SPEED_FREQ_LOW;
 113:Core/Src/usart.c ****     GPIO_InitStruct.Alternate = GPIO_AF1_USART1;
 114:Core/Src/usart.c ****     HAL_GPIO_Init(GPIOA, &GPIO_InitStruct);
 115:Core/Src/usart.c **** 
 116:Core/Src/usart.c ****   /* USER CODE BEGIN USART1_MspInit 1 */
 117:Core/Src/usart.c **** 
 118:Core/Src/usart.c ****   /* USER CODE END USART1_MspInit 1 */
 119:Core/Src/usart.c ****   }
 120:Core/Src/usart.c **** }
 196              		.loc 1 120 1 view .LVU51
 197 0022 0FB0     		add	sp, sp, #60
 198              		@ sp needed
 199 0024 F0BD     		pop	{r4, r5, r6, r7, pc}
 200              	.LVL13:
 201              	.L15:
  87:Core/Src/usart.c ****     PeriphClkInit.Usart1ClockSelection = RCC_USART1CLKSOURCE_PCLK1;
 202              		.loc 1 87 5 is_stmt 1 view .LVU52
  87:Core/Src/usart.c ****     PeriphClkInit.Usart1ClockSelection = RCC_USART1CLKSOURCE_PCLK1;
 203              		.loc 1 87 40 is_stmt 0 view .LVU53
 204 0026 0123     		movs	r3, #1
 205 0028 0293     		str	r3, [sp, #8]
  88:Core/Src/usart.c ****     if (HAL_RCCEx_PeriphCLKConfig(&PeriphClkInit) != HAL_OK)
 206              		.loc 1 88 5 is_stmt 1 view .LVU54
  89:Core/Src/usart.c ****     {
 207              		.loc 1 89 5 view .LVU55
  89:Core/Src/usart.c ****     {
 208              		.loc 1 89 9 is_stmt 0 view .LVU56
 209 002a 02A8     		add	r0, sp, #8
 210 002c FFF7FEFF 		bl	HAL_RCCEx_PeriphCLKConfig
 211              	.LVL14:
  89:Core/Src/usart.c ****     {
 212              		.loc 1 89 8 view .LVU57
 213 0030 0028     		cmp	r0, #0
 214 0032 2BD1     		bne	.L16
 215              	.L14:
ARM GAS  C:\Users\main\AppData\Local\Temp\ccfCjRdV.s 			page 7


  95:Core/Src/usart.c **** 
 216              		.loc 1 95 5 is_stmt 1 view .LVU58
 217              	.LBB2:
  95:Core/Src/usart.c **** 
 218              		.loc 1 95 5 view .LVU59
  95:Core/Src/usart.c **** 
 219              		.loc 1 95 5 view .LVU60
 220 0034 184B     		ldr	r3, .L17+4
 221 0036 196C     		ldr	r1, [r3, #64]
 222 0038 8020     		movs	r0, #128
 223 003a C001     		lsls	r0, r0, #7
 224 003c 0143     		orrs	r1, r0
 225 003e 1964     		str	r1, [r3, #64]
  95:Core/Src/usart.c **** 
 226              		.loc 1 95 5 view .LVU61
 227 0040 1A6C     		ldr	r2, [r3, #64]
 228 0042 0240     		ands	r2, r0
 229 0044 0092     		str	r2, [sp]
  95:Core/Src/usart.c **** 
 230              		.loc 1 95 5 view .LVU62
 231 0046 009A     		ldr	r2, [sp]
 232              	.LBE2:
  95:Core/Src/usart.c **** 
 233              		.loc 1 95 5 view .LVU63
  97:Core/Src/usart.c ****     /**USART1 GPIO Configuration
 234              		.loc 1 97 5 view .LVU64
 235              	.LBB3:
  97:Core/Src/usart.c ****     /**USART1 GPIO Configuration
 236              		.loc 1 97 5 view .LVU65
  97:Core/Src/usart.c ****     /**USART1 GPIO Configuration
 237              		.loc 1 97 5 view .LVU66
 238 0048 5A6B     		ldr	r2, [r3, #52]
 239 004a 0125     		movs	r5, #1
 240 004c 2A43     		orrs	r2, r5
 241 004e 5A63     		str	r2, [r3, #52]
  97:Core/Src/usart.c ****     /**USART1 GPIO Configuration
 242              		.loc 1 97 5 view .LVU67
 243 0050 5B6B     		ldr	r3, [r3, #52]
 244 0052 2B40     		ands	r3, r5
 245 0054 0193     		str	r3, [sp, #4]
  97:Core/Src/usart.c ****     /**USART1 GPIO Configuration
 246              		.loc 1 97 5 view .LVU68
 247 0056 019B     		ldr	r3, [sp, #4]
 248              	.LBE3:
  97:Core/Src/usart.c ****     /**USART1 GPIO Configuration
 249              		.loc 1 97 5 view .LVU69
 102:Core/Src/usart.c ****     GPIO_InitStruct.Mode = GPIO_MODE_AF_PP;
 250              		.loc 1 102 5 view .LVU70
 102:Core/Src/usart.c ****     GPIO_InitStruct.Mode = GPIO_MODE_AF_PP;
 251              		.loc 1 102 25 is_stmt 0 view .LVU71
 252 0058 0226     		movs	r6, #2
 253 005a 0996     		str	r6, [sp, #36]
 103:Core/Src/usart.c ****     GPIO_InitStruct.Pull = GPIO_NOPULL;
 254              		.loc 1 103 5 is_stmt 1 view .LVU72
 103:Core/Src/usart.c ****     GPIO_InitStruct.Pull = GPIO_NOPULL;
 255              		.loc 1 103 26 is_stmt 0 view .LVU73
 256 005c 0A96     		str	r6, [sp, #40]
ARM GAS  C:\Users\main\AppData\Local\Temp\ccfCjRdV.s 			page 8


 104:Core/Src/usart.c ****     GPIO_InitStruct.Speed = GPIO_SPEED_FREQ_LOW;
 257              		.loc 1 104 5 is_stmt 1 view .LVU74
 104:Core/Src/usart.c ****     GPIO_InitStruct.Speed = GPIO_SPEED_FREQ_LOW;
 258              		.loc 1 104 26 is_stmt 0 view .LVU75
 259 005e 0024     		movs	r4, #0
 260              	.LVL15:
 104:Core/Src/usart.c ****     GPIO_InitStruct.Speed = GPIO_SPEED_FREQ_LOW;
 261              		.loc 1 104 26 view .LVU76
 262 0060 0B94     		str	r4, [sp, #44]
 105:Core/Src/usart.c ****     GPIO_InitStruct.Alternate = GPIO_AF4_USART1;
 263              		.loc 1 105 5 is_stmt 1 view .LVU77
 105:Core/Src/usart.c ****     GPIO_InitStruct.Alternate = GPIO_AF4_USART1;
 264              		.loc 1 105 27 is_stmt 0 view .LVU78
 265 0062 0C94     		str	r4, [sp, #48]
 106:Core/Src/usart.c ****     HAL_GPIO_Init(GPIOA, &GPIO_InitStruct);
 266              		.loc 1 106 5 is_stmt 1 view .LVU79
 106:Core/Src/usart.c ****     HAL_GPIO_Init(GPIOA, &GPIO_InitStruct);
 267              		.loc 1 106 31 is_stmt 0 view .LVU80
 268 0064 0423     		movs	r3, #4
 269 0066 0D93     		str	r3, [sp, #52]
 107:Core/Src/usart.c **** 
 270              		.loc 1 107 5 is_stmt 1 view .LVU81
 271 0068 A027     		movs	r7, #160
 272 006a FF05     		lsls	r7, r7, #23
 273 006c 09A9     		add	r1, sp, #36
 274 006e 3800     		movs	r0, r7
 275 0070 FFF7FEFF 		bl	HAL_GPIO_Init
 276              	.LVL16:
 109:Core/Src/usart.c ****     GPIO_InitStruct.Mode = GPIO_MODE_AF_PP;
 277              		.loc 1 109 5 view .LVU82
 109:Core/Src/usart.c ****     GPIO_InitStruct.Mode = GPIO_MODE_AF_PP;
 278              		.loc 1 109 25 is_stmt 0 view .LVU83
 279 0074 8023     		movs	r3, #128
 280 0076 9B00     		lsls	r3, r3, #2
 281 0078 0993     		str	r3, [sp, #36]
 110:Core/Src/usart.c ****     GPIO_InitStruct.Pull = GPIO_NOPULL;
 282              		.loc 1 110 5 is_stmt 1 view .LVU84
 110:Core/Src/usart.c ****     GPIO_InitStruct.Pull = GPIO_NOPULL;
 283              		.loc 1 110 26 is_stmt 0 view .LVU85
 284 007a 0A96     		str	r6, [sp, #40]
 111:Core/Src/usart.c ****     GPIO_InitStruct.Speed = GPIO_SPEED_FREQ_LOW;
 285              		.loc 1 111 5 is_stmt 1 view .LVU86
 111:Core/Src/usart.c ****     GPIO_InitStruct.Speed = GPIO_SPEED_FREQ_LOW;
 286              		.loc 1 111 26 is_stmt 0 view .LVU87
 287 007c 0B94     		str	r4, [sp, #44]
 112:Core/Src/usart.c ****     GPIO_InitStruct.Alternate = GPIO_AF1_USART1;
 288              		.loc 1 112 5 is_stmt 1 view .LVU88
 112:Core/Src/usart.c ****     GPIO_InitStruct.Alternate = GPIO_AF1_USART1;
 289              		.loc 1 112 27 is_stmt 0 view .LVU89
 290 007e 0C94     		str	r4, [sp, #48]
 113:Core/Src/usart.c ****     HAL_GPIO_Init(GPIOA, &GPIO_InitStruct);
 291              		.loc 1 113 5 is_stmt 1 view .LVU90
 113:Core/Src/usart.c ****     HAL_GPIO_Init(GPIOA, &GPIO_InitStruct);
 292              		.loc 1 113 31 is_stmt 0 view .LVU91
 293 0080 0D95     		str	r5, [sp, #52]
 114:Core/Src/usart.c **** 
 294              		.loc 1 114 5 is_stmt 1 view .LVU92
ARM GAS  C:\Users\main\AppData\Local\Temp\ccfCjRdV.s 			page 9


 295 0082 09A9     		add	r1, sp, #36
 296 0084 3800     		movs	r0, r7
 297 0086 FFF7FEFF 		bl	HAL_GPIO_Init
 298              	.LVL17:
 299              		.loc 1 120 1 is_stmt 0 view .LVU93
 300 008a CAE7     		b	.L12
 301              	.LVL18:
 302              	.L16:
  91:Core/Src/usart.c ****     }
 303              		.loc 1 91 7 is_stmt 1 view .LVU94
 304 008c FFF7FEFF 		bl	Error_Handler
 305              	.LVL19:
 306 0090 D0E7     		b	.L14
 307              	.L18:
 308 0092 C046     		.align	2
 309              	.L17:
 310 0094 00380140 		.word	1073821696
 311 0098 00100240 		.word	1073876992
 312              		.cfi_endproc
 313              	.LFE346:
 315              		.section	.text.HAL_UART_MspDeInit,"ax",%progbits
 316              		.align	1
 317              		.global	HAL_UART_MspDeInit
 318              		.syntax unified
 319              		.code	16
 320              		.thumb_func
 322              	HAL_UART_MspDeInit:
 323              	.LVL20:
 324              	.LFB347:
 121:Core/Src/usart.c **** 
 122:Core/Src/usart.c **** void HAL_UART_MspDeInit(UART_HandleTypeDef* uartHandle)
 123:Core/Src/usart.c **** {
 325              		.loc 1 123 1 view -0
 326              		.cfi_startproc
 327              		@ args = 0, pretend = 0, frame = 0
 328              		@ frame_needed = 0, uses_anonymous_args = 0
 329              		.loc 1 123 1 is_stmt 0 view .LVU96
 330 0000 10B5     		push	{r4, lr}
 331              	.LCFI3:
 332              		.cfi_def_cfa_offset 8
 333              		.cfi_offset 4, -8
 334              		.cfi_offset 14, -4
 124:Core/Src/usart.c **** 
 125:Core/Src/usart.c ****   if(uartHandle->Instance==USART1)
 335              		.loc 1 125 3 is_stmt 1 view .LVU97
 336              		.loc 1 125 16 is_stmt 0 view .LVU98
 337 0002 0268     		ldr	r2, [r0]
 338              		.loc 1 125 5 view .LVU99
 339 0004 074B     		ldr	r3, .L22
 340 0006 9A42     		cmp	r2, r3
 341 0008 00D0     		beq	.L21
 342              	.LVL21:
 343              	.L19:
 126:Core/Src/usart.c ****   {
 127:Core/Src/usart.c ****   /* USER CODE BEGIN USART1_MspDeInit 0 */
 128:Core/Src/usart.c **** 
 129:Core/Src/usart.c ****   /* USER CODE END USART1_MspDeInit 0 */
ARM GAS  C:\Users\main\AppData\Local\Temp\ccfCjRdV.s 			page 10


 130:Core/Src/usart.c ****     /* Peripheral clock disable */
 131:Core/Src/usart.c ****     __HAL_RCC_USART1_CLK_DISABLE();
 132:Core/Src/usart.c **** 
 133:Core/Src/usart.c ****     /**USART1 GPIO Configuration
 134:Core/Src/usart.c ****     PA1     ------> USART1_RX
 135:Core/Src/usart.c ****     PA9     ------> USART1_TX
 136:Core/Src/usart.c ****     */
 137:Core/Src/usart.c ****     HAL_GPIO_DeInit(GPIOA, GPIO_PIN_1|GPIO_PIN_9);
 138:Core/Src/usart.c **** 
 139:Core/Src/usart.c ****   /* USER CODE BEGIN USART1_MspDeInit 1 */
 140:Core/Src/usart.c **** 
 141:Core/Src/usart.c ****   /* USER CODE END USART1_MspDeInit 1 */
 142:Core/Src/usart.c ****   }
 143:Core/Src/usart.c **** }
 344              		.loc 1 143 1 view .LVU100
 345              		@ sp needed
 346 000a 10BD     		pop	{r4, pc}
 347              	.LVL22:
 348              	.L21:
 131:Core/Src/usart.c **** 
 349              		.loc 1 131 5 is_stmt 1 view .LVU101
 350 000c 064A     		ldr	r2, .L22+4
 351 000e 136C     		ldr	r3, [r2, #64]
 352 0010 0649     		ldr	r1, .L22+8
 353 0012 0B40     		ands	r3, r1
 354 0014 1364     		str	r3, [r2, #64]
 137:Core/Src/usart.c **** 
 355              		.loc 1 137 5 view .LVU102
 356 0016 A020     		movs	r0, #160
 357              	.LVL23:
 137:Core/Src/usart.c **** 
 358              		.loc 1 137 5 is_stmt 0 view .LVU103
 359 0018 0549     		ldr	r1, .L22+12
 360 001a C005     		lsls	r0, r0, #23
 361 001c FFF7FEFF 		bl	HAL_GPIO_DeInit
 362              	.LVL24:
 363              		.loc 1 143 1 view .LVU104
 364 0020 F3E7     		b	.L19
 365              	.L23:
 366 0022 C046     		.align	2
 367              	.L22:
 368 0024 00380140 		.word	1073821696
 369 0028 00100240 		.word	1073876992
 370 002c FFBFFFFF 		.word	-16385
 371 0030 02020000 		.word	514
 372              		.cfi_endproc
 373              	.LFE347:
 375              		.global	huart1
 376              		.section	.bss.huart1,"aw",%nobits
 377              		.align	2
 380              	huart1:
 381 0000 00000000 		.space	148
 381      00000000 
 381      00000000 
 381      00000000 
 381      00000000 
 382              		.text
ARM GAS  C:\Users\main\AppData\Local\Temp\ccfCjRdV.s 			page 11


 383              	.Letext0:
 384              		.file 2 "c:\\program files (x86)\\gnu arm embedded toolchain\\10 2021.10\\arm-none-eabi\\include\\
 385              		.file 3 "c:\\program files (x86)\\gnu arm embedded toolchain\\10 2021.10\\arm-none-eabi\\include\\
 386              		.file 4 "Drivers/CMSIS/Device/ST/STM32C0xx/Include/stm32c031xx.h"
 387              		.file 5 "Drivers/STM32C0xx_HAL_Driver/Inc/stm32c0xx_hal_def.h"
 388              		.file 6 "Drivers/STM32C0xx_HAL_Driver/Inc/stm32c0xx_hal_rcc_ex.h"
 389              		.file 7 "Drivers/STM32C0xx_HAL_Driver/Inc/stm32c0xx_hal_gpio.h"
 390              		.file 8 "Drivers/STM32C0xx_HAL_Driver/Inc/stm32c0xx_hal_dma.h"
 391              		.file 9 "Drivers/STM32C0xx_HAL_Driver/Inc/stm32c0xx_hal_uart.h"
 392              		.file 10 "Core/Inc/main.h"
 393              		.file 11 "Drivers/STM32C0xx_HAL_Driver/Inc/stm32c0xx_hal_uart_ex.h"
 394              		.file 12 "Core/Inc/usart.h"
 395              		.file 13 "<built-in>"
ARM GAS  C:\Users\main\AppData\Local\Temp\ccfCjRdV.s 			page 12


DEFINED SYMBOLS
                            *ABS*:00000000 usart.c
C:\Users\main\AppData\Local\Temp\ccfCjRdV.s:18     .text.MX_USART1_UART_Init:00000000 $t
C:\Users\main\AppData\Local\Temp\ccfCjRdV.s:24     .text.MX_USART1_UART_Init:00000000 MX_USART1_UART_Init
C:\Users\main\AppData\Local\Temp\ccfCjRdV.s:139    .text.MX_USART1_UART_Init:00000068 $d
C:\Users\main\AppData\Local\Temp\ccfCjRdV.s:380    .bss.huart1:00000000 huart1
C:\Users\main\AppData\Local\Temp\ccfCjRdV.s:145    .text.HAL_UART_MspInit:00000000 $t
C:\Users\main\AppData\Local\Temp\ccfCjRdV.s:151    .text.HAL_UART_MspInit:00000000 HAL_UART_MspInit
C:\Users\main\AppData\Local\Temp\ccfCjRdV.s:310    .text.HAL_UART_MspInit:00000094 $d
C:\Users\main\AppData\Local\Temp\ccfCjRdV.s:316    .text.HAL_UART_MspDeInit:00000000 $t
C:\Users\main\AppData\Local\Temp\ccfCjRdV.s:322    .text.HAL_UART_MspDeInit:00000000 HAL_UART_MspDeInit
C:\Users\main\AppData\Local\Temp\ccfCjRdV.s:368    .text.HAL_UART_MspDeInit:00000024 $d
C:\Users\main\AppData\Local\Temp\ccfCjRdV.s:377    .bss.huart1:00000000 $d

UNDEFINED SYMBOLS
HAL_UART_Init
HAL_UARTEx_SetTxFifoThreshold
HAL_UARTEx_SetRxFifoThreshold
HAL_UARTEx_DisableFifoMode
Error_Handler
memset
HAL_RCCEx_PeriphCLKConfig
HAL_GPIO_Init
HAL_GPIO_DeInit
