ARM GAS  C:\Users\main\AppData\Local\Temp\ccnRFbeT.s 			page 1


   1              		.cpu cortex-m0plus
   2              		.arch armv6s-m
   3              		.fpu softvfp
   4              		.eabi_attribute 20, 1
   5              		.eabi_attribute 21, 1
   6              		.eabi_attribute 23, 3
   7              		.eabi_attribute 24, 1
   8              		.eabi_attribute 25, 1
   9              		.eabi_attribute 26, 1
  10              		.eabi_attribute 30, 1
  11              		.eabi_attribute 34, 0
  12              		.eabi_attribute 18, 4
  13              		.file	"gpio.c"
  14              		.text
  15              	.Ltext0:
  16              		.cfi_sections	.debug_frame
  17              		.section	.text.MX_GPIO_Init,"ax",%progbits
  18              		.align	1
  19              		.global	MX_GPIO_Init
  20              		.syntax unified
  21              		.code	16
  22              		.thumb_func
  24              	MX_GPIO_Init:
  25              	.LFB217:
  26              		.file 1 "Core/Src/gpio.c"
   1:Core/Src/gpio.c **** /* USER CODE BEGIN Header */
   2:Core/Src/gpio.c **** /**
   3:Core/Src/gpio.c ****   ******************************************************************************
   4:Core/Src/gpio.c ****   * @file    gpio.c
   5:Core/Src/gpio.c ****   * @brief   This file provides code for the configuration
   6:Core/Src/gpio.c ****   *          of all used GPIO pins.
   7:Core/Src/gpio.c ****   ******************************************************************************
   8:Core/Src/gpio.c ****   * @attention
   9:Core/Src/gpio.c ****   *
  10:Core/Src/gpio.c ****   * Copyright (c) 2025 STMicroelectronics.
  11:Core/Src/gpio.c ****   * All rights reserved.
  12:Core/Src/gpio.c ****   *
  13:Core/Src/gpio.c ****   * This software is licensed under terms that can be found in the LICENSE file
  14:Core/Src/gpio.c ****   * in the root directory of this software component.
  15:Core/Src/gpio.c ****   * If no LICENSE file comes with this software, it is provided AS-IS.
  16:Core/Src/gpio.c ****   *
  17:Core/Src/gpio.c ****   ******************************************************************************
  18:Core/Src/gpio.c ****   */
  19:Core/Src/gpio.c **** /* USER CODE END Header */
  20:Core/Src/gpio.c **** 
  21:Core/Src/gpio.c **** /* Includes ------------------------------------------------------------------*/
  22:Core/Src/gpio.c **** #include "gpio.h"
  23:Core/Src/gpio.c **** 
  24:Core/Src/gpio.c **** /* USER CODE BEGIN 0 */
  25:Core/Src/gpio.c **** 
  26:Core/Src/gpio.c **** /* USER CODE END 0 */
  27:Core/Src/gpio.c **** 
  28:Core/Src/gpio.c **** /*----------------------------------------------------------------------------*/
  29:Core/Src/gpio.c **** /* Configure GPIO                                                             */
  30:Core/Src/gpio.c **** /*----------------------------------------------------------------------------*/
  31:Core/Src/gpio.c **** /* USER CODE BEGIN 1 */
  32:Core/Src/gpio.c **** 
ARM GAS  C:\Users\main\AppData\Local\Temp\ccnRFbeT.s 			page 2


  33:Core/Src/gpio.c **** /* USER CODE END 1 */
  34:Core/Src/gpio.c **** 
  35:Core/Src/gpio.c **** /** Configure pins as
  36:Core/Src/gpio.c ****         * Analog
  37:Core/Src/gpio.c ****         * Input
  38:Core/Src/gpio.c ****         * Output
  39:Core/Src/gpio.c ****         * EVENT_OUT
  40:Core/Src/gpio.c ****         * EXTI
  41:Core/Src/gpio.c **** */
  42:Core/Src/gpio.c **** void MX_GPIO_Init(void)
  43:Core/Src/gpio.c **** {
  27              		.loc 1 43 1 view -0
  28              		.cfi_startproc
  29              		@ args = 0, pretend = 0, frame = 40
  30              		@ frame_needed = 0, uses_anonymous_args = 0
  31 0000 70B5     		push	{r4, r5, r6, lr}
  32              	.LCFI0:
  33              		.cfi_def_cfa_offset 16
  34              		.cfi_offset 4, -16
  35              		.cfi_offset 5, -12
  36              		.cfi_offset 6, -8
  37              		.cfi_offset 14, -4
  38 0002 8AB0     		sub	sp, sp, #40
  39              	.LCFI1:
  40              		.cfi_def_cfa_offset 56
  44:Core/Src/gpio.c **** 
  45:Core/Src/gpio.c ****   GPIO_InitTypeDef GPIO_InitStruct = {0};
  41              		.loc 1 45 3 view .LVU1
  42              		.loc 1 45 20 is_stmt 0 view .LVU2
  43 0004 1422     		movs	r2, #20
  44 0006 0021     		movs	r1, #0
  45 0008 05A8     		add	r0, sp, #20
  46 000a FFF7FEFF 		bl	memset
  47              	.LVL0:
  46:Core/Src/gpio.c **** 
  47:Core/Src/gpio.c ****   /* GPIO Ports Clock Enable */
  48:Core/Src/gpio.c ****   __HAL_RCC_GPIOC_CLK_ENABLE();
  48              		.loc 1 48 3 is_stmt 1 view .LVU3
  49              	.LBB2:
  50              		.loc 1 48 3 view .LVU4
  51              		.loc 1 48 3 view .LVU5
  52 000e 194B     		ldr	r3, .L2
  53 0010 596B     		ldr	r1, [r3, #52]
  54 0012 0422     		movs	r2, #4
  55 0014 1143     		orrs	r1, r2
  56 0016 5963     		str	r1, [r3, #52]
  57              		.loc 1 48 3 view .LVU6
  58 0018 596B     		ldr	r1, [r3, #52]
  59 001a 0A40     		ands	r2, r1
  60 001c 0192     		str	r2, [sp, #4]
  61              		.loc 1 48 3 view .LVU7
  62 001e 019A     		ldr	r2, [sp, #4]
  63              	.LBE2:
  64              		.loc 1 48 3 view .LVU8
  49:Core/Src/gpio.c ****   __HAL_RCC_GPIOF_CLK_ENABLE();
  65              		.loc 1 49 3 view .LVU9
  66              	.LBB3:
ARM GAS  C:\Users\main\AppData\Local\Temp\ccnRFbeT.s 			page 3


  67              		.loc 1 49 3 view .LVU10
  68              		.loc 1 49 3 view .LVU11
  69 0020 596B     		ldr	r1, [r3, #52]
  70 0022 2022     		movs	r2, #32
  71 0024 1143     		orrs	r1, r2
  72 0026 5963     		str	r1, [r3, #52]
  73              		.loc 1 49 3 view .LVU12
  74 0028 596B     		ldr	r1, [r3, #52]
  75 002a 0A40     		ands	r2, r1
  76 002c 0292     		str	r2, [sp, #8]
  77              		.loc 1 49 3 view .LVU13
  78 002e 029A     		ldr	r2, [sp, #8]
  79              	.LBE3:
  80              		.loc 1 49 3 view .LVU14
  50:Core/Src/gpio.c ****   __HAL_RCC_GPIOB_CLK_ENABLE();
  81              		.loc 1 50 3 view .LVU15
  82              	.LBB4:
  83              		.loc 1 50 3 view .LVU16
  84              		.loc 1 50 3 view .LVU17
  85 0030 5A6B     		ldr	r2, [r3, #52]
  86 0032 0225     		movs	r5, #2
  87 0034 2A43     		orrs	r2, r5
  88 0036 5A63     		str	r2, [r3, #52]
  89              		.loc 1 50 3 view .LVU18
  90 0038 5A6B     		ldr	r2, [r3, #52]
  91 003a 2A40     		ands	r2, r5
  92 003c 0392     		str	r2, [sp, #12]
  93              		.loc 1 50 3 view .LVU19
  94 003e 039A     		ldr	r2, [sp, #12]
  95              	.LBE4:
  96              		.loc 1 50 3 view .LVU20
  51:Core/Src/gpio.c ****   __HAL_RCC_GPIOA_CLK_ENABLE();
  97              		.loc 1 51 3 view .LVU21
  98              	.LBB5:
  99              		.loc 1 51 3 view .LVU22
 100              		.loc 1 51 3 view .LVU23
 101 0040 5A6B     		ldr	r2, [r3, #52]
 102 0042 0124     		movs	r4, #1
 103 0044 2243     		orrs	r2, r4
 104 0046 5A63     		str	r2, [r3, #52]
 105              		.loc 1 51 3 view .LVU24
 106 0048 5B6B     		ldr	r3, [r3, #52]
 107 004a 2340     		ands	r3, r4
 108 004c 0493     		str	r3, [sp, #16]
 109              		.loc 1 51 3 view .LVU25
 110 004e 049B     		ldr	r3, [sp, #16]
 111              	.LBE5:
 112              		.loc 1 51 3 view .LVU26
  52:Core/Src/gpio.c **** 
  53:Core/Src/gpio.c ****   /*Configure GPIO pin Output Level */
  54:Core/Src/gpio.c ****   HAL_GPIO_WritePin(GPIOB, GPIO_PIN_1, GPIO_PIN_RESET);
 113              		.loc 1 54 3 view .LVU27
 114 0050 094E     		ldr	r6, .L2+4
 115 0052 0022     		movs	r2, #0
 116 0054 0221     		movs	r1, #2
 117 0056 3000     		movs	r0, r6
 118 0058 FFF7FEFF 		bl	HAL_GPIO_WritePin
ARM GAS  C:\Users\main\AppData\Local\Temp\ccnRFbeT.s 			page 4


 119              	.LVL1:
  55:Core/Src/gpio.c **** 
  56:Core/Src/gpio.c ****   /*Configure GPIO pin : PB1 */
  57:Core/Src/gpio.c ****   GPIO_InitStruct.Pin = GPIO_PIN_1;
 120              		.loc 1 57 3 view .LVU28
 121              		.loc 1 57 23 is_stmt 0 view .LVU29
 122 005c 0595     		str	r5, [sp, #20]
  58:Core/Src/gpio.c ****   GPIO_InitStruct.Mode = GPIO_MODE_OUTPUT_PP;
 123              		.loc 1 58 3 is_stmt 1 view .LVU30
 124              		.loc 1 58 24 is_stmt 0 view .LVU31
 125 005e 0694     		str	r4, [sp, #24]
  59:Core/Src/gpio.c ****   GPIO_InitStruct.Pull = GPIO_NOPULL;
 126              		.loc 1 59 3 is_stmt 1 view .LVU32
 127              		.loc 1 59 24 is_stmt 0 view .LVU33
 128 0060 0023     		movs	r3, #0
 129 0062 0793     		str	r3, [sp, #28]
  60:Core/Src/gpio.c ****   GPIO_InitStruct.Speed = GPIO_SPEED_FREQ_LOW;
 130              		.loc 1 60 3 is_stmt 1 view .LVU34
 131              		.loc 1 60 25 is_stmt 0 view .LVU35
 132 0064 0893     		str	r3, [sp, #32]
  61:Core/Src/gpio.c ****   HAL_GPIO_Init(GPIOB, &GPIO_InitStruct);
 133              		.loc 1 61 3 is_stmt 1 view .LVU36
 134 0066 05A9     		add	r1, sp, #20
 135 0068 3000     		movs	r0, r6
 136 006a FFF7FEFF 		bl	HAL_GPIO_Init
 137              	.LVL2:
  62:Core/Src/gpio.c **** 
  63:Core/Src/gpio.c **** }
 138              		.loc 1 63 1 is_stmt 0 view .LVU37
 139 006e 0AB0     		add	sp, sp, #40
 140              		@ sp needed
 141 0070 70BD     		pop	{r4, r5, r6, pc}
 142              	.L3:
 143 0072 C046     		.align	2
 144              	.L2:
 145 0074 00100240 		.word	1073876992
 146 0078 00040050 		.word	1342178304
 147              		.cfi_endproc
 148              	.LFE217:
 150              		.text
 151              	.Letext0:
 152              		.file 2 "c:\\program files (x86)\\gnu arm embedded toolchain\\10 2021.10\\arm-none-eabi\\include\\
 153              		.file 3 "c:\\program files (x86)\\gnu arm embedded toolchain\\10 2021.10\\arm-none-eabi\\include\\
 154              		.file 4 "Drivers/CMSIS/Device/ST/STM32C0xx/Include/stm32c031xx.h"
 155              		.file 5 "Drivers/STM32C0xx_HAL_Driver/Inc/stm32c0xx_hal_gpio.h"
 156              		.file 6 "<built-in>"
ARM GAS  C:\Users\main\AppData\Local\Temp\ccnRFbeT.s 			page 5


DEFINED SYMBOLS
                            *ABS*:00000000 gpio.c
C:\Users\main\AppData\Local\Temp\ccnRFbeT.s:18     .text.MX_GPIO_Init:00000000 $t
C:\Users\main\AppData\Local\Temp\ccnRFbeT.s:24     .text.MX_GPIO_Init:00000000 MX_GPIO_Init
C:\Users\main\AppData\Local\Temp\ccnRFbeT.s:145    .text.MX_GPIO_Init:00000074 $d

UNDEFINED SYMBOLS
memset
HAL_GPIO_WritePin
HAL_GPIO_Init
