ARM GAS  C:\Users\main\AppData\Local\Temp\ccI35B4j.s 			page 1


   1              		.cpu cortex-m0plus
   2              		.arch armv6s-m
   3              		.fpu softvfp
   4              		.eabi_attribute 20, 1
   5              		.eabi_attribute 21, 1
   6              		.eabi_attribute 23, 3
   7              		.eabi_attribute 24, 1
   8              		.eabi_attribute 25, 1
   9              		.eabi_attribute 26, 1
  10              		.eabi_attribute 30, 1
  11              		.eabi_attribute 34, 0
  12              		.eabi_attribute 18, 4
  13              		.file	"bsp.c"
  14              		.text
  15              	.Ltext0:
  16              		.cfi_sections	.debug_frame
  17              		.section	.text.BSP_LED_On,"ax",%progbits
  18              		.align	1
  19              		.global	BSP_LED_On
  20              		.syntax unified
  21              		.code	16
  22              		.thumb_func
  24              	BSP_LED_On:
  25              	.LFB214:
  26              		.file 1 "Core/Src/bsp.c"
   1:Core/Src/bsp.c **** #include "bsp.h"
   2:Core/Src/bsp.c **** 
   3:Core/Src/bsp.c **** void BSP_LED_On(void) {
  27              		.loc 1 3 23 view -0
  28              		.cfi_startproc
  29              		@ args = 0, pretend = 0, frame = 0
  30              		@ frame_needed = 0, uses_anonymous_args = 0
  31 0000 10B5     		push	{r4, lr}
  32              	.LCFI0:
  33              		.cfi_def_cfa_offset 8
  34              		.cfi_offset 4, -8
  35              		.cfi_offset 14, -4
   4:Core/Src/bsp.c ****     HAL_GPIO_WritePin(GPIOC, GPIO_PIN_13, GPIO_PIN_RESET);  // Для STM32F103 (LED на PC13)
  36              		.loc 1 4 5 view .LVU1
  37 0002 8021     		movs	r1, #128
  38 0004 0022     		movs	r2, #0
  39 0006 8901     		lsls	r1, r1, #6
  40 0008 0148     		ldr	r0, .L2
  41 000a FFF7FEFF 		bl	HAL_GPIO_WritePin
  42              	.LVL0:
   5:Core/Src/bsp.c **** }
  43              		.loc 1 5 1 is_stmt 0 view .LVU2
  44              		@ sp needed
  45 000e 10BD     		pop	{r4, pc}
  46              	.L3:
  47              		.align	2
  48              	.L2:
  49 0010 00080050 		.word	1342179328
  50              		.cfi_endproc
  51              	.LFE214:
  53              		.section	.text.BSP_LED_Off,"ax",%progbits
  54              		.align	1
ARM GAS  C:\Users\main\AppData\Local\Temp\ccI35B4j.s 			page 2


  55              		.global	BSP_LED_Off
  56              		.syntax unified
  57              		.code	16
  58              		.thumb_func
  60              	BSP_LED_Off:
  61              	.LFB215:
   6:Core/Src/bsp.c **** 
   7:Core/Src/bsp.c **** void BSP_LED_Off(void) {
  62              		.loc 1 7 24 is_stmt 1 view -0
  63              		.cfi_startproc
  64              		@ args = 0, pretend = 0, frame = 0
  65              		@ frame_needed = 0, uses_anonymous_args = 0
  66 0000 10B5     		push	{r4, lr}
  67              	.LCFI1:
  68              		.cfi_def_cfa_offset 8
  69              		.cfi_offset 4, -8
  70              		.cfi_offset 14, -4
   8:Core/Src/bsp.c ****     HAL_GPIO_WritePin(GPIOC, GPIO_PIN_13, GPIO_PIN_SET);
  71              		.loc 1 8 5 view .LVU4
  72 0002 8021     		movs	r1, #128
  73 0004 0122     		movs	r2, #1
  74 0006 8901     		lsls	r1, r1, #6
  75 0008 0148     		ldr	r0, .L5
  76 000a FFF7FEFF 		bl	HAL_GPIO_WritePin
  77              	.LVL1:
   9:Core/Src/bsp.c **** }
  78              		.loc 1 9 1 is_stmt 0 view .LVU5
  79              		@ sp needed
  80 000e 10BD     		pop	{r4, pc}
  81              	.L6:
  82              		.align	2
  83              	.L5:
  84 0010 00080050 		.word	1342179328
  85              		.cfi_endproc
  86              	.LFE215:
  88              		.text
  89              	.Letext0:
  90              		.file 2 "c:\\program files (x86)\\gnu arm embedded toolchain\\10 2021.10\\arm-none-eabi\\include\\
  91              		.file 3 "c:\\program files (x86)\\gnu arm embedded toolchain\\10 2021.10\\arm-none-eabi\\include\\
  92              		.file 4 "Drivers/CMSIS/Device/ST/STM32C0xx/Include/stm32c031xx.h"
  93              		.file 5 "Drivers/STM32C0xx_HAL_Driver/Inc/stm32c0xx_hal_gpio.h"
ARM GAS  C:\Users\main\AppData\Local\Temp\ccI35B4j.s 			page 3


DEFINED SYMBOLS
                            *ABS*:00000000 bsp.c
C:\Users\main\AppData\Local\Temp\ccI35B4j.s:18     .text.BSP_LED_On:00000000 $t
C:\Users\main\AppData\Local\Temp\ccI35B4j.s:24     .text.BSP_LED_On:00000000 BSP_LED_On
C:\Users\main\AppData\Local\Temp\ccI35B4j.s:49     .text.BSP_LED_On:00000010 $d
C:\Users\main\AppData\Local\Temp\ccI35B4j.s:54     .text.BSP_LED_Off:00000000 $t
C:\Users\main\AppData\Local\Temp\ccI35B4j.s:60     .text.BSP_LED_Off:00000000 BSP_LED_Off
C:\Users\main\AppData\Local\Temp\ccI35B4j.s:84     .text.BSP_LED_Off:00000010 $d

UNDEFINED SYMBOLS
HAL_GPIO_WritePin
