ARM GAS  C:\Users\main\AppData\Local\Temp\ccgMOSuZ.s 			page 1


   1              		.cpu cortex-m0plus
   2              		.arch armv6s-m
   3              		.fpu softvfp
   4              		.eabi_attribute 20, 1
   5              		.eabi_attribute 21, 1
   6              		.eabi_attribute 23, 3
   7              		.eabi_attribute 24, 1
   8              		.eabi_attribute 25, 1
   9              		.eabi_attribute 26, 1
  10              		.eabi_attribute 30, 1
  11              		.eabi_attribute 34, 0
  12              		.eabi_attribute 18, 4
  13              		.file	"gpio.c"
  14              		.text
  15              	.Ltext0:
  16              		.cfi_sections	.debug_frame
  17              		.section	.text.MX_GPIO_Init,"ax",%progbits
  18              		.align	1
  19              		.global	MX_GPIO_Init
  20              		.syntax unified
  21              		.code	16
  22              		.thumb_func
  24              	MX_GPIO_Init:
  25              	.LFB217:
  26              		.file 1 "Core/Src/gpio.c"
   1:Core/Src/gpio.c **** /* USER CODE BEGIN Header */
   2:Core/Src/gpio.c **** /**
   3:Core/Src/gpio.c ****   ******************************************************************************
   4:Core/Src/gpio.c ****   * @file    gpio.c
   5:Core/Src/gpio.c ****   * @brief   This file provides code for the configuration
   6:Core/Src/gpio.c ****   *          of all used GPIO pins.
   7:Core/Src/gpio.c ****   ******************************************************************************
   8:Core/Src/gpio.c ****   * @attention
   9:Core/Src/gpio.c ****   *
  10:Core/Src/gpio.c ****   * Copyright (c) 2025 STMicroelectronics.
  11:Core/Src/gpio.c ****   * All rights reserved.
  12:Core/Src/gpio.c ****   *
  13:Core/Src/gpio.c ****   * This software is licensed under terms that can be found in the LICENSE file
  14:Core/Src/gpio.c ****   * in the root directory of this software component.
  15:Core/Src/gpio.c ****   * If no LICENSE file comes with this software, it is provided AS-IS.
  16:Core/Src/gpio.c ****   *
  17:Core/Src/gpio.c ****   ******************************************************************************
  18:Core/Src/gpio.c ****   */
  19:Core/Src/gpio.c **** /* USER CODE END Header */
  20:Core/Src/gpio.c **** 
  21:Core/Src/gpio.c **** /* Includes ------------------------------------------------------------------*/
  22:Core/Src/gpio.c **** #include "gpio.h"
  23:Core/Src/gpio.c **** 
  24:Core/Src/gpio.c **** /* USER CODE BEGIN 0 */
  25:Core/Src/gpio.c **** 
  26:Core/Src/gpio.c **** /* USER CODE END 0 */
  27:Core/Src/gpio.c **** 
  28:Core/Src/gpio.c **** /*----------------------------------------------------------------------------*/
  29:Core/Src/gpio.c **** /* Configure GPIO                                                             */
  30:Core/Src/gpio.c **** /*----------------------------------------------------------------------------*/
  31:Core/Src/gpio.c **** /* USER CODE BEGIN 1 */
  32:Core/Src/gpio.c **** 
ARM GAS  C:\Users\main\AppData\Local\Temp\ccgMOSuZ.s 			page 2


  33:Core/Src/gpio.c **** /* USER CODE END 1 */
  34:Core/Src/gpio.c **** 
  35:Core/Src/gpio.c **** /** Configure pins as
  36:Core/Src/gpio.c ****         * Analog
  37:Core/Src/gpio.c ****         * Input
  38:Core/Src/gpio.c ****         * Output
  39:Core/Src/gpio.c ****         * EVENT_OUT
  40:Core/Src/gpio.c ****         * EXTI
  41:Core/Src/gpio.c ****      PA2   ------> USART2_TX
  42:Core/Src/gpio.c ****      PA3   ------> USART2_RX
  43:Core/Src/gpio.c **** */
  44:Core/Src/gpio.c **** void MX_GPIO_Init(void)
  45:Core/Src/gpio.c **** {
  27              		.loc 1 45 1 view -0
  28              		.cfi_startproc
  29              		@ args = 0, pretend = 0, frame = 32
  30              		@ frame_needed = 0, uses_anonymous_args = 0
  31 0000 F0B5     		push	{r4, r5, r6, r7, lr}
  32              	.LCFI0:
  33              		.cfi_def_cfa_offset 20
  34              		.cfi_offset 4, -20
  35              		.cfi_offset 5, -16
  36              		.cfi_offset 6, -12
  37              		.cfi_offset 7, -8
  38              		.cfi_offset 14, -4
  39 0002 89B0     		sub	sp, sp, #36
  40              	.LCFI1:
  41              		.cfi_def_cfa_offset 56
  46:Core/Src/gpio.c **** 
  47:Core/Src/gpio.c ****   GPIO_InitTypeDef GPIO_InitStruct = {0};
  42              		.loc 1 47 3 view .LVU1
  43              		.loc 1 47 20 is_stmt 0 view .LVU2
  44 0004 1422     		movs	r2, #20
  45 0006 0021     		movs	r1, #0
  46 0008 03A8     		add	r0, sp, #12
  47 000a FFF7FEFF 		bl	memset
  48              	.LVL0:
  48:Core/Src/gpio.c **** 
  49:Core/Src/gpio.c ****   /* GPIO Ports Clock Enable */
  50:Core/Src/gpio.c ****   __HAL_RCC_GPIOC_CLK_ENABLE();
  49              		.loc 1 50 3 is_stmt 1 view .LVU3
  50              	.LBB2:
  51              		.loc 1 50 3 view .LVU4
  52              		.loc 1 50 3 view .LVU5
  53 000e 244B     		ldr	r3, .L2
  54 0010 596B     		ldr	r1, [r3, #52]
  55 0012 0422     		movs	r2, #4
  56 0014 1143     		orrs	r1, r2
  57 0016 5963     		str	r1, [r3, #52]
  58              		.loc 1 50 3 view .LVU6
  59 0018 596B     		ldr	r1, [r3, #52]
  60 001a 0A40     		ands	r2, r1
  61 001c 0092     		str	r2, [sp]
  62              		.loc 1 50 3 view .LVU7
  63 001e 009A     		ldr	r2, [sp]
  64              	.LBE2:
  65              		.loc 1 50 3 view .LVU8
ARM GAS  C:\Users\main\AppData\Local\Temp\ccgMOSuZ.s 			page 3


  51:Core/Src/gpio.c ****   __HAL_RCC_GPIOF_CLK_ENABLE();
  66              		.loc 1 51 3 view .LVU9
  67              	.LBB3:
  68              		.loc 1 51 3 view .LVU10
  69              		.loc 1 51 3 view .LVU11
  70 0020 5A6B     		ldr	r2, [r3, #52]
  71 0022 2027     		movs	r7, #32
  72 0024 3A43     		orrs	r2, r7
  73 0026 5A63     		str	r2, [r3, #52]
  74              		.loc 1 51 3 view .LVU12
  75 0028 5A6B     		ldr	r2, [r3, #52]
  76 002a 3A40     		ands	r2, r7
  77 002c 0192     		str	r2, [sp, #4]
  78              		.loc 1 51 3 view .LVU13
  79 002e 019A     		ldr	r2, [sp, #4]
  80              	.LBE3:
  81              		.loc 1 51 3 view .LVU14
  52:Core/Src/gpio.c ****   __HAL_RCC_GPIOA_CLK_ENABLE();
  82              		.loc 1 52 3 view .LVU15
  83              	.LBB4:
  84              		.loc 1 52 3 view .LVU16
  85              		.loc 1 52 3 view .LVU17
  86 0030 5A6B     		ldr	r2, [r3, #52]
  87 0032 0125     		movs	r5, #1
  88 0034 2A43     		orrs	r2, r5
  89 0036 5A63     		str	r2, [r3, #52]
  90              		.loc 1 52 3 view .LVU18
  91 0038 5B6B     		ldr	r3, [r3, #52]
  92 003a 2B40     		ands	r3, r5
  93 003c 0293     		str	r3, [sp, #8]
  94              		.loc 1 52 3 view .LVU19
  95 003e 029B     		ldr	r3, [sp, #8]
  96              	.LBE4:
  97              		.loc 1 52 3 view .LVU20
  53:Core/Src/gpio.c **** 
  54:Core/Src/gpio.c ****   /*Configure GPIO pin Output Level */
  55:Core/Src/gpio.c ****   HAL_GPIO_WritePin(GPIOA, GPIO_PIN_5, GPIO_PIN_RESET);
  98              		.loc 1 55 3 view .LVU21
  99 0040 A026     		movs	r6, #160
 100 0042 F605     		lsls	r6, r6, #23
 101 0044 0022     		movs	r2, #0
 102 0046 2021     		movs	r1, #32
 103 0048 3000     		movs	r0, r6
 104 004a FFF7FEFF 		bl	HAL_GPIO_WritePin
 105              	.LVL1:
  56:Core/Src/gpio.c **** 
  57:Core/Src/gpio.c ****   /*Configure GPIO pin : PC13 */
  58:Core/Src/gpio.c ****   GPIO_InitStruct.Pin = GPIO_PIN_13;
 106              		.loc 1 58 3 view .LVU22
 107              		.loc 1 58 23 is_stmt 0 view .LVU23
 108 004e 8023     		movs	r3, #128
 109 0050 9B01     		lsls	r3, r3, #6
 110 0052 0393     		str	r3, [sp, #12]
  59:Core/Src/gpio.c ****   GPIO_InitStruct.Mode = GPIO_MODE_IT_RISING;
 111              		.loc 1 59 3 is_stmt 1 view .LVU24
 112              		.loc 1 59 24 is_stmt 0 view .LVU25
 113 0054 134B     		ldr	r3, .L2+4
ARM GAS  C:\Users\main\AppData\Local\Temp\ccgMOSuZ.s 			page 4


 114 0056 0493     		str	r3, [sp, #16]
  60:Core/Src/gpio.c ****   GPIO_InitStruct.Pull = GPIO_NOPULL;
 115              		.loc 1 60 3 is_stmt 1 view .LVU26
 116              		.loc 1 60 24 is_stmt 0 view .LVU27
 117 0058 0024     		movs	r4, #0
 118 005a 0594     		str	r4, [sp, #20]
  61:Core/Src/gpio.c ****   HAL_GPIO_Init(GPIOC, &GPIO_InitStruct);
 119              		.loc 1 61 3 is_stmt 1 view .LVU28
 120 005c 03A9     		add	r1, sp, #12
 121 005e 1248     		ldr	r0, .L2+8
 122 0060 FFF7FEFF 		bl	HAL_GPIO_Init
 123              	.LVL2:
  62:Core/Src/gpio.c **** 
  63:Core/Src/gpio.c ****   /*Configure GPIO pins : PA2 PA3 */
  64:Core/Src/gpio.c ****   GPIO_InitStruct.Pin = GPIO_PIN_2|GPIO_PIN_3;
 124              		.loc 1 64 3 view .LVU29
 125              		.loc 1 64 23 is_stmt 0 view .LVU30
 126 0064 0C23     		movs	r3, #12
 127 0066 0393     		str	r3, [sp, #12]
  65:Core/Src/gpio.c ****   GPIO_InitStruct.Mode = GPIO_MODE_AF_PP;
 128              		.loc 1 65 3 is_stmt 1 view .LVU31
 129              		.loc 1 65 24 is_stmt 0 view .LVU32
 130 0068 0A3B     		subs	r3, r3, #10
 131 006a 0493     		str	r3, [sp, #16]
  66:Core/Src/gpio.c ****   GPIO_InitStruct.Pull = GPIO_NOPULL;
 132              		.loc 1 66 3 is_stmt 1 view .LVU33
 133              		.loc 1 66 24 is_stmt 0 view .LVU34
 134 006c 0594     		str	r4, [sp, #20]
  67:Core/Src/gpio.c ****   GPIO_InitStruct.Speed = GPIO_SPEED_FREQ_LOW;
 135              		.loc 1 67 3 is_stmt 1 view .LVU35
 136              		.loc 1 67 25 is_stmt 0 view .LVU36
 137 006e 0694     		str	r4, [sp, #24]
  68:Core/Src/gpio.c ****   GPIO_InitStruct.Alternate = GPIO_AF1_USART2;
 138              		.loc 1 68 3 is_stmt 1 view .LVU37
 139              		.loc 1 68 29 is_stmt 0 view .LVU38
 140 0070 0795     		str	r5, [sp, #28]
  69:Core/Src/gpio.c ****   HAL_GPIO_Init(GPIOA, &GPIO_InitStruct);
 141              		.loc 1 69 3 is_stmt 1 view .LVU39
 142 0072 03A9     		add	r1, sp, #12
 143 0074 3000     		movs	r0, r6
 144 0076 FFF7FEFF 		bl	HAL_GPIO_Init
 145              	.LVL3:
  70:Core/Src/gpio.c **** 
  71:Core/Src/gpio.c ****   /*Configure GPIO pin : PA5 */
  72:Core/Src/gpio.c ****   GPIO_InitStruct.Pin = GPIO_PIN_5;
 146              		.loc 1 72 3 view .LVU40
 147              		.loc 1 72 23 is_stmt 0 view .LVU41
 148 007a 0397     		str	r7, [sp, #12]
  73:Core/Src/gpio.c ****   GPIO_InitStruct.Mode = GPIO_MODE_OUTPUT_PP;
 149              		.loc 1 73 3 is_stmt 1 view .LVU42
 150              		.loc 1 73 24 is_stmt 0 view .LVU43
 151 007c 0495     		str	r5, [sp, #16]
  74:Core/Src/gpio.c ****   GPIO_InitStruct.Pull = GPIO_NOPULL;
 152              		.loc 1 74 3 is_stmt 1 view .LVU44
 153              		.loc 1 74 24 is_stmt 0 view .LVU45
 154 007e 0594     		str	r4, [sp, #20]
  75:Core/Src/gpio.c ****   GPIO_InitStruct.Speed = GPIO_SPEED_FREQ_LOW;
ARM GAS  C:\Users\main\AppData\Local\Temp\ccgMOSuZ.s 			page 5


 155              		.loc 1 75 3 is_stmt 1 view .LVU46
 156              		.loc 1 75 25 is_stmt 0 view .LVU47
 157 0080 0694     		str	r4, [sp, #24]
  76:Core/Src/gpio.c ****   HAL_GPIO_Init(GPIOA, &GPIO_InitStruct);
 158              		.loc 1 76 3 is_stmt 1 view .LVU48
 159 0082 03A9     		add	r1, sp, #12
 160 0084 3000     		movs	r0, r6
 161 0086 FFF7FEFF 		bl	HAL_GPIO_Init
 162              	.LVL4:
  77:Core/Src/gpio.c **** 
  78:Core/Src/gpio.c ****   /* EXTI interrupt init*/
  79:Core/Src/gpio.c ****   HAL_NVIC_SetPriority(EXTI4_15_IRQn, 0, 0);
 163              		.loc 1 79 3 view .LVU49
 164 008a 0022     		movs	r2, #0
 165 008c 0021     		movs	r1, #0
 166 008e 0720     		movs	r0, #7
 167 0090 FFF7FEFF 		bl	HAL_NVIC_SetPriority
 168              	.LVL5:
  80:Core/Src/gpio.c ****   HAL_NVIC_EnableIRQ(EXTI4_15_IRQn);
 169              		.loc 1 80 3 view .LVU50
 170 0094 0720     		movs	r0, #7
 171 0096 FFF7FEFF 		bl	HAL_NVIC_EnableIRQ
 172              	.LVL6:
  81:Core/Src/gpio.c **** 
  82:Core/Src/gpio.c **** }
 173              		.loc 1 82 1 is_stmt 0 view .LVU51
 174 009a 09B0     		add	sp, sp, #36
 175              		@ sp needed
 176 009c F0BD     		pop	{r4, r5, r6, r7, pc}
 177              	.L3:
 178 009e C046     		.align	2
 179              	.L2:
 180 00a0 00100240 		.word	1073876992
 181 00a4 00001110 		.word	269549568
 182 00a8 00080050 		.word	1342179328
 183              		.cfi_endproc
 184              	.LFE217:
 186              		.text
 187              	.Letext0:
 188              		.file 2 "c:\\program files (x86)\\gnu arm embedded toolchain\\10 2021.10\\arm-none-eabi\\include\\
 189              		.file 3 "c:\\program files (x86)\\gnu arm embedded toolchain\\10 2021.10\\arm-none-eabi\\include\\
 190              		.file 4 "Drivers/CMSIS/Device/ST/STM32C0xx/Include/stm32c031xx.h"
 191              		.file 5 "Drivers/STM32C0xx_HAL_Driver/Inc/stm32c0xx_hal_gpio.h"
 192              		.file 6 "Drivers/STM32C0xx_HAL_Driver/Inc/stm32c0xx_hal_cortex.h"
 193              		.file 7 "<built-in>"
ARM GAS  C:\Users\main\AppData\Local\Temp\ccgMOSuZ.s 			page 6


DEFINED SYMBOLS
                            *ABS*:00000000 gpio.c
C:\Users\main\AppData\Local\Temp\ccgMOSuZ.s:18     .text.MX_GPIO_Init:00000000 $t
C:\Users\main\AppData\Local\Temp\ccgMOSuZ.s:24     .text.MX_GPIO_Init:00000000 MX_GPIO_Init
C:\Users\main\AppData\Local\Temp\ccgMOSuZ.s:180    .text.MX_GPIO_Init:000000a0 $d

UNDEFINED SYMBOLS
memset
HAL_GPIO_WritePin
HAL_GPIO_Init
HAL_NVIC_SetPriority
HAL_NVIC_EnableIRQ
