ARM GAS  C:\Users\main\AppData\Local\Temp\ccY0rVmh.s 			page 1


   1              		.cpu cortex-m0plus
   2              		.arch armv6s-m
   3              		.fpu softvfp
   4              		.eabi_attribute 20, 1
   5              		.eabi_attribute 21, 1
   6              		.eabi_attribute 23, 3
   7              		.eabi_attribute 24, 1
   8              		.eabi_attribute 25, 1
   9              		.eabi_attribute 26, 1
  10              		.eabi_attribute 30, 1
  11              		.eabi_attribute 34, 0
  12              		.eabi_attribute 18, 4
  13              		.file	"i2c.c"
  14              		.text
  15              	.Ltext0:
  16              		.cfi_sections	.debug_frame
  17              		.section	.text.MX_I2C1_Init,"ax",%progbits
  18              		.align	1
  19              		.global	MX_I2C1_Init
  20              		.syntax unified
  21              		.code	16
  22              		.thumb_func
  24              	MX_I2C1_Init:
  25              	.LFB217:
  26              		.file 1 "Core/Src/i2c.c"
   1:Core/Src/i2c.c **** /* USER CODE BEGIN Header */
   2:Core/Src/i2c.c **** /**
   3:Core/Src/i2c.c ****   ******************************************************************************
   4:Core/Src/i2c.c ****   * @file    i2c.c
   5:Core/Src/i2c.c ****   * @brief   This file provides code for the configuration
   6:Core/Src/i2c.c ****   *          of the I2C instances.
   7:Core/Src/i2c.c ****   ******************************************************************************
   8:Core/Src/i2c.c ****   * @attention
   9:Core/Src/i2c.c ****   *
  10:Core/Src/i2c.c ****   * Copyright (c) 2025 STMicroelectronics.
  11:Core/Src/i2c.c ****   * All rights reserved.
  12:Core/Src/i2c.c ****   *
  13:Core/Src/i2c.c ****   * This software is licensed under terms that can be found in the LICENSE file
  14:Core/Src/i2c.c ****   * in the root directory of this software component.
  15:Core/Src/i2c.c ****   * If no LICENSE file comes with this software, it is provided AS-IS.
  16:Core/Src/i2c.c ****   *
  17:Core/Src/i2c.c ****   ******************************************************************************
  18:Core/Src/i2c.c ****   */
  19:Core/Src/i2c.c **** /* USER CODE END Header */
  20:Core/Src/i2c.c **** /* Includes ------------------------------------------------------------------*/
  21:Core/Src/i2c.c **** #include "i2c.h"
  22:Core/Src/i2c.c **** 
  23:Core/Src/i2c.c **** /* USER CODE BEGIN 0 */
  24:Core/Src/i2c.c **** 
  25:Core/Src/i2c.c **** /* USER CODE END 0 */
  26:Core/Src/i2c.c **** 
  27:Core/Src/i2c.c **** I2C_HandleTypeDef hi2c1;
  28:Core/Src/i2c.c **** DMA_HandleTypeDef hdma_i2c1_tx;
  29:Core/Src/i2c.c **** 
  30:Core/Src/i2c.c **** /* I2C1 init function */
  31:Core/Src/i2c.c **** void MX_I2C1_Init(void)
  32:Core/Src/i2c.c **** {
ARM GAS  C:\Users\main\AppData\Local\Temp\ccY0rVmh.s 			page 2


  27              		.loc 1 32 1 view -0
  28              		.cfi_startproc
  29              		@ args = 0, pretend = 0, frame = 0
  30              		@ frame_needed = 0, uses_anonymous_args = 0
  31 0000 10B5     		push	{r4, lr}
  32              	.LCFI0:
  33              		.cfi_def_cfa_offset 8
  34              		.cfi_offset 4, -8
  35              		.cfi_offset 14, -4
  33:Core/Src/i2c.c **** 
  34:Core/Src/i2c.c ****   /* USER CODE BEGIN I2C1_Init 0 */
  35:Core/Src/i2c.c **** 
  36:Core/Src/i2c.c ****   /* USER CODE END I2C1_Init 0 */
  37:Core/Src/i2c.c **** 
  38:Core/Src/i2c.c ****   /* USER CODE BEGIN I2C1_Init 1 */
  39:Core/Src/i2c.c **** 
  40:Core/Src/i2c.c ****   /* USER CODE END I2C1_Init 1 */
  41:Core/Src/i2c.c ****   hi2c1.Instance = I2C1;
  36              		.loc 1 41 3 view .LVU1
  37              		.loc 1 41 18 is_stmt 0 view .LVU2
  38 0002 1448     		ldr	r0, .L8
  39 0004 144B     		ldr	r3, .L8+4
  40 0006 0360     		str	r3, [r0]
  42:Core/Src/i2c.c ****   hi2c1.Init.Timing = 0x20303E5D;
  41              		.loc 1 42 3 is_stmt 1 view .LVU3
  42              		.loc 1 42 21 is_stmt 0 view .LVU4
  43 0008 144B     		ldr	r3, .L8+8
  44 000a 4360     		str	r3, [r0, #4]
  43:Core/Src/i2c.c ****   hi2c1.Init.OwnAddress1 = 0;
  45              		.loc 1 43 3 is_stmt 1 view .LVU5
  46              		.loc 1 43 26 is_stmt 0 view .LVU6
  47 000c 0023     		movs	r3, #0
  48 000e 8360     		str	r3, [r0, #8]
  44:Core/Src/i2c.c ****   hi2c1.Init.AddressingMode = I2C_ADDRESSINGMODE_7BIT;
  49              		.loc 1 44 3 is_stmt 1 view .LVU7
  50              		.loc 1 44 29 is_stmt 0 view .LVU8
  51 0010 0122     		movs	r2, #1
  52 0012 C260     		str	r2, [r0, #12]
  45:Core/Src/i2c.c ****   hi2c1.Init.DualAddressMode = I2C_DUALADDRESS_DISABLE;
  53              		.loc 1 45 3 is_stmt 1 view .LVU9
  54              		.loc 1 45 30 is_stmt 0 view .LVU10
  55 0014 0361     		str	r3, [r0, #16]
  46:Core/Src/i2c.c ****   hi2c1.Init.OwnAddress2 = 0;
  56              		.loc 1 46 3 is_stmt 1 view .LVU11
  57              		.loc 1 46 26 is_stmt 0 view .LVU12
  58 0016 4361     		str	r3, [r0, #20]
  47:Core/Src/i2c.c ****   hi2c1.Init.OwnAddress2Masks = I2C_OA2_NOMASK;
  59              		.loc 1 47 3 is_stmt 1 view .LVU13
  60              		.loc 1 47 31 is_stmt 0 view .LVU14
  61 0018 8361     		str	r3, [r0, #24]
  48:Core/Src/i2c.c ****   hi2c1.Init.GeneralCallMode = I2C_GENERALCALL_DISABLE;
  62              		.loc 1 48 3 is_stmt 1 view .LVU15
  63              		.loc 1 48 30 is_stmt 0 view .LVU16
  64 001a C361     		str	r3, [r0, #28]
  49:Core/Src/i2c.c ****   hi2c1.Init.NoStretchMode = I2C_NOSTRETCH_DISABLE;
  65              		.loc 1 49 3 is_stmt 1 view .LVU17
  66              		.loc 1 49 28 is_stmt 0 view .LVU18
ARM GAS  C:\Users\main\AppData\Local\Temp\ccY0rVmh.s 			page 3


  67 001c 0362     		str	r3, [r0, #32]
  50:Core/Src/i2c.c ****   if (HAL_I2C_Init(&hi2c1) != HAL_OK)
  68              		.loc 1 50 3 is_stmt 1 view .LVU19
  69              		.loc 1 50 7 is_stmt 0 view .LVU20
  70 001e FFF7FEFF 		bl	HAL_I2C_Init
  71              	.LVL0:
  72              		.loc 1 50 6 view .LVU21
  73 0022 0028     		cmp	r0, #0
  74 0024 0CD1     		bne	.L5
  75              	.L2:
  51:Core/Src/i2c.c ****   {
  52:Core/Src/i2c.c ****     Error_Handler();
  53:Core/Src/i2c.c ****   }
  54:Core/Src/i2c.c **** 
  55:Core/Src/i2c.c ****   /** Configure Analogue filter
  56:Core/Src/i2c.c ****   */
  57:Core/Src/i2c.c ****   if (HAL_I2CEx_ConfigAnalogFilter(&hi2c1, I2C_ANALOGFILTER_ENABLE) != HAL_OK)
  76              		.loc 1 57 3 is_stmt 1 view .LVU22
  77              		.loc 1 57 7 is_stmt 0 view .LVU23
  78 0026 0021     		movs	r1, #0
  79 0028 0A48     		ldr	r0, .L8
  80 002a FFF7FEFF 		bl	HAL_I2CEx_ConfigAnalogFilter
  81              	.LVL1:
  82              		.loc 1 57 6 view .LVU24
  83 002e 0028     		cmp	r0, #0
  84 0030 09D1     		bne	.L6
  85              	.L3:
  58:Core/Src/i2c.c ****   {
  59:Core/Src/i2c.c ****     Error_Handler();
  60:Core/Src/i2c.c ****   }
  61:Core/Src/i2c.c **** 
  62:Core/Src/i2c.c ****   /** Configure Digital filter
  63:Core/Src/i2c.c ****   */
  64:Core/Src/i2c.c ****   if (HAL_I2CEx_ConfigDigitalFilter(&hi2c1, 0) != HAL_OK)
  86              		.loc 1 64 3 is_stmt 1 view .LVU25
  87              		.loc 1 64 7 is_stmt 0 view .LVU26
  88 0032 0021     		movs	r1, #0
  89 0034 0748     		ldr	r0, .L8
  90 0036 FFF7FEFF 		bl	HAL_I2CEx_ConfigDigitalFilter
  91              	.LVL2:
  92              		.loc 1 64 6 view .LVU27
  93 003a 0028     		cmp	r0, #0
  94 003c 06D1     		bne	.L7
  95              	.L1:
  65:Core/Src/i2c.c ****   {
  66:Core/Src/i2c.c ****     Error_Handler();
  67:Core/Src/i2c.c ****   }
  68:Core/Src/i2c.c ****   /* USER CODE BEGIN I2C1_Init 2 */
  69:Core/Src/i2c.c **** 
  70:Core/Src/i2c.c ****   /* USER CODE END I2C1_Init 2 */
  71:Core/Src/i2c.c **** 
  72:Core/Src/i2c.c **** }
  96              		.loc 1 72 1 view .LVU28
  97              		@ sp needed
  98 003e 10BD     		pop	{r4, pc}
  99              	.L5:
  52:Core/Src/i2c.c ****   }
ARM GAS  C:\Users\main\AppData\Local\Temp\ccY0rVmh.s 			page 4


 100              		.loc 1 52 5 is_stmt 1 view .LVU29
 101 0040 FFF7FEFF 		bl	Error_Handler
 102              	.LVL3:
 103 0044 EFE7     		b	.L2
 104              	.L6:
  59:Core/Src/i2c.c ****   }
 105              		.loc 1 59 5 view .LVU30
 106 0046 FFF7FEFF 		bl	Error_Handler
 107              	.LVL4:
 108 004a F2E7     		b	.L3
 109              	.L7:
  66:Core/Src/i2c.c ****   }
 110              		.loc 1 66 5 view .LVU31
 111 004c FFF7FEFF 		bl	Error_Handler
 112              	.LVL5:
 113              		.loc 1 72 1 is_stmt 0 view .LVU32
 114 0050 F5E7     		b	.L1
 115              	.L9:
 116 0052 C046     		.align	2
 117              	.L8:
 118 0054 00000000 		.word	.LANCHOR0
 119 0058 00540040 		.word	1073763328
 120 005c 5D3E3020 		.word	540032605
 121              		.cfi_endproc
 122              	.LFE217:
 124              		.section	.text.HAL_I2C_MspInit,"ax",%progbits
 125              		.align	1
 126              		.global	HAL_I2C_MspInit
 127              		.syntax unified
 128              		.code	16
 129              		.thumb_func
 131              	HAL_I2C_MspInit:
 132              	.LVL6:
 133              	.LFB218:
  73:Core/Src/i2c.c **** 
  74:Core/Src/i2c.c **** void HAL_I2C_MspInit(I2C_HandleTypeDef* i2cHandle)
  75:Core/Src/i2c.c **** {
 134              		.loc 1 75 1 is_stmt 1 view -0
 135              		.cfi_startproc
 136              		@ args = 0, pretend = 0, frame = 56
 137              		@ frame_needed = 0, uses_anonymous_args = 0
 138              		.loc 1 75 1 is_stmt 0 view .LVU34
 139 0000 30B5     		push	{r4, r5, lr}
 140              	.LCFI1:
 141              		.cfi_def_cfa_offset 12
 142              		.cfi_offset 4, -12
 143              		.cfi_offset 5, -8
 144              		.cfi_offset 14, -4
 145 0002 8FB0     		sub	sp, sp, #60
 146              	.LCFI2:
 147              		.cfi_def_cfa_offset 72
 148 0004 0400     		movs	r4, r0
  76:Core/Src/i2c.c **** 
  77:Core/Src/i2c.c ****   GPIO_InitTypeDef GPIO_InitStruct = {0};
 149              		.loc 1 77 3 is_stmt 1 view .LVU35
 150              		.loc 1 77 20 is_stmt 0 view .LVU36
 151 0006 1422     		movs	r2, #20
ARM GAS  C:\Users\main\AppData\Local\Temp\ccY0rVmh.s 			page 5


 152 0008 0021     		movs	r1, #0
 153 000a 09A8     		add	r0, sp, #36
 154              	.LVL7:
 155              		.loc 1 77 20 view .LVU37
 156 000c FFF7FEFF 		bl	memset
 157              	.LVL8:
  78:Core/Src/i2c.c ****   RCC_PeriphCLKInitTypeDef PeriphClkInit = {0};
 158              		.loc 1 78 3 is_stmt 1 view .LVU38
 159              		.loc 1 78 28 is_stmt 0 view .LVU39
 160 0010 1C22     		movs	r2, #28
 161 0012 0021     		movs	r1, #0
 162 0014 02A8     		add	r0, sp, #8
 163 0016 FFF7FEFF 		bl	memset
 164              	.LVL9:
  79:Core/Src/i2c.c ****   if(i2cHandle->Instance==I2C1)
 165              		.loc 1 79 3 is_stmt 1 view .LVU40
 166              		.loc 1 79 5 is_stmt 0 view .LVU41
 167 001a 254B     		ldr	r3, .L17
 168 001c 2268     		ldr	r2, [r4]
 169 001e 9A42     		cmp	r2, r3
 170 0020 01D0     		beq	.L14
 171              	.L10:
  80:Core/Src/i2c.c ****   {
  81:Core/Src/i2c.c ****   /* USER CODE BEGIN I2C1_MspInit 0 */
  82:Core/Src/i2c.c **** 
  83:Core/Src/i2c.c ****   /* USER CODE END I2C1_MspInit 0 */
  84:Core/Src/i2c.c **** 
  85:Core/Src/i2c.c ****   /** Initializes the peripherals clocks
  86:Core/Src/i2c.c ****   */
  87:Core/Src/i2c.c ****     PeriphClkInit.PeriphClockSelection = RCC_PERIPHCLK_I2C1;
  88:Core/Src/i2c.c ****     PeriphClkInit.I2c1ClockSelection = RCC_I2C1CLKSOURCE_PCLK1;
  89:Core/Src/i2c.c ****     if (HAL_RCCEx_PeriphCLKConfig(&PeriphClkInit) != HAL_OK)
  90:Core/Src/i2c.c ****     {
  91:Core/Src/i2c.c ****       Error_Handler();
  92:Core/Src/i2c.c ****     }
  93:Core/Src/i2c.c **** 
  94:Core/Src/i2c.c ****     __HAL_RCC_GPIOA_CLK_ENABLE();
  95:Core/Src/i2c.c ****     /**I2C1 GPIO Configuration
  96:Core/Src/i2c.c ****     PA9     ------> I2C1_SCL
  97:Core/Src/i2c.c ****     PA10     ------> I2C1_SDA
  98:Core/Src/i2c.c ****     */
  99:Core/Src/i2c.c ****     GPIO_InitStruct.Pin = GPIO_PIN_9|GPIO_PIN_10;
 100:Core/Src/i2c.c ****     GPIO_InitStruct.Mode = GPIO_MODE_AF_OD;
 101:Core/Src/i2c.c ****     GPIO_InitStruct.Pull = GPIO_PULLUP;
 102:Core/Src/i2c.c ****     GPIO_InitStruct.Speed = GPIO_SPEED_FREQ_VERY_HIGH;
 103:Core/Src/i2c.c ****     GPIO_InitStruct.Alternate = GPIO_AF6_I2C1;
 104:Core/Src/i2c.c ****     HAL_GPIO_Init(GPIOA, &GPIO_InitStruct);
 105:Core/Src/i2c.c **** 
 106:Core/Src/i2c.c ****     /* I2C1 clock enable */
 107:Core/Src/i2c.c ****     __HAL_RCC_I2C1_CLK_ENABLE();
 108:Core/Src/i2c.c **** 
 109:Core/Src/i2c.c ****     /* I2C1 DMA Init */
 110:Core/Src/i2c.c ****     /* I2C1_TX Init */
 111:Core/Src/i2c.c ****     hdma_i2c1_tx.Instance = DMA1_Channel1;
 112:Core/Src/i2c.c ****     hdma_i2c1_tx.Init.Request = DMA_REQUEST_I2C1_TX;
 113:Core/Src/i2c.c ****     hdma_i2c1_tx.Init.Direction = DMA_MEMORY_TO_PERIPH;
 114:Core/Src/i2c.c ****     hdma_i2c1_tx.Init.PeriphInc = DMA_PINC_DISABLE;
ARM GAS  C:\Users\main\AppData\Local\Temp\ccY0rVmh.s 			page 6


 115:Core/Src/i2c.c ****     hdma_i2c1_tx.Init.MemInc = DMA_MINC_ENABLE;
 116:Core/Src/i2c.c ****     hdma_i2c1_tx.Init.PeriphDataAlignment = DMA_PDATAALIGN_BYTE;
 117:Core/Src/i2c.c ****     hdma_i2c1_tx.Init.MemDataAlignment = DMA_MDATAALIGN_BYTE;
 118:Core/Src/i2c.c ****     hdma_i2c1_tx.Init.Mode = DMA_NORMAL;
 119:Core/Src/i2c.c ****     hdma_i2c1_tx.Init.Priority = DMA_PRIORITY_LOW;
 120:Core/Src/i2c.c ****     if (HAL_DMA_Init(&hdma_i2c1_tx) != HAL_OK)
 121:Core/Src/i2c.c ****     {
 122:Core/Src/i2c.c ****       Error_Handler();
 123:Core/Src/i2c.c ****     }
 124:Core/Src/i2c.c **** 
 125:Core/Src/i2c.c ****     __HAL_LINKDMA(i2cHandle,hdmatx,hdma_i2c1_tx);
 126:Core/Src/i2c.c **** 
 127:Core/Src/i2c.c ****   /* USER CODE BEGIN I2C1_MspInit 1 */
 128:Core/Src/i2c.c **** 
 129:Core/Src/i2c.c ****   /* USER CODE END I2C1_MspInit 1 */
 130:Core/Src/i2c.c ****   }
 131:Core/Src/i2c.c **** }
 172              		.loc 1 131 1 view .LVU42
 173 0022 0FB0     		add	sp, sp, #60
 174              		@ sp needed
 175              	.LVL10:
 176              		.loc 1 131 1 view .LVU43
 177 0024 30BD     		pop	{r4, r5, pc}
 178              	.LVL11:
 179              	.L14:
  87:Core/Src/i2c.c ****     PeriphClkInit.I2c1ClockSelection = RCC_I2C1CLKSOURCE_PCLK1;
 180              		.loc 1 87 5 is_stmt 1 view .LVU44
  87:Core/Src/i2c.c ****     PeriphClkInit.I2c1ClockSelection = RCC_I2C1CLKSOURCE_PCLK1;
 181              		.loc 1 87 40 is_stmt 0 view .LVU45
 182 0026 0223     		movs	r3, #2
 183 0028 0293     		str	r3, [sp, #8]
  88:Core/Src/i2c.c ****     if (HAL_RCCEx_PeriphCLKConfig(&PeriphClkInit) != HAL_OK)
 184              		.loc 1 88 5 is_stmt 1 view .LVU46
  89:Core/Src/i2c.c ****     {
 185              		.loc 1 89 5 view .LVU47
  89:Core/Src/i2c.c ****     {
 186              		.loc 1 89 9 is_stmt 0 view .LVU48
 187 002a 02A8     		add	r0, sp, #8
 188 002c FFF7FEFF 		bl	HAL_RCCEx_PeriphCLKConfig
 189              	.LVL12:
  89:Core/Src/i2c.c ****     {
 190              		.loc 1 89 8 view .LVU49
 191 0030 0028     		cmp	r0, #0
 192 0032 37D1     		bne	.L15
 193              	.L12:
  94:Core/Src/i2c.c ****     /**I2C1 GPIO Configuration
 194              		.loc 1 94 5 is_stmt 1 view .LVU50
 195              	.LBB2:
  94:Core/Src/i2c.c ****     /**I2C1 GPIO Configuration
 196              		.loc 1 94 5 view .LVU51
  94:Core/Src/i2c.c ****     /**I2C1 GPIO Configuration
 197              		.loc 1 94 5 view .LVU52
 198 0034 1F4D     		ldr	r5, .L17+4
 199 0036 6A6B     		ldr	r2, [r5, #52]
 200 0038 0123     		movs	r3, #1
 201 003a 1A43     		orrs	r2, r3
 202 003c 6A63     		str	r2, [r5, #52]
ARM GAS  C:\Users\main\AppData\Local\Temp\ccY0rVmh.s 			page 7


  94:Core/Src/i2c.c ****     /**I2C1 GPIO Configuration
 203              		.loc 1 94 5 view .LVU53
 204 003e 6A6B     		ldr	r2, [r5, #52]
 205 0040 1A40     		ands	r2, r3
 206 0042 0092     		str	r2, [sp]
  94:Core/Src/i2c.c ****     /**I2C1 GPIO Configuration
 207              		.loc 1 94 5 view .LVU54
 208 0044 009A     		ldr	r2, [sp]
 209              	.LBE2:
  94:Core/Src/i2c.c ****     /**I2C1 GPIO Configuration
 210              		.loc 1 94 5 view .LVU55
  99:Core/Src/i2c.c ****     GPIO_InitStruct.Mode = GPIO_MODE_AF_OD;
 211              		.loc 1 99 5 view .LVU56
  99:Core/Src/i2c.c ****     GPIO_InitStruct.Mode = GPIO_MODE_AF_OD;
 212              		.loc 1 99 25 is_stmt 0 view .LVU57
 213 0046 C022     		movs	r2, #192
 214 0048 D200     		lsls	r2, r2, #3
 215 004a 0992     		str	r2, [sp, #36]
 100:Core/Src/i2c.c ****     GPIO_InitStruct.Pull = GPIO_PULLUP;
 216              		.loc 1 100 5 is_stmt 1 view .LVU58
 100:Core/Src/i2c.c ****     GPIO_InitStruct.Pull = GPIO_PULLUP;
 217              		.loc 1 100 26 is_stmt 0 view .LVU59
 218 004c 1222     		movs	r2, #18
 219 004e 0A92     		str	r2, [sp, #40]
 101:Core/Src/i2c.c ****     GPIO_InitStruct.Speed = GPIO_SPEED_FREQ_VERY_HIGH;
 220              		.loc 1 101 5 is_stmt 1 view .LVU60
 101:Core/Src/i2c.c ****     GPIO_InitStruct.Speed = GPIO_SPEED_FREQ_VERY_HIGH;
 221              		.loc 1 101 26 is_stmt 0 view .LVU61
 222 0050 0B93     		str	r3, [sp, #44]
 102:Core/Src/i2c.c ****     GPIO_InitStruct.Alternate = GPIO_AF6_I2C1;
 223              		.loc 1 102 5 is_stmt 1 view .LVU62
 102:Core/Src/i2c.c ****     GPIO_InitStruct.Alternate = GPIO_AF6_I2C1;
 224              		.loc 1 102 27 is_stmt 0 view .LVU63
 225 0052 0233     		adds	r3, r3, #2
 226 0054 0C93     		str	r3, [sp, #48]
 103:Core/Src/i2c.c ****     HAL_GPIO_Init(GPIOA, &GPIO_InitStruct);
 227              		.loc 1 103 5 is_stmt 1 view .LVU64
 103:Core/Src/i2c.c ****     HAL_GPIO_Init(GPIOA, &GPIO_InitStruct);
 228              		.loc 1 103 31 is_stmt 0 view .LVU65
 229 0056 0333     		adds	r3, r3, #3
 230 0058 0D93     		str	r3, [sp, #52]
 104:Core/Src/i2c.c **** 
 231              		.loc 1 104 5 is_stmt 1 view .LVU66
 232 005a A020     		movs	r0, #160
 233 005c 09A9     		add	r1, sp, #36
 234 005e C005     		lsls	r0, r0, #23
 235 0060 FFF7FEFF 		bl	HAL_GPIO_Init
 236              	.LVL13:
 107:Core/Src/i2c.c **** 
 237              		.loc 1 107 5 view .LVU67
 238              	.LBB3:
 107:Core/Src/i2c.c **** 
 239              		.loc 1 107 5 view .LVU68
 107:Core/Src/i2c.c **** 
 240              		.loc 1 107 5 view .LVU69
 241 0064 EA6B     		ldr	r2, [r5, #60]
 242 0066 8021     		movs	r1, #128
ARM GAS  C:\Users\main\AppData\Local\Temp\ccY0rVmh.s 			page 8


 243 0068 8903     		lsls	r1, r1, #14
 244 006a 0A43     		orrs	r2, r1
 245 006c EA63     		str	r2, [r5, #60]
 107:Core/Src/i2c.c **** 
 246              		.loc 1 107 5 view .LVU70
 247 006e EB6B     		ldr	r3, [r5, #60]
 248 0070 0B40     		ands	r3, r1
 249 0072 0193     		str	r3, [sp, #4]
 107:Core/Src/i2c.c **** 
 250              		.loc 1 107 5 view .LVU71
 251 0074 019B     		ldr	r3, [sp, #4]
 252              	.LBE3:
 107:Core/Src/i2c.c **** 
 253              		.loc 1 107 5 view .LVU72
 111:Core/Src/i2c.c ****     hdma_i2c1_tx.Init.Request = DMA_REQUEST_I2C1_TX;
 254              		.loc 1 111 5 view .LVU73
 111:Core/Src/i2c.c ****     hdma_i2c1_tx.Init.Request = DMA_REQUEST_I2C1_TX;
 255              		.loc 1 111 27 is_stmt 0 view .LVU74
 256 0076 1048     		ldr	r0, .L17+8
 257 0078 104B     		ldr	r3, .L17+12
 258 007a 0360     		str	r3, [r0]
 112:Core/Src/i2c.c ****     hdma_i2c1_tx.Init.Direction = DMA_MEMORY_TO_PERIPH;
 259              		.loc 1 112 5 is_stmt 1 view .LVU75
 112:Core/Src/i2c.c ****     hdma_i2c1_tx.Init.Direction = DMA_MEMORY_TO_PERIPH;
 260              		.loc 1 112 31 is_stmt 0 view .LVU76
 261 007c 0B23     		movs	r3, #11
 262 007e 4360     		str	r3, [r0, #4]
 113:Core/Src/i2c.c ****     hdma_i2c1_tx.Init.PeriphInc = DMA_PINC_DISABLE;
 263              		.loc 1 113 5 is_stmt 1 view .LVU77
 113:Core/Src/i2c.c ****     hdma_i2c1_tx.Init.PeriphInc = DMA_PINC_DISABLE;
 264              		.loc 1 113 33 is_stmt 0 view .LVU78
 265 0080 0533     		adds	r3, r3, #5
 266 0082 8360     		str	r3, [r0, #8]
 114:Core/Src/i2c.c ****     hdma_i2c1_tx.Init.MemInc = DMA_MINC_ENABLE;
 267              		.loc 1 114 5 is_stmt 1 view .LVU79
 114:Core/Src/i2c.c ****     hdma_i2c1_tx.Init.MemInc = DMA_MINC_ENABLE;
 268              		.loc 1 114 33 is_stmt 0 view .LVU80
 269 0084 0023     		movs	r3, #0
 270 0086 C360     		str	r3, [r0, #12]
 115:Core/Src/i2c.c ****     hdma_i2c1_tx.Init.PeriphDataAlignment = DMA_PDATAALIGN_BYTE;
 271              		.loc 1 115 5 is_stmt 1 view .LVU81
 115:Core/Src/i2c.c ****     hdma_i2c1_tx.Init.PeriphDataAlignment = DMA_PDATAALIGN_BYTE;
 272              		.loc 1 115 30 is_stmt 0 view .LVU82
 273 0088 8022     		movs	r2, #128
 274 008a 0261     		str	r2, [r0, #16]
 116:Core/Src/i2c.c ****     hdma_i2c1_tx.Init.MemDataAlignment = DMA_MDATAALIGN_BYTE;
 275              		.loc 1 116 5 is_stmt 1 view .LVU83
 116:Core/Src/i2c.c ****     hdma_i2c1_tx.Init.MemDataAlignment = DMA_MDATAALIGN_BYTE;
 276              		.loc 1 116 43 is_stmt 0 view .LVU84
 277 008c 4361     		str	r3, [r0, #20]
 117:Core/Src/i2c.c ****     hdma_i2c1_tx.Init.Mode = DMA_NORMAL;
 278              		.loc 1 117 5 is_stmt 1 view .LVU85
 117:Core/Src/i2c.c ****     hdma_i2c1_tx.Init.Mode = DMA_NORMAL;
 279              		.loc 1 117 40 is_stmt 0 view .LVU86
 280 008e 8361     		str	r3, [r0, #24]
 118:Core/Src/i2c.c ****     hdma_i2c1_tx.Init.Priority = DMA_PRIORITY_LOW;
 281              		.loc 1 118 5 is_stmt 1 view .LVU87
ARM GAS  C:\Users\main\AppData\Local\Temp\ccY0rVmh.s 			page 9


 118:Core/Src/i2c.c ****     hdma_i2c1_tx.Init.Priority = DMA_PRIORITY_LOW;
 282              		.loc 1 118 28 is_stmt 0 view .LVU88
 283 0090 C361     		str	r3, [r0, #28]
 119:Core/Src/i2c.c ****     if (HAL_DMA_Init(&hdma_i2c1_tx) != HAL_OK)
 284              		.loc 1 119 5 is_stmt 1 view .LVU89
 119:Core/Src/i2c.c ****     if (HAL_DMA_Init(&hdma_i2c1_tx) != HAL_OK)
 285              		.loc 1 119 32 is_stmt 0 view .LVU90
 286 0092 0362     		str	r3, [r0, #32]
 120:Core/Src/i2c.c ****     {
 287              		.loc 1 120 5 is_stmt 1 view .LVU91
 120:Core/Src/i2c.c ****     {
 288              		.loc 1 120 9 is_stmt 0 view .LVU92
 289 0094 FFF7FEFF 		bl	HAL_DMA_Init
 290              	.LVL14:
 120:Core/Src/i2c.c ****     {
 291              		.loc 1 120 8 view .LVU93
 292 0098 0028     		cmp	r0, #0
 293 009a 06D1     		bne	.L16
 294              	.L13:
 125:Core/Src/i2c.c **** 
 295              		.loc 1 125 5 is_stmt 1 view .LVU94
 125:Core/Src/i2c.c **** 
 296              		.loc 1 125 5 view .LVU95
 297 009c 064B     		ldr	r3, .L17+8
 298 009e A363     		str	r3, [r4, #56]
 125:Core/Src/i2c.c **** 
 299              		.loc 1 125 5 view .LVU96
 300 00a0 9C62     		str	r4, [r3, #40]
 125:Core/Src/i2c.c **** 
 301              		.loc 1 125 5 view .LVU97
 302              		.loc 1 131 1 is_stmt 0 view .LVU98
 303 00a2 BEE7     		b	.L10
 304              	.L15:
  91:Core/Src/i2c.c ****     }
 305              		.loc 1 91 7 is_stmt 1 view .LVU99
 306 00a4 FFF7FEFF 		bl	Error_Handler
 307              	.LVL15:
 308 00a8 C4E7     		b	.L12
 309              	.L16:
 122:Core/Src/i2c.c ****     }
 310              		.loc 1 122 7 view .LVU100
 311 00aa FFF7FEFF 		bl	Error_Handler
 312              	.LVL16:
 313 00ae F5E7     		b	.L13
 314              	.L18:
 315              		.align	2
 316              	.L17:
 317 00b0 00540040 		.word	1073763328
 318 00b4 00100240 		.word	1073876992
 319 00b8 00000000 		.word	.LANCHOR1
 320 00bc 08000240 		.word	1073872904
 321              		.cfi_endproc
 322              	.LFE218:
 324              		.section	.text.HAL_I2C_MspDeInit,"ax",%progbits
 325              		.align	1
 326              		.global	HAL_I2C_MspDeInit
 327              		.syntax unified
ARM GAS  C:\Users\main\AppData\Local\Temp\ccY0rVmh.s 			page 10


 328              		.code	16
 329              		.thumb_func
 331              	HAL_I2C_MspDeInit:
 332              	.LVL17:
 333              	.LFB219:
 132:Core/Src/i2c.c **** 
 133:Core/Src/i2c.c **** void HAL_I2C_MspDeInit(I2C_HandleTypeDef* i2cHandle)
 134:Core/Src/i2c.c **** {
 334              		.loc 1 134 1 view -0
 335              		.cfi_startproc
 336              		@ args = 0, pretend = 0, frame = 0
 337              		@ frame_needed = 0, uses_anonymous_args = 0
 338              		.loc 1 134 1 is_stmt 0 view .LVU102
 339 0000 70B5     		push	{r4, r5, r6, lr}
 340              	.LCFI3:
 341              		.cfi_def_cfa_offset 16
 342              		.cfi_offset 4, -16
 343              		.cfi_offset 5, -12
 344              		.cfi_offset 6, -8
 345              		.cfi_offset 14, -4
 346 0002 0400     		movs	r4, r0
 135:Core/Src/i2c.c **** 
 136:Core/Src/i2c.c ****   if(i2cHandle->Instance==I2C1)
 347              		.loc 1 136 3 is_stmt 1 view .LVU103
 348              		.loc 1 136 5 is_stmt 0 view .LVU104
 349 0004 0C4B     		ldr	r3, .L22
 350 0006 0268     		ldr	r2, [r0]
 351 0008 9A42     		cmp	r2, r3
 352 000a 00D0     		beq	.L21
 353              	.LVL18:
 354              	.L19:
 137:Core/Src/i2c.c ****   {
 138:Core/Src/i2c.c ****   /* USER CODE BEGIN I2C1_MspDeInit 0 */
 139:Core/Src/i2c.c **** 
 140:Core/Src/i2c.c ****   /* USER CODE END I2C1_MspDeInit 0 */
 141:Core/Src/i2c.c ****     /* Peripheral clock disable */
 142:Core/Src/i2c.c ****     __HAL_RCC_I2C1_CLK_DISABLE();
 143:Core/Src/i2c.c **** 
 144:Core/Src/i2c.c ****     /**I2C1 GPIO Configuration
 145:Core/Src/i2c.c ****     PA9     ------> I2C1_SCL
 146:Core/Src/i2c.c ****     PA10     ------> I2C1_SDA
 147:Core/Src/i2c.c ****     */
 148:Core/Src/i2c.c ****     HAL_GPIO_DeInit(GPIOA, GPIO_PIN_9);
 149:Core/Src/i2c.c **** 
 150:Core/Src/i2c.c ****     HAL_GPIO_DeInit(GPIOA, GPIO_PIN_10);
 151:Core/Src/i2c.c **** 
 152:Core/Src/i2c.c ****     /* I2C1 DMA DeInit */
 153:Core/Src/i2c.c ****     HAL_DMA_DeInit(i2cHandle->hdmatx);
 154:Core/Src/i2c.c ****   /* USER CODE BEGIN I2C1_MspDeInit 1 */
 155:Core/Src/i2c.c **** 
 156:Core/Src/i2c.c ****   /* USER CODE END I2C1_MspDeInit 1 */
 157:Core/Src/i2c.c ****   }
 158:Core/Src/i2c.c **** }
 355              		.loc 1 158 1 view .LVU105
 356              		@ sp needed
 357              	.LVL19:
 358              		.loc 1 158 1 view .LVU106
ARM GAS  C:\Users\main\AppData\Local\Temp\ccY0rVmh.s 			page 11


 359 000c 70BD     		pop	{r4, r5, r6, pc}
 360              	.LVL20:
 361              	.L21:
 142:Core/Src/i2c.c **** 
 362              		.loc 1 142 5 is_stmt 1 view .LVU107
 363 000e 0B4A     		ldr	r2, .L22+4
 364 0010 D36B     		ldr	r3, [r2, #60]
 365 0012 0B49     		ldr	r1, .L22+8
 366 0014 0B40     		ands	r3, r1
 367 0016 D363     		str	r3, [r2, #60]
 148:Core/Src/i2c.c **** 
 368              		.loc 1 148 5 view .LVU108
 369 0018 8021     		movs	r1, #128
 370 001a A025     		movs	r5, #160
 371 001c ED05     		lsls	r5, r5, #23
 372 001e 8900     		lsls	r1, r1, #2
 373 0020 2800     		movs	r0, r5
 374              	.LVL21:
 148:Core/Src/i2c.c **** 
 375              		.loc 1 148 5 is_stmt 0 view .LVU109
 376 0022 FFF7FEFF 		bl	HAL_GPIO_DeInit
 377              	.LVL22:
 150:Core/Src/i2c.c **** 
 378              		.loc 1 150 5 is_stmt 1 view .LVU110
 379 0026 8021     		movs	r1, #128
 380 0028 C900     		lsls	r1, r1, #3
 381 002a 2800     		movs	r0, r5
 382 002c FFF7FEFF 		bl	HAL_GPIO_DeInit
 383              	.LVL23:
 153:Core/Src/i2c.c ****   /* USER CODE BEGIN I2C1_MspDeInit 1 */
 384              		.loc 1 153 5 view .LVU111
 385 0030 A06B     		ldr	r0, [r4, #56]
 386 0032 FFF7FEFF 		bl	HAL_DMA_DeInit
 387              	.LVL24:
 388              		.loc 1 158 1 is_stmt 0 view .LVU112
 389 0036 E9E7     		b	.L19
 390              	.L23:
 391              		.align	2
 392              	.L22:
 393 0038 00540040 		.word	1073763328
 394 003c 00100240 		.word	1073876992
 395 0040 FFFFDFFF 		.word	-2097153
 396              		.cfi_endproc
 397              	.LFE219:
 399              		.global	hdma_i2c1_tx
 400              		.global	hi2c1
 401              		.section	.bss.hdma_i2c1_tx,"aw",%nobits
 402              		.align	2
 403              		.set	.LANCHOR1,. + 0
 406              	hdma_i2c1_tx:
 407 0000 00000000 		.space	92
 407      00000000 
 407      00000000 
 407      00000000 
 407      00000000 
 408              		.section	.bss.hi2c1,"aw",%nobits
 409              		.align	2
ARM GAS  C:\Users\main\AppData\Local\Temp\ccY0rVmh.s 			page 12


 410              		.set	.LANCHOR0,. + 0
 413              	hi2c1:
 414 0000 00000000 		.space	84
 414      00000000 
 414      00000000 
 414      00000000 
 414      00000000 
 415              		.text
 416              	.Letext0:
 417              		.file 2 "c:\\program files (x86)\\gnu arm embedded toolchain\\10 2021.10\\arm-none-eabi\\include\\
 418              		.file 3 "c:\\program files (x86)\\gnu arm embedded toolchain\\10 2021.10\\arm-none-eabi\\include\\
 419              		.file 4 "Drivers/CMSIS/Device/ST/STM32C0xx/Include/stm32c031xx.h"
 420              		.file 5 "Drivers/STM32C0xx_HAL_Driver/Inc/stm32c0xx_hal_def.h"
 421              		.file 6 "Drivers/STM32C0xx_HAL_Driver/Inc/stm32c0xx_hal_rcc_ex.h"
 422              		.file 7 "Drivers/STM32C0xx_HAL_Driver/Inc/stm32c0xx_hal_gpio.h"
 423              		.file 8 "Drivers/STM32C0xx_HAL_Driver/Inc/stm32c0xx_hal_dma.h"
 424              		.file 9 "Drivers/STM32C0xx_HAL_Driver/Inc/stm32c0xx_hal_i2c.h"
 425              		.file 10 "Core/Inc/i2c.h"
 426              		.file 11 "Core/Inc/main.h"
 427              		.file 12 "Drivers/STM32C0xx_HAL_Driver/Inc/stm32c0xx_hal_i2c_ex.h"
 428              		.file 13 "<built-in>"
ARM GAS  C:\Users\main\AppData\Local\Temp\ccY0rVmh.s 			page 13


DEFINED SYMBOLS
                            *ABS*:00000000 i2c.c
C:\Users\main\AppData\Local\Temp\ccY0rVmh.s:18     .text.MX_I2C1_Init:00000000 $t
C:\Users\main\AppData\Local\Temp\ccY0rVmh.s:24     .text.MX_I2C1_Init:00000000 MX_I2C1_Init
C:\Users\main\AppData\Local\Temp\ccY0rVmh.s:118    .text.MX_I2C1_Init:00000054 $d
C:\Users\main\AppData\Local\Temp\ccY0rVmh.s:125    .text.HAL_I2C_MspInit:00000000 $t
C:\Users\main\AppData\Local\Temp\ccY0rVmh.s:131    .text.HAL_I2C_MspInit:00000000 HAL_I2C_MspInit
C:\Users\main\AppData\Local\Temp\ccY0rVmh.s:317    .text.HAL_I2C_MspInit:000000b0 $d
C:\Users\main\AppData\Local\Temp\ccY0rVmh.s:325    .text.HAL_I2C_MspDeInit:00000000 $t
C:\Users\main\AppData\Local\Temp\ccY0rVmh.s:331    .text.HAL_I2C_MspDeInit:00000000 HAL_I2C_MspDeInit
C:\Users\main\AppData\Local\Temp\ccY0rVmh.s:393    .text.HAL_I2C_MspDeInit:00000038 $d
C:\Users\main\AppData\Local\Temp\ccY0rVmh.s:406    .bss.hdma_i2c1_tx:00000000 hdma_i2c1_tx
C:\Users\main\AppData\Local\Temp\ccY0rVmh.s:413    .bss.hi2c1:00000000 hi2c1
C:\Users\main\AppData\Local\Temp\ccY0rVmh.s:402    .bss.hdma_i2c1_tx:00000000 $d
C:\Users\main\AppData\Local\Temp\ccY0rVmh.s:409    .bss.hi2c1:00000000 $d

UNDEFINED SYMBOLS
HAL_I2C_Init
HAL_I2CEx_ConfigAnalogFilter
HAL_I2CEx_ConfigDigitalFilter
Error_Handler
memset
HAL_RCCEx_PeriphCLKConfig
HAL_GPIO_Init
HAL_DMA_Init
HAL_GPIO_DeInit
HAL_DMA_DeInit
