ARM GAS  C:\Users\main\AppData\Local\Temp\ccF370av.s 			page 1


   1              		.cpu cortex-m0plus
   2              		.arch armv6s-m
   3              		.fpu softvfp
   4              		.eabi_attribute 20, 1
   5              		.eabi_attribute 21, 1
   6              		.eabi_attribute 23, 3
   7              		.eabi_attribute 24, 1
   8              		.eabi_attribute 25, 1
   9              		.eabi_attribute 26, 1
  10              		.eabi_attribute 30, 1
  11              		.eabi_attribute 34, 0
  12              		.eabi_attribute 18, 4
  13              		.file	"lcd_display.c"
  14              		.text
  15              	.Ltext0:
  16              		.cfi_sections	.debug_frame
  17              		.section	.text.LCD_Display_initial,"ax",%progbits
  18              		.align	1
  19              		.syntax unified
  20              		.code	16
  21              		.thumb_func
  23              	LCD_Display_initial:
  24              	.LVL0:
  25              	.LFB232:
  26              		.file 1 "Core/Src/lcd_display.c"
   1:Core/Src/lcd_display.c **** #include "lcd_display.h"
   2:Core/Src/lcd_display.c **** #include "lcd.h"
   3:Core/Src/lcd_display.c **** #include "events.h"
   4:Core/Src/lcd_display.c **** 
   5:Core/Src/lcd_display.c **** // Статичний об'єкт AO
   6:Core/Src/lcd_display.c **** static LCD_Display l_LCD_Display;
   7:Core/Src/lcd_display.c **** 
   8:Core/Src/lcd_display.c **** // Правильне оголошення вказівника
   9:Core/Src/lcd_display.c **** QActive *AO_LCD_Display = &l_LCD_Display.super;
  10:Core/Src/lcd_display.c **** 
  11:Core/Src/lcd_display.c **** // Прототипи станів
  12:Core/Src/lcd_display.c **** static QState LCD_Display_initial(LCD_Display * const me, QEvt const * const e);
  13:Core/Src/lcd_display.c **** static QState LCD_Display_active(LCD_Display * const me, QEvt const * const e);
  14:Core/Src/lcd_display.c **** 
  15:Core/Src/lcd_display.c **** // Конструктор AO
  16:Core/Src/lcd_display.c **** void LCD_Display_ctor(void) {
  17:Core/Src/lcd_display.c ****     QActive_ctor(&l_LCD_Display.super, Q_STATE_CAST(&LCD_Display_initial));
  18:Core/Src/lcd_display.c **** }
  19:Core/Src/lcd_display.c **** 
  20:Core/Src/lcd_display.c **** // Початковий стан
  21:Core/Src/lcd_display.c **** static QState LCD_Display_initial(LCD_Display * const me, QEvt const * const e) {
  27              		.loc 1 21 81 view -0
  28              		.cfi_startproc
  29              		@ args = 0, pretend = 0, frame = 0
  30              		@ frame_needed = 0, uses_anonymous_args = 0
  31              		@ link register save eliminated.
  22:Core/Src/lcd_display.c ****     (void)e;
  32              		.loc 1 22 5 view .LVU1
  23:Core/Src/lcd_display.c ****     return Q_TRAN(&LCD_Display_active);
  33              		.loc 1 23 5 view .LVU2
  34              		.loc 1 23 12 is_stmt 0 view .LVU3
  35 0000 014B     		ldr	r3, .L2
ARM GAS  C:\Users\main\AppData\Local\Temp\ccF370av.s 			page 2


  36 0002 8360     		str	r3, [r0, #8]
  24:Core/Src/lcd_display.c **** }
  37              		.loc 1 24 1 view .LVU4
  38 0004 0720     		movs	r0, #7
  39              	.LVL1:
  40              		.loc 1 24 1 view .LVU5
  41              		@ sp needed
  42 0006 7047     		bx	lr
  43              	.L3:
  44              		.align	2
  45              	.L2:
  46 0008 00000000 		.word	LCD_Display_active
  47              		.cfi_endproc
  48              	.LFE232:
  50              		.section	.rodata.LCD_Display_active.str1.4,"aMS",%progbits,1
  51              		.align	2
  52              	.LC1:
  53 0000 42757474 		.ascii	"Button Pressed\000"
  53      6F6E2050 
  53      72657373 
  53      656400
  54              		.section	.text.LCD_Display_active,"ax",%progbits
  55              		.align	1
  56              		.syntax unified
  57              		.code	16
  58              		.thumb_func
  60              	LCD_Display_active:
  61              	.LVL2:
  62              	.LFB233:
  25:Core/Src/lcd_display.c **** 
  26:Core/Src/lcd_display.c **** // Головний стан
  27:Core/Src/lcd_display.c **** static QState LCD_Display_active(LCD_Display * const me, QEvt const * const e) {
  63              		.loc 1 27 80 is_stmt 1 view -0
  64              		.cfi_startproc
  65              		@ args = 0, pretend = 0, frame = 0
  66              		@ frame_needed = 0, uses_anonymous_args = 0
  67              		.loc 1 27 80 is_stmt 0 view .LVU7
  68 0000 10B5     		push	{r4, lr}
  69              	.LCFI0:
  70              		.cfi_def_cfa_offset 8
  71              		.cfi_offset 4, -8
  72              		.cfi_offset 14, -4
  28:Core/Src/lcd_display.c ****     switch (e->sig) {
  73              		.loc 1 28 5 is_stmt 1 view .LVU8
  74              		.loc 1 28 14 is_stmt 0 view .LVU9
  75 0002 0B88     		ldrh	r3, [r1]
  76              		.loc 1 28 5 view .LVU10
  77 0004 042B     		cmp	r3, #4
  78 0006 03D0     		beq	.L7
  29:Core/Src/lcd_display.c ****         case BUTTON_PRESSED_SIG: {
  30:Core/Src/lcd_display.c ****             lcd_print("Button Pressed");
  31:Core/Src/lcd_display.c ****             return Q_HANDLED();
  32:Core/Src/lcd_display.c ****         }
  33:Core/Src/lcd_display.c ****     }
  34:Core/Src/lcd_display.c ****     return Q_SUPER(&QHsm_top);
  79              		.loc 1 34 5 is_stmt 1 view .LVU11
  80              		.loc 1 34 12 is_stmt 0 view .LVU12
ARM GAS  C:\Users\main\AppData\Local\Temp\ccF370av.s 			page 3


  81 0008 044B     		ldr	r3, .L8
  82 000a 8360     		str	r3, [r0, #8]
  83 000c 0020     		movs	r0, #0
  84              	.LVL3:
  85              	.L4:
  35:Core/Src/lcd_display.c **** }
  86              		.loc 1 35 1 view .LVU13
  87              		@ sp needed
  88 000e 10BD     		pop	{r4, pc}
  89              	.LVL4:
  90              	.L7:
  30:Core/Src/lcd_display.c ****             return Q_HANDLED();
  91              		.loc 1 30 13 is_stmt 1 view .LVU14
  92 0010 0348     		ldr	r0, .L8+4
  93              	.LVL5:
  30:Core/Src/lcd_display.c ****             return Q_HANDLED();
  94              		.loc 1 30 13 is_stmt 0 view .LVU15
  95 0012 FFF7FEFF 		bl	lcd_print
  96              	.LVL6:
  31:Core/Src/lcd_display.c ****         }
  97              		.loc 1 31 13 is_stmt 1 view .LVU16
  31:Core/Src/lcd_display.c ****         }
  98              		.loc 1 31 20 is_stmt 0 view .LVU17
  99 0016 0220     		movs	r0, #2
 100 0018 F9E7     		b	.L4
 101              	.L9:
 102 001a C046     		.align	2
 103              	.L8:
 104 001c 00000000 		.word	QHsm_top
 105 0020 00000000 		.word	.LC1
 106              		.cfi_endproc
 107              	.LFE233:
 109              		.section	.text.LCD_Display_ctor,"ax",%progbits
 110              		.align	1
 111              		.global	LCD_Display_ctor
 112              		.syntax unified
 113              		.code	16
 114              		.thumb_func
 116              	LCD_Display_ctor:
 117              	.LFB231:
  16:Core/Src/lcd_display.c ****     QActive_ctor(&l_LCD_Display.super, Q_STATE_CAST(&LCD_Display_initial));
 118              		.loc 1 16 29 is_stmt 1 view -0
 119              		.cfi_startproc
 120              		@ args = 0, pretend = 0, frame = 0
 121              		@ frame_needed = 0, uses_anonymous_args = 0
 122 0000 10B5     		push	{r4, lr}
 123              	.LCFI1:
 124              		.cfi_def_cfa_offset 8
 125              		.cfi_offset 4, -8
 126              		.cfi_offset 14, -4
  17:Core/Src/lcd_display.c **** }
 127              		.loc 1 17 5 view .LVU19
 128 0002 0249     		ldr	r1, .L11
 129 0004 0248     		ldr	r0, .L11+4
 130 0006 FFF7FEFF 		bl	QActive_ctor
 131              	.LVL7:
  18:Core/Src/lcd_display.c **** 
ARM GAS  C:\Users\main\AppData\Local\Temp\ccF370av.s 			page 4


 132              		.loc 1 18 1 is_stmt 0 view .LVU20
 133              		@ sp needed
 134 000a 10BD     		pop	{r4, pc}
 135              	.L12:
 136              		.align	2
 137              	.L11:
 138 000c 00000000 		.word	LCD_Display_initial
 139 0010 00000000 		.word	l_LCD_Display
 140              		.cfi_endproc
 141              	.LFE231:
 143              		.global	AO_LCD_Display
 144              		.section	.bss.l_LCD_Display,"aw",%nobits
 145              		.align	2
 148              	l_LCD_Display:
 149 0000 00000000 		.space	192
 149      00000000 
 149      00000000 
 149      00000000 
 149      00000000 
 150              		.section	.data.AO_LCD_Display,"aw"
 151              		.align	2
 154              	AO_LCD_Display:
 155 0000 00000000 		.word	l_LCD_Display
 156              		.text
 157              	.Letext0:
 158              		.file 2 "c:\\program files (x86)\\gnu arm embedded toolchain\\10 2021.10\\arm-none-eabi\\include\\
 159              		.file 3 "c:\\program files (x86)\\gnu arm embedded toolchain\\10 2021.10\\arm-none-eabi\\include\\
 160              		.file 4 "c:\\program files (x86)\\gnu arm embedded toolchain\\10 2021.10\\arm-none-eabi\\include\\
 161              		.file 5 "Middlewares/Third_Party/FreeRTOS/Source/portable/GCC/ARM_CM0/portmacro.h"
 162              		.file 6 "Middlewares/Third_Party/FreeRTOS/Source/include/FreeRTOS.h"
 163              		.file 7 "Middlewares/Third_Party/FreeRTOS/Source/include/queue.h"
 164              		.file 8 "Middlewares/Third_Party/QuantumLeaps_RTEF_qpc/include/qp.h"
 165              		.file 9 "Core/Inc/lcd_display.h"
 166              		.file 10 "Core/Inc/lcd.h"
 167              		.file 11 "Core/Inc/events.h"
ARM GAS  C:\Users\main\AppData\Local\Temp\ccF370av.s 			page 5


DEFINED SYMBOLS
                            *ABS*:00000000 lcd_display.c
C:\Users\main\AppData\Local\Temp\ccF370av.s:18     .text.LCD_Display_initial:00000000 $t
C:\Users\main\AppData\Local\Temp\ccF370av.s:23     .text.LCD_Display_initial:00000000 LCD_Display_initial
C:\Users\main\AppData\Local\Temp\ccF370av.s:46     .text.LCD_Display_initial:00000008 $d
C:\Users\main\AppData\Local\Temp\ccF370av.s:60     .text.LCD_Display_active:00000000 LCD_Display_active
C:\Users\main\AppData\Local\Temp\ccF370av.s:51     .rodata.LCD_Display_active.str1.4:00000000 $d
C:\Users\main\AppData\Local\Temp\ccF370av.s:55     .text.LCD_Display_active:00000000 $t
C:\Users\main\AppData\Local\Temp\ccF370av.s:104    .text.LCD_Display_active:0000001c $d
C:\Users\main\AppData\Local\Temp\ccF370av.s:110    .text.LCD_Display_ctor:00000000 $t
C:\Users\main\AppData\Local\Temp\ccF370av.s:116    .text.LCD_Display_ctor:00000000 LCD_Display_ctor
C:\Users\main\AppData\Local\Temp\ccF370av.s:138    .text.LCD_Display_ctor:0000000c $d
C:\Users\main\AppData\Local\Temp\ccF370av.s:148    .bss.l_LCD_Display:00000000 l_LCD_Display
C:\Users\main\AppData\Local\Temp\ccF370av.s:154    .data.AO_LCD_Display:00000000 AO_LCD_Display
C:\Users\main\AppData\Local\Temp\ccF370av.s:145    .bss.l_LCD_Display:00000000 $d
C:\Users\main\AppData\Local\Temp\ccF370av.s:151    .data.AO_LCD_Display:00000000 $d

UNDEFINED SYMBOLS
lcd_print
QHsm_top
QActive_ctor
