ARM GAS  C:\Users\main\AppData\Local\Temp\ccBcCKTD.s 			page 1


   1              		.cpu cortex-m0plus
   2              		.arch armv6s-m
   3              		.fpu softvfp
   4              		.eabi_attribute 20, 1
   5              		.eabi_attribute 21, 1
   6              		.eabi_attribute 23, 3
   7              		.eabi_attribute 24, 1
   8              		.eabi_attribute 25, 1
   9              		.eabi_attribute 26, 1
  10              		.eabi_attribute 30, 1
  11              		.eabi_attribute 34, 0
  12              		.eabi_attribute 18, 4
  13              		.file	"stm32c0xx_hal_msp.c"
  14              		.text
  15              	.Ltext0:
  16              		.cfi_sections	.debug_frame
  17              		.section	.text.HAL_MspInit,"ax",%progbits
  18              		.align	1
  19              		.global	HAL_MspInit
  20              		.syntax unified
  21              		.code	16
  22              		.thumb_func
  24              	HAL_MspInit:
  25              	.LFB217:
  26              		.file 1 "Core/Src/stm32c0xx_hal_msp.c"
   1:Core/Src/stm32c0xx_hal_msp.c **** /* USER CODE BEGIN Header */
   2:Core/Src/stm32c0xx_hal_msp.c **** /**
   3:Core/Src/stm32c0xx_hal_msp.c ****   ******************************************************************************
   4:Core/Src/stm32c0xx_hal_msp.c ****   * @file         stm32c0xx_hal_msp.c
   5:Core/Src/stm32c0xx_hal_msp.c ****   * @brief        This file provides code for the MSP Initialization
   6:Core/Src/stm32c0xx_hal_msp.c ****   *               and de-Initialization codes.
   7:Core/Src/stm32c0xx_hal_msp.c ****   ******************************************************************************
   8:Core/Src/stm32c0xx_hal_msp.c ****   * @attention
   9:Core/Src/stm32c0xx_hal_msp.c ****   *
  10:Core/Src/stm32c0xx_hal_msp.c ****   * Copyright (c) 2025 STMicroelectronics.
  11:Core/Src/stm32c0xx_hal_msp.c ****   * All rights reserved.
  12:Core/Src/stm32c0xx_hal_msp.c ****   *
  13:Core/Src/stm32c0xx_hal_msp.c ****   * This software is licensed under terms that can be found in the LICENSE file
  14:Core/Src/stm32c0xx_hal_msp.c ****   * in the root directory of this software component.
  15:Core/Src/stm32c0xx_hal_msp.c ****   * If no LICENSE file comes with this software, it is provided AS-IS.
  16:Core/Src/stm32c0xx_hal_msp.c ****   *
  17:Core/Src/stm32c0xx_hal_msp.c ****   ******************************************************************************
  18:Core/Src/stm32c0xx_hal_msp.c ****   */
  19:Core/Src/stm32c0xx_hal_msp.c **** /* USER CODE END Header */
  20:Core/Src/stm32c0xx_hal_msp.c **** 
  21:Core/Src/stm32c0xx_hal_msp.c **** /* Includes ------------------------------------------------------------------*/
  22:Core/Src/stm32c0xx_hal_msp.c **** #include "main.h"
  23:Core/Src/stm32c0xx_hal_msp.c **** /* USER CODE BEGIN Includes */
  24:Core/Src/stm32c0xx_hal_msp.c **** 
  25:Core/Src/stm32c0xx_hal_msp.c **** /* USER CODE END Includes */
  26:Core/Src/stm32c0xx_hal_msp.c **** 
  27:Core/Src/stm32c0xx_hal_msp.c **** /* Private typedef -----------------------------------------------------------*/
  28:Core/Src/stm32c0xx_hal_msp.c **** /* USER CODE BEGIN TD */
  29:Core/Src/stm32c0xx_hal_msp.c **** 
  30:Core/Src/stm32c0xx_hal_msp.c **** /* USER CODE END TD */
  31:Core/Src/stm32c0xx_hal_msp.c **** 
  32:Core/Src/stm32c0xx_hal_msp.c **** /* Private define ------------------------------------------------------------*/
ARM GAS  C:\Users\main\AppData\Local\Temp\ccBcCKTD.s 			page 2


  33:Core/Src/stm32c0xx_hal_msp.c **** /* USER CODE BEGIN Define */
  34:Core/Src/stm32c0xx_hal_msp.c **** 
  35:Core/Src/stm32c0xx_hal_msp.c **** /* USER CODE END Define */
  36:Core/Src/stm32c0xx_hal_msp.c **** 
  37:Core/Src/stm32c0xx_hal_msp.c **** /* Private macro -------------------------------------------------------------*/
  38:Core/Src/stm32c0xx_hal_msp.c **** /* USER CODE BEGIN Macro */
  39:Core/Src/stm32c0xx_hal_msp.c **** 
  40:Core/Src/stm32c0xx_hal_msp.c **** /* USER CODE END Macro */
  41:Core/Src/stm32c0xx_hal_msp.c **** 
  42:Core/Src/stm32c0xx_hal_msp.c **** /* Private variables ---------------------------------------------------------*/
  43:Core/Src/stm32c0xx_hal_msp.c **** /* USER CODE BEGIN PV */
  44:Core/Src/stm32c0xx_hal_msp.c **** 
  45:Core/Src/stm32c0xx_hal_msp.c **** /* USER CODE END PV */
  46:Core/Src/stm32c0xx_hal_msp.c **** 
  47:Core/Src/stm32c0xx_hal_msp.c **** /* Private function prototypes -----------------------------------------------*/
  48:Core/Src/stm32c0xx_hal_msp.c **** /* USER CODE BEGIN PFP */
  49:Core/Src/stm32c0xx_hal_msp.c **** 
  50:Core/Src/stm32c0xx_hal_msp.c **** /* USER CODE END PFP */
  51:Core/Src/stm32c0xx_hal_msp.c **** 
  52:Core/Src/stm32c0xx_hal_msp.c **** /* External functions --------------------------------------------------------*/
  53:Core/Src/stm32c0xx_hal_msp.c **** /* USER CODE BEGIN ExternalFunctions */
  54:Core/Src/stm32c0xx_hal_msp.c **** 
  55:Core/Src/stm32c0xx_hal_msp.c **** /* USER CODE END ExternalFunctions */
  56:Core/Src/stm32c0xx_hal_msp.c **** 
  57:Core/Src/stm32c0xx_hal_msp.c **** /* USER CODE BEGIN 0 */
  58:Core/Src/stm32c0xx_hal_msp.c **** 
  59:Core/Src/stm32c0xx_hal_msp.c **** /* USER CODE END 0 */
  60:Core/Src/stm32c0xx_hal_msp.c **** /**
  61:Core/Src/stm32c0xx_hal_msp.c ****   * Initializes the Global MSP.
  62:Core/Src/stm32c0xx_hal_msp.c ****   */
  63:Core/Src/stm32c0xx_hal_msp.c **** void HAL_MspInit(void)
  64:Core/Src/stm32c0xx_hal_msp.c **** {
  27              		.loc 1 64 1 view -0
  28              		.cfi_startproc
  29              		@ args = 0, pretend = 0, frame = 8
  30              		@ frame_needed = 0, uses_anonymous_args = 0
  31 0000 00B5     		push	{lr}
  32              	.LCFI0:
  33              		.cfi_def_cfa_offset 4
  34              		.cfi_offset 14, -4
  35 0002 83B0     		sub	sp, sp, #12
  36              	.LCFI1:
  37              		.cfi_def_cfa_offset 16
  65:Core/Src/stm32c0xx_hal_msp.c **** 
  66:Core/Src/stm32c0xx_hal_msp.c ****   /* USER CODE BEGIN MspInit 0 */
  67:Core/Src/stm32c0xx_hal_msp.c **** 
  68:Core/Src/stm32c0xx_hal_msp.c ****   /* USER CODE END MspInit 0 */
  69:Core/Src/stm32c0xx_hal_msp.c **** 
  70:Core/Src/stm32c0xx_hal_msp.c ****   __HAL_RCC_SYSCFG_CLK_ENABLE();
  38              		.loc 1 70 3 view .LVU1
  39              	.LBB2:
  40              		.loc 1 70 3 view .LVU2
  41              		.loc 1 70 3 view .LVU3
  42 0004 144B     		ldr	r3, .L2
  43 0006 196C     		ldr	r1, [r3, #64]
  44 0008 0122     		movs	r2, #1
  45 000a 1143     		orrs	r1, r2
ARM GAS  C:\Users\main\AppData\Local\Temp\ccBcCKTD.s 			page 3


  46 000c 1964     		str	r1, [r3, #64]
  47              		.loc 1 70 3 view .LVU4
  48 000e 196C     		ldr	r1, [r3, #64]
  49 0010 0A40     		ands	r2, r1
  50 0012 0092     		str	r2, [sp]
  51              		.loc 1 70 3 view .LVU5
  52 0014 009A     		ldr	r2, [sp]
  53              	.LBE2:
  54              		.loc 1 70 3 view .LVU6
  71:Core/Src/stm32c0xx_hal_msp.c ****   __HAL_RCC_PWR_CLK_ENABLE();
  55              		.loc 1 71 3 view .LVU7
  56              	.LBB3:
  57              		.loc 1 71 3 view .LVU8
  58              		.loc 1 71 3 view .LVU9
  59 0016 DA6B     		ldr	r2, [r3, #60]
  60 0018 8021     		movs	r1, #128
  61 001a 4905     		lsls	r1, r1, #21
  62 001c 0A43     		orrs	r2, r1
  63 001e DA63     		str	r2, [r3, #60]
  64              		.loc 1 71 3 view .LVU10
  65 0020 DB6B     		ldr	r3, [r3, #60]
  66 0022 0B40     		ands	r3, r1
  67 0024 0193     		str	r3, [sp, #4]
  68              		.loc 1 71 3 view .LVU11
  69 0026 019B     		ldr	r3, [sp, #4]
  70              	.LBE3:
  71              		.loc 1 71 3 view .LVU12
  72:Core/Src/stm32c0xx_hal_msp.c **** 
  73:Core/Src/stm32c0xx_hal_msp.c ****   /* System interrupt init*/
  74:Core/Src/stm32c0xx_hal_msp.c ****   /* PendSV_IRQn interrupt configuration */
  75:Core/Src/stm32c0xx_hal_msp.c ****   HAL_NVIC_SetPriority(PendSV_IRQn, 3, 0);
  72              		.loc 1 75 3 view .LVU13
  73 0028 0220     		movs	r0, #2
  74 002a 0022     		movs	r2, #0
  75 002c 0321     		movs	r1, #3
  76 002e 4042     		rsbs	r0, r0, #0
  77 0030 FFF7FEFF 		bl	HAL_NVIC_SetPriority
  78              	.LVL0:
  76:Core/Src/stm32c0xx_hal_msp.c **** 
  77:Core/Src/stm32c0xx_hal_msp.c ****   /* Peripheral interrupt init */
  78:Core/Src/stm32c0xx_hal_msp.c ****   /* FLASH_IRQn interrupt configuration */
  79:Core/Src/stm32c0xx_hal_msp.c ****   HAL_NVIC_SetPriority(FLASH_IRQn, 0, 0);
  79              		.loc 1 79 3 view .LVU14
  80 0034 0022     		movs	r2, #0
  81 0036 0021     		movs	r1, #0
  82 0038 0320     		movs	r0, #3
  83 003a FFF7FEFF 		bl	HAL_NVIC_SetPriority
  84              	.LVL1:
  80:Core/Src/stm32c0xx_hal_msp.c ****   HAL_NVIC_EnableIRQ(FLASH_IRQn);
  85              		.loc 1 80 3 view .LVU15
  86 003e 0320     		movs	r0, #3
  87 0040 FFF7FEFF 		bl	HAL_NVIC_EnableIRQ
  88              	.LVL2:
  81:Core/Src/stm32c0xx_hal_msp.c ****   /* RCC_IRQn interrupt configuration */
  82:Core/Src/stm32c0xx_hal_msp.c ****   HAL_NVIC_SetPriority(RCC_IRQn, 0, 0);
  89              		.loc 1 82 3 view .LVU16
  90 0044 0022     		movs	r2, #0
ARM GAS  C:\Users\main\AppData\Local\Temp\ccBcCKTD.s 			page 4


  91 0046 0021     		movs	r1, #0
  92 0048 0420     		movs	r0, #4
  93 004a FFF7FEFF 		bl	HAL_NVIC_SetPriority
  94              	.LVL3:
  83:Core/Src/stm32c0xx_hal_msp.c ****   HAL_NVIC_EnableIRQ(RCC_IRQn);
  95              		.loc 1 83 3 view .LVU17
  96 004e 0420     		movs	r0, #4
  97 0050 FFF7FEFF 		bl	HAL_NVIC_EnableIRQ
  98              	.LVL4:
  84:Core/Src/stm32c0xx_hal_msp.c **** 
  85:Core/Src/stm32c0xx_hal_msp.c ****   /* USER CODE BEGIN MspInit 1 */
  86:Core/Src/stm32c0xx_hal_msp.c **** 
  87:Core/Src/stm32c0xx_hal_msp.c ****   /* USER CODE END MspInit 1 */
  88:Core/Src/stm32c0xx_hal_msp.c **** }
  99              		.loc 1 88 1 is_stmt 0 view .LVU18
 100 0054 03B0     		add	sp, sp, #12
 101              		@ sp needed
 102 0056 00BD     		pop	{pc}
 103              	.L3:
 104              		.align	2
 105              	.L2:
 106 0058 00100240 		.word	1073876992
 107              		.cfi_endproc
 108              	.LFE217:
 110              		.text
 111              	.Letext0:
 112              		.file 2 "c:\\program files (x86)\\gnu arm embedded toolchain\\10 2021.10\\arm-none-eabi\\include\\
 113              		.file 3 "c:\\program files (x86)\\gnu arm embedded toolchain\\10 2021.10\\arm-none-eabi\\include\\
 114              		.file 4 "Drivers/CMSIS/Device/ST/STM32C0xx/Include/stm32c031xx.h"
 115              		.file 5 "Drivers/STM32C0xx_HAL_Driver/Inc/stm32c0xx_hal_cortex.h"
ARM GAS  C:\Users\main\AppData\Local\Temp\ccBcCKTD.s 			page 5


DEFINED SYMBOLS
                            *ABS*:00000000 stm32c0xx_hal_msp.c
C:\Users\main\AppData\Local\Temp\ccBcCKTD.s:18     .text.HAL_MspInit:00000000 $t
C:\Users\main\AppData\Local\Temp\ccBcCKTD.s:24     .text.HAL_MspInit:00000000 HAL_MspInit
C:\Users\main\AppData\Local\Temp\ccBcCKTD.s:106    .text.HAL_MspInit:00000058 $d

UNDEFINED SYMBOLS
HAL_NVIC_SetPriority
HAL_NVIC_EnableIRQ
