ARM GAS  C:\Users\main\AppData\Local\Temp\ccPeSYjP.s 			page 1


   1              		.cpu cortex-m0plus
   2              		.arch armv6s-m
   3              		.fpu softvfp
   4              		.eabi_attribute 20, 1
   5              		.eabi_attribute 21, 1
   6              		.eabi_attribute 23, 3
   7              		.eabi_attribute 24, 1
   8              		.eabi_attribute 25, 1
   9              		.eabi_attribute 26, 1
  10              		.eabi_attribute 30, 1
  11              		.eabi_attribute 34, 0
  12              		.eabi_attribute 18, 4
  13              		.file	"stm32c0xx_hal_dma_ex.c"
  14              		.text
  15              	.Ltext0:
  16              		.cfi_sections	.debug_frame
  17              		.file 1 "Drivers/STM32C0xx_HAL_Driver/Src/stm32c0xx_hal_dma_ex.c"
  18              		.section	.text.HAL_DMAEx_ConfigMuxSync,"ax",%progbits
  19              		.align	1
  20              		.global	HAL_DMAEx_ConfigMuxSync
  21              		.syntax unified
  22              		.code	16
  23              		.thumb_func
  25              	HAL_DMAEx_ConfigMuxSync:
  26              	.LVL0:
  27              	.LFB214:
   1:Drivers/STM32C0xx_HAL_Driver/Src/stm32c0xx_hal_dma_ex.c **** /**
   2:Drivers/STM32C0xx_HAL_Driver/Src/stm32c0xx_hal_dma_ex.c ****   ******************************************************************************
   3:Drivers/STM32C0xx_HAL_Driver/Src/stm32c0xx_hal_dma_ex.c ****   * @file    stm32c0xx_hal_dma_ex.c
   4:Drivers/STM32C0xx_HAL_Driver/Src/stm32c0xx_hal_dma_ex.c ****   * @author  MCD Application Team
   5:Drivers/STM32C0xx_HAL_Driver/Src/stm32c0xx_hal_dma_ex.c ****   * @brief   DMA Extension HAL module driver
   6:Drivers/STM32C0xx_HAL_Driver/Src/stm32c0xx_hal_dma_ex.c ****   *         This file provides firmware functions to manage the following
   7:Drivers/STM32C0xx_HAL_Driver/Src/stm32c0xx_hal_dma_ex.c ****   *         functionalities of the DMA Extension peripheral:
   8:Drivers/STM32C0xx_HAL_Driver/Src/stm32c0xx_hal_dma_ex.c ****   *           + Extended features functions
   9:Drivers/STM32C0xx_HAL_Driver/Src/stm32c0xx_hal_dma_ex.c ****   *
  10:Drivers/STM32C0xx_HAL_Driver/Src/stm32c0xx_hal_dma_ex.c ****   @verbatim
  11:Drivers/STM32C0xx_HAL_Driver/Src/stm32c0xx_hal_dma_ex.c ****   ******************************************************************************
  12:Drivers/STM32C0xx_HAL_Driver/Src/stm32c0xx_hal_dma_ex.c ****   * @attention
  13:Drivers/STM32C0xx_HAL_Driver/Src/stm32c0xx_hal_dma_ex.c ****   *
  14:Drivers/STM32C0xx_HAL_Driver/Src/stm32c0xx_hal_dma_ex.c ****   * Copyright (c) 2022 STMicroelectronics.
  15:Drivers/STM32C0xx_HAL_Driver/Src/stm32c0xx_hal_dma_ex.c ****   * All rights reserved.
  16:Drivers/STM32C0xx_HAL_Driver/Src/stm32c0xx_hal_dma_ex.c ****   *
  17:Drivers/STM32C0xx_HAL_Driver/Src/stm32c0xx_hal_dma_ex.c ****   * This software is licensed under terms that can be found in the LICENSE file
  18:Drivers/STM32C0xx_HAL_Driver/Src/stm32c0xx_hal_dma_ex.c ****   * in the root directory of this software component.
  19:Drivers/STM32C0xx_HAL_Driver/Src/stm32c0xx_hal_dma_ex.c ****   * If no LICENSE file comes with this software, it is provided AS-IS.
  20:Drivers/STM32C0xx_HAL_Driver/Src/stm32c0xx_hal_dma_ex.c ****   *
  21:Drivers/STM32C0xx_HAL_Driver/Src/stm32c0xx_hal_dma_ex.c ****   ******************************************************************************
  22:Drivers/STM32C0xx_HAL_Driver/Src/stm32c0xx_hal_dma_ex.c ****   ==============================================================================
  23:Drivers/STM32C0xx_HAL_Driver/Src/stm32c0xx_hal_dma_ex.c ****                         ##### How to use this driver #####
  24:Drivers/STM32C0xx_HAL_Driver/Src/stm32c0xx_hal_dma_ex.c ****   ==============================================================================
  25:Drivers/STM32C0xx_HAL_Driver/Src/stm32c0xx_hal_dma_ex.c ****   [..]
  26:Drivers/STM32C0xx_HAL_Driver/Src/stm32c0xx_hal_dma_ex.c ****   The DMA Extension HAL driver can be used as follows:
  27:Drivers/STM32C0xx_HAL_Driver/Src/stm32c0xx_hal_dma_ex.c **** 
  28:Drivers/STM32C0xx_HAL_Driver/Src/stm32c0xx_hal_dma_ex.c ****    (+) Configure the DMA_MUX Synchronization Block using HAL_DMAEx_ConfigMuxSync function.
  29:Drivers/STM32C0xx_HAL_Driver/Src/stm32c0xx_hal_dma_ex.c ****    (+) Configure the DMA_MUX Request Generator Block using HAL_DMAEx_ConfigMuxRequestGenerator func
  30:Drivers/STM32C0xx_HAL_Driver/Src/stm32c0xx_hal_dma_ex.c ****        Functions HAL_DMAEx_EnableMuxRequestGenerator and HAL_DMAEx_DisableMuxRequestGenerator can t
  31:Drivers/STM32C0xx_HAL_Driver/Src/stm32c0xx_hal_dma_ex.c ****        to respectively enable/disable the request generator.
ARM GAS  C:\Users\main\AppData\Local\Temp\ccPeSYjP.s 			page 2


  32:Drivers/STM32C0xx_HAL_Driver/Src/stm32c0xx_hal_dma_ex.c **** 
  33:Drivers/STM32C0xx_HAL_Driver/Src/stm32c0xx_hal_dma_ex.c ****    (+) To handle the DMAMUX Interrupts, the function  HAL_DMAEx_MUX_IRQHandler should be called fro
  34:Drivers/STM32C0xx_HAL_Driver/Src/stm32c0xx_hal_dma_ex.c ****        the DMAMUX IRQ handler i.e DMAMUX1_OVR_IRQHandler.
  35:Drivers/STM32C0xx_HAL_Driver/Src/stm32c0xx_hal_dma_ex.c ****        As only one interrupt line is available for all DMAMUX channels and request generators , HAL
  36:Drivers/STM32C0xx_HAL_Driver/Src/stm32c0xx_hal_dma_ex.c ****        should be called with, as parameter, the appropriate DMA handle as many as used DMAs in the 
  37:Drivers/STM32C0xx_HAL_Driver/Src/stm32c0xx_hal_dma_ex.c ****       (exception done if a given DMA is not using the DMAMUX SYNC block neither a request generator
  38:Drivers/STM32C0xx_HAL_Driver/Src/stm32c0xx_hal_dma_ex.c **** 
  39:Drivers/STM32C0xx_HAL_Driver/Src/stm32c0xx_hal_dma_ex.c ****   @endverbatim
  40:Drivers/STM32C0xx_HAL_Driver/Src/stm32c0xx_hal_dma_ex.c ****   */
  41:Drivers/STM32C0xx_HAL_Driver/Src/stm32c0xx_hal_dma_ex.c **** 
  42:Drivers/STM32C0xx_HAL_Driver/Src/stm32c0xx_hal_dma_ex.c **** /* Includes ------------------------------------------------------------------*/
  43:Drivers/STM32C0xx_HAL_Driver/Src/stm32c0xx_hal_dma_ex.c **** #include "stm32c0xx_hal.h"
  44:Drivers/STM32C0xx_HAL_Driver/Src/stm32c0xx_hal_dma_ex.c **** 
  45:Drivers/STM32C0xx_HAL_Driver/Src/stm32c0xx_hal_dma_ex.c **** /** @addtogroup STM32C0xx_HAL_Driver
  46:Drivers/STM32C0xx_HAL_Driver/Src/stm32c0xx_hal_dma_ex.c ****   * @{
  47:Drivers/STM32C0xx_HAL_Driver/Src/stm32c0xx_hal_dma_ex.c ****   */
  48:Drivers/STM32C0xx_HAL_Driver/Src/stm32c0xx_hal_dma_ex.c **** 
  49:Drivers/STM32C0xx_HAL_Driver/Src/stm32c0xx_hal_dma_ex.c **** /** @defgroup DMAEx DMAEx
  50:Drivers/STM32C0xx_HAL_Driver/Src/stm32c0xx_hal_dma_ex.c ****   * @brief DMA Extended HAL module driver
  51:Drivers/STM32C0xx_HAL_Driver/Src/stm32c0xx_hal_dma_ex.c ****   * @{
  52:Drivers/STM32C0xx_HAL_Driver/Src/stm32c0xx_hal_dma_ex.c ****   */
  53:Drivers/STM32C0xx_HAL_Driver/Src/stm32c0xx_hal_dma_ex.c **** 
  54:Drivers/STM32C0xx_HAL_Driver/Src/stm32c0xx_hal_dma_ex.c **** #ifdef HAL_DMA_MODULE_ENABLED
  55:Drivers/STM32C0xx_HAL_Driver/Src/stm32c0xx_hal_dma_ex.c **** 
  56:Drivers/STM32C0xx_HAL_Driver/Src/stm32c0xx_hal_dma_ex.c **** /* Private typedef -----------------------------------------------------------*/
  57:Drivers/STM32C0xx_HAL_Driver/Src/stm32c0xx_hal_dma_ex.c **** /* Private define ------------------------------------------------------------*/
  58:Drivers/STM32C0xx_HAL_Driver/Src/stm32c0xx_hal_dma_ex.c **** /* Private macro -------------------------------------------------------------*/
  59:Drivers/STM32C0xx_HAL_Driver/Src/stm32c0xx_hal_dma_ex.c **** /* Private variables ---------------------------------------------------------*/
  60:Drivers/STM32C0xx_HAL_Driver/Src/stm32c0xx_hal_dma_ex.c **** /* Private Constants ---------------------------------------------------------*/
  61:Drivers/STM32C0xx_HAL_Driver/Src/stm32c0xx_hal_dma_ex.c **** /* Private function prototypes -----------------------------------------------*/
  62:Drivers/STM32C0xx_HAL_Driver/Src/stm32c0xx_hal_dma_ex.c **** /* Private functions ---------------------------------------------------------*/
  63:Drivers/STM32C0xx_HAL_Driver/Src/stm32c0xx_hal_dma_ex.c **** 
  64:Drivers/STM32C0xx_HAL_Driver/Src/stm32c0xx_hal_dma_ex.c **** 
  65:Drivers/STM32C0xx_HAL_Driver/Src/stm32c0xx_hal_dma_ex.c **** /** @defgroup DMAEx_Exported_Functions DMAEx Exported Functions
  66:Drivers/STM32C0xx_HAL_Driver/Src/stm32c0xx_hal_dma_ex.c ****   * @{
  67:Drivers/STM32C0xx_HAL_Driver/Src/stm32c0xx_hal_dma_ex.c ****   */
  68:Drivers/STM32C0xx_HAL_Driver/Src/stm32c0xx_hal_dma_ex.c **** 
  69:Drivers/STM32C0xx_HAL_Driver/Src/stm32c0xx_hal_dma_ex.c **** /** @defgroup DMAEx_Exported_Functions_Group1 DMAEx Extended features functions
  70:Drivers/STM32C0xx_HAL_Driver/Src/stm32c0xx_hal_dma_ex.c ****   *  @brief   Extended features functions
  71:Drivers/STM32C0xx_HAL_Driver/Src/stm32c0xx_hal_dma_ex.c ****   *
  72:Drivers/STM32C0xx_HAL_Driver/Src/stm32c0xx_hal_dma_ex.c **** @verbatim
  73:Drivers/STM32C0xx_HAL_Driver/Src/stm32c0xx_hal_dma_ex.c ****  ===============================================================================
  74:Drivers/STM32C0xx_HAL_Driver/Src/stm32c0xx_hal_dma_ex.c ****                 #####  Extended features functions  #####
  75:Drivers/STM32C0xx_HAL_Driver/Src/stm32c0xx_hal_dma_ex.c ****  ===============================================================================
  76:Drivers/STM32C0xx_HAL_Driver/Src/stm32c0xx_hal_dma_ex.c ****     [..]  This section provides functions allowing to:
  77:Drivers/STM32C0xx_HAL_Driver/Src/stm32c0xx_hal_dma_ex.c **** 
  78:Drivers/STM32C0xx_HAL_Driver/Src/stm32c0xx_hal_dma_ex.c ****     (+) Configure the DMA_MUX Synchronization Block using HAL_DMAEx_ConfigMuxSync function.
  79:Drivers/STM32C0xx_HAL_Driver/Src/stm32c0xx_hal_dma_ex.c ****     (+) Configure the DMA_MUX Request Generator Block using HAL_DMAEx_ConfigMuxRequestGenerator fun
  80:Drivers/STM32C0xx_HAL_Driver/Src/stm32c0xx_hal_dma_ex.c ****        Functions HAL_DMAEx_EnableMuxRequestGenerator and HAL_DMAEx_DisableMuxRequestGenerator can t
  81:Drivers/STM32C0xx_HAL_Driver/Src/stm32c0xx_hal_dma_ex.c ****        to respectively enable/disable the request generator.
  82:Drivers/STM32C0xx_HAL_Driver/Src/stm32c0xx_hal_dma_ex.c **** 
  83:Drivers/STM32C0xx_HAL_Driver/Src/stm32c0xx_hal_dma_ex.c **** @endverbatim
  84:Drivers/STM32C0xx_HAL_Driver/Src/stm32c0xx_hal_dma_ex.c ****   * @{
  85:Drivers/STM32C0xx_HAL_Driver/Src/stm32c0xx_hal_dma_ex.c ****   */
  86:Drivers/STM32C0xx_HAL_Driver/Src/stm32c0xx_hal_dma_ex.c **** 
  87:Drivers/STM32C0xx_HAL_Driver/Src/stm32c0xx_hal_dma_ex.c **** /**
  88:Drivers/STM32C0xx_HAL_Driver/Src/stm32c0xx_hal_dma_ex.c ****   * @brief  Configure the DMAMUX synchronization parameters for a given DMA channel (instance).
ARM GAS  C:\Users\main\AppData\Local\Temp\ccPeSYjP.s 			page 3


  89:Drivers/STM32C0xx_HAL_Driver/Src/stm32c0xx_hal_dma_ex.c ****   * @param  hdma Pointer to a DMA_HandleTypeDef structure that contains
  90:Drivers/STM32C0xx_HAL_Driver/Src/stm32c0xx_hal_dma_ex.c ****   *                     the configuration information for the specified DMA channel.
  91:Drivers/STM32C0xx_HAL_Driver/Src/stm32c0xx_hal_dma_ex.c ****   * @param  pSyncConfig Pointer to HAL_DMA_MuxSyncConfigTypeDef : contains the DMAMUX synchronizati
  92:Drivers/STM32C0xx_HAL_Driver/Src/stm32c0xx_hal_dma_ex.c ****   * @retval HAL status
  93:Drivers/STM32C0xx_HAL_Driver/Src/stm32c0xx_hal_dma_ex.c ****   */
  94:Drivers/STM32C0xx_HAL_Driver/Src/stm32c0xx_hal_dma_ex.c **** HAL_StatusTypeDef HAL_DMAEx_ConfigMuxSync(DMA_HandleTypeDef *hdma, HAL_DMA_MuxSyncConfigTypeDef *pS
  95:Drivers/STM32C0xx_HAL_Driver/Src/stm32c0xx_hal_dma_ex.c **** {
  28              		.loc 1 95 1 view -0
  29              		.cfi_startproc
  30              		@ args = 0, pretend = 0, frame = 0
  31              		@ frame_needed = 0, uses_anonymous_args = 0
  32              		.loc 1 95 1 is_stmt 0 view .LVU1
  33 0000 70B5     		push	{r4, r5, r6, lr}
  34              		.cfi_def_cfa_offset 16
  35              		.cfi_offset 4, -16
  36              		.cfi_offset 5, -12
  37              		.cfi_offset 6, -8
  38              		.cfi_offset 14, -4
  96:Drivers/STM32C0xx_HAL_Driver/Src/stm32c0xx_hal_dma_ex.c ****   /* Check the parameters */
  97:Drivers/STM32C0xx_HAL_Driver/Src/stm32c0xx_hal_dma_ex.c ****   assert_param(IS_DMA_ALL_INSTANCE(hdma->Instance));
  39              		.loc 1 97 3 is_stmt 1 view .LVU2
  98:Drivers/STM32C0xx_HAL_Driver/Src/stm32c0xx_hal_dma_ex.c ****   assert_param(IS_DMAMUX_SYNC_SIGNAL_ID(pSyncConfig->SyncSignalID));
  40              		.loc 1 98 3 view .LVU3
  99:Drivers/STM32C0xx_HAL_Driver/Src/stm32c0xx_hal_dma_ex.c ****   assert_param(IS_DMAMUX_SYNC_POLARITY(pSyncConfig-> SyncPolarity));
  41              		.loc 1 99 3 view .LVU4
 100:Drivers/STM32C0xx_HAL_Driver/Src/stm32c0xx_hal_dma_ex.c ****   assert_param(IS_DMAMUX_SYNC_STATE(pSyncConfig->SyncEnable));
  42              		.loc 1 100 3 view .LVU5
 101:Drivers/STM32C0xx_HAL_Driver/Src/stm32c0xx_hal_dma_ex.c ****   assert_param(IS_DMAMUX_SYNC_EVENT(pSyncConfig->EventEnable));
  43              		.loc 1 101 3 view .LVU6
 102:Drivers/STM32C0xx_HAL_Driver/Src/stm32c0xx_hal_dma_ex.c ****   assert_param(IS_DMAMUX_SYNC_REQUEST_NUMBER(pSyncConfig->RequestNumber));
  44              		.loc 1 102 3 view .LVU7
 103:Drivers/STM32C0xx_HAL_Driver/Src/stm32c0xx_hal_dma_ex.c **** 
 104:Drivers/STM32C0xx_HAL_Driver/Src/stm32c0xx_hal_dma_ex.c ****   /*Check if the DMA state is ready */
 105:Drivers/STM32C0xx_HAL_Driver/Src/stm32c0xx_hal_dma_ex.c ****   if (hdma->State == HAL_DMA_STATE_READY)
  45              		.loc 1 105 3 view .LVU8
  46              		.loc 1 105 11 is_stmt 0 view .LVU9
  47 0002 2523     		movs	r3, #37
  48 0004 C35C     		ldrb	r3, [r0, r3]
  49              		.loc 1 105 6 view .LVU10
  50 0006 012B     		cmp	r3, #1
  51 0008 1ED1     		bne	.L3
 106:Drivers/STM32C0xx_HAL_Driver/Src/stm32c0xx_hal_dma_ex.c ****   {
 107:Drivers/STM32C0xx_HAL_Driver/Src/stm32c0xx_hal_dma_ex.c ****     /* Process Locked */
 108:Drivers/STM32C0xx_HAL_Driver/Src/stm32c0xx_hal_dma_ex.c ****     __HAL_LOCK(hdma);
  52              		.loc 1 108 5 is_stmt 1 view .LVU11
  53              		.loc 1 108 5 view .LVU12
  54 000a 2333     		adds	r3, r3, #35
  55 000c C35C     		ldrb	r3, [r0, r3]
  56 000e 012B     		cmp	r3, #1
  57 0010 1CD0     		beq	.L4
  58              		.loc 1 108 5 discriminator 2 view .LVU13
  59 0012 2425     		movs	r5, #36
  60 0014 0123     		movs	r3, #1
  61 0016 4355     		strb	r3, [r0, r5]
  62              		.loc 1 108 5 view .LVU14
 109:Drivers/STM32C0xx_HAL_Driver/Src/stm32c0xx_hal_dma_ex.c **** 
 110:Drivers/STM32C0xx_HAL_Driver/Src/stm32c0xx_hal_dma_ex.c ****     /* Set the new synchronization parameters (and keep the request ID filled during the Init)*/
ARM GAS  C:\Users\main\AppData\Local\Temp\ccPeSYjP.s 			page 4


 111:Drivers/STM32C0xx_HAL_Driver/Src/stm32c0xx_hal_dma_ex.c ****     MODIFY_REG(hdma->DMAmuxChannel->CCR, \
  63              		.loc 1 111 5 view .LVU15
  64 0018 466C     		ldr	r6, [r0, #68]
  65 001a 3368     		ldr	r3, [r6]
  66 001c FF22     		movs	r2, #255
  67 001e 1A40     		ands	r2, r3
  68 0020 0B68     		ldr	r3, [r1]
  69 0022 1B06     		lsls	r3, r3, #24
  70 0024 CC68     		ldr	r4, [r1, #12]
  71 0026 013C     		subs	r4, r4, #1
  72 0028 E404     		lsls	r4, r4, #19
  73 002a 2343     		orrs	r3, r4
  74 002c 4C68     		ldr	r4, [r1, #4]
  75 002e 2343     		orrs	r3, r4
  76 0030 0C7A     		ldrb	r4, [r1, #8]
  77 0032 2404     		lsls	r4, r4, #16
  78 0034 2343     		orrs	r3, r4
  79 0036 497A     		ldrb	r1, [r1, #9]
  80              	.LVL1:
  81              		.loc 1 111 5 is_stmt 0 view .LVU16
  82 0038 4902     		lsls	r1, r1, #9
  83 003a 0B43     		orrs	r3, r1
  84 003c 1A43     		orrs	r2, r3
  85 003e 3260     		str	r2, [r6]
 112:Drivers/STM32C0xx_HAL_Driver/Src/stm32c0xx_hal_dma_ex.c ****                (~DMAMUX_CxCR_DMAREQ_ID), \
 113:Drivers/STM32C0xx_HAL_Driver/Src/stm32c0xx_hal_dma_ex.c ****                ((pSyncConfig->SyncSignalID) << DMAMUX_CxCR_SYNC_ID_Pos) | ((pSyncConfig->RequestNum
 114:Drivers/STM32C0xx_HAL_Driver/Src/stm32c0xx_hal_dma_ex.c ****                                                                            DMAMUX_CxCR_NBREQ_Pos) |
 115:Drivers/STM32C0xx_HAL_Driver/Src/stm32c0xx_hal_dma_ex.c ****                pSyncConfig->SyncPolarity | \
 116:Drivers/STM32C0xx_HAL_Driver/Src/stm32c0xx_hal_dma_ex.c ****                ((uint32_t)pSyncConfig->SyncEnable << \
 117:Drivers/STM32C0xx_HAL_Driver/Src/stm32c0xx_hal_dma_ex.c ****                 DMAMUX_CxCR_SE_Pos) | \
 118:Drivers/STM32C0xx_HAL_Driver/Src/stm32c0xx_hal_dma_ex.c ****                ((uint32_t)pSyncConfig->EventEnable << \
 119:Drivers/STM32C0xx_HAL_Driver/Src/stm32c0xx_hal_dma_ex.c ****                 DMAMUX_CxCR_EGE_Pos));
 120:Drivers/STM32C0xx_HAL_Driver/Src/stm32c0xx_hal_dma_ex.c **** 
 121:Drivers/STM32C0xx_HAL_Driver/Src/stm32c0xx_hal_dma_ex.c ****     /* Process UnLocked */
 122:Drivers/STM32C0xx_HAL_Driver/Src/stm32c0xx_hal_dma_ex.c ****     __HAL_UNLOCK(hdma);
  86              		.loc 1 122 5 is_stmt 1 view .LVU17
  87              		.loc 1 122 5 view .LVU18
  88 0040 0023     		movs	r3, #0
  89 0042 4355     		strb	r3, [r0, r5]
  90              		.loc 1 122 5 view .LVU19
 123:Drivers/STM32C0xx_HAL_Driver/Src/stm32c0xx_hal_dma_ex.c **** 
 124:Drivers/STM32C0xx_HAL_Driver/Src/stm32c0xx_hal_dma_ex.c ****     return HAL_OK;
  91              		.loc 1 124 5 view .LVU20
  92              		.loc 1 124 12 is_stmt 0 view .LVU21
  93 0044 0020     		movs	r0, #0
  94              	.LVL2:
  95              		.loc 1 124 12 view .LVU22
  96 0046 00E0     		b	.L2
  97              	.LVL3:
  98              	.L3:
 125:Drivers/STM32C0xx_HAL_Driver/Src/stm32c0xx_hal_dma_ex.c ****   }
 126:Drivers/STM32C0xx_HAL_Driver/Src/stm32c0xx_hal_dma_ex.c ****   else
 127:Drivers/STM32C0xx_HAL_Driver/Src/stm32c0xx_hal_dma_ex.c ****   {
 128:Drivers/STM32C0xx_HAL_Driver/Src/stm32c0xx_hal_dma_ex.c ****     /*DMA State not Ready*/
 129:Drivers/STM32C0xx_HAL_Driver/Src/stm32c0xx_hal_dma_ex.c ****     return HAL_ERROR;
  99              		.loc 1 129 12 view .LVU23
 100 0048 0120     		movs	r0, #1
ARM GAS  C:\Users\main\AppData\Local\Temp\ccPeSYjP.s 			page 5


 101              	.LVL4:
 102              	.L2:
 130:Drivers/STM32C0xx_HAL_Driver/Src/stm32c0xx_hal_dma_ex.c ****   }
 131:Drivers/STM32C0xx_HAL_Driver/Src/stm32c0xx_hal_dma_ex.c **** }
 103              		.loc 1 131 1 view .LVU24
 104              		@ sp needed
 105 004a 70BD     		pop	{r4, r5, r6, pc}
 106              	.LVL5:
 107              	.L4:
 108:Drivers/STM32C0xx_HAL_Driver/Src/stm32c0xx_hal_dma_ex.c **** 
 108              		.loc 1 108 5 discriminator 1 view .LVU25
 109 004c 0220     		movs	r0, #2
 110              	.LVL6:
 108:Drivers/STM32C0xx_HAL_Driver/Src/stm32c0xx_hal_dma_ex.c **** 
 111              		.loc 1 108 5 discriminator 1 view .LVU26
 112 004e FCE7     		b	.L2
 113              		.cfi_endproc
 114              	.LFE214:
 116              		.section	.text.HAL_DMAEx_ConfigMuxRequestGenerator,"ax",%progbits
 117              		.align	1
 118              		.global	HAL_DMAEx_ConfigMuxRequestGenerator
 119              		.syntax unified
 120              		.code	16
 121              		.thumb_func
 123              	HAL_DMAEx_ConfigMuxRequestGenerator:
 124              	.LVL7:
 125              	.LFB215:
 132:Drivers/STM32C0xx_HAL_Driver/Src/stm32c0xx_hal_dma_ex.c **** 
 133:Drivers/STM32C0xx_HAL_Driver/Src/stm32c0xx_hal_dma_ex.c **** /**
 134:Drivers/STM32C0xx_HAL_Driver/Src/stm32c0xx_hal_dma_ex.c ****   * @brief  Configure the DMAMUX request generator block used by the given DMA channel (instance).
 135:Drivers/STM32C0xx_HAL_Driver/Src/stm32c0xx_hal_dma_ex.c ****   * @param  hdma Pointer to a DMA_HandleTypeDef structure that contains
 136:Drivers/STM32C0xx_HAL_Driver/Src/stm32c0xx_hal_dma_ex.c ****   *                     the configuration information for the specified DMA channel.
 137:Drivers/STM32C0xx_HAL_Driver/Src/stm32c0xx_hal_dma_ex.c ****   * @param  pRequestGeneratorConfig Pointer to HAL_DMA_MuxRequestGeneratorConfigTypeDef :
 138:Drivers/STM32C0xx_HAL_Driver/Src/stm32c0xx_hal_dma_ex.c ****   *         contains the request generator parameters.
 139:Drivers/STM32C0xx_HAL_Driver/Src/stm32c0xx_hal_dma_ex.c ****   *
 140:Drivers/STM32C0xx_HAL_Driver/Src/stm32c0xx_hal_dma_ex.c ****   * @retval HAL status
 141:Drivers/STM32C0xx_HAL_Driver/Src/stm32c0xx_hal_dma_ex.c ****   */
 142:Drivers/STM32C0xx_HAL_Driver/Src/stm32c0xx_hal_dma_ex.c **** HAL_StatusTypeDef HAL_DMAEx_ConfigMuxRequestGenerator(DMA_HandleTypeDef *hdma,
 143:Drivers/STM32C0xx_HAL_Driver/Src/stm32c0xx_hal_dma_ex.c ****                                                       HAL_DMA_MuxRequestGeneratorConfigTypeDef *pRe
 144:Drivers/STM32C0xx_HAL_Driver/Src/stm32c0xx_hal_dma_ex.c **** {
 126              		.loc 1 144 1 is_stmt 1 view -0
 127              		.cfi_startproc
 128              		@ args = 0, pretend = 0, frame = 0
 129              		@ frame_needed = 0, uses_anonymous_args = 0
 130              		.loc 1 144 1 is_stmt 0 view .LVU28
 131 0000 30B5     		push	{r4, r5, lr}
 132              		.cfi_def_cfa_offset 12
 133              		.cfi_offset 4, -12
 134              		.cfi_offset 5, -8
 135              		.cfi_offset 14, -4
 136 0002 0300     		movs	r3, r0
 145:Drivers/STM32C0xx_HAL_Driver/Src/stm32c0xx_hal_dma_ex.c ****   /* Check the parameters */
 146:Drivers/STM32C0xx_HAL_Driver/Src/stm32c0xx_hal_dma_ex.c ****   assert_param(IS_DMA_ALL_INSTANCE(hdma->Instance));
 137              		.loc 1 146 3 is_stmt 1 view .LVU29
 147:Drivers/STM32C0xx_HAL_Driver/Src/stm32c0xx_hal_dma_ex.c **** 
 148:Drivers/STM32C0xx_HAL_Driver/Src/stm32c0xx_hal_dma_ex.c ****   assert_param(IS_DMAMUX_REQUEST_GEN_SIGNAL_ID(pRequestGeneratorConfig->SignalID));
 138              		.loc 1 148 3 view .LVU30
ARM GAS  C:\Users\main\AppData\Local\Temp\ccPeSYjP.s 			page 6


 149:Drivers/STM32C0xx_HAL_Driver/Src/stm32c0xx_hal_dma_ex.c ****   assert_param(IS_DMAMUX_REQUEST_GEN_POLARITY(pRequestGeneratorConfig->Polarity));
 139              		.loc 1 149 3 view .LVU31
 150:Drivers/STM32C0xx_HAL_Driver/Src/stm32c0xx_hal_dma_ex.c ****   assert_param(IS_DMAMUX_REQUEST_GEN_REQUEST_NUMBER(pRequestGeneratorConfig->RequestNumber));
 140              		.loc 1 150 3 view .LVU32
 151:Drivers/STM32C0xx_HAL_Driver/Src/stm32c0xx_hal_dma_ex.c **** 
 152:Drivers/STM32C0xx_HAL_Driver/Src/stm32c0xx_hal_dma_ex.c ****   /* check if the DMA state is ready
 153:Drivers/STM32C0xx_HAL_Driver/Src/stm32c0xx_hal_dma_ex.c ****      and DMA is using a DMAMUX request generator block
 154:Drivers/STM32C0xx_HAL_Driver/Src/stm32c0xx_hal_dma_ex.c ****   */
 155:Drivers/STM32C0xx_HAL_Driver/Src/stm32c0xx_hal_dma_ex.c ****   if ((hdma->State == HAL_DMA_STATE_READY) && (hdma->DMAmuxRequestGen != 0U))
 141              		.loc 1 155 3 view .LVU33
 142              		.loc 1 155 12 is_stmt 0 view .LVU34
 143 0004 2522     		movs	r2, #37
 144 0006 825C     		ldrb	r2, [r0, r2]
 145 0008 D0B2     		uxtb	r0, r2
 146              	.LVL8:
 147              		.loc 1 155 6 view .LVU35
 148 000a 012A     		cmp	r2, #1
 149 000c 15D1     		bne	.L7
 150              		.loc 1 155 52 discriminator 1 view .LVU36
 151 000e 1C6D     		ldr	r4, [r3, #80]
 152              		.loc 1 155 44 discriminator 1 view .LVU37
 153 0010 002C     		cmp	r4, #0
 154 0012 13D0     		beq	.L6
 156:Drivers/STM32C0xx_HAL_Driver/Src/stm32c0xx_hal_dma_ex.c ****   {
 157:Drivers/STM32C0xx_HAL_Driver/Src/stm32c0xx_hal_dma_ex.c ****     /* Process Locked */
 158:Drivers/STM32C0xx_HAL_Driver/Src/stm32c0xx_hal_dma_ex.c ****     __HAL_LOCK(hdma);
 155              		.loc 1 158 5 is_stmt 1 view .LVU38
 156              		.loc 1 158 5 view .LVU39
 157 0014 2332     		adds	r2, r2, #35
 158 0016 9A5C     		ldrb	r2, [r3, r2]
 159 0018 012A     		cmp	r2, #1
 160 001a 10D0     		beq	.L8
 161              		.loc 1 158 5 discriminator 2 view .LVU40
 162 001c 2425     		movs	r5, #36
 163 001e 0122     		movs	r2, #1
 164 0020 5A55     		strb	r2, [r3, r5]
 165              		.loc 1 158 5 view .LVU41
 159:Drivers/STM32C0xx_HAL_Driver/Src/stm32c0xx_hal_dma_ex.c **** 
 160:Drivers/STM32C0xx_HAL_Driver/Src/stm32c0xx_hal_dma_ex.c ****     /* Set the request generator new parameters*/
 161:Drivers/STM32C0xx_HAL_Driver/Src/stm32c0xx_hal_dma_ex.c ****     hdma->DMAmuxRequestGen->RGCR = pRequestGeneratorConfig->SignalID | \
 166              		.loc 1 161 5 view .LVU42
 167              		.loc 1 161 59 is_stmt 0 view .LVU43
 168 0022 0A68     		ldr	r2, [r1]
 162:Drivers/STM32C0xx_HAL_Driver/Src/stm32c0xx_hal_dma_ex.c ****                                    ((pRequestGeneratorConfig->RequestNumber - 1U) << DMAMUX_RGxCR_G
 169              		.loc 1 162 61 view .LVU44
 170 0024 8868     		ldr	r0, [r1, #8]
 171              		.loc 1 162 77 view .LVU45
 172 0026 0138     		subs	r0, r0, #1
 173              		.loc 1 162 83 view .LVU46
 174 0028 C004     		lsls	r0, r0, #19
 161:Drivers/STM32C0xx_HAL_Driver/Src/stm32c0xx_hal_dma_ex.c ****                                    ((pRequestGeneratorConfig->RequestNumber - 1U) << DMAMUX_RGxCR_G
 175              		.loc 1 161 70 view .LVU47
 176 002a 0243     		orrs	r2, r0
 163:Drivers/STM32C0xx_HAL_Driver/Src/stm32c0xx_hal_dma_ex.c ****                                    pRequestGeneratorConfig->Polarity;
 177              		.loc 1 163 59 view .LVU48
 178 002c 4968     		ldr	r1, [r1, #4]
 179              	.LVL9:
ARM GAS  C:\Users\main\AppData\Local\Temp\ccPeSYjP.s 			page 7


 162:Drivers/STM32C0xx_HAL_Driver/Src/stm32c0xx_hal_dma_ex.c ****                                    ((pRequestGeneratorConfig->RequestNumber - 1U) << DMAMUX_RGxCR_G
 180              		.loc 1 162 111 view .LVU49
 181 002e 0A43     		orrs	r2, r1
 161:Drivers/STM32C0xx_HAL_Driver/Src/stm32c0xx_hal_dma_ex.c ****                                    ((pRequestGeneratorConfig->RequestNumber - 1U) << DMAMUX_RGxCR_G
 182              		.loc 1 161 34 view .LVU50
 183 0030 2260     		str	r2, [r4]
 164:Drivers/STM32C0xx_HAL_Driver/Src/stm32c0xx_hal_dma_ex.c ****     /* Process UnLocked */
 165:Drivers/STM32C0xx_HAL_Driver/Src/stm32c0xx_hal_dma_ex.c ****     __HAL_UNLOCK(hdma);
 184              		.loc 1 165 5 is_stmt 1 view .LVU51
 185              		.loc 1 165 5 view .LVU52
 186 0032 0022     		movs	r2, #0
 187 0034 5A55     		strb	r2, [r3, r5]
 188              		.loc 1 165 5 view .LVU53
 166:Drivers/STM32C0xx_HAL_Driver/Src/stm32c0xx_hal_dma_ex.c **** 
 167:Drivers/STM32C0xx_HAL_Driver/Src/stm32c0xx_hal_dma_ex.c ****     return HAL_OK;
 189              		.loc 1 167 5 view .LVU54
 190              		.loc 1 167 12 is_stmt 0 view .LVU55
 191 0036 0020     		movs	r0, #0
 192 0038 00E0     		b	.L6
 193              	.LVL10:
 194              	.L7:
 168:Drivers/STM32C0xx_HAL_Driver/Src/stm32c0xx_hal_dma_ex.c ****   }
 169:Drivers/STM32C0xx_HAL_Driver/Src/stm32c0xx_hal_dma_ex.c ****   else
 170:Drivers/STM32C0xx_HAL_Driver/Src/stm32c0xx_hal_dma_ex.c ****   {
 171:Drivers/STM32C0xx_HAL_Driver/Src/stm32c0xx_hal_dma_ex.c ****     return HAL_ERROR;
 195              		.loc 1 171 12 view .LVU56
 196 003a 0120     		movs	r0, #1
 197              	.LVL11:
 198              	.L6:
 172:Drivers/STM32C0xx_HAL_Driver/Src/stm32c0xx_hal_dma_ex.c ****   }
 173:Drivers/STM32C0xx_HAL_Driver/Src/stm32c0xx_hal_dma_ex.c **** }
 199              		.loc 1 173 1 view .LVU57
 200              		@ sp needed
 201 003c 30BD     		pop	{r4, r5, pc}
 202              	.LVL12:
 203              	.L8:
 158:Drivers/STM32C0xx_HAL_Driver/Src/stm32c0xx_hal_dma_ex.c **** 
 204              		.loc 1 158 5 discriminator 1 view .LVU58
 205 003e 0220     		movs	r0, #2
 206 0040 FCE7     		b	.L6
 207              		.cfi_endproc
 208              	.LFE215:
 210              		.section	.text.HAL_DMAEx_EnableMuxRequestGenerator,"ax",%progbits
 211              		.align	1
 212              		.global	HAL_DMAEx_EnableMuxRequestGenerator
 213              		.syntax unified
 214              		.code	16
 215              		.thumb_func
 217              	HAL_DMAEx_EnableMuxRequestGenerator:
 218              	.LVL13:
 219              	.LFB216:
 174:Drivers/STM32C0xx_HAL_Driver/Src/stm32c0xx_hal_dma_ex.c **** 
 175:Drivers/STM32C0xx_HAL_Driver/Src/stm32c0xx_hal_dma_ex.c **** /**
 176:Drivers/STM32C0xx_HAL_Driver/Src/stm32c0xx_hal_dma_ex.c ****   * @brief  Enable the DMAMUX request generator block used by the given DMA channel (instance).
 177:Drivers/STM32C0xx_HAL_Driver/Src/stm32c0xx_hal_dma_ex.c ****   * @param  hdma Pointer to a DMA_HandleTypeDef structure that contains
 178:Drivers/STM32C0xx_HAL_Driver/Src/stm32c0xx_hal_dma_ex.c ****   *                     the configuration information for the specified DMA channel.
 179:Drivers/STM32C0xx_HAL_Driver/Src/stm32c0xx_hal_dma_ex.c ****   * @retval HAL status
ARM GAS  C:\Users\main\AppData\Local\Temp\ccPeSYjP.s 			page 8


 180:Drivers/STM32C0xx_HAL_Driver/Src/stm32c0xx_hal_dma_ex.c ****   */
 181:Drivers/STM32C0xx_HAL_Driver/Src/stm32c0xx_hal_dma_ex.c **** HAL_StatusTypeDef HAL_DMAEx_EnableMuxRequestGenerator(DMA_HandleTypeDef *hdma)
 182:Drivers/STM32C0xx_HAL_Driver/Src/stm32c0xx_hal_dma_ex.c **** {
 220              		.loc 1 182 1 is_stmt 1 view -0
 221              		.cfi_startproc
 222              		@ args = 0, pretend = 0, frame = 0
 223              		@ frame_needed = 0, uses_anonymous_args = 0
 224              		@ link register save eliminated.
 183:Drivers/STM32C0xx_HAL_Driver/Src/stm32c0xx_hal_dma_ex.c ****   /* Check the parameters */
 184:Drivers/STM32C0xx_HAL_Driver/Src/stm32c0xx_hal_dma_ex.c ****   assert_param(IS_DMA_ALL_INSTANCE(hdma->Instance));
 225              		.loc 1 184 3 view .LVU60
 185:Drivers/STM32C0xx_HAL_Driver/Src/stm32c0xx_hal_dma_ex.c **** 
 186:Drivers/STM32C0xx_HAL_Driver/Src/stm32c0xx_hal_dma_ex.c ****   /* check if the DMA state is ready
 187:Drivers/STM32C0xx_HAL_Driver/Src/stm32c0xx_hal_dma_ex.c ****      and DMA is using a DMAMUX request generator block
 188:Drivers/STM32C0xx_HAL_Driver/Src/stm32c0xx_hal_dma_ex.c ****   */
 189:Drivers/STM32C0xx_HAL_Driver/Src/stm32c0xx_hal_dma_ex.c ****   if ((hdma->State != HAL_DMA_STATE_RESET) && (hdma->DMAmuxRequestGen != 0))
 226              		.loc 1 189 3 view .LVU61
 227              		.loc 1 189 12 is_stmt 0 view .LVU62
 228 0000 2523     		movs	r3, #37
 229 0002 C35C     		ldrb	r3, [r0, r3]
 230              		.loc 1 189 6 view .LVU63
 231 0004 002B     		cmp	r3, #0
 232 0006 09D0     		beq	.L11
 233              		.loc 1 189 52 discriminator 1 view .LVU64
 234 0008 036D     		ldr	r3, [r0, #80]
 235              		.loc 1 189 44 discriminator 1 view .LVU65
 236 000a 002B     		cmp	r3, #0
 237 000c 08D0     		beq	.L12
 190:Drivers/STM32C0xx_HAL_Driver/Src/stm32c0xx_hal_dma_ex.c ****   {
 191:Drivers/STM32C0xx_HAL_Driver/Src/stm32c0xx_hal_dma_ex.c ****     /* Enable the request generator*/
 192:Drivers/STM32C0xx_HAL_Driver/Src/stm32c0xx_hal_dma_ex.c ****     hdma->DMAmuxRequestGen->RGCR |= DMAMUX_RGxCR_GE;
 238              		.loc 1 192 5 is_stmt 1 view .LVU66
 239              		.loc 1 192 27 is_stmt 0 view .LVU67
 240 000e 1968     		ldr	r1, [r3]
 241              		.loc 1 192 34 view .LVU68
 242 0010 8022     		movs	r2, #128
 243 0012 5202     		lsls	r2, r2, #9
 244 0014 0A43     		orrs	r2, r1
 245 0016 1A60     		str	r2, [r3]
 193:Drivers/STM32C0xx_HAL_Driver/Src/stm32c0xx_hal_dma_ex.c **** 
 194:Drivers/STM32C0xx_HAL_Driver/Src/stm32c0xx_hal_dma_ex.c ****     return HAL_OK;
 246              		.loc 1 194 5 is_stmt 1 view .LVU69
 247              		.loc 1 194 12 is_stmt 0 view .LVU70
 248 0018 0020     		movs	r0, #0
 249              	.LVL14:
 250              	.L10:
 195:Drivers/STM32C0xx_HAL_Driver/Src/stm32c0xx_hal_dma_ex.c ****   }
 196:Drivers/STM32C0xx_HAL_Driver/Src/stm32c0xx_hal_dma_ex.c ****   else
 197:Drivers/STM32C0xx_HAL_Driver/Src/stm32c0xx_hal_dma_ex.c ****   {
 198:Drivers/STM32C0xx_HAL_Driver/Src/stm32c0xx_hal_dma_ex.c ****     return HAL_ERROR;
 199:Drivers/STM32C0xx_HAL_Driver/Src/stm32c0xx_hal_dma_ex.c ****   }
 200:Drivers/STM32C0xx_HAL_Driver/Src/stm32c0xx_hal_dma_ex.c **** }
 251              		.loc 1 200 1 view .LVU71
 252              		@ sp needed
 253 001a 7047     		bx	lr
 254              	.LVL15:
 255              	.L11:
ARM GAS  C:\Users\main\AppData\Local\Temp\ccPeSYjP.s 			page 9


 198:Drivers/STM32C0xx_HAL_Driver/Src/stm32c0xx_hal_dma_ex.c ****   }
 256              		.loc 1 198 12 view .LVU72
 257 001c 0120     		movs	r0, #1
 258              	.LVL16:
 198:Drivers/STM32C0xx_HAL_Driver/Src/stm32c0xx_hal_dma_ex.c ****   }
 259              		.loc 1 198 12 view .LVU73
 260 001e FCE7     		b	.L10
 261              	.LVL17:
 262              	.L12:
 198:Drivers/STM32C0xx_HAL_Driver/Src/stm32c0xx_hal_dma_ex.c ****   }
 263              		.loc 1 198 12 view .LVU74
 264 0020 0120     		movs	r0, #1
 265              	.LVL18:
 198:Drivers/STM32C0xx_HAL_Driver/Src/stm32c0xx_hal_dma_ex.c ****   }
 266              		.loc 1 198 12 view .LVU75
 267 0022 FAE7     		b	.L10
 268              		.cfi_endproc
 269              	.LFE216:
 271              		.section	.text.HAL_DMAEx_DisableMuxRequestGenerator,"ax",%progbits
 272              		.align	1
 273              		.global	HAL_DMAEx_DisableMuxRequestGenerator
 274              		.syntax unified
 275              		.code	16
 276              		.thumb_func
 278              	HAL_DMAEx_DisableMuxRequestGenerator:
 279              	.LVL19:
 280              	.LFB217:
 201:Drivers/STM32C0xx_HAL_Driver/Src/stm32c0xx_hal_dma_ex.c **** 
 202:Drivers/STM32C0xx_HAL_Driver/Src/stm32c0xx_hal_dma_ex.c **** /**
 203:Drivers/STM32C0xx_HAL_Driver/Src/stm32c0xx_hal_dma_ex.c ****   * @brief  Disable the DMAMUX request generator block used by the given DMA channel (instance).
 204:Drivers/STM32C0xx_HAL_Driver/Src/stm32c0xx_hal_dma_ex.c ****   * @param  hdma Pointer to a DMA_HandleTypeDef structure that contains
 205:Drivers/STM32C0xx_HAL_Driver/Src/stm32c0xx_hal_dma_ex.c ****   *                     the configuration information for the specified DMA channel.
 206:Drivers/STM32C0xx_HAL_Driver/Src/stm32c0xx_hal_dma_ex.c ****   * @retval HAL status
 207:Drivers/STM32C0xx_HAL_Driver/Src/stm32c0xx_hal_dma_ex.c ****   */
 208:Drivers/STM32C0xx_HAL_Driver/Src/stm32c0xx_hal_dma_ex.c **** HAL_StatusTypeDef HAL_DMAEx_DisableMuxRequestGenerator(DMA_HandleTypeDef *hdma)
 209:Drivers/STM32C0xx_HAL_Driver/Src/stm32c0xx_hal_dma_ex.c **** {
 281              		.loc 1 209 1 is_stmt 1 view -0
 282              		.cfi_startproc
 283              		@ args = 0, pretend = 0, frame = 0
 284              		@ frame_needed = 0, uses_anonymous_args = 0
 285              		@ link register save eliminated.
 210:Drivers/STM32C0xx_HAL_Driver/Src/stm32c0xx_hal_dma_ex.c ****   /* Check the parameters */
 211:Drivers/STM32C0xx_HAL_Driver/Src/stm32c0xx_hal_dma_ex.c ****   assert_param(IS_DMA_ALL_INSTANCE(hdma->Instance));
 286              		.loc 1 211 3 view .LVU77
 212:Drivers/STM32C0xx_HAL_Driver/Src/stm32c0xx_hal_dma_ex.c **** 
 213:Drivers/STM32C0xx_HAL_Driver/Src/stm32c0xx_hal_dma_ex.c ****   /* check if the DMA state is ready
 214:Drivers/STM32C0xx_HAL_Driver/Src/stm32c0xx_hal_dma_ex.c ****      and DMA is using a DMAMUX request generator block
 215:Drivers/STM32C0xx_HAL_Driver/Src/stm32c0xx_hal_dma_ex.c ****   */
 216:Drivers/STM32C0xx_HAL_Driver/Src/stm32c0xx_hal_dma_ex.c ****   if ((hdma->State != HAL_DMA_STATE_RESET) && (hdma->DMAmuxRequestGen != 0))
 287              		.loc 1 216 3 view .LVU78
 288              		.loc 1 216 12 is_stmt 0 view .LVU79
 289 0000 2523     		movs	r3, #37
 290 0002 C35C     		ldrb	r3, [r0, r3]
 291              		.loc 1 216 6 view .LVU80
 292 0004 002B     		cmp	r3, #0
 293 0006 08D0     		beq	.L15
 294              		.loc 1 216 52 discriminator 1 view .LVU81
ARM GAS  C:\Users\main\AppData\Local\Temp\ccPeSYjP.s 			page 10


 295 0008 036D     		ldr	r3, [r0, #80]
 296              		.loc 1 216 44 discriminator 1 view .LVU82
 297 000a 002B     		cmp	r3, #0
 298 000c 07D0     		beq	.L16
 217:Drivers/STM32C0xx_HAL_Driver/Src/stm32c0xx_hal_dma_ex.c ****   {
 218:Drivers/STM32C0xx_HAL_Driver/Src/stm32c0xx_hal_dma_ex.c **** 
 219:Drivers/STM32C0xx_HAL_Driver/Src/stm32c0xx_hal_dma_ex.c ****     /* Disable the request generator*/
 220:Drivers/STM32C0xx_HAL_Driver/Src/stm32c0xx_hal_dma_ex.c ****     hdma->DMAmuxRequestGen->RGCR &= ~DMAMUX_RGxCR_GE;
 299              		.loc 1 220 5 is_stmt 1 view .LVU83
 300              		.loc 1 220 27 is_stmt 0 view .LVU84
 301 000e 1A68     		ldr	r2, [r3]
 302              		.loc 1 220 34 view .LVU85
 303 0010 0449     		ldr	r1, .L17
 304 0012 0A40     		ands	r2, r1
 305 0014 1A60     		str	r2, [r3]
 221:Drivers/STM32C0xx_HAL_Driver/Src/stm32c0xx_hal_dma_ex.c **** 
 222:Drivers/STM32C0xx_HAL_Driver/Src/stm32c0xx_hal_dma_ex.c ****     return HAL_OK;
 306              		.loc 1 222 5 is_stmt 1 view .LVU86
 307              		.loc 1 222 12 is_stmt 0 view .LVU87
 308 0016 0020     		movs	r0, #0
 309              	.LVL20:
 310              	.L14:
 223:Drivers/STM32C0xx_HAL_Driver/Src/stm32c0xx_hal_dma_ex.c ****   }
 224:Drivers/STM32C0xx_HAL_Driver/Src/stm32c0xx_hal_dma_ex.c ****   else
 225:Drivers/STM32C0xx_HAL_Driver/Src/stm32c0xx_hal_dma_ex.c ****   {
 226:Drivers/STM32C0xx_HAL_Driver/Src/stm32c0xx_hal_dma_ex.c ****     return HAL_ERROR;
 227:Drivers/STM32C0xx_HAL_Driver/Src/stm32c0xx_hal_dma_ex.c ****   }
 228:Drivers/STM32C0xx_HAL_Driver/Src/stm32c0xx_hal_dma_ex.c **** }
 311              		.loc 1 228 1 view .LVU88
 312              		@ sp needed
 313 0018 7047     		bx	lr
 314              	.LVL21:
 315              	.L15:
 226:Drivers/STM32C0xx_HAL_Driver/Src/stm32c0xx_hal_dma_ex.c ****   }
 316              		.loc 1 226 12 view .LVU89
 317 001a 0120     		movs	r0, #1
 318              	.LVL22:
 226:Drivers/STM32C0xx_HAL_Driver/Src/stm32c0xx_hal_dma_ex.c ****   }
 319              		.loc 1 226 12 view .LVU90
 320 001c FCE7     		b	.L14
 321              	.LVL23:
 322              	.L16:
 226:Drivers/STM32C0xx_HAL_Driver/Src/stm32c0xx_hal_dma_ex.c ****   }
 323              		.loc 1 226 12 view .LVU91
 324 001e 0120     		movs	r0, #1
 325              	.LVL24:
 226:Drivers/STM32C0xx_HAL_Driver/Src/stm32c0xx_hal_dma_ex.c ****   }
 326              		.loc 1 226 12 view .LVU92
 327 0020 FAE7     		b	.L14
 328              	.L18:
 329 0022 C046     		.align	2
 330              	.L17:
 331 0024 FFFFFEFF 		.word	-65537
 332              		.cfi_endproc
 333              	.LFE217:
 335              		.section	.text.HAL_DMAEx_MUX_IRQHandler,"ax",%progbits
 336              		.align	1
ARM GAS  C:\Users\main\AppData\Local\Temp\ccPeSYjP.s 			page 11


 337              		.global	HAL_DMAEx_MUX_IRQHandler
 338              		.syntax unified
 339              		.code	16
 340              		.thumb_func
 342              	HAL_DMAEx_MUX_IRQHandler:
 343              	.LVL25:
 344              	.LFB218:
 229:Drivers/STM32C0xx_HAL_Driver/Src/stm32c0xx_hal_dma_ex.c **** 
 230:Drivers/STM32C0xx_HAL_Driver/Src/stm32c0xx_hal_dma_ex.c **** /**
 231:Drivers/STM32C0xx_HAL_Driver/Src/stm32c0xx_hal_dma_ex.c ****   * @brief  Handles DMAMUX interrupt request.
 232:Drivers/STM32C0xx_HAL_Driver/Src/stm32c0xx_hal_dma_ex.c ****   * @param  hdma Pointer to a DMA_HandleTypeDef structure that contains
 233:Drivers/STM32C0xx_HAL_Driver/Src/stm32c0xx_hal_dma_ex.c ****   *               the configuration information for the specified DMA channel.
 234:Drivers/STM32C0xx_HAL_Driver/Src/stm32c0xx_hal_dma_ex.c ****   * @retval None
 235:Drivers/STM32C0xx_HAL_Driver/Src/stm32c0xx_hal_dma_ex.c ****   */
 236:Drivers/STM32C0xx_HAL_Driver/Src/stm32c0xx_hal_dma_ex.c **** void HAL_DMAEx_MUX_IRQHandler(DMA_HandleTypeDef *hdma)
 237:Drivers/STM32C0xx_HAL_Driver/Src/stm32c0xx_hal_dma_ex.c **** {
 345              		.loc 1 237 1 is_stmt 1 view -0
 346              		.cfi_startproc
 347              		@ args = 0, pretend = 0, frame = 0
 348              		@ frame_needed = 0, uses_anonymous_args = 0
 349              		.loc 1 237 1 is_stmt 0 view .LVU94
 350 0000 10B5     		push	{r4, lr}
 351              		.cfi_def_cfa_offset 8
 352              		.cfi_offset 4, -8
 353              		.cfi_offset 14, -4
 354 0002 0400     		movs	r4, r0
 238:Drivers/STM32C0xx_HAL_Driver/Src/stm32c0xx_hal_dma_ex.c ****   /* Check for DMAMUX Synchronization overrun */
 239:Drivers/STM32C0xx_HAL_Driver/Src/stm32c0xx_hal_dma_ex.c ****   if ((hdma->DMAmuxChannelStatus->CSR & hdma->DMAmuxChannelStatusMask) != 0U)
 355              		.loc 1 239 3 is_stmt 1 view .LVU95
 356              		.loc 1 239 12 is_stmt 0 view .LVU96
 357 0004 836C     		ldr	r3, [r0, #72]
 358              		.loc 1 239 33 view .LVU97
 359 0006 1B68     		ldr	r3, [r3]
 360              		.loc 1 239 45 view .LVU98
 361 0008 C26C     		ldr	r2, [r0, #76]
 362              		.loc 1 239 6 view .LVU99
 363 000a 1A42     		tst	r2, r3
 364 000c 10D0     		beq	.L20
 240:Drivers/STM32C0xx_HAL_Driver/Src/stm32c0xx_hal_dma_ex.c ****   {
 241:Drivers/STM32C0xx_HAL_Driver/Src/stm32c0xx_hal_dma_ex.c ****     /* Disable the synchro overrun interrupt */
 242:Drivers/STM32C0xx_HAL_Driver/Src/stm32c0xx_hal_dma_ex.c ****     hdma->DMAmuxChannel->CCR &= ~DMAMUX_CxCR_SOIE;
 365              		.loc 1 242 5 is_stmt 1 view .LVU100
 366              		.loc 1 242 9 is_stmt 0 view .LVU101
 367 000e 426C     		ldr	r2, [r0, #68]
 368              		.loc 1 242 24 view .LVU102
 369 0010 1368     		ldr	r3, [r2]
 370              		.loc 1 242 30 view .LVU103
 371 0012 1449     		ldr	r1, .L22
 372 0014 0B40     		ands	r3, r1
 373 0016 1360     		str	r3, [r2]
 243:Drivers/STM32C0xx_HAL_Driver/Src/stm32c0xx_hal_dma_ex.c **** 
 244:Drivers/STM32C0xx_HAL_Driver/Src/stm32c0xx_hal_dma_ex.c ****     /* Clear the DMAMUX synchro overrun flag */
 245:Drivers/STM32C0xx_HAL_Driver/Src/stm32c0xx_hal_dma_ex.c ****     hdma->DMAmuxChannelStatus->CFR = hdma->DMAmuxChannelStatusMask;
 374              		.loc 1 245 5 is_stmt 1 view .LVU104
 375              		.loc 1 245 9 is_stmt 0 view .LVU105
 376 0018 836C     		ldr	r3, [r0, #72]
 377              		.loc 1 245 42 view .LVU106
ARM GAS  C:\Users\main\AppData\Local\Temp\ccPeSYjP.s 			page 12


 378 001a C26C     		ldr	r2, [r0, #76]
 379              		.loc 1 245 36 view .LVU107
 380 001c 5A60     		str	r2, [r3, #4]
 246:Drivers/STM32C0xx_HAL_Driver/Src/stm32c0xx_hal_dma_ex.c **** 
 247:Drivers/STM32C0xx_HAL_Driver/Src/stm32c0xx_hal_dma_ex.c ****     /* Update error code */
 248:Drivers/STM32C0xx_HAL_Driver/Src/stm32c0xx_hal_dma_ex.c ****     hdma->ErrorCode |= HAL_DMA_ERROR_SYNC;
 381              		.loc 1 248 5 is_stmt 1 view .LVU108
 382              		.loc 1 248 9 is_stmt 0 view .LVU109
 383 001e C26B     		ldr	r2, [r0, #60]
 384              		.loc 1 248 21 view .LVU110
 385 0020 8023     		movs	r3, #128
 386 0022 9B00     		lsls	r3, r3, #2
 387 0024 1343     		orrs	r3, r2
 388 0026 C363     		str	r3, [r0, #60]
 249:Drivers/STM32C0xx_HAL_Driver/Src/stm32c0xx_hal_dma_ex.c **** 
 250:Drivers/STM32C0xx_HAL_Driver/Src/stm32c0xx_hal_dma_ex.c ****     if (hdma->XferErrorCallback != NULL)
 389              		.loc 1 250 5 is_stmt 1 view .LVU111
 390              		.loc 1 250 13 is_stmt 0 view .LVU112
 391 0028 436B     		ldr	r3, [r0, #52]
 392              		.loc 1 250 8 view .LVU113
 393 002a 002B     		cmp	r3, #0
 394 002c 00D0     		beq	.L20
 251:Drivers/STM32C0xx_HAL_Driver/Src/stm32c0xx_hal_dma_ex.c ****     {
 252:Drivers/STM32C0xx_HAL_Driver/Src/stm32c0xx_hal_dma_ex.c ****       /* Transfer error callback */
 253:Drivers/STM32C0xx_HAL_Driver/Src/stm32c0xx_hal_dma_ex.c ****       hdma->XferErrorCallback(hdma);
 395              		.loc 1 253 7 is_stmt 1 view .LVU114
 396 002e 9847     		blx	r3
 397              	.LVL26:
 398              	.L20:
 254:Drivers/STM32C0xx_HAL_Driver/Src/stm32c0xx_hal_dma_ex.c ****     }
 255:Drivers/STM32C0xx_HAL_Driver/Src/stm32c0xx_hal_dma_ex.c ****   }
 256:Drivers/STM32C0xx_HAL_Driver/Src/stm32c0xx_hal_dma_ex.c **** 
 257:Drivers/STM32C0xx_HAL_Driver/Src/stm32c0xx_hal_dma_ex.c ****   if (hdma->DMAmuxRequestGen != 0)
 399              		.loc 1 257 3 view .LVU115
 400              		.loc 1 257 11 is_stmt 0 view .LVU116
 401 0030 236D     		ldr	r3, [r4, #80]
 402              		.loc 1 257 6 view .LVU117
 403 0032 002B     		cmp	r3, #0
 404 0034 15D0     		beq	.L19
 258:Drivers/STM32C0xx_HAL_Driver/Src/stm32c0xx_hal_dma_ex.c ****   {
 259:Drivers/STM32C0xx_HAL_Driver/Src/stm32c0xx_hal_dma_ex.c ****     /* if using a DMAMUX request generator block Check for DMAMUX request generator overrun */
 260:Drivers/STM32C0xx_HAL_Driver/Src/stm32c0xx_hal_dma_ex.c ****     if ((hdma->DMAmuxRequestGenStatus->RGSR & hdma->DMAmuxRequestGenStatusMask) != 0U)
 405              		.loc 1 260 5 is_stmt 1 view .LVU118
 406              		.loc 1 260 14 is_stmt 0 view .LVU119
 407 0036 626D     		ldr	r2, [r4, #84]
 408              		.loc 1 260 38 view .LVU120
 409 0038 1268     		ldr	r2, [r2]
 410              		.loc 1 260 51 view .LVU121
 411 003a A16D     		ldr	r1, [r4, #88]
 412              		.loc 1 260 8 view .LVU122
 413 003c 1142     		tst	r1, r2
 414 003e 10D0     		beq	.L19
 261:Drivers/STM32C0xx_HAL_Driver/Src/stm32c0xx_hal_dma_ex.c ****     {
 262:Drivers/STM32C0xx_HAL_Driver/Src/stm32c0xx_hal_dma_ex.c ****       /* Disable the request gen overrun interrupt */
 263:Drivers/STM32C0xx_HAL_Driver/Src/stm32c0xx_hal_dma_ex.c ****       hdma->DMAmuxRequestGen->RGCR &= ~DMAMUX_RGxCR_OIE;
 415              		.loc 1 263 7 is_stmt 1 view .LVU123
 416              		.loc 1 263 29 is_stmt 0 view .LVU124
ARM GAS  C:\Users\main\AppData\Local\Temp\ccPeSYjP.s 			page 13


 417 0040 1A68     		ldr	r2, [r3]
 418              		.loc 1 263 36 view .LVU125
 419 0042 0849     		ldr	r1, .L22
 420 0044 0A40     		ands	r2, r1
 421 0046 1A60     		str	r2, [r3]
 264:Drivers/STM32C0xx_HAL_Driver/Src/stm32c0xx_hal_dma_ex.c **** 
 265:Drivers/STM32C0xx_HAL_Driver/Src/stm32c0xx_hal_dma_ex.c ****       /* Clear the DMAMUX request generator overrun flag */
 266:Drivers/STM32C0xx_HAL_Driver/Src/stm32c0xx_hal_dma_ex.c ****       hdma->DMAmuxRequestGenStatus->RGCFR = hdma->DMAmuxRequestGenStatusMask;
 422              		.loc 1 266 7 is_stmt 1 view .LVU126
 423              		.loc 1 266 11 is_stmt 0 view .LVU127
 424 0048 636D     		ldr	r3, [r4, #84]
 425              		.loc 1 266 49 view .LVU128
 426 004a A26D     		ldr	r2, [r4, #88]
 427              		.loc 1 266 43 view .LVU129
 428 004c 5A60     		str	r2, [r3, #4]
 267:Drivers/STM32C0xx_HAL_Driver/Src/stm32c0xx_hal_dma_ex.c **** 
 268:Drivers/STM32C0xx_HAL_Driver/Src/stm32c0xx_hal_dma_ex.c ****       /* Update error code */
 269:Drivers/STM32C0xx_HAL_Driver/Src/stm32c0xx_hal_dma_ex.c ****       hdma->ErrorCode |= HAL_DMA_ERROR_REQGEN;
 429              		.loc 1 269 7 is_stmt 1 view .LVU130
 430              		.loc 1 269 11 is_stmt 0 view .LVU131
 431 004e E26B     		ldr	r2, [r4, #60]
 432              		.loc 1 269 23 view .LVU132
 433 0050 8023     		movs	r3, #128
 434 0052 DB00     		lsls	r3, r3, #3
 435 0054 1343     		orrs	r3, r2
 436 0056 E363     		str	r3, [r4, #60]
 270:Drivers/STM32C0xx_HAL_Driver/Src/stm32c0xx_hal_dma_ex.c **** 
 271:Drivers/STM32C0xx_HAL_Driver/Src/stm32c0xx_hal_dma_ex.c ****       if (hdma->XferErrorCallback != NULL)
 437              		.loc 1 271 7 is_stmt 1 view .LVU133
 438              		.loc 1 271 15 is_stmt 0 view .LVU134
 439 0058 636B     		ldr	r3, [r4, #52]
 440              		.loc 1 271 10 view .LVU135
 441 005a 002B     		cmp	r3, #0
 442 005c 01D0     		beq	.L19
 272:Drivers/STM32C0xx_HAL_Driver/Src/stm32c0xx_hal_dma_ex.c ****       {
 273:Drivers/STM32C0xx_HAL_Driver/Src/stm32c0xx_hal_dma_ex.c ****         /* Transfer error callback */
 274:Drivers/STM32C0xx_HAL_Driver/Src/stm32c0xx_hal_dma_ex.c ****         hdma->XferErrorCallback(hdma);
 443              		.loc 1 274 9 is_stmt 1 view .LVU136
 444 005e 2000     		movs	r0, r4
 445 0060 9847     		blx	r3
 446              	.LVL27:
 447              	.L19:
 275:Drivers/STM32C0xx_HAL_Driver/Src/stm32c0xx_hal_dma_ex.c ****       }
 276:Drivers/STM32C0xx_HAL_Driver/Src/stm32c0xx_hal_dma_ex.c ****     }
 277:Drivers/STM32C0xx_HAL_Driver/Src/stm32c0xx_hal_dma_ex.c ****   }
 278:Drivers/STM32C0xx_HAL_Driver/Src/stm32c0xx_hal_dma_ex.c **** }
 448              		.loc 1 278 1 is_stmt 0 view .LVU137
 449              		@ sp needed
 450              	.LVL28:
 451              		.loc 1 278 1 view .LVU138
 452 0062 10BD     		pop	{r4, pc}
 453              	.L23:
 454              		.align	2
 455              	.L22:
 456 0064 FFFEFFFF 		.word	-257
 457              		.cfi_endproc
 458              	.LFE218:
ARM GAS  C:\Users\main\AppData\Local\Temp\ccPeSYjP.s 			page 14


 460              		.text
 461              	.Letext0:
 462              		.file 2 "C:/Users/main/AppData/Roaming/Code/User/globalStorage/bmd.stm32-for-vscode/@xpack-dev-too
 463              		.file 3 "C:/Users/main/AppData/Roaming/Code/User/globalStorage/bmd.stm32-for-vscode/@xpack-dev-too
 464              		.file 4 "Drivers/CMSIS/Device/ST/STM32C0xx/Include/stm32c031xx.h"
 465              		.file 5 "Drivers/CMSIS/Device/ST/STM32C0xx/Include/stm32c0xx.h"
 466              		.file 6 "Drivers/STM32C0xx_HAL_Driver/Inc/stm32c0xx_hal_def.h"
 467              		.file 7 "Drivers/STM32C0xx_HAL_Driver/Inc/stm32c0xx_hal_dma.h"
 468              		.file 8 "Drivers/STM32C0xx_HAL_Driver/Inc/stm32c0xx_hal_dma_ex.h"
ARM GAS  C:\Users\main\AppData\Local\Temp\ccPeSYjP.s 			page 15


DEFINED SYMBOLS
                            *ABS*:00000000 stm32c0xx_hal_dma_ex.c
C:\Users\main\AppData\Local\Temp\ccPeSYjP.s:19     .text.HAL_DMAEx_ConfigMuxSync:00000000 $t
C:\Users\main\AppData\Local\Temp\ccPeSYjP.s:25     .text.HAL_DMAEx_ConfigMuxSync:00000000 HAL_DMAEx_ConfigMuxSync
C:\Users\main\AppData\Local\Temp\ccPeSYjP.s:117    .text.HAL_DMAEx_ConfigMuxRequestGenerator:00000000 $t
C:\Users\main\AppData\Local\Temp\ccPeSYjP.s:123    .text.HAL_DMAEx_ConfigMuxRequestGenerator:00000000 HAL_DMAEx_ConfigMuxRequestGenerator
C:\Users\main\AppData\Local\Temp\ccPeSYjP.s:211    .text.HAL_DMAEx_EnableMuxRequestGenerator:00000000 $t
C:\Users\main\AppData\Local\Temp\ccPeSYjP.s:217    .text.HAL_DMAEx_EnableMuxRequestGenerator:00000000 HAL_DMAEx_EnableMuxRequestGenerator
C:\Users\main\AppData\Local\Temp\ccPeSYjP.s:272    .text.HAL_DMAEx_DisableMuxRequestGenerator:00000000 $t
C:\Users\main\AppData\Local\Temp\ccPeSYjP.s:278    .text.HAL_DMAEx_DisableMuxRequestGenerator:00000000 HAL_DMAEx_DisableMuxRequestGenerator
C:\Users\main\AppData\Local\Temp\ccPeSYjP.s:331    .text.HAL_DMAEx_DisableMuxRequestGenerator:00000024 $d
C:\Users\main\AppData\Local\Temp\ccPeSYjP.s:336    .text.HAL_DMAEx_MUX_IRQHandler:00000000 $t
C:\Users\main\AppData\Local\Temp\ccPeSYjP.s:342    .text.HAL_DMAEx_MUX_IRQHandler:00000000 HAL_DMAEx_MUX_IRQHandler
C:\Users\main\AppData\Local\Temp\ccPeSYjP.s:456    .text.HAL_DMAEx_MUX_IRQHandler:00000064 $d

NO UNDEFINED SYMBOLS
