ARM GAS  C:\Users\main\AppData\Local\Temp\ccgg4rvd.s 			page 1


   1              		.cpu cortex-m0plus
   2              		.arch armv6s-m
   3              		.fpu softvfp
   4              		.eabi_attribute 20, 1
   5              		.eabi_attribute 21, 1
   6              		.eabi_attribute 23, 3
   7              		.eabi_attribute 24, 1
   8              		.eabi_attribute 25, 1
   9              		.eabi_attribute 26, 1
  10              		.eabi_attribute 30, 1
  11              		.eabi_attribute 34, 0
  12              		.eabi_attribute 18, 4
  13              		.file	"gpio.c"
  14              		.text
  15              	.Ltext0:
  16              		.cfi_sections	.debug_frame
  17              		.section	.text.MX_GPIO_Init,"ax",%progbits
  18              		.align	1
  19              		.global	MX_GPIO_Init
  20              		.syntax unified
  21              		.code	16
  22              		.thumb_func
  24              	MX_GPIO_Init:
  25              	.LFB217:
  26              		.file 1 "Core/Src/gpio.c"
   1:Core/Src/gpio.c **** /* USER CODE BEGIN Header */
   2:Core/Src/gpio.c **** /**
   3:Core/Src/gpio.c ****   ******************************************************************************
   4:Core/Src/gpio.c ****   * @file    gpio.c
   5:Core/Src/gpio.c ****   * @brief   This file provides code for the configuration
   6:Core/Src/gpio.c ****   *          of all used GPIO pins.
   7:Core/Src/gpio.c ****   ******************************************************************************
   8:Core/Src/gpio.c ****   * @attention
   9:Core/Src/gpio.c ****   *
  10:Core/Src/gpio.c ****   * Copyright (c) 2025 STMicroelectronics.
  11:Core/Src/gpio.c ****   * All rights reserved.
  12:Core/Src/gpio.c ****   *
  13:Core/Src/gpio.c ****   * This software is licensed under terms that can be found in the LICENSE file
  14:Core/Src/gpio.c ****   * in the root directory of this software component.
  15:Core/Src/gpio.c ****   * If no LICENSE file comes with this software, it is provided AS-IS.
  16:Core/Src/gpio.c ****   *
  17:Core/Src/gpio.c ****   ******************************************************************************
  18:Core/Src/gpio.c ****   */
  19:Core/Src/gpio.c **** /* USER CODE END Header */
  20:Core/Src/gpio.c **** 
  21:Core/Src/gpio.c **** /* Includes ------------------------------------------------------------------*/
  22:Core/Src/gpio.c **** #include "gpio.h"
  23:Core/Src/gpio.c **** 
  24:Core/Src/gpio.c **** /* USER CODE BEGIN 0 */
  25:Core/Src/gpio.c **** 
  26:Core/Src/gpio.c **** /* USER CODE END 0 */
  27:Core/Src/gpio.c **** 
  28:Core/Src/gpio.c **** /*----------------------------------------------------------------------------*/
  29:Core/Src/gpio.c **** /* Configure GPIO                                                             */
  30:Core/Src/gpio.c **** /*----------------------------------------------------------------------------*/
  31:Core/Src/gpio.c **** /* USER CODE BEGIN 1 */
  32:Core/Src/gpio.c **** 
ARM GAS  C:\Users\main\AppData\Local\Temp\ccgg4rvd.s 			page 2


  33:Core/Src/gpio.c **** /* USER CODE END 1 */
  34:Core/Src/gpio.c **** 
  35:Core/Src/gpio.c **** /** Configure pins as
  36:Core/Src/gpio.c ****         * Analog
  37:Core/Src/gpio.c ****         * Input
  38:Core/Src/gpio.c ****         * Output
  39:Core/Src/gpio.c ****         * EVENT_OUT
  40:Core/Src/gpio.c ****         * EXTI
  41:Core/Src/gpio.c **** */
  42:Core/Src/gpio.c **** void MX_GPIO_Init(void)
  43:Core/Src/gpio.c **** {
  27              		.loc 1 43 1 view -0
  28              		.cfi_startproc
  29              		@ args = 0, pretend = 0, frame = 16
  30              		@ frame_needed = 0, uses_anonymous_args = 0
  31              		@ link register save eliminated.
  32 0000 84B0     		sub	sp, sp, #16
  33              	.LCFI0:
  34              		.cfi_def_cfa_offset 16
  44:Core/Src/gpio.c **** 
  45:Core/Src/gpio.c ****   /* GPIO Ports Clock Enable */
  46:Core/Src/gpio.c ****   __HAL_RCC_GPIOC_CLK_ENABLE();
  35              		.loc 1 46 3 view .LVU1
  36              	.LBB2:
  37              		.loc 1 46 3 view .LVU2
  38              		.loc 1 46 3 view .LVU3
  39 0002 0D4B     		ldr	r3, .L2
  40 0004 596B     		ldr	r1, [r3, #52]
  41 0006 0422     		movs	r2, #4
  42 0008 1143     		orrs	r1, r2
  43 000a 5963     		str	r1, [r3, #52]
  44              		.loc 1 46 3 view .LVU4
  45 000c 596B     		ldr	r1, [r3, #52]
  46 000e 0A40     		ands	r2, r1
  47 0010 0192     		str	r2, [sp, #4]
  48              		.loc 1 46 3 view .LVU5
  49 0012 019A     		ldr	r2, [sp, #4]
  50              	.LBE2:
  51              		.loc 1 46 3 view .LVU6
  47:Core/Src/gpio.c ****   __HAL_RCC_GPIOF_CLK_ENABLE();
  52              		.loc 1 47 3 view .LVU7
  53              	.LBB3:
  54              		.loc 1 47 3 view .LVU8
  55              		.loc 1 47 3 view .LVU9
  56 0014 596B     		ldr	r1, [r3, #52]
  57 0016 2022     		movs	r2, #32
  58 0018 1143     		orrs	r1, r2
  59 001a 5963     		str	r1, [r3, #52]
  60              		.loc 1 47 3 view .LVU10
  61 001c 596B     		ldr	r1, [r3, #52]
  62 001e 0A40     		ands	r2, r1
  63 0020 0292     		str	r2, [sp, #8]
  64              		.loc 1 47 3 view .LVU11
  65 0022 029A     		ldr	r2, [sp, #8]
  66              	.LBE3:
  67              		.loc 1 47 3 view .LVU12
  48:Core/Src/gpio.c ****   __HAL_RCC_GPIOA_CLK_ENABLE();
ARM GAS  C:\Users\main\AppData\Local\Temp\ccgg4rvd.s 			page 3


  68              		.loc 1 48 3 view .LVU13
  69              	.LBB4:
  70              		.loc 1 48 3 view .LVU14
  71              		.loc 1 48 3 view .LVU15
  72 0024 596B     		ldr	r1, [r3, #52]
  73 0026 0122     		movs	r2, #1
  74 0028 1143     		orrs	r1, r2
  75 002a 5963     		str	r1, [r3, #52]
  76              		.loc 1 48 3 view .LVU16
  77 002c 5B6B     		ldr	r3, [r3, #52]
  78 002e 1A40     		ands	r2, r3
  79 0030 0392     		str	r2, [sp, #12]
  80              		.loc 1 48 3 view .LVU17
  81 0032 039B     		ldr	r3, [sp, #12]
  82              	.LBE4:
  83              		.loc 1 48 3 view .LVU18
  49:Core/Src/gpio.c **** 
  50:Core/Src/gpio.c **** }
  84              		.loc 1 50 1 is_stmt 0 view .LVU19
  85 0034 04B0     		add	sp, sp, #16
  86              		@ sp needed
  87 0036 7047     		bx	lr
  88              	.L3:
  89              		.align	2
  90              	.L2:
  91 0038 00100240 		.word	1073876992
  92              		.cfi_endproc
  93              	.LFE217:
  95              		.text
  96              	.Letext0:
  97              		.file 2 "c:\\program files (x86)\\gnu arm embedded toolchain\\10 2021.10\\arm-none-eabi\\include\\
  98              		.file 3 "c:\\program files (x86)\\gnu arm embedded toolchain\\10 2021.10\\arm-none-eabi\\include\\
  99              		.file 4 "Drivers/CMSIS/Device/ST/STM32C0xx/Include/stm32c031xx.h"
ARM GAS  C:\Users\main\AppData\Local\Temp\ccgg4rvd.s 			page 4


DEFINED SYMBOLS
                            *ABS*:00000000 gpio.c
C:\Users\main\AppData\Local\Temp\ccgg4rvd.s:18     .text.MX_GPIO_Init:00000000 $t
C:\Users\main\AppData\Local\Temp\ccgg4rvd.s:24     .text.MX_GPIO_Init:00000000 MX_GPIO_Init
C:\Users\main\AppData\Local\Temp\ccgg4rvd.s:91     .text.MX_GPIO_Init:00000038 $d

NO UNDEFINED SYMBOLS
