ARM GAS  C:\Users\main\AppData\Local\Temp\ccDiswDy.s 			page 1


   1              		.cpu cortex-m0plus
   2              		.arch armv6s-m
   3              		.fpu softvfp
   4              		.eabi_attribute 20, 1
   5              		.eabi_attribute 21, 1
   6              		.eabi_attribute 23, 3
   7              		.eabi_attribute 24, 1
   8              		.eabi_attribute 25, 1
   9              		.eabi_attribute 26, 1
  10              		.eabi_attribute 30, 1
  11              		.eabi_attribute 34, 0
  12              		.eabi_attribute 18, 4
  13              		.file	"usart.c"
  14              		.text
  15              	.Ltext0:
  16              		.cfi_sections	.debug_frame
  17              		.section	.text.MX_USART1_UART_Init,"ax",%progbits
  18              		.align	1
  19              		.global	MX_USART1_UART_Init
  20              		.syntax unified
  21              		.code	16
  22              		.thumb_func
  24              	MX_USART1_UART_Init:
  25              	.LFB217:
  26              		.file 1 "Core/Src/usart.c"
   1:Core/Src/usart.c **** /* USER CODE BEGIN Header */
   2:Core/Src/usart.c **** /**
   3:Core/Src/usart.c ****   ******************************************************************************
   4:Core/Src/usart.c ****   * @file    usart.c
   5:Core/Src/usart.c ****   * @brief   This file provides code for the configuration
   6:Core/Src/usart.c ****   *          of the USART instances.
   7:Core/Src/usart.c ****   ******************************************************************************
   8:Core/Src/usart.c ****   * @attention
   9:Core/Src/usart.c ****   *
  10:Core/Src/usart.c ****   * Copyright (c) 2025 STMicroelectronics.
  11:Core/Src/usart.c ****   * All rights reserved.
  12:Core/Src/usart.c ****   *
  13:Core/Src/usart.c ****   * This software is licensed under terms that can be found in the LICENSE file
  14:Core/Src/usart.c ****   * in the root directory of this software component.
  15:Core/Src/usart.c ****   * If no LICENSE file comes with this software, it is provided AS-IS.
  16:Core/Src/usart.c ****   *
  17:Core/Src/usart.c ****   ******************************************************************************
  18:Core/Src/usart.c ****   */
  19:Core/Src/usart.c **** /* USER CODE END Header */
  20:Core/Src/usart.c **** /* Includes ------------------------------------------------------------------*/
  21:Core/Src/usart.c **** #include "usart.h"
  22:Core/Src/usart.c **** 
  23:Core/Src/usart.c **** /* USER CODE BEGIN 0 */
  24:Core/Src/usart.c **** // #define PUTCHAR_PROTOTYPE int __io_putchar(int ch)
  25:Core/Src/usart.c **** /* USER CODE END 0 */
  26:Core/Src/usart.c **** 
  27:Core/Src/usart.c **** UART_HandleTypeDef huart1;
  28:Core/Src/usart.c **** 
  29:Core/Src/usart.c **** /* USART1 init function */
  30:Core/Src/usart.c **** 
  31:Core/Src/usart.c **** void MX_USART1_UART_Init(void)
  32:Core/Src/usart.c **** {
ARM GAS  C:\Users\main\AppData\Local\Temp\ccDiswDy.s 			page 2


  27              		.loc 1 32 1 view -0
  28              		.cfi_startproc
  29              		@ args = 0, pretend = 0, frame = 0
  30              		@ frame_needed = 0, uses_anonymous_args = 0
  31 0000 10B5     		push	{r4, lr}
  32              	.LCFI0:
  33              		.cfi_def_cfa_offset 8
  34              		.cfi_offset 4, -8
  35              		.cfi_offset 14, -4
  33:Core/Src/usart.c **** 
  34:Core/Src/usart.c ****   /* USER CODE BEGIN USART1_Init 0 */
  35:Core/Src/usart.c **** 
  36:Core/Src/usart.c ****   /* USER CODE END USART1_Init 0 */
  37:Core/Src/usart.c **** 
  38:Core/Src/usart.c ****   /* USER CODE BEGIN USART1_Init 1 */
  39:Core/Src/usart.c **** 
  40:Core/Src/usart.c ****   /* USER CODE END USART1_Init 1 */
  41:Core/Src/usart.c ****   huart1.Instance = USART1;
  36              		.loc 1 41 3 view .LVU1
  37              		.loc 1 41 19 is_stmt 0 view .LVU2
  38 0002 1A48     		ldr	r0, .L10
  39 0004 1A4B     		ldr	r3, .L10+4
  40 0006 0360     		str	r3, [r0]
  42:Core/Src/usart.c ****   huart1.Init.BaudRate = 115200;
  41              		.loc 1 42 3 is_stmt 1 view .LVU3
  42              		.loc 1 42 24 is_stmt 0 view .LVU4
  43 0008 E123     		movs	r3, #225
  44 000a 5B02     		lsls	r3, r3, #9
  45 000c 4360     		str	r3, [r0, #4]
  43:Core/Src/usart.c ****   huart1.Init.WordLength = UART_WORDLENGTH_7B;
  46              		.loc 1 43 3 is_stmt 1 view .LVU5
  47              		.loc 1 43 26 is_stmt 0 view .LVU6
  48 000e 8023     		movs	r3, #128
  49 0010 5B05     		lsls	r3, r3, #21
  50 0012 8360     		str	r3, [r0, #8]
  44:Core/Src/usart.c ****   huart1.Init.StopBits = UART_STOPBITS_1;
  51              		.loc 1 44 3 is_stmt 1 view .LVU7
  52              		.loc 1 44 24 is_stmt 0 view .LVU8
  53 0014 0023     		movs	r3, #0
  54 0016 C360     		str	r3, [r0, #12]
  45:Core/Src/usart.c ****   huart1.Init.Parity = UART_PARITY_NONE;
  55              		.loc 1 45 3 is_stmt 1 view .LVU9
  56              		.loc 1 45 22 is_stmt 0 view .LVU10
  57 0018 0361     		str	r3, [r0, #16]
  46:Core/Src/usart.c ****   huart1.Init.Mode = UART_MODE_TX_RX;
  58              		.loc 1 46 3 is_stmt 1 view .LVU11
  59              		.loc 1 46 20 is_stmt 0 view .LVU12
  60 001a 0C22     		movs	r2, #12
  61 001c 4261     		str	r2, [r0, #20]
  47:Core/Src/usart.c ****   huart1.Init.HwFlowCtl = UART_HWCONTROL_NONE;
  62              		.loc 1 47 3 is_stmt 1 view .LVU13
  63              		.loc 1 47 25 is_stmt 0 view .LVU14
  64 001e 8361     		str	r3, [r0, #24]
  48:Core/Src/usart.c ****   huart1.Init.OverSampling = UART_OVERSAMPLING_16;
  65              		.loc 1 48 3 is_stmt 1 view .LVU15
  66              		.loc 1 48 28 is_stmt 0 view .LVU16
  67 0020 C361     		str	r3, [r0, #28]
ARM GAS  C:\Users\main\AppData\Local\Temp\ccDiswDy.s 			page 3


  49:Core/Src/usart.c ****   huart1.Init.OneBitSampling = UART_ONE_BIT_SAMPLE_DISABLE;
  68              		.loc 1 49 3 is_stmt 1 view .LVU17
  69              		.loc 1 49 30 is_stmt 0 view .LVU18
  70 0022 0362     		str	r3, [r0, #32]
  50:Core/Src/usart.c ****   huart1.Init.ClockPrescaler = UART_PRESCALER_DIV1;
  71              		.loc 1 50 3 is_stmt 1 view .LVU19
  72              		.loc 1 50 30 is_stmt 0 view .LVU20
  73 0024 4362     		str	r3, [r0, #36]
  51:Core/Src/usart.c ****   huart1.AdvancedInit.AdvFeatureInit = UART_ADVFEATURE_NO_INIT;
  74              		.loc 1 51 3 is_stmt 1 view .LVU21
  75              		.loc 1 51 38 is_stmt 0 view .LVU22
  76 0026 8362     		str	r3, [r0, #40]
  52:Core/Src/usart.c ****   if (HAL_UART_Init(&huart1) != HAL_OK)
  77              		.loc 1 52 3 is_stmt 1 view .LVU23
  78              		.loc 1 52 7 is_stmt 0 view .LVU24
  79 0028 FFF7FEFF 		bl	HAL_UART_Init
  80              	.LVL0:
  81              		.loc 1 52 6 view .LVU25
  82 002c 0028     		cmp	r0, #0
  83 002e 11D1     		bne	.L6
  84              	.L2:
  53:Core/Src/usart.c ****   {
  54:Core/Src/usart.c ****     Error_Handler();
  55:Core/Src/usart.c ****   }
  56:Core/Src/usart.c ****   if (HAL_UARTEx_SetTxFifoThreshold(&huart1, UART_TXFIFO_THRESHOLD_1_8) != HAL_OK)
  85              		.loc 1 56 3 is_stmt 1 view .LVU26
  86              		.loc 1 56 7 is_stmt 0 view .LVU27
  87 0030 0021     		movs	r1, #0
  88 0032 0E48     		ldr	r0, .L10
  89 0034 FFF7FEFF 		bl	HAL_UARTEx_SetTxFifoThreshold
  90              	.LVL1:
  91              		.loc 1 56 6 view .LVU28
  92 0038 0028     		cmp	r0, #0
  93 003a 0ED1     		bne	.L7
  94              	.L3:
  57:Core/Src/usart.c ****   {
  58:Core/Src/usart.c ****     Error_Handler();
  59:Core/Src/usart.c ****   }
  60:Core/Src/usart.c ****   if (HAL_UARTEx_SetRxFifoThreshold(&huart1, UART_RXFIFO_THRESHOLD_1_8) != HAL_OK)
  95              		.loc 1 60 3 is_stmt 1 view .LVU29
  96              		.loc 1 60 7 is_stmt 0 view .LVU30
  97 003c 0021     		movs	r1, #0
  98 003e 0B48     		ldr	r0, .L10
  99 0040 FFF7FEFF 		bl	HAL_UARTEx_SetRxFifoThreshold
 100              	.LVL2:
 101              		.loc 1 60 6 view .LVU31
 102 0044 0028     		cmp	r0, #0
 103 0046 0BD1     		bne	.L8
 104              	.L4:
  61:Core/Src/usart.c ****   {
  62:Core/Src/usart.c ****     Error_Handler();
  63:Core/Src/usart.c ****   }
  64:Core/Src/usart.c ****   if (HAL_UARTEx_DisableFifoMode(&huart1) != HAL_OK)
 105              		.loc 1 64 3 is_stmt 1 view .LVU32
 106              		.loc 1 64 7 is_stmt 0 view .LVU33
 107 0048 0848     		ldr	r0, .L10
 108 004a FFF7FEFF 		bl	HAL_UARTEx_DisableFifoMode
ARM GAS  C:\Users\main\AppData\Local\Temp\ccDiswDy.s 			page 4


 109              	.LVL3:
 110              		.loc 1 64 6 view .LVU34
 111 004e 0028     		cmp	r0, #0
 112 0050 09D1     		bne	.L9
 113              	.L1:
  65:Core/Src/usart.c ****   {
  66:Core/Src/usart.c ****     Error_Handler();
  67:Core/Src/usart.c ****   }
  68:Core/Src/usart.c ****   /* USER CODE BEGIN USART1_Init 2 */
  69:Core/Src/usart.c **** 
  70:Core/Src/usart.c ****   /* USER CODE END USART1_Init 2 */
  71:Core/Src/usart.c **** 
  72:Core/Src/usart.c **** }
 114              		.loc 1 72 1 view .LVU35
 115              		@ sp needed
 116 0052 10BD     		pop	{r4, pc}
 117              	.L6:
  54:Core/Src/usart.c ****   }
 118              		.loc 1 54 5 is_stmt 1 view .LVU36
 119 0054 FFF7FEFF 		bl	Error_Handler
 120              	.LVL4:
 121 0058 EAE7     		b	.L2
 122              	.L7:
  58:Core/Src/usart.c ****   }
 123              		.loc 1 58 5 view .LVU37
 124 005a FFF7FEFF 		bl	Error_Handler
 125              	.LVL5:
 126 005e EDE7     		b	.L3
 127              	.L8:
  62:Core/Src/usart.c ****   }
 128              		.loc 1 62 5 view .LVU38
 129 0060 FFF7FEFF 		bl	Error_Handler
 130              	.LVL6:
 131 0064 F0E7     		b	.L4
 132              	.L9:
  66:Core/Src/usart.c ****   }
 133              		.loc 1 66 5 view .LVU39
 134 0066 FFF7FEFF 		bl	Error_Handler
 135              	.LVL7:
 136              		.loc 1 72 1 is_stmt 0 view .LVU40
 137 006a F2E7     		b	.L1
 138              	.L11:
 139              		.align	2
 140              	.L10:
 141 006c 00000000 		.word	huart1
 142 0070 00380140 		.word	1073821696
 143              		.cfi_endproc
 144              	.LFE217:
 146              		.section	.text.HAL_UART_MspInit,"ax",%progbits
 147              		.align	1
 148              		.global	HAL_UART_MspInit
 149              		.syntax unified
 150              		.code	16
 151              		.thumb_func
 153              	HAL_UART_MspInit:
 154              	.LVL8:
 155              	.LFB218:
ARM GAS  C:\Users\main\AppData\Local\Temp\ccDiswDy.s 			page 5


  73:Core/Src/usart.c **** 
  74:Core/Src/usart.c **** void HAL_UART_MspInit(UART_HandleTypeDef* uartHandle)
  75:Core/Src/usart.c **** {
 156              		.loc 1 75 1 is_stmt 1 view -0
 157              		.cfi_startproc
 158              		@ args = 0, pretend = 0, frame = 56
 159              		@ frame_needed = 0, uses_anonymous_args = 0
 160              		.loc 1 75 1 is_stmt 0 view .LVU42
 161 0000 10B5     		push	{r4, lr}
 162              	.LCFI1:
 163              		.cfi_def_cfa_offset 8
 164              		.cfi_offset 4, -8
 165              		.cfi_offset 14, -4
 166 0002 8EB0     		sub	sp, sp, #56
 167              	.LCFI2:
 168              		.cfi_def_cfa_offset 64
 169 0004 0400     		movs	r4, r0
  76:Core/Src/usart.c **** 
  77:Core/Src/usart.c ****   GPIO_InitTypeDef GPIO_InitStruct = {0};
 170              		.loc 1 77 3 is_stmt 1 view .LVU43
 171              		.loc 1 77 20 is_stmt 0 view .LVU44
 172 0006 1422     		movs	r2, #20
 173 0008 0021     		movs	r1, #0
 174 000a 09A8     		add	r0, sp, #36
 175              	.LVL9:
 176              		.loc 1 77 20 view .LVU45
 177 000c FFF7FEFF 		bl	memset
 178              	.LVL10:
  78:Core/Src/usart.c ****   RCC_PeriphCLKInitTypeDef PeriphClkInit = {0};
 179              		.loc 1 78 3 is_stmt 1 view .LVU46
 180              		.loc 1 78 28 is_stmt 0 view .LVU47
 181 0010 1C22     		movs	r2, #28
 182 0012 0021     		movs	r1, #0
 183 0014 02A8     		add	r0, sp, #8
 184 0016 FFF7FEFF 		bl	memset
 185              	.LVL11:
  79:Core/Src/usart.c ****   if(uartHandle->Instance==USART1)
 186              		.loc 1 79 3 is_stmt 1 view .LVU48
 187              		.loc 1 79 16 is_stmt 0 view .LVU49
 188 001a 2268     		ldr	r2, [r4]
 189              		.loc 1 79 5 view .LVU50
 190 001c 174B     		ldr	r3, .L17
 191 001e 9A42     		cmp	r2, r3
 192 0020 01D0     		beq	.L15
 193              	.L12:
  80:Core/Src/usart.c ****   {
  81:Core/Src/usart.c ****   /* USER CODE BEGIN USART1_MspInit 0 */
  82:Core/Src/usart.c **** 
  83:Core/Src/usart.c ****   /* USER CODE END USART1_MspInit 0 */
  84:Core/Src/usart.c **** 
  85:Core/Src/usart.c ****   /** Initializes the peripherals clocks
  86:Core/Src/usart.c ****   */
  87:Core/Src/usart.c ****     PeriphClkInit.PeriphClockSelection = RCC_PERIPHCLK_USART1;
  88:Core/Src/usart.c ****     PeriphClkInit.Usart1ClockSelection = RCC_USART1CLKSOURCE_PCLK1;
  89:Core/Src/usart.c ****     if (HAL_RCCEx_PeriphCLKConfig(&PeriphClkInit) != HAL_OK)
  90:Core/Src/usart.c ****     {
  91:Core/Src/usart.c ****       Error_Handler();
ARM GAS  C:\Users\main\AppData\Local\Temp\ccDiswDy.s 			page 6


  92:Core/Src/usart.c ****     }
  93:Core/Src/usart.c **** 
  94:Core/Src/usart.c ****     /* USART1 clock enable */
  95:Core/Src/usart.c ****     __HAL_RCC_USART1_CLK_ENABLE();
  96:Core/Src/usart.c **** 
  97:Core/Src/usart.c ****     __HAL_RCC_GPIOA_CLK_ENABLE();
  98:Core/Src/usart.c ****     /**USART1 GPIO Configuration
  99:Core/Src/usart.c ****     PA0     ------> USART1_TX
 100:Core/Src/usart.c ****     PA1     ------> USART1_RX
 101:Core/Src/usart.c ****     */
 102:Core/Src/usart.c ****     GPIO_InitStruct.Pin = GPIO_PIN_0|GPIO_PIN_1;
 103:Core/Src/usart.c ****     GPIO_InitStruct.Mode = GPIO_MODE_AF_PP;
 104:Core/Src/usart.c ****     GPIO_InitStruct.Pull = GPIO_NOPULL;
 105:Core/Src/usart.c ****     GPIO_InitStruct.Speed = GPIO_SPEED_FREQ_LOW;
 106:Core/Src/usart.c ****     GPIO_InitStruct.Alternate = GPIO_AF4_USART1;
 107:Core/Src/usart.c ****     HAL_GPIO_Init(GPIOA, &GPIO_InitStruct);
 108:Core/Src/usart.c **** 
 109:Core/Src/usart.c ****   /* USER CODE BEGIN USART1_MspInit 1 */
 110:Core/Src/usart.c **** 
 111:Core/Src/usart.c ****   /* USER CODE END USART1_MspInit 1 */
 112:Core/Src/usart.c ****   }
 113:Core/Src/usart.c **** }
 194              		.loc 1 113 1 view .LVU51
 195 0022 0EB0     		add	sp, sp, #56
 196              		@ sp needed
 197              	.LVL12:
 198              		.loc 1 113 1 view .LVU52
 199 0024 10BD     		pop	{r4, pc}
 200              	.LVL13:
 201              	.L15:
  87:Core/Src/usart.c ****     PeriphClkInit.Usart1ClockSelection = RCC_USART1CLKSOURCE_PCLK1;
 202              		.loc 1 87 5 is_stmt 1 view .LVU53
  87:Core/Src/usart.c ****     PeriphClkInit.Usart1ClockSelection = RCC_USART1CLKSOURCE_PCLK1;
 203              		.loc 1 87 40 is_stmt 0 view .LVU54
 204 0026 0123     		movs	r3, #1
 205 0028 0293     		str	r3, [sp, #8]
  88:Core/Src/usart.c ****     if (HAL_RCCEx_PeriphCLKConfig(&PeriphClkInit) != HAL_OK)
 206              		.loc 1 88 5 is_stmt 1 view .LVU55
  89:Core/Src/usart.c ****     {
 207              		.loc 1 89 5 view .LVU56
  89:Core/Src/usart.c ****     {
 208              		.loc 1 89 9 is_stmt 0 view .LVU57
 209 002a 02A8     		add	r0, sp, #8
 210 002c FFF7FEFF 		bl	HAL_RCCEx_PeriphCLKConfig
 211              	.LVL14:
  89:Core/Src/usart.c ****     {
 212              		.loc 1 89 8 view .LVU58
 213 0030 0028     		cmp	r0, #0
 214 0032 20D1     		bne	.L16
 215              	.L14:
  95:Core/Src/usart.c **** 
 216              		.loc 1 95 5 is_stmt 1 view .LVU59
 217              	.LBB2:
  95:Core/Src/usart.c **** 
 218              		.loc 1 95 5 view .LVU60
  95:Core/Src/usart.c **** 
 219              		.loc 1 95 5 view .LVU61
ARM GAS  C:\Users\main\AppData\Local\Temp\ccDiswDy.s 			page 7


 220 0034 124B     		ldr	r3, .L17+4
 221 0036 196C     		ldr	r1, [r3, #64]
 222 0038 8020     		movs	r0, #128
 223 003a C001     		lsls	r0, r0, #7
 224 003c 0143     		orrs	r1, r0
 225 003e 1964     		str	r1, [r3, #64]
  95:Core/Src/usart.c **** 
 226              		.loc 1 95 5 view .LVU62
 227 0040 1A6C     		ldr	r2, [r3, #64]
 228 0042 0240     		ands	r2, r0
 229 0044 0092     		str	r2, [sp]
  95:Core/Src/usart.c **** 
 230              		.loc 1 95 5 view .LVU63
 231 0046 009A     		ldr	r2, [sp]
 232              	.LBE2:
  95:Core/Src/usart.c **** 
 233              		.loc 1 95 5 view .LVU64
  97:Core/Src/usart.c ****     /**USART1 GPIO Configuration
 234              		.loc 1 97 5 view .LVU65
 235              	.LBB3:
  97:Core/Src/usart.c ****     /**USART1 GPIO Configuration
 236              		.loc 1 97 5 view .LVU66
  97:Core/Src/usart.c ****     /**USART1 GPIO Configuration
 237              		.loc 1 97 5 view .LVU67
 238 0048 596B     		ldr	r1, [r3, #52]
 239 004a 0122     		movs	r2, #1
 240 004c 1143     		orrs	r1, r2
 241 004e 5963     		str	r1, [r3, #52]
  97:Core/Src/usart.c ****     /**USART1 GPIO Configuration
 242              		.loc 1 97 5 view .LVU68
 243 0050 5B6B     		ldr	r3, [r3, #52]
 244 0052 1A40     		ands	r2, r3
 245 0054 0192     		str	r2, [sp, #4]
  97:Core/Src/usart.c ****     /**USART1 GPIO Configuration
 246              		.loc 1 97 5 view .LVU69
 247 0056 019B     		ldr	r3, [sp, #4]
 248              	.LBE3:
  97:Core/Src/usart.c ****     /**USART1 GPIO Configuration
 249              		.loc 1 97 5 view .LVU70
 102:Core/Src/usart.c ****     GPIO_InitStruct.Mode = GPIO_MODE_AF_PP;
 250              		.loc 1 102 5 view .LVU71
 102:Core/Src/usart.c ****     GPIO_InitStruct.Mode = GPIO_MODE_AF_PP;
 251              		.loc 1 102 25 is_stmt 0 view .LVU72
 252 0058 0323     		movs	r3, #3
 253 005a 0993     		str	r3, [sp, #36]
 103:Core/Src/usart.c ****     GPIO_InitStruct.Pull = GPIO_NOPULL;
 254              		.loc 1 103 5 is_stmt 1 view .LVU73
 103:Core/Src/usart.c ****     GPIO_InitStruct.Pull = GPIO_NOPULL;
 255              		.loc 1 103 26 is_stmt 0 view .LVU74
 256 005c 013B     		subs	r3, r3, #1
 257 005e 0A93     		str	r3, [sp, #40]
 104:Core/Src/usart.c ****     GPIO_InitStruct.Speed = GPIO_SPEED_FREQ_LOW;
 258              		.loc 1 104 5 is_stmt 1 view .LVU75
 104:Core/Src/usart.c ****     GPIO_InitStruct.Speed = GPIO_SPEED_FREQ_LOW;
 259              		.loc 1 104 26 is_stmt 0 view .LVU76
 260 0060 0023     		movs	r3, #0
 261 0062 0B93     		str	r3, [sp, #44]
ARM GAS  C:\Users\main\AppData\Local\Temp\ccDiswDy.s 			page 8


 105:Core/Src/usart.c ****     GPIO_InitStruct.Alternate = GPIO_AF4_USART1;
 262              		.loc 1 105 5 is_stmt 1 view .LVU77
 105:Core/Src/usart.c ****     GPIO_InitStruct.Alternate = GPIO_AF4_USART1;
 263              		.loc 1 105 27 is_stmt 0 view .LVU78
 264 0064 0C93     		str	r3, [sp, #48]
 106:Core/Src/usart.c ****     HAL_GPIO_Init(GPIOA, &GPIO_InitStruct);
 265              		.loc 1 106 5 is_stmt 1 view .LVU79
 106:Core/Src/usart.c ****     HAL_GPIO_Init(GPIOA, &GPIO_InitStruct);
 266              		.loc 1 106 31 is_stmt 0 view .LVU80
 267 0066 0433     		adds	r3, r3, #4
 268 0068 0D93     		str	r3, [sp, #52]
 107:Core/Src/usart.c **** 
 269              		.loc 1 107 5 is_stmt 1 view .LVU81
 270 006a A020     		movs	r0, #160
 271 006c 09A9     		add	r1, sp, #36
 272 006e C005     		lsls	r0, r0, #23
 273 0070 FFF7FEFF 		bl	HAL_GPIO_Init
 274              	.LVL15:
 275              		.loc 1 113 1 is_stmt 0 view .LVU82
 276 0074 D5E7     		b	.L12
 277              	.L16:
  91:Core/Src/usart.c ****     }
 278              		.loc 1 91 7 is_stmt 1 view .LVU83
 279 0076 FFF7FEFF 		bl	Error_Handler
 280              	.LVL16:
 281 007a DBE7     		b	.L14
 282              	.L18:
 283              		.align	2
 284              	.L17:
 285 007c 00380140 		.word	1073821696
 286 0080 00100240 		.word	1073876992
 287              		.cfi_endproc
 288              	.LFE218:
 290              		.section	.text.HAL_UART_MspDeInit,"ax",%progbits
 291              		.align	1
 292              		.global	HAL_UART_MspDeInit
 293              		.syntax unified
 294              		.code	16
 295              		.thumb_func
 297              	HAL_UART_MspDeInit:
 298              	.LVL17:
 299              	.LFB219:
 114:Core/Src/usart.c **** 
 115:Core/Src/usart.c **** void HAL_UART_MspDeInit(UART_HandleTypeDef* uartHandle)
 116:Core/Src/usart.c **** {
 300              		.loc 1 116 1 view -0
 301              		.cfi_startproc
 302              		@ args = 0, pretend = 0, frame = 0
 303              		@ frame_needed = 0, uses_anonymous_args = 0
 304              		.loc 1 116 1 is_stmt 0 view .LVU85
 305 0000 10B5     		push	{r4, lr}
 306              	.LCFI3:
 307              		.cfi_def_cfa_offset 8
 308              		.cfi_offset 4, -8
 309              		.cfi_offset 14, -4
 117:Core/Src/usart.c **** 
 118:Core/Src/usart.c ****   if(uartHandle->Instance==USART1)
ARM GAS  C:\Users\main\AppData\Local\Temp\ccDiswDy.s 			page 9


 310              		.loc 1 118 3 is_stmt 1 view .LVU86
 311              		.loc 1 118 16 is_stmt 0 view .LVU87
 312 0002 0268     		ldr	r2, [r0]
 313              		.loc 1 118 5 view .LVU88
 314 0004 074B     		ldr	r3, .L22
 315 0006 9A42     		cmp	r2, r3
 316 0008 00D0     		beq	.L21
 317              	.LVL18:
 318              	.L19:
 119:Core/Src/usart.c ****   {
 120:Core/Src/usart.c ****   /* USER CODE BEGIN USART1_MspDeInit 0 */
 121:Core/Src/usart.c **** 
 122:Core/Src/usart.c ****   /* USER CODE END USART1_MspDeInit 0 */
 123:Core/Src/usart.c ****     /* Peripheral clock disable */
 124:Core/Src/usart.c ****     __HAL_RCC_USART1_CLK_DISABLE();
 125:Core/Src/usart.c **** 
 126:Core/Src/usart.c ****     /**USART1 GPIO Configuration
 127:Core/Src/usart.c ****     PA0     ------> USART1_TX
 128:Core/Src/usart.c ****     PA1     ------> USART1_RX
 129:Core/Src/usart.c ****     */
 130:Core/Src/usart.c ****     HAL_GPIO_DeInit(GPIOA, GPIO_PIN_0|GPIO_PIN_1);
 131:Core/Src/usart.c **** 
 132:Core/Src/usart.c ****   /* USER CODE BEGIN USART1_MspDeInit 1 */
 133:Core/Src/usart.c **** 
 134:Core/Src/usart.c ****   /* USER CODE END USART1_MspDeInit 1 */
 135:Core/Src/usart.c ****   }
 136:Core/Src/usart.c **** }
 319              		.loc 1 136 1 view .LVU89
 320              		@ sp needed
 321 000a 10BD     		pop	{r4, pc}
 322              	.LVL19:
 323              	.L21:
 124:Core/Src/usart.c **** 
 324              		.loc 1 124 5 is_stmt 1 view .LVU90
 325 000c 064A     		ldr	r2, .L22+4
 326 000e 136C     		ldr	r3, [r2, #64]
 327 0010 0649     		ldr	r1, .L22+8
 328 0012 0B40     		ands	r3, r1
 329 0014 1364     		str	r3, [r2, #64]
 130:Core/Src/usart.c **** 
 330              		.loc 1 130 5 view .LVU91
 331 0016 A020     		movs	r0, #160
 332              	.LVL20:
 130:Core/Src/usart.c **** 
 333              		.loc 1 130 5 is_stmt 0 view .LVU92
 334 0018 0321     		movs	r1, #3
 335 001a C005     		lsls	r0, r0, #23
 336 001c FFF7FEFF 		bl	HAL_GPIO_DeInit
 337              	.LVL21:
 338              		.loc 1 136 1 view .LVU93
 339 0020 F3E7     		b	.L19
 340              	.L23:
 341 0022 C046     		.align	2
 342              	.L22:
 343 0024 00380140 		.word	1073821696
 344 0028 00100240 		.word	1073876992
 345 002c FFBFFFFF 		.word	-16385
ARM GAS  C:\Users\main\AppData\Local\Temp\ccDiswDy.s 			page 10


 346              		.cfi_endproc
 347              	.LFE219:
 349              		.global	huart1
 350              		.section	.bss.huart1,"aw",%nobits
 351              		.align	2
 354              	huart1:
 355 0000 00000000 		.space	148
 355      00000000 
 355      00000000 
 355      00000000 
 355      00000000 
 356              		.text
 357              	.Letext0:
 358              		.file 2 "c:\\program files (x86)\\gnu arm embedded toolchain\\10 2021.10\\arm-none-eabi\\include\\
 359              		.file 3 "c:\\program files (x86)\\gnu arm embedded toolchain\\10 2021.10\\arm-none-eabi\\include\\
 360              		.file 4 "Drivers/CMSIS/Device/ST/STM32C0xx/Include/stm32c031xx.h"
 361              		.file 5 "Drivers/STM32C0xx_HAL_Driver/Inc/stm32c0xx_hal_def.h"
 362              		.file 6 "Drivers/STM32C0xx_HAL_Driver/Inc/stm32c0xx_hal_rcc_ex.h"
 363              		.file 7 "Drivers/STM32C0xx_HAL_Driver/Inc/stm32c0xx_hal_gpio.h"
 364              		.file 8 "Drivers/STM32C0xx_HAL_Driver/Inc/stm32c0xx_hal_dma.h"
 365              		.file 9 "Drivers/STM32C0xx_HAL_Driver/Inc/stm32c0xx_hal_uart.h"
 366              		.file 10 "Core/Inc/main.h"
 367              		.file 11 "Drivers/STM32C0xx_HAL_Driver/Inc/stm32c0xx_hal_uart_ex.h"
 368              		.file 12 "Core/Inc/usart.h"
 369              		.file 13 "<built-in>"
ARM GAS  C:\Users\main\AppData\Local\Temp\ccDiswDy.s 			page 11


DEFINED SYMBOLS
                            *ABS*:00000000 usart.c
C:\Users\main\AppData\Local\Temp\ccDiswDy.s:18     .text.MX_USART1_UART_Init:00000000 $t
C:\Users\main\AppData\Local\Temp\ccDiswDy.s:24     .text.MX_USART1_UART_Init:00000000 MX_USART1_UART_Init
C:\Users\main\AppData\Local\Temp\ccDiswDy.s:141    .text.MX_USART1_UART_Init:0000006c $d
C:\Users\main\AppData\Local\Temp\ccDiswDy.s:354    .bss.huart1:00000000 huart1
C:\Users\main\AppData\Local\Temp\ccDiswDy.s:147    .text.HAL_UART_MspInit:00000000 $t
C:\Users\main\AppData\Local\Temp\ccDiswDy.s:153    .text.HAL_UART_MspInit:00000000 HAL_UART_MspInit
C:\Users\main\AppData\Local\Temp\ccDiswDy.s:285    .text.HAL_UART_MspInit:0000007c $d
C:\Users\main\AppData\Local\Temp\ccDiswDy.s:291    .text.HAL_UART_MspDeInit:00000000 $t
C:\Users\main\AppData\Local\Temp\ccDiswDy.s:297    .text.HAL_UART_MspDeInit:00000000 HAL_UART_MspDeInit
C:\Users\main\AppData\Local\Temp\ccDiswDy.s:343    .text.HAL_UART_MspDeInit:00000024 $d
C:\Users\main\AppData\Local\Temp\ccDiswDy.s:351    .bss.huart1:00000000 $d

UNDEFINED SYMBOLS
HAL_UART_Init
HAL_UARTEx_SetTxFifoThreshold
HAL_UARTEx_SetRxFifoThreshold
HAL_UARTEx_DisableFifoMode
Error_Handler
memset
HAL_RCCEx_PeriphCLKConfig
HAL_GPIO_Init
HAL_GPIO_DeInit
