ARM GAS  C:\Users\main\AppData\Local\Temp\ccq5HaAd.s 			page 1


   1              		.cpu cortex-m0plus
   2              		.arch armv6s-m
   3              		.fpu softvfp
   4              		.eabi_attribute 20, 1
   5              		.eabi_attribute 21, 1
   6              		.eabi_attribute 23, 3
   7              		.eabi_attribute 24, 1
   8              		.eabi_attribute 25, 1
   9              		.eabi_attribute 26, 1
  10              		.eabi_attribute 30, 1
  11              		.eabi_attribute 34, 0
  12              		.eabi_attribute 18, 4
  13              		.file	"lcd.c"
  14              		.text
  15              	.Ltext0:
  16              		.cfi_sections	.debug_frame
  17              		.section	.text.lcd_send_cmd,"ax",%progbits
  18              		.align	1
  19              		.global	lcd_send_cmd
  20              		.syntax unified
  21              		.code	16
  22              		.thumb_func
  24              	lcd_send_cmd:
  25              	.LVL0:
  26              	.LFB214:
  27              		.file 1 "Core/Src/lcd.c"
   1:Core/Src/lcd.c **** #include "lcd.h"
   2:Core/Src/lcd.c **** 
   3:Core/Src/lcd.c **** static I2C_HandleTypeDef *lcd;
   4:Core/Src/lcd.c **** static uint8_t lcd_addr;
   5:Core/Src/lcd.c **** 
   6:Core/Src/lcd.c **** void lcd_send_cmd(char cmd) {
  28              		.loc 1 6 29 view -0
  29              		.cfi_startproc
  30              		@ args = 0, pretend = 0, frame = 8
  31              		@ frame_needed = 0, uses_anonymous_args = 0
  32              		.loc 1 6 29 is_stmt 0 view .LVU1
  33 0000 10B5     		push	{r4, lr}
  34              	.LCFI0:
  35              		.cfi_def_cfa_offset 8
  36              		.cfi_offset 4, -8
  37              		.cfi_offset 14, -4
  38 0002 84B0     		sub	sp, sp, #16
  39              	.LCFI1:
  40              		.cfi_def_cfa_offset 24
   7:Core/Src/lcd.c ****   uint8_t data_u = (cmd & 0xF0);
  41              		.loc 1 7 3 is_stmt 1 view .LVU2
  42              		.loc 1 7 11 is_stmt 0 view .LVU3
  43 0004 0F23     		movs	r3, #15
  44 0006 0100     		movs	r1, r0
  45 0008 9943     		bics	r1, r3
  46              	.LVL1:
   8:Core/Src/lcd.c ****   uint8_t data_l = ((cmd << 4) & 0xF0);
  47              		.loc 1 8 3 is_stmt 1 view .LVU4
  48              		.loc 1 8 26 is_stmt 0 view .LVU5
  49 000a 0001     		lsls	r0, r0, #4
  50              	.LVL2:
ARM GAS  C:\Users\main\AppData\Local\Temp\ccq5HaAd.s 			page 2


  51              		.loc 1 8 11 view .LVU6
  52 000c C0B2     		uxtb	r0, r0
  53              	.LVL3:
   9:Core/Src/lcd.c ****   uint8_t data[4] = {data_u | 0x0C, data_u | 0x08, data_l | 0x0C, data_l | 0x08};
  54              		.loc 1 9 3 is_stmt 1 view .LVU7
  55              		.loc 1 9 11 is_stmt 0 view .LVU8
  56 000e 03AA     		add	r2, sp, #12
  57 0010 0C23     		movs	r3, #12
  58 0012 0C00     		movs	r4, r1
  59 0014 1C43     		orrs	r4, r3
  60 0016 1470     		strb	r4, [r2]
  61 0018 0824     		movs	r4, #8
  62 001a 2143     		orrs	r1, r4
  63              	.LVL4:
  64              		.loc 1 9 11 view .LVU9
  65 001c 5170     		strb	r1, [r2, #1]
  66 001e 0343     		orrs	r3, r0
  67 0020 9370     		strb	r3, [r2, #2]
  68 0022 2043     		orrs	r0, r4
  69              	.LVL5:
  70              		.loc 1 9 11 view .LVU10
  71 0024 D070     		strb	r0, [r2, #3]
  10:Core/Src/lcd.c ****   HAL_I2C_Master_Transmit(lcd, lcd_addr, data, 4, 10);
  72              		.loc 1 10 3 is_stmt 1 view .LVU11
  73 0026 054B     		ldr	r3, .L2
  74 0028 1978     		ldrb	r1, [r3]
  75 002a 054B     		ldr	r3, .L2+4
  76 002c 1868     		ldr	r0, [r3]
  77 002e 0A23     		movs	r3, #10
  78 0030 0093     		str	r3, [sp]
  79 0032 063B     		subs	r3, r3, #6
  80 0034 FFF7FEFF 		bl	HAL_I2C_Master_Transmit
  81              	.LVL6:
  11:Core/Src/lcd.c **** }
  82              		.loc 1 11 1 is_stmt 0 view .LVU12
  83 0038 04B0     		add	sp, sp, #16
  84              		@ sp needed
  85 003a 10BD     		pop	{r4, pc}
  86              	.L3:
  87              		.align	2
  88              	.L2:
  89 003c 00000000 		.word	.LANCHOR0
  90 0040 00000000 		.word	.LANCHOR1
  91              		.cfi_endproc
  92              	.LFE214:
  94              		.section	.text.lcd_send_data,"ax",%progbits
  95              		.align	1
  96              		.global	lcd_send_data
  97              		.syntax unified
  98              		.code	16
  99              		.thumb_func
 101              	lcd_send_data:
 102              	.LVL7:
 103              	.LFB215:
  12:Core/Src/lcd.c **** 
  13:Core/Src/lcd.c **** void lcd_send_data(char data) {
 104              		.loc 1 13 31 is_stmt 1 view -0
ARM GAS  C:\Users\main\AppData\Local\Temp\ccq5HaAd.s 			page 3


 105              		.cfi_startproc
 106              		@ args = 0, pretend = 0, frame = 8
 107              		@ frame_needed = 0, uses_anonymous_args = 0
 108              		.loc 1 13 31 is_stmt 0 view .LVU14
 109 0000 10B5     		push	{r4, lr}
 110              	.LCFI2:
 111              		.cfi_def_cfa_offset 8
 112              		.cfi_offset 4, -8
 113              		.cfi_offset 14, -4
 114 0002 84B0     		sub	sp, sp, #16
 115              	.LCFI3:
 116              		.cfi_def_cfa_offset 24
  14:Core/Src/lcd.c ****   uint8_t data_u = (data & 0xF0);
 117              		.loc 1 14 3 is_stmt 1 view .LVU15
 118              		.loc 1 14 11 is_stmt 0 view .LVU16
 119 0004 0F23     		movs	r3, #15
 120 0006 0100     		movs	r1, r0
 121 0008 9943     		bics	r1, r3
 122              	.LVL8:
  15:Core/Src/lcd.c ****   uint8_t data_l = ((data << 4) & 0xF0);
 123              		.loc 1 15 3 is_stmt 1 view .LVU17
 124              		.loc 1 15 27 is_stmt 0 view .LVU18
 125 000a 0001     		lsls	r0, r0, #4
 126              	.LVL9:
 127              		.loc 1 15 11 view .LVU19
 128 000c C0B2     		uxtb	r0, r0
 129              	.LVL10:
  16:Core/Src/lcd.c ****   uint8_t data_arr[4] = {data_u | 0x0D, data_u | 0x09, data_l | 0x0D, data_l | 0x09};
 130              		.loc 1 16 3 is_stmt 1 view .LVU20
 131              		.loc 1 16 11 is_stmt 0 view .LVU21
 132 000e 03AA     		add	r2, sp, #12
 133 0010 0D23     		movs	r3, #13
 134 0012 0C00     		movs	r4, r1
 135 0014 1C43     		orrs	r4, r3
 136 0016 1470     		strb	r4, [r2]
 137 0018 0924     		movs	r4, #9
 138 001a 2143     		orrs	r1, r4
 139              	.LVL11:
 140              		.loc 1 16 11 view .LVU22
 141 001c 5170     		strb	r1, [r2, #1]
 142 001e 0343     		orrs	r3, r0
 143 0020 9370     		strb	r3, [r2, #2]
 144 0022 2043     		orrs	r0, r4
 145              	.LVL12:
 146              		.loc 1 16 11 view .LVU23
 147 0024 D070     		strb	r0, [r2, #3]
  17:Core/Src/lcd.c ****   HAL_I2C_Master_Transmit(lcd, lcd_addr, data_arr, 4, 10);
 148              		.loc 1 17 3 is_stmt 1 view .LVU24
 149 0026 054B     		ldr	r3, .L5
 150 0028 1978     		ldrb	r1, [r3]
 151 002a 054B     		ldr	r3, .L5+4
 152 002c 1868     		ldr	r0, [r3]
 153 002e 0A23     		movs	r3, #10
 154 0030 0093     		str	r3, [sp]
 155 0032 063B     		subs	r3, r3, #6
 156 0034 FFF7FEFF 		bl	HAL_I2C_Master_Transmit
 157              	.LVL13:
ARM GAS  C:\Users\main\AppData\Local\Temp\ccq5HaAd.s 			page 4


  18:Core/Src/lcd.c **** }
 158              		.loc 1 18 1 is_stmt 0 view .LVU25
 159 0038 04B0     		add	sp, sp, #16
 160              		@ sp needed
 161 003a 10BD     		pop	{r4, pc}
 162              	.L6:
 163              		.align	2
 164              	.L5:
 165 003c 00000000 		.word	.LANCHOR0
 166 0040 00000000 		.word	.LANCHOR1
 167              		.cfi_endproc
 168              	.LFE215:
 170              		.section	.text.lcd_init,"ax",%progbits
 171              		.align	1
 172              		.global	lcd_init
 173              		.syntax unified
 174              		.code	16
 175              		.thumb_func
 177              	lcd_init:
 178              	.LVL14:
 179              	.LFB216:
  19:Core/Src/lcd.c **** 
  20:Core/Src/lcd.c **** void lcd_init(I2C_HandleTypeDef *hi2c, uint8_t addr) {
 180              		.loc 1 20 54 is_stmt 1 view -0
 181              		.cfi_startproc
 182              		@ args = 0, pretend = 0, frame = 0
 183              		@ frame_needed = 0, uses_anonymous_args = 0
 184              		.loc 1 20 54 is_stmt 0 view .LVU27
 185 0000 10B5     		push	{r4, lr}
 186              	.LCFI4:
 187              		.cfi_def_cfa_offset 8
 188              		.cfi_offset 4, -8
 189              		.cfi_offset 14, -4
  21:Core/Src/lcd.c ****   lcd = hi2c;
 190              		.loc 1 21 3 is_stmt 1 view .LVU28
 191              		.loc 1 21 7 is_stmt 0 view .LVU29
 192 0002 164B     		ldr	r3, .L8
 193 0004 1860     		str	r0, [r3]
  22:Core/Src/lcd.c ****   lcd_addr = addr << 1;  // Зміщення адреси для HAL
 194              		.loc 1 22 3 is_stmt 1 view .LVU30
 195              		.loc 1 22 19 is_stmt 0 view .LVU31
 196 0006 4900     		lsls	r1, r1, #1
 197              	.LVL15:
 198              		.loc 1 22 12 view .LVU32
 199 0008 154B     		ldr	r3, .L8+4
 200 000a 1970     		strb	r1, [r3]
  23:Core/Src/lcd.c **** 
  24:Core/Src/lcd.c ****   HAL_Delay(50);
 201              		.loc 1 24 3 is_stmt 1 view .LVU33
 202 000c 3220     		movs	r0, #50
 203              	.LVL16:
 204              		.loc 1 24 3 is_stmt 0 view .LVU34
 205 000e FFF7FEFF 		bl	HAL_Delay
 206              	.LVL17:
  25:Core/Src/lcd.c ****   lcd_send_cmd(0x03);
 207              		.loc 1 25 3 is_stmt 1 view .LVU35
 208 0012 0320     		movs	r0, #3
ARM GAS  C:\Users\main\AppData\Local\Temp\ccq5HaAd.s 			page 5


 209 0014 FFF7FEFF 		bl	lcd_send_cmd
 210              	.LVL18:
  26:Core/Src/lcd.c ****   HAL_Delay(5);
 211              		.loc 1 26 3 view .LVU36
 212 0018 0520     		movs	r0, #5
 213 001a FFF7FEFF 		bl	HAL_Delay
 214              	.LVL19:
  27:Core/Src/lcd.c ****   lcd_send_cmd(0x03);
 215              		.loc 1 27 3 view .LVU37
 216 001e 0320     		movs	r0, #3
 217 0020 FFF7FEFF 		bl	lcd_send_cmd
 218              	.LVL20:
  28:Core/Src/lcd.c ****   HAL_Delay(1);
 219              		.loc 1 28 3 view .LVU38
 220 0024 0120     		movs	r0, #1
 221 0026 FFF7FEFF 		bl	HAL_Delay
 222              	.LVL21:
  29:Core/Src/lcd.c ****   lcd_send_cmd(0x03);
 223              		.loc 1 29 3 view .LVU39
 224 002a 0320     		movs	r0, #3
 225 002c FFF7FEFF 		bl	lcd_send_cmd
 226              	.LVL22:
  30:Core/Src/lcd.c ****   HAL_Delay(10);
 227              		.loc 1 30 3 view .LVU40
 228 0030 0A20     		movs	r0, #10
 229 0032 FFF7FEFF 		bl	HAL_Delay
 230              	.LVL23:
  31:Core/Src/lcd.c ****   lcd_send_cmd(0x02);  // 4-бітний режим
 231              		.loc 1 31 3 view .LVU41
 232 0036 0220     		movs	r0, #2
 233 0038 FFF7FEFF 		bl	lcd_send_cmd
 234              	.LVL24:
  32:Core/Src/lcd.c **** 
  33:Core/Src/lcd.c ****   lcd_send_cmd(0x28);  // 2 рядки, 5x8 розмір символу
 235              		.loc 1 33 3 view .LVU42
 236 003c 2820     		movs	r0, #40
 237 003e FFF7FEFF 		bl	lcd_send_cmd
 238              	.LVL25:
  34:Core/Src/lcd.c ****   lcd_send_cmd(0x0C);  // Увімкнути дисплей, вимкнути курсор
 239              		.loc 1 34 3 view .LVU43
 240 0042 0C20     		movs	r0, #12
 241 0044 FFF7FEFF 		bl	lcd_send_cmd
 242              	.LVL26:
  35:Core/Src/lcd.c ****   lcd_send_cmd(0x06);  // Інкремент адреси, без зсуву дисплея
 243              		.loc 1 35 3 view .LVU44
 244 0048 0620     		movs	r0, #6
 245 004a FFF7FEFF 		bl	lcd_send_cmd
 246              	.LVL27:
  36:Core/Src/lcd.c ****   lcd_send_cmd(0x01);  // Очистити дисплей
 247              		.loc 1 36 3 view .LVU45
 248 004e 0120     		movs	r0, #1
 249 0050 FFF7FEFF 		bl	lcd_send_cmd
 250              	.LVL28:
  37:Core/Src/lcd.c ****   HAL_Delay(2);
 251              		.loc 1 37 3 view .LVU46
 252 0054 0220     		movs	r0, #2
 253 0056 FFF7FEFF 		bl	HAL_Delay
ARM GAS  C:\Users\main\AppData\Local\Temp\ccq5HaAd.s 			page 6


 254              	.LVL29:
  38:Core/Src/lcd.c **** }
 255              		.loc 1 38 1 is_stmt 0 view .LVU47
 256              		@ sp needed
 257 005a 10BD     		pop	{r4, pc}
 258              	.L9:
 259              		.align	2
 260              	.L8:
 261 005c 00000000 		.word	.LANCHOR1
 262 0060 00000000 		.word	.LANCHOR0
 263              		.cfi_endproc
 264              	.LFE216:
 266              		.section	.text.lcd_send_string,"ax",%progbits
 267              		.align	1
 268              		.global	lcd_send_string
 269              		.syntax unified
 270              		.code	16
 271              		.thumb_func
 273              	lcd_send_string:
 274              	.LVL30:
 275              	.LFB217:
  39:Core/Src/lcd.c **** 
  40:Core/Src/lcd.c **** void lcd_send_string(char *str) {
 276              		.loc 1 40 33 is_stmt 1 view -0
 277              		.cfi_startproc
 278              		@ args = 0, pretend = 0, frame = 0
 279              		@ frame_needed = 0, uses_anonymous_args = 0
 280              		.loc 1 40 33 is_stmt 0 view .LVU49
 281 0000 10B5     		push	{r4, lr}
 282              	.LCFI5:
 283              		.cfi_def_cfa_offset 8
 284              		.cfi_offset 4, -8
 285              		.cfi_offset 14, -4
 286 0002 0400     		movs	r4, r0
  41:Core/Src/lcd.c ****   while (*str) {
 287              		.loc 1 41 3 is_stmt 1 view .LVU50
 288              		.loc 1 41 9 is_stmt 0 view .LVU51
 289 0004 02E0     		b	.L11
 290              	.LVL31:
 291              	.L12:
  42:Core/Src/lcd.c ****     lcd_send_data(*str++);
 292              		.loc 1 42 5 is_stmt 1 view .LVU52
 293              		.loc 1 42 23 is_stmt 0 view .LVU53
 294 0006 0134     		adds	r4, r4, #1
 295              	.LVL32:
 296              		.loc 1 42 5 view .LVU54
 297 0008 FFF7FEFF 		bl	lcd_send_data
 298              	.LVL33:
 299              	.L11:
  41:Core/Src/lcd.c ****   while (*str) {
 300              		.loc 1 41 9 is_stmt 1 view .LVU55
  41:Core/Src/lcd.c ****   while (*str) {
 301              		.loc 1 41 10 is_stmt 0 view .LVU56
 302 000c 2078     		ldrb	r0, [r4]
  41:Core/Src/lcd.c ****   while (*str) {
 303              		.loc 1 41 9 view .LVU57
 304 000e 0028     		cmp	r0, #0
ARM GAS  C:\Users\main\AppData\Local\Temp\ccq5HaAd.s 			page 7


 305 0010 F9D1     		bne	.L12
  43:Core/Src/lcd.c ****   }
  44:Core/Src/lcd.c **** }...
 306              		.loc 1 44 1 view .LVU58
 307              		@ sp needed
 308              	.LVL34:
 309              		.loc 1 44 1 view .LVU59
 310 0012 10BD     		pop	{r4, pc}
 311              		.cfi_endproc
 312              	.LFE217:
 314              		.section	.bss.lcd,"aw",%nobits
 315              		.align	2
 316              		.set	.LANCHOR1,. + 0
 319              	lcd:
 320 0000 00000000 		.space	4
 321              		.section	.bss.lcd_addr,"aw",%nobits
 322              		.set	.LANCHOR0,. + 0
 325              	lcd_addr:
 326 0000 00       		.space	1
 327              		.text
 328              	.Letext0:
 329              		.file 2 "c:\\program files (x86)\\gnu arm embedded toolchain\\10 2021.10\\arm-none-eabi\\include\\
 330              		.file 3 "c:\\program files (x86)\\gnu arm embedded toolchain\\10 2021.10\\arm-none-eabi\\include\\
 331              		.file 4 "Drivers/CMSIS/Device/ST/STM32C0xx/Include/stm32c031xx.h"
 332              		.file 5 "Drivers/STM32C0xx_HAL_Driver/Inc/stm32c0xx_hal_def.h"
 333              		.file 6 "Drivers/STM32C0xx_HAL_Driver/Inc/stm32c0xx_hal_dma.h"
 334              		.file 7 "Drivers/STM32C0xx_HAL_Driver/Inc/stm32c0xx_hal_i2c.h"
 335              		.file 8 "Drivers/STM32C0xx_HAL_Driver/Inc/stm32c0xx_hal.h"
ARM GAS  C:\Users\main\AppData\Local\Temp\ccq5HaAd.s 			page 8


DEFINED SYMBOLS
                            *ABS*:00000000 lcd.c
C:\Users\main\AppData\Local\Temp\ccq5HaAd.s:18     .text.lcd_send_cmd:00000000 $t
C:\Users\main\AppData\Local\Temp\ccq5HaAd.s:24     .text.lcd_send_cmd:00000000 lcd_send_cmd
C:\Users\main\AppData\Local\Temp\ccq5HaAd.s:89     .text.lcd_send_cmd:0000003c $d
C:\Users\main\AppData\Local\Temp\ccq5HaAd.s:95     .text.lcd_send_data:00000000 $t
C:\Users\main\AppData\Local\Temp\ccq5HaAd.s:101    .text.lcd_send_data:00000000 lcd_send_data
C:\Users\main\AppData\Local\Temp\ccq5HaAd.s:165    .text.lcd_send_data:0000003c $d
C:\Users\main\AppData\Local\Temp\ccq5HaAd.s:171    .text.lcd_init:00000000 $t
C:\Users\main\AppData\Local\Temp\ccq5HaAd.s:177    .text.lcd_init:00000000 lcd_init
C:\Users\main\AppData\Local\Temp\ccq5HaAd.s:261    .text.lcd_init:0000005c $d
C:\Users\main\AppData\Local\Temp\ccq5HaAd.s:267    .text.lcd_send_string:00000000 $t
C:\Users\main\AppData\Local\Temp\ccq5HaAd.s:273    .text.lcd_send_string:00000000 lcd_send_string
C:\Users\main\AppData\Local\Temp\ccq5HaAd.s:315    .bss.lcd:00000000 $d
C:\Users\main\AppData\Local\Temp\ccq5HaAd.s:319    .bss.lcd:00000000 lcd
C:\Users\main\AppData\Local\Temp\ccq5HaAd.s:325    .bss.lcd_addr:00000000 lcd_addr
C:\Users\main\AppData\Local\Temp\ccq5HaAd.s:326    .bss.lcd_addr:00000000 $d

UNDEFINED SYMBOLS
HAL_I2C_Master_Transmit
HAL_Delay
