ARM GAS  C:\Users\main\AppData\Local\Temp\ccGLcptt.s 			page 1


   1              		.cpu cortex-m0plus
   2              		.arch armv6s-m
   3              		.fpu softvfp
   4              		.eabi_attribute 20, 1
   5              		.eabi_attribute 21, 1
   6              		.eabi_attribute 23, 3
   7              		.eabi_attribute 24, 1
   8              		.eabi_attribute 25, 1
   9              		.eabi_attribute 26, 1
  10              		.eabi_attribute 30, 1
  11              		.eabi_attribute 34, 0
  12              		.eabi_attribute 18, 4
  13              		.file	"stm32c0xx_it.c"
  14              		.text
  15              	.Ltext0:
  16              		.cfi_sections	.debug_frame
  17              		.section	.text.NMI_Handler,"ax",%progbits
  18              		.align	1
  19              		.global	NMI_Handler
  20              		.syntax unified
  21              		.code	16
  22              		.thumb_func
  24              	NMI_Handler:
  25              	.LFB217:
  26              		.file 1 "Core/Src/stm32c0xx_it.c"
   1:Core/Src/stm32c0xx_it.c **** /* USER CODE BEGIN Header */
   2:Core/Src/stm32c0xx_it.c **** /**
   3:Core/Src/stm32c0xx_it.c ****   ******************************************************************************
   4:Core/Src/stm32c0xx_it.c ****   * @file    stm32c0xx_it.c
   5:Core/Src/stm32c0xx_it.c ****   * @brief   Interrupt Service Routines.
   6:Core/Src/stm32c0xx_it.c ****   ******************************************************************************
   7:Core/Src/stm32c0xx_it.c ****   * @attention
   8:Core/Src/stm32c0xx_it.c ****   *
   9:Core/Src/stm32c0xx_it.c ****   * Copyright (c) 2025 STMicroelectronics.
  10:Core/Src/stm32c0xx_it.c ****   * All rights reserved.
  11:Core/Src/stm32c0xx_it.c ****   *
  12:Core/Src/stm32c0xx_it.c ****   * This software is licensed under terms that can be found in the LICENSE file
  13:Core/Src/stm32c0xx_it.c ****   * in the root directory of this software component.
  14:Core/Src/stm32c0xx_it.c ****   * If no LICENSE file comes with this software, it is provided AS-IS.
  15:Core/Src/stm32c0xx_it.c ****   *
  16:Core/Src/stm32c0xx_it.c ****   ******************************************************************************
  17:Core/Src/stm32c0xx_it.c ****   */
  18:Core/Src/stm32c0xx_it.c **** /* USER CODE END Header */
  19:Core/Src/stm32c0xx_it.c **** 
  20:Core/Src/stm32c0xx_it.c **** /* Includes ------------------------------------------------------------------*/
  21:Core/Src/stm32c0xx_it.c **** #include "main.h"
  22:Core/Src/stm32c0xx_it.c **** #include "stm32c0xx_it.h"
  23:Core/Src/stm32c0xx_it.c **** /* Private includes ----------------------------------------------------------*/
  24:Core/Src/stm32c0xx_it.c **** /* USER CODE BEGIN Includes */
  25:Core/Src/stm32c0xx_it.c **** /* USER CODE END Includes */
  26:Core/Src/stm32c0xx_it.c **** 
  27:Core/Src/stm32c0xx_it.c **** /* Private typedef -----------------------------------------------------------*/
  28:Core/Src/stm32c0xx_it.c **** /* USER CODE BEGIN TD */
  29:Core/Src/stm32c0xx_it.c **** 
  30:Core/Src/stm32c0xx_it.c **** /* USER CODE END TD */
  31:Core/Src/stm32c0xx_it.c **** 
  32:Core/Src/stm32c0xx_it.c **** /* Private define ------------------------------------------------------------*/
ARM GAS  C:\Users\main\AppData\Local\Temp\ccGLcptt.s 			page 2


  33:Core/Src/stm32c0xx_it.c **** /* USER CODE BEGIN PD */
  34:Core/Src/stm32c0xx_it.c **** 
  35:Core/Src/stm32c0xx_it.c **** /* USER CODE END PD */
  36:Core/Src/stm32c0xx_it.c **** 
  37:Core/Src/stm32c0xx_it.c **** /* Private macro -------------------------------------------------------------*/
  38:Core/Src/stm32c0xx_it.c **** /* USER CODE BEGIN PM */
  39:Core/Src/stm32c0xx_it.c **** 
  40:Core/Src/stm32c0xx_it.c **** /* USER CODE END PM */
  41:Core/Src/stm32c0xx_it.c **** 
  42:Core/Src/stm32c0xx_it.c **** /* Private variables ---------------------------------------------------------*/
  43:Core/Src/stm32c0xx_it.c **** /* USER CODE BEGIN PV */
  44:Core/Src/stm32c0xx_it.c **** 
  45:Core/Src/stm32c0xx_it.c **** /* USER CODE END PV */
  46:Core/Src/stm32c0xx_it.c **** 
  47:Core/Src/stm32c0xx_it.c **** /* Private function prototypes -----------------------------------------------*/
  48:Core/Src/stm32c0xx_it.c **** /* USER CODE BEGIN PFP */
  49:Core/Src/stm32c0xx_it.c **** 
  50:Core/Src/stm32c0xx_it.c **** /* USER CODE END PFP */
  51:Core/Src/stm32c0xx_it.c **** 
  52:Core/Src/stm32c0xx_it.c **** /* Private user code ---------------------------------------------------------*/
  53:Core/Src/stm32c0xx_it.c **** /* USER CODE BEGIN 0 */
  54:Core/Src/stm32c0xx_it.c **** 
  55:Core/Src/stm32c0xx_it.c **** /* USER CODE END 0 */
  56:Core/Src/stm32c0xx_it.c **** 
  57:Core/Src/stm32c0xx_it.c **** /* External variables --------------------------------------------------------*/
  58:Core/Src/stm32c0xx_it.c **** extern DMA_HandleTypeDef hdma_i2c1_tx;
  59:Core/Src/stm32c0xx_it.c **** extern I2C_HandleTypeDef hi2c1;
  60:Core/Src/stm32c0xx_it.c **** /* USER CODE BEGIN EV */
  61:Core/Src/stm32c0xx_it.c **** 
  62:Core/Src/stm32c0xx_it.c **** /* USER CODE END EV */
  63:Core/Src/stm32c0xx_it.c **** 
  64:Core/Src/stm32c0xx_it.c **** /******************************************************************************/
  65:Core/Src/stm32c0xx_it.c **** /*           Cortex Processor Interruption and Exception Handlers          */
  66:Core/Src/stm32c0xx_it.c **** /******************************************************************************/
  67:Core/Src/stm32c0xx_it.c **** /**
  68:Core/Src/stm32c0xx_it.c ****   * @brief This function handles Non maskable interrupt.
  69:Core/Src/stm32c0xx_it.c ****   */
  70:Core/Src/stm32c0xx_it.c **** void NMI_Handler(void)
  71:Core/Src/stm32c0xx_it.c **** {
  27              		.loc 1 71 1 view -0
  28              		.cfi_startproc
  29              		@ Volatile: function does not return.
  30              		@ args = 0, pretend = 0, frame = 0
  31              		@ frame_needed = 0, uses_anonymous_args = 0
  32              		@ link register save eliminated.
  33              	.L2:
  72:Core/Src/stm32c0xx_it.c ****   /* USER CODE BEGIN NonMaskableInt_IRQn 0 */
  73:Core/Src/stm32c0xx_it.c **** 
  74:Core/Src/stm32c0xx_it.c ****   /* USER CODE END NonMaskableInt_IRQn 0 */
  75:Core/Src/stm32c0xx_it.c ****   /* USER CODE BEGIN NonMaskableInt_IRQn 1 */
  76:Core/Src/stm32c0xx_it.c ****    while (1)
  34              		.loc 1 76 4 discriminator 1 view .LVU1
  77:Core/Src/stm32c0xx_it.c ****   {
  78:Core/Src/stm32c0xx_it.c ****   }
  35              		.loc 1 78 3 discriminator 1 view .LVU2
  76:Core/Src/stm32c0xx_it.c ****   {
  36              		.loc 1 76 10 discriminator 1 view .LVU3
ARM GAS  C:\Users\main\AppData\Local\Temp\ccGLcptt.s 			page 3


  37 0000 FEE7     		b	.L2
  38              		.cfi_endproc
  39              	.LFE217:
  41              		.section	.text.HardFault_Handler,"ax",%progbits
  42              		.align	1
  43              		.global	HardFault_Handler
  44              		.syntax unified
  45              		.code	16
  46              		.thumb_func
  48              	HardFault_Handler:
  49              	.LFB218:
  79:Core/Src/stm32c0xx_it.c ****   /* USER CODE END NonMaskableInt_IRQn 1 */
  80:Core/Src/stm32c0xx_it.c **** }
  81:Core/Src/stm32c0xx_it.c **** 
  82:Core/Src/stm32c0xx_it.c **** /**
  83:Core/Src/stm32c0xx_it.c ****   * @brief This function handles Hard fault interrupt.
  84:Core/Src/stm32c0xx_it.c ****   */
  85:Core/Src/stm32c0xx_it.c **** void HardFault_Handler(void)
  86:Core/Src/stm32c0xx_it.c **** {
  50              		.loc 1 86 1 view -0
  51              		.cfi_startproc
  52              		@ Volatile: function does not return.
  53              		@ args = 0, pretend = 0, frame = 0
  54              		@ frame_needed = 0, uses_anonymous_args = 0
  55              		@ link register save eliminated.
  56              	.L4:
  87:Core/Src/stm32c0xx_it.c ****   /* USER CODE BEGIN HardFault_IRQn 0 */
  88:Core/Src/stm32c0xx_it.c **** 
  89:Core/Src/stm32c0xx_it.c ****   /* USER CODE END HardFault_IRQn 0 */
  90:Core/Src/stm32c0xx_it.c ****   while (1)
  57              		.loc 1 90 3 discriminator 1 view .LVU5
  91:Core/Src/stm32c0xx_it.c ****   {
  92:Core/Src/stm32c0xx_it.c ****     /* USER CODE BEGIN W1_HardFault_IRQn 0 */
  93:Core/Src/stm32c0xx_it.c ****     /* USER CODE END W1_HardFault_IRQn 0 */
  94:Core/Src/stm32c0xx_it.c ****   }
  58              		.loc 1 94 3 discriminator 1 view .LVU6
  90:Core/Src/stm32c0xx_it.c ****   {
  59              		.loc 1 90 9 discriminator 1 view .LVU7
  60 0000 FEE7     		b	.L4
  61              		.cfi_endproc
  62              	.LFE218:
  64              		.section	.text.SVC_Handler,"ax",%progbits
  65              		.align	1
  66              		.global	SVC_Handler
  67              		.syntax unified
  68              		.code	16
  69              		.thumb_func
  71              	SVC_Handler:
  72              	.LFB219:
  95:Core/Src/stm32c0xx_it.c **** }
  96:Core/Src/stm32c0xx_it.c **** 
  97:Core/Src/stm32c0xx_it.c **** /**
  98:Core/Src/stm32c0xx_it.c ****   * @brief This function handles System service call via SWI instruction.
  99:Core/Src/stm32c0xx_it.c ****   */
 100:Core/Src/stm32c0xx_it.c **** void SVC_Handler(void)
 101:Core/Src/stm32c0xx_it.c **** {
  73              		.loc 1 101 1 view -0
ARM GAS  C:\Users\main\AppData\Local\Temp\ccGLcptt.s 			page 4


  74              		.cfi_startproc
  75              		@ args = 0, pretend = 0, frame = 0
  76              		@ frame_needed = 0, uses_anonymous_args = 0
  77              		@ link register save eliminated.
 102:Core/Src/stm32c0xx_it.c ****   /* USER CODE BEGIN SVC_IRQn 0 */
 103:Core/Src/stm32c0xx_it.c **** 
 104:Core/Src/stm32c0xx_it.c ****   /* USER CODE END SVC_IRQn 0 */
 105:Core/Src/stm32c0xx_it.c ****   /* USER CODE BEGIN SVC_IRQn 1 */
 106:Core/Src/stm32c0xx_it.c **** 
 107:Core/Src/stm32c0xx_it.c ****   /* USER CODE END SVC_IRQn 1 */
 108:Core/Src/stm32c0xx_it.c **** }
  78              		.loc 1 108 1 view .LVU9
  79              		@ sp needed
  80 0000 7047     		bx	lr
  81              		.cfi_endproc
  82              	.LFE219:
  84              		.section	.text.PendSV_Handler,"ax",%progbits
  85              		.align	1
  86              		.global	PendSV_Handler
  87              		.syntax unified
  88              		.code	16
  89              		.thumb_func
  91              	PendSV_Handler:
  92              	.LFB220:
 109:Core/Src/stm32c0xx_it.c **** 
 110:Core/Src/stm32c0xx_it.c **** /**
 111:Core/Src/stm32c0xx_it.c ****   * @brief This function handles Pendable request for system service.
 112:Core/Src/stm32c0xx_it.c ****   */
 113:Core/Src/stm32c0xx_it.c **** void PendSV_Handler(void)
 114:Core/Src/stm32c0xx_it.c **** {
  93              		.loc 1 114 1 view -0
  94              		.cfi_startproc
  95              		@ args = 0, pretend = 0, frame = 0
  96              		@ frame_needed = 0, uses_anonymous_args = 0
  97              		@ link register save eliminated.
 115:Core/Src/stm32c0xx_it.c ****   /* USER CODE BEGIN PendSV_IRQn 0 */
 116:Core/Src/stm32c0xx_it.c **** 
 117:Core/Src/stm32c0xx_it.c ****   /* USER CODE END PendSV_IRQn 0 */
 118:Core/Src/stm32c0xx_it.c ****   /* USER CODE BEGIN PendSV_IRQn 1 */
 119:Core/Src/stm32c0xx_it.c **** 
 120:Core/Src/stm32c0xx_it.c ****   /* USER CODE END PendSV_IRQn 1 */
 121:Core/Src/stm32c0xx_it.c **** }
  98              		.loc 1 121 1 view .LVU11
  99              		@ sp needed
 100 0000 7047     		bx	lr
 101              		.cfi_endproc
 102              	.LFE220:
 104              		.section	.text.SysTick_Handler,"ax",%progbits
 105              		.align	1
 106              		.global	SysTick_Handler
 107              		.syntax unified
 108              		.code	16
 109              		.thumb_func
 111              	SysTick_Handler:
 112              	.LFB221:
 122:Core/Src/stm32c0xx_it.c **** 
 123:Core/Src/stm32c0xx_it.c **** /**
ARM GAS  C:\Users\main\AppData\Local\Temp\ccGLcptt.s 			page 5


 124:Core/Src/stm32c0xx_it.c ****   * @brief This function handles System tick timer.
 125:Core/Src/stm32c0xx_it.c ****   */
 126:Core/Src/stm32c0xx_it.c **** void SysTick_Handler(void)
 127:Core/Src/stm32c0xx_it.c **** {
 113              		.loc 1 127 1 view -0
 114              		.cfi_startproc
 115              		@ args = 0, pretend = 0, frame = 0
 116              		@ frame_needed = 0, uses_anonymous_args = 0
 117 0000 10B5     		push	{r4, lr}
 118              	.LCFI0:
 119              		.cfi_def_cfa_offset 8
 120              		.cfi_offset 4, -8
 121              		.cfi_offset 14, -4
 128:Core/Src/stm32c0xx_it.c ****   /* USER CODE BEGIN SysTick_IRQn 0 */
 129:Core/Src/stm32c0xx_it.c **** 
 130:Core/Src/stm32c0xx_it.c ****   /* USER CODE END SysTick_IRQn 0 */
 131:Core/Src/stm32c0xx_it.c ****   HAL_IncTick();
 122              		.loc 1 131 3 view .LVU13
 123 0002 FFF7FEFF 		bl	HAL_IncTick
 124              	.LVL0:
 132:Core/Src/stm32c0xx_it.c ****   /* USER CODE BEGIN SysTick_IRQn 1 */
 133:Core/Src/stm32c0xx_it.c **** 
 134:Core/Src/stm32c0xx_it.c ****   /* USER CODE END SysTick_IRQn 1 */
 135:Core/Src/stm32c0xx_it.c **** }
 125              		.loc 1 135 1 is_stmt 0 view .LVU14
 126              		@ sp needed
 127 0006 10BD     		pop	{r4, pc}
 128              		.cfi_endproc
 129              	.LFE221:
 131              		.section	.text.EXTI4_15_IRQHandler,"ax",%progbits
 132              		.align	1
 133              		.global	EXTI4_15_IRQHandler
 134              		.syntax unified
 135              		.code	16
 136              		.thumb_func
 138              	EXTI4_15_IRQHandler:
 139              	.LFB222:
 136:Core/Src/stm32c0xx_it.c **** 
 137:Core/Src/stm32c0xx_it.c **** /******************************************************************************/
 138:Core/Src/stm32c0xx_it.c **** /* STM32C0xx Peripheral Interrupt Handlers                                    */
 139:Core/Src/stm32c0xx_it.c **** /* Add here the Interrupt Handlers for the used peripherals.                  */
 140:Core/Src/stm32c0xx_it.c **** /* For the available peripheral interrupt handler names,                      */
 141:Core/Src/stm32c0xx_it.c **** /* please refer to the startup file (startup_stm32c0xx.s).                    */
 142:Core/Src/stm32c0xx_it.c **** /******************************************************************************/
 143:Core/Src/stm32c0xx_it.c **** 
 144:Core/Src/stm32c0xx_it.c **** /**
 145:Core/Src/stm32c0xx_it.c ****   * @brief This function handles EXTI line 4 to 15 interrupts.
 146:Core/Src/stm32c0xx_it.c ****   */
 147:Core/Src/stm32c0xx_it.c **** void EXTI4_15_IRQHandler(void)
 148:Core/Src/stm32c0xx_it.c **** {
 140              		.loc 1 148 1 is_stmt 1 view -0
 141              		.cfi_startproc
 142              		@ args = 0, pretend = 0, frame = 0
 143              		@ frame_needed = 0, uses_anonymous_args = 0
 144 0000 10B5     		push	{r4, lr}
 145              	.LCFI1:
 146              		.cfi_def_cfa_offset 8
ARM GAS  C:\Users\main\AppData\Local\Temp\ccGLcptt.s 			page 6


 147              		.cfi_offset 4, -8
 148              		.cfi_offset 14, -4
 149:Core/Src/stm32c0xx_it.c ****   /* USER CODE BEGIN EXTI4_15_IRQn 0 */
 150:Core/Src/stm32c0xx_it.c **** 
 151:Core/Src/stm32c0xx_it.c ****   /* USER CODE END EXTI4_15_IRQn 0 */
 152:Core/Src/stm32c0xx_it.c ****   BSP_PB_IRQHandler(BUTTON_USER);
 149              		.loc 1 152 3 view .LVU16
 150 0002 0020     		movs	r0, #0
 151 0004 FFF7FEFF 		bl	BSP_PB_IRQHandler
 152              	.LVL1:
 153:Core/Src/stm32c0xx_it.c ****   /* USER CODE BEGIN EXTI4_15_IRQn 1 */
 154:Core/Src/stm32c0xx_it.c **** 
 155:Core/Src/stm32c0xx_it.c ****   /* USER CODE END EXTI4_15_IRQn 1 */
 156:Core/Src/stm32c0xx_it.c **** }
 153              		.loc 1 156 1 is_stmt 0 view .LVU17
 154              		@ sp needed
 155 0008 10BD     		pop	{r4, pc}
 156              		.cfi_endproc
 157              	.LFE222:
 159              		.section	.text.DMA1_Channel1_IRQHandler,"ax",%progbits
 160              		.align	1
 161              		.global	DMA1_Channel1_IRQHandler
 162              		.syntax unified
 163              		.code	16
 164              		.thumb_func
 166              	DMA1_Channel1_IRQHandler:
 167              	.LFB223:
 157:Core/Src/stm32c0xx_it.c **** 
 158:Core/Src/stm32c0xx_it.c **** /**
 159:Core/Src/stm32c0xx_it.c ****   * @brief This function handles DMA1 channel 1 interrupt.
 160:Core/Src/stm32c0xx_it.c ****   */
 161:Core/Src/stm32c0xx_it.c **** void DMA1_Channel1_IRQHandler(void)
 162:Core/Src/stm32c0xx_it.c **** {
 168              		.loc 1 162 1 is_stmt 1 view -0
 169              		.cfi_startproc
 170              		@ args = 0, pretend = 0, frame = 0
 171              		@ frame_needed = 0, uses_anonymous_args = 0
 172 0000 10B5     		push	{r4, lr}
 173              	.LCFI2:
 174              		.cfi_def_cfa_offset 8
 175              		.cfi_offset 4, -8
 176              		.cfi_offset 14, -4
 163:Core/Src/stm32c0xx_it.c ****   /* USER CODE BEGIN DMA1_Channel1_IRQn 0 */
 164:Core/Src/stm32c0xx_it.c **** 
 165:Core/Src/stm32c0xx_it.c ****   /* USER CODE END DMA1_Channel1_IRQn 0 */
 166:Core/Src/stm32c0xx_it.c ****   HAL_DMA_IRQHandler(&hdma_i2c1_tx);
 177              		.loc 1 166 3 view .LVU19
 178 0002 0248     		ldr	r0, .L10
 179 0004 FFF7FEFF 		bl	HAL_DMA_IRQHandler
 180              	.LVL2:
 167:Core/Src/stm32c0xx_it.c ****   /* USER CODE BEGIN DMA1_Channel1_IRQn 1 */
 168:Core/Src/stm32c0xx_it.c **** 
 169:Core/Src/stm32c0xx_it.c ****   /* USER CODE END DMA1_Channel1_IRQn 1 */
 170:Core/Src/stm32c0xx_it.c **** }
 181              		.loc 1 170 1 is_stmt 0 view .LVU20
 182              		@ sp needed
 183 0008 10BD     		pop	{r4, pc}
ARM GAS  C:\Users\main\AppData\Local\Temp\ccGLcptt.s 			page 7


 184              	.L11:
 185 000a C046     		.align	2
 186              	.L10:
 187 000c 00000000 		.word	hdma_i2c1_tx
 188              		.cfi_endproc
 189              	.LFE223:
 191              		.section	.text.I2C1_IRQHandler,"ax",%progbits
 192              		.align	1
 193              		.global	I2C1_IRQHandler
 194              		.syntax unified
 195              		.code	16
 196              		.thumb_func
 198              	I2C1_IRQHandler:
 199              	.LFB224:
 171:Core/Src/stm32c0xx_it.c **** 
 172:Core/Src/stm32c0xx_it.c **** /**
 173:Core/Src/stm32c0xx_it.c ****   * @brief This function handles I2C1 interrupt (combined with EXTI 23).
 174:Core/Src/stm32c0xx_it.c ****   */
 175:Core/Src/stm32c0xx_it.c **** void I2C1_IRQHandler(void)
 176:Core/Src/stm32c0xx_it.c **** {
 200              		.loc 1 176 1 is_stmt 1 view -0
 201              		.cfi_startproc
 202              		@ args = 0, pretend = 0, frame = 0
 203              		@ frame_needed = 0, uses_anonymous_args = 0
 204 0000 10B5     		push	{r4, lr}
 205              	.LCFI3:
 206              		.cfi_def_cfa_offset 8
 207              		.cfi_offset 4, -8
 208              		.cfi_offset 14, -4
 177:Core/Src/stm32c0xx_it.c ****   /* USER CODE BEGIN I2C1_IRQn 0 */
 178:Core/Src/stm32c0xx_it.c **** 
 179:Core/Src/stm32c0xx_it.c ****   /* USER CODE END I2C1_IRQn 0 */
 180:Core/Src/stm32c0xx_it.c ****   if (hi2c1.Instance->ISR & (I2C_FLAG_BERR | I2C_FLAG_ARLO | I2C_FLAG_OVR))
 209              		.loc 1 180 3 view .LVU22
 210              		.loc 1 180 12 is_stmt 0 view .LVU23
 211 0002 074B     		ldr	r3, .L15
 212 0004 1B68     		ldr	r3, [r3]
 213              		.loc 1 180 21 view .LVU24
 214 0006 9A69     		ldr	r2, [r3, #24]
 215              		.loc 1 180 27 view .LVU25
 216 0008 E023     		movs	r3, #224
 217 000a DB00     		lsls	r3, r3, #3
 218              		.loc 1 180 6 view .LVU26
 219 000c 1A42     		tst	r2, r3
 220 000e 03D0     		beq	.L13
 181:Core/Src/stm32c0xx_it.c ****   {
 182:Core/Src/stm32c0xx_it.c ****     HAL_I2C_ER_IRQHandler(&hi2c1);
 221              		.loc 1 182 5 is_stmt 1 view .LVU27
 222 0010 0348     		ldr	r0, .L15
 223 0012 FFF7FEFF 		bl	HAL_I2C_ER_IRQHandler
 224              	.LVL3:
 225              	.L12:
 183:Core/Src/stm32c0xx_it.c ****   }
 184:Core/Src/stm32c0xx_it.c ****   else
 185:Core/Src/stm32c0xx_it.c ****   {
 186:Core/Src/stm32c0xx_it.c ****     HAL_I2C_EV_IRQHandler(&hi2c1);
 187:Core/Src/stm32c0xx_it.c ****   }
ARM GAS  C:\Users\main\AppData\Local\Temp\ccGLcptt.s 			page 8


 188:Core/Src/stm32c0xx_it.c ****   /* USER CODE BEGIN I2C1_IRQn 1 */
 189:Core/Src/stm32c0xx_it.c **** 
 190:Core/Src/stm32c0xx_it.c ****   /* USER CODE END I2C1_IRQn 1 */
 191:Core/Src/stm32c0xx_it.c **** }
 226              		.loc 1 191 1 is_stmt 0 view .LVU28
 227              		@ sp needed
 228 0016 10BD     		pop	{r4, pc}
 229              	.L13:
 186:Core/Src/stm32c0xx_it.c ****   }
 230              		.loc 1 186 5 is_stmt 1 view .LVU29
 231 0018 0148     		ldr	r0, .L15
 232 001a FFF7FEFF 		bl	HAL_I2C_EV_IRQHandler
 233              	.LVL4:
 234              		.loc 1 191 1 is_stmt 0 view .LVU30
 235 001e FAE7     		b	.L12
 236              	.L16:
 237              		.align	2
 238              	.L15:
 239 0020 00000000 		.word	hi2c1
 240              		.cfi_endproc
 241              	.LFE224:
 243              		.text
 244              	.Letext0:
 245              		.file 2 "c:\\program files (x86)\\gnu arm embedded toolchain\\10 2021.10\\arm-none-eabi\\include\\
 246              		.file 3 "c:\\program files (x86)\\gnu arm embedded toolchain\\10 2021.10\\arm-none-eabi\\include\\
 247              		.file 4 "Drivers/CMSIS/Device/ST/STM32C0xx/Include/stm32c031xx.h"
 248              		.file 5 "Drivers/STM32C0xx_HAL_Driver/Inc/stm32c0xx_hal_def.h"
 249              		.file 6 "Drivers/STM32C0xx_HAL_Driver/Inc/stm32c0xx_hal_dma.h"
 250              		.file 7 "Drivers/STM32C0xx_HAL_Driver/Inc/stm32c0xx_hal_i2c.h"
 251              		.file 8 "Drivers/BSP/STM32C0xx_Nucleo/stm32c0xx_nucleo.h"
 252              		.file 9 "Drivers/STM32C0xx_HAL_Driver/Inc/stm32c0xx_hal.h"
ARM GAS  C:\Users\main\AppData\Local\Temp\ccGLcptt.s 			page 9


DEFINED SYMBOLS
                            *ABS*:00000000 stm32c0xx_it.c
C:\Users\main\AppData\Local\Temp\ccGLcptt.s:18     .text.NMI_Handler:00000000 $t
C:\Users\main\AppData\Local\Temp\ccGLcptt.s:24     .text.NMI_Handler:00000000 NMI_Handler
C:\Users\main\AppData\Local\Temp\ccGLcptt.s:42     .text.HardFault_Handler:00000000 $t
C:\Users\main\AppData\Local\Temp\ccGLcptt.s:48     .text.HardFault_Handler:00000000 HardFault_Handler
C:\Users\main\AppData\Local\Temp\ccGLcptt.s:65     .text.SVC_Handler:00000000 $t
C:\Users\main\AppData\Local\Temp\ccGLcptt.s:71     .text.SVC_Handler:00000000 SVC_Handler
C:\Users\main\AppData\Local\Temp\ccGLcptt.s:85     .text.PendSV_Handler:00000000 $t
C:\Users\main\AppData\Local\Temp\ccGLcptt.s:91     .text.PendSV_Handler:00000000 PendSV_Handler
C:\Users\main\AppData\Local\Temp\ccGLcptt.s:105    .text.SysTick_Handler:00000000 $t
C:\Users\main\AppData\Local\Temp\ccGLcptt.s:111    .text.SysTick_Handler:00000000 SysTick_Handler
C:\Users\main\AppData\Local\Temp\ccGLcptt.s:132    .text.EXTI4_15_IRQHandler:00000000 $t
C:\Users\main\AppData\Local\Temp\ccGLcptt.s:138    .text.EXTI4_15_IRQHandler:00000000 EXTI4_15_IRQHandler
C:\Users\main\AppData\Local\Temp\ccGLcptt.s:160    .text.DMA1_Channel1_IRQHandler:00000000 $t
C:\Users\main\AppData\Local\Temp\ccGLcptt.s:166    .text.DMA1_Channel1_IRQHandler:00000000 DMA1_Channel1_IRQHandler
C:\Users\main\AppData\Local\Temp\ccGLcptt.s:187    .text.DMA1_Channel1_IRQHandler:0000000c $d
C:\Users\main\AppData\Local\Temp\ccGLcptt.s:192    .text.I2C1_IRQHandler:00000000 $t
C:\Users\main\AppData\Local\Temp\ccGLcptt.s:198    .text.I2C1_IRQHandler:00000000 I2C1_IRQHandler
C:\Users\main\AppData\Local\Temp\ccGLcptt.s:239    .text.I2C1_IRQHandler:00000020 $d

UNDEFINED SYMBOLS
HAL_IncTick
BSP_PB_IRQHandler
HAL_DMA_IRQHandler
hdma_i2c1_tx
HAL_I2C_ER_IRQHandler
HAL_I2C_EV_IRQHandler
hi2c1
