ARM GAS  C:\Users\main\AppData\Local\Temp\cc636Wre.s 			page 1


   1              		.cpu cortex-m0plus
   2              		.arch armv6s-m
   3              		.fpu softvfp
   4              		.eabi_attribute 20, 1
   5              		.eabi_attribute 21, 1
   6              		.eabi_attribute 23, 3
   7              		.eabi_attribute 24, 1
   8              		.eabi_attribute 25, 1
   9              		.eabi_attribute 26, 1
  10              		.eabi_attribute 30, 1
  11              		.eabi_attribute 34, 0
  12              		.eabi_attribute 18, 4
  13              		.file	"gpio.c"
  14              		.text
  15              	.Ltext0:
  16              		.cfi_sections	.debug_frame
  17              		.file 1 "Core/Src/gpio.c"
  18              		.section	.text.MX_GPIO_Init,"ax",%progbits
  19              		.align	1
  20              		.global	MX_GPIO_Init
  21              		.syntax unified
  22              		.code	16
  23              		.thumb_func
  25              	MX_GPIO_Init:
  26              	.LFB217:
   1:Core/Src/gpio.c **** /* USER CODE BEGIN Header */
   2:Core/Src/gpio.c **** /**
   3:Core/Src/gpio.c ****   ******************************************************************************
   4:Core/Src/gpio.c ****   * @file    gpio.c
   5:Core/Src/gpio.c ****   * @brief   This file provides code for the configuration
   6:Core/Src/gpio.c ****   *          of all used GPIO pins.
   7:Core/Src/gpio.c ****   ******************************************************************************
   8:Core/Src/gpio.c ****   * @attention
   9:Core/Src/gpio.c ****   *
  10:Core/Src/gpio.c ****   * Copyright (c) 2025 STMicroelectronics.
  11:Core/Src/gpio.c ****   * All rights reserved.
  12:Core/Src/gpio.c ****   *
  13:Core/Src/gpio.c ****   * This software is licensed under terms that can be found in the LICENSE file
  14:Core/Src/gpio.c ****   * in the root directory of this software component.
  15:Core/Src/gpio.c ****   * If no LICENSE file comes with this software, it is provided AS-IS.
  16:Core/Src/gpio.c ****   *
  17:Core/Src/gpio.c ****   ******************************************************************************
  18:Core/Src/gpio.c ****   */
  19:Core/Src/gpio.c **** /* USER CODE END Header */
  20:Core/Src/gpio.c **** 
  21:Core/Src/gpio.c **** /* Includes ------------------------------------------------------------------*/
  22:Core/Src/gpio.c **** #include "gpio.h"
  23:Core/Src/gpio.c **** 
  24:Core/Src/gpio.c **** /* USER CODE BEGIN 0 */
  25:Core/Src/gpio.c **** 
  26:Core/Src/gpio.c **** /* USER CODE END 0 */
  27:Core/Src/gpio.c **** 
  28:Core/Src/gpio.c **** /*----------------------------------------------------------------------------*/
  29:Core/Src/gpio.c **** /* Configure GPIO                                                             */
  30:Core/Src/gpio.c **** /*----------------------------------------------------------------------------*/
  31:Core/Src/gpio.c **** /* USER CODE BEGIN 1 */
  32:Core/Src/gpio.c **** 
ARM GAS  C:\Users\main\AppData\Local\Temp\cc636Wre.s 			page 2


  33:Core/Src/gpio.c **** /* USER CODE END 1 */
  34:Core/Src/gpio.c **** 
  35:Core/Src/gpio.c **** /** Configure pins as
  36:Core/Src/gpio.c ****         * Analog
  37:Core/Src/gpio.c ****         * Input
  38:Core/Src/gpio.c ****         * Output
  39:Core/Src/gpio.c ****         * EVENT_OUT
  40:Core/Src/gpio.c ****         * EXTI
  41:Core/Src/gpio.c **** */
  42:Core/Src/gpio.c **** void MX_GPIO_Init(void)
  43:Core/Src/gpio.c **** {
  27              		.loc 1 43 1 view -0
  28              		.cfi_startproc
  29              		@ args = 0, pretend = 0, frame = 16
  30              		@ frame_needed = 0, uses_anonymous_args = 0
  31              		@ link register save eliminated.
  32 0000 84B0     		sub	sp, sp, #16
  33              		.cfi_def_cfa_offset 16
  44:Core/Src/gpio.c **** 
  45:Core/Src/gpio.c ****   /* GPIO Ports Clock Enable */
  46:Core/Src/gpio.c ****   __HAL_RCC_GPIOC_CLK_ENABLE();
  34              		.loc 1 46 3 view .LVU1
  35              	.LBB2:
  36              		.loc 1 46 3 view .LVU2
  37              		.loc 1 46 3 view .LVU3
  38 0002 0D4B     		ldr	r3, .L2
  39 0004 596B     		ldr	r1, [r3, #52]
  40 0006 0422     		movs	r2, #4
  41 0008 1143     		orrs	r1, r2
  42 000a 5963     		str	r1, [r3, #52]
  43              		.loc 1 46 3 view .LVU4
  44 000c 596B     		ldr	r1, [r3, #52]
  45 000e 0A40     		ands	r2, r1
  46 0010 0192     		str	r2, [sp, #4]
  47              		.loc 1 46 3 view .LVU5
  48 0012 019A     		ldr	r2, [sp, #4]
  49              	.LBE2:
  50              		.loc 1 46 3 view .LVU6
  47:Core/Src/gpio.c ****   __HAL_RCC_GPIOF_CLK_ENABLE();
  51              		.loc 1 47 3 view .LVU7
  52              	.LBB3:
  53              		.loc 1 47 3 view .LVU8
  54              		.loc 1 47 3 view .LVU9
  55 0014 596B     		ldr	r1, [r3, #52]
  56 0016 2022     		movs	r2, #32
  57 0018 1143     		orrs	r1, r2
  58 001a 5963     		str	r1, [r3, #52]
  59              		.loc 1 47 3 view .LVU10
  60 001c 596B     		ldr	r1, [r3, #52]
  61 001e 0A40     		ands	r2, r1
  62 0020 0292     		str	r2, [sp, #8]
  63              		.loc 1 47 3 view .LVU11
  64 0022 029A     		ldr	r2, [sp, #8]
  65              	.LBE3:
  66              		.loc 1 47 3 view .LVU12
  48:Core/Src/gpio.c ****   __HAL_RCC_GPIOA_CLK_ENABLE();
  67              		.loc 1 48 3 view .LVU13
ARM GAS  C:\Users\main\AppData\Local\Temp\cc636Wre.s 			page 3


  68              	.LBB4:
  69              		.loc 1 48 3 view .LVU14
  70              		.loc 1 48 3 view .LVU15
  71 0024 596B     		ldr	r1, [r3, #52]
  72 0026 0122     		movs	r2, #1
  73 0028 1143     		orrs	r1, r2
  74 002a 5963     		str	r1, [r3, #52]
  75              		.loc 1 48 3 view .LVU16
  76 002c 5B6B     		ldr	r3, [r3, #52]
  77 002e 1A40     		ands	r2, r3
  78 0030 0392     		str	r2, [sp, #12]
  79              		.loc 1 48 3 view .LVU17
  80 0032 039B     		ldr	r3, [sp, #12]
  81              	.LBE4:
  82              		.loc 1 48 3 view .LVU18
  49:Core/Src/gpio.c **** 
  50:Core/Src/gpio.c **** }
  83              		.loc 1 50 1 is_stmt 0 view .LVU19
  84 0034 04B0     		add	sp, sp, #16
  85              		@ sp needed
  86 0036 7047     		bx	lr
  87              	.L3:
  88              		.align	2
  89              	.L2:
  90 0038 00100240 		.word	1073876992
  91              		.cfi_endproc
  92              	.LFE217:
  94              		.text
  95              	.Letext0:
  96              		.file 2 "C:/Users/main/AppData/Roaming/Code/User/globalStorage/bmd.stm32-for-vscode/@xpack-dev-too
  97              		.file 3 "C:/Users/main/AppData/Roaming/Code/User/globalStorage/bmd.stm32-for-vscode/@xpack-dev-too
  98              		.file 4 "Drivers/CMSIS/Device/ST/STM32C0xx/Include/stm32c031xx.h"
ARM GAS  C:\Users\main\AppData\Local\Temp\cc636Wre.s 			page 4


DEFINED SYMBOLS
                            *ABS*:00000000 gpio.c
C:\Users\main\AppData\Local\Temp\cc636Wre.s:19     .text.MX_GPIO_Init:00000000 $t
C:\Users\main\AppData\Local\Temp\cc636Wre.s:25     .text.MX_GPIO_Init:00000000 MX_GPIO_Init
C:\Users\main\AppData\Local\Temp\cc636Wre.s:90     .text.MX_GPIO_Init:00000038 $d

NO UNDEFINED SYMBOLS
