ARM GAS  C:\Users\main\AppData\Local\Temp\cc04Yn1I.s 			page 1


   1              		.cpu cortex-m0plus
   2              		.arch armv6s-m
   3              		.fpu softvfp
   4              		.eabi_attribute 20, 1
   5              		.eabi_attribute 21, 1
   6              		.eabi_attribute 23, 3
   7              		.eabi_attribute 24, 1
   8              		.eabi_attribute 25, 1
   9              		.eabi_attribute 26, 1
  10              		.eabi_attribute 30, 1
  11              		.eabi_attribute 34, 0
  12              		.eabi_attribute 18, 4
  13              		.file	"syscalls.c"
  14              		.text
  15              	.Ltext0:
  16              		.cfi_sections	.debug_frame
  17              		.file 1 "Core/Src/syscalls.c"
  18              		.section	.text.initialise_monitor_handles,"ax",%progbits
  19              		.align	1
  20              		.global	initialise_monitor_handles
  21              		.syntax unified
  22              		.code	16
  23              		.thumb_func
  25              	initialise_monitor_handles:
  26              	.LFB25:
   1:Core/Src/syscalls.c **** /**
   2:Core/Src/syscalls.c ****  ******************************************************************************
   3:Core/Src/syscalls.c ****  * @file      syscalls.c
   4:Core/Src/syscalls.c ****  * @author    Auto-generated by STM32CubeMX
   5:Core/Src/syscalls.c ****  * @brief     Minimal System calls file
   6:Core/Src/syscalls.c ****  *
   7:Core/Src/syscalls.c ****  *            For more information about which c-functions
   8:Core/Src/syscalls.c ****  *            need which of these lowlevel functions
   9:Core/Src/syscalls.c ****  *            please consult the Newlib libc-manual
  10:Core/Src/syscalls.c ****  ******************************************************************************
  11:Core/Src/syscalls.c ****  * @attention
  12:Core/Src/syscalls.c ****  *
  13:Core/Src/syscalls.c ****  * Copyright (c) 2020-2024 STMicroelectronics.
  14:Core/Src/syscalls.c ****  * All rights reserved.
  15:Core/Src/syscalls.c ****  *
  16:Core/Src/syscalls.c ****  * This software is licensed under terms that can be found in the LICENSE file
  17:Core/Src/syscalls.c ****  * in the root directory of this software component.
  18:Core/Src/syscalls.c ****  * If no LICENSE file comes with this software, it is provided AS-IS.
  19:Core/Src/syscalls.c ****  *
  20:Core/Src/syscalls.c ****  ******************************************************************************
  21:Core/Src/syscalls.c ****  */
  22:Core/Src/syscalls.c **** 
  23:Core/Src/syscalls.c **** /* Includes */
  24:Core/Src/syscalls.c **** #include <sys/stat.h>
  25:Core/Src/syscalls.c **** #include <stdlib.h>
  26:Core/Src/syscalls.c **** #include <errno.h>
  27:Core/Src/syscalls.c **** #include <stdio.h>
  28:Core/Src/syscalls.c **** #include <signal.h>
  29:Core/Src/syscalls.c **** #include <time.h>
  30:Core/Src/syscalls.c **** #include <sys/time.h>
  31:Core/Src/syscalls.c **** #include <sys/times.h>
  32:Core/Src/syscalls.c **** 
ARM GAS  C:\Users\main\AppData\Local\Temp\cc04Yn1I.s 			page 2


  33:Core/Src/syscalls.c **** 
  34:Core/Src/syscalls.c **** /* Variables */
  35:Core/Src/syscalls.c **** extern int __io_putchar(int ch) __attribute__((weak));
  36:Core/Src/syscalls.c **** extern int __io_getchar(void) __attribute__((weak));
  37:Core/Src/syscalls.c **** 
  38:Core/Src/syscalls.c **** 
  39:Core/Src/syscalls.c **** char *__env[1] = { 0 };
  40:Core/Src/syscalls.c **** char **environ = __env;
  41:Core/Src/syscalls.c **** 
  42:Core/Src/syscalls.c **** 
  43:Core/Src/syscalls.c **** /* Functions */
  44:Core/Src/syscalls.c **** void initialise_monitor_handles()
  45:Core/Src/syscalls.c **** {
  27              		.loc 1 45 1 view -0
  28              		.cfi_startproc
  29              		@ args = 0, pretend = 0, frame = 0
  30              		@ frame_needed = 0, uses_anonymous_args = 0
  31              		@ link register save eliminated.
  46:Core/Src/syscalls.c **** }
  32              		.loc 1 46 1 view .LVU1
  33              		@ sp needed
  34 0000 7047     		bx	lr
  35              		.cfi_endproc
  36              	.LFE25:
  38              		.section	.text._getpid,"ax",%progbits
  39              		.align	1
  40              		.global	_getpid
  41              		.syntax unified
  42              		.code	16
  43              		.thumb_func
  45              	_getpid:
  46              	.LFB26:
  47:Core/Src/syscalls.c **** 
  48:Core/Src/syscalls.c **** int _getpid(void)
  49:Core/Src/syscalls.c **** {
  47              		.loc 1 49 1 view -0
  48              		.cfi_startproc
  49              		@ args = 0, pretend = 0, frame = 0
  50              		@ frame_needed = 0, uses_anonymous_args = 0
  51              		@ link register save eliminated.
  50:Core/Src/syscalls.c ****   return 1;
  52              		.loc 1 50 3 view .LVU3
  51:Core/Src/syscalls.c **** }
  53              		.loc 1 51 1 is_stmt 0 view .LVU4
  54 0000 0120     		movs	r0, #1
  55              		@ sp needed
  56 0002 7047     		bx	lr
  57              		.cfi_endproc
  58              	.LFE26:
  60              		.section	.text._kill,"ax",%progbits
  61              		.align	1
  62              		.global	_kill
  63              		.syntax unified
  64              		.code	16
  65              		.thumb_func
  67              	_kill:
  68              	.LVL0:
ARM GAS  C:\Users\main\AppData\Local\Temp\cc04Yn1I.s 			page 3


  69              	.LFB27:
  52:Core/Src/syscalls.c **** 
  53:Core/Src/syscalls.c **** int _kill(int pid, int sig)
  54:Core/Src/syscalls.c **** {
  70              		.loc 1 54 1 is_stmt 1 view -0
  71              		.cfi_startproc
  72              		@ args = 0, pretend = 0, frame = 0
  73              		@ frame_needed = 0, uses_anonymous_args = 0
  74              		.loc 1 54 1 is_stmt 0 view .LVU6
  75 0000 10B5     		push	{r4, lr}
  76              		.cfi_def_cfa_offset 8
  77              		.cfi_offset 4, -8
  78              		.cfi_offset 14, -4
  55:Core/Src/syscalls.c ****   (void)pid;
  79              		.loc 1 55 3 is_stmt 1 view .LVU7
  56:Core/Src/syscalls.c ****   (void)sig;
  80              		.loc 1 56 3 view .LVU8
  57:Core/Src/syscalls.c ****   errno = EINVAL;
  81              		.loc 1 57 3 view .LVU9
  82 0002 FFF7FEFF 		bl	__errno
  83              	.LVL1:
  84              		.loc 1 57 9 is_stmt 0 discriminator 1 view .LVU10
  85 0006 1623     		movs	r3, #22
  86 0008 0360     		str	r3, [r0]
  58:Core/Src/syscalls.c ****   return -1;
  87              		.loc 1 58 3 is_stmt 1 view .LVU11
  88              		.loc 1 58 10 is_stmt 0 discriminator 1 view .LVU12
  89 000a 0120     		movs	r0, #1
  59:Core/Src/syscalls.c **** }
  90              		.loc 1 59 1 view .LVU13
  91 000c 4042     		rsbs	r0, r0, #0
  92              		@ sp needed
  93 000e 10BD     		pop	{r4, pc}
  94              		.cfi_endproc
  95              	.LFE27:
  97              		.section	.text._exit,"ax",%progbits
  98              		.align	1
  99              		.global	_exit
 100              		.syntax unified
 101              		.code	16
 102              		.thumb_func
 104              	_exit:
 105              	.LVL2:
 106              	.LFB28:
  60:Core/Src/syscalls.c **** 
  61:Core/Src/syscalls.c **** void _exit (int status)
  62:Core/Src/syscalls.c **** {
 107              		.loc 1 62 1 is_stmt 1 view -0
 108              		.cfi_startproc
 109              		@ Volatile: function does not return.
 110              		@ args = 0, pretend = 0, frame = 0
 111              		@ frame_needed = 0, uses_anonymous_args = 0
 112              		.loc 1 62 1 is_stmt 0 view .LVU15
 113 0000 10B5     		push	{r4, lr}
 114              		.cfi_def_cfa_offset 8
 115              		.cfi_offset 4, -8
 116              		.cfi_offset 14, -4
ARM GAS  C:\Users\main\AppData\Local\Temp\cc04Yn1I.s 			page 4


  63:Core/Src/syscalls.c ****   _kill(status, -1);
 117              		.loc 1 63 3 is_stmt 1 view .LVU16
 118 0002 0121     		movs	r1, #1
 119 0004 4942     		rsbs	r1, r1, #0
 120 0006 FFF7FEFF 		bl	_kill
 121              	.LVL3:
 122              	.L5:
  64:Core/Src/syscalls.c ****   while (1) {}    /* Make sure we hang here */
 123              		.loc 1 64 3 view .LVU17
 124              		.loc 1 64 14 view .LVU18
 125              		.loc 1 64 9 view .LVU19
 126 000a FEE7     		b	.L5
 127              		.cfi_endproc
 128              	.LFE28:
 130              		.section	.text._read,"ax",%progbits
 131              		.align	1
 132              		.weak	_read
 133              		.syntax unified
 134              		.code	16
 135              		.thumb_func
 137              	_read:
 138              	.LVL4:
 139              	.LFB29:
  65:Core/Src/syscalls.c **** }
  66:Core/Src/syscalls.c **** 
  67:Core/Src/syscalls.c **** __attribute__((weak)) int _read(int file, char *ptr, int len)
  68:Core/Src/syscalls.c **** {
 140              		.loc 1 68 1 view -0
 141              		.cfi_startproc
 142              		@ args = 0, pretend = 0, frame = 0
 143              		@ frame_needed = 0, uses_anonymous_args = 0
 144              		.loc 1 68 1 is_stmt 0 view .LVU21
 145 0000 70B5     		push	{r4, r5, r6, lr}
 146              		.cfi_def_cfa_offset 16
 147              		.cfi_offset 4, -16
 148              		.cfi_offset 5, -12
 149              		.cfi_offset 6, -8
 150              		.cfi_offset 14, -4
 151 0002 0C00     		movs	r4, r1
 152 0004 1600     		movs	r6, r2
  69:Core/Src/syscalls.c ****   (void)file;
 153              		.loc 1 69 3 is_stmt 1 view .LVU22
  70:Core/Src/syscalls.c ****   int DataIdx;
 154              		.loc 1 70 3 view .LVU23
  71:Core/Src/syscalls.c **** 
  72:Core/Src/syscalls.c ****   for (DataIdx = 0; DataIdx < len; DataIdx++)
 155              		.loc 1 72 3 view .LVU24
 156              	.LVL5:
 157              		.loc 1 72 16 is_stmt 0 view .LVU25
 158 0006 0025     		movs	r5, #0
 159              		.loc 1 72 3 view .LVU26
 160 0008 04E0     		b	.L7
 161              	.LVL6:
 162              	.L8:
  73:Core/Src/syscalls.c ****   {
  74:Core/Src/syscalls.c ****     *ptr++ = __io_getchar();
 163              		.loc 1 74 5 is_stmt 1 view .LVU27
ARM GAS  C:\Users\main\AppData\Local\Temp\cc04Yn1I.s 			page 5


 164              		.loc 1 74 14 is_stmt 0 view .LVU28
 165 000a FFF7FEFF 		bl	__io_getchar
 166              	.LVL7:
 167              		.loc 1 74 12 discriminator 1 view .LVU29
 168 000e 2070     		strb	r0, [r4]
  72:Core/Src/syscalls.c ****   {
 169              		.loc 1 72 43 is_stmt 1 discriminator 3 view .LVU30
 170 0010 0135     		adds	r5, r5, #1
 171              	.LVL8:
 172              		.loc 1 74 9 is_stmt 0 discriminator 1 view .LVU31
 173 0012 0134     		adds	r4, r4, #1
 174              	.LVL9:
 175              	.L7:
  72:Core/Src/syscalls.c ****   {
 176              		.loc 1 72 29 is_stmt 1 discriminator 1 view .LVU32
 177 0014 B542     		cmp	r5, r6
 178 0016 F8DB     		blt	.L8
  75:Core/Src/syscalls.c ****   }
  76:Core/Src/syscalls.c **** 
  77:Core/Src/syscalls.c ****   return len;
 179              		.loc 1 77 3 view .LVU33
  78:Core/Src/syscalls.c **** }
 180              		.loc 1 78 1 is_stmt 0 view .LVU34
 181 0018 3000     		movs	r0, r6
 182              		@ sp needed
 183              	.LVL10:
 184              	.LVL11:
 185              	.LVL12:
 186              		.loc 1 78 1 view .LVU35
 187 001a 70BD     		pop	{r4, r5, r6, pc}
 188              		.cfi_endproc
 189              	.LFE29:
 191              		.section	.text._write,"ax",%progbits
 192              		.align	1
 193              		.weak	_write
 194              		.syntax unified
 195              		.code	16
 196              		.thumb_func
 198              	_write:
 199              	.LVL13:
 200              	.LFB30:
  79:Core/Src/syscalls.c **** 
  80:Core/Src/syscalls.c **** __attribute__((weak)) int _write(int file, char *ptr, int len)
  81:Core/Src/syscalls.c **** {
 201              		.loc 1 81 1 is_stmt 1 view -0
 202              		.cfi_startproc
 203              		@ args = 0, pretend = 0, frame = 0
 204              		@ frame_needed = 0, uses_anonymous_args = 0
 205              		.loc 1 81 1 is_stmt 0 view .LVU37
 206 0000 70B5     		push	{r4, r5, r6, lr}
 207              		.cfi_def_cfa_offset 16
 208              		.cfi_offset 4, -16
 209              		.cfi_offset 5, -12
 210              		.cfi_offset 6, -8
 211              		.cfi_offset 14, -4
 212 0002 1600     		movs	r6, r2
  82:Core/Src/syscalls.c ****   (void)file;
ARM GAS  C:\Users\main\AppData\Local\Temp\cc04Yn1I.s 			page 6


 213              		.loc 1 82 3 is_stmt 1 view .LVU38
  83:Core/Src/syscalls.c ****   int DataIdx;
 214              		.loc 1 83 3 view .LVU39
  84:Core/Src/syscalls.c **** 
  85:Core/Src/syscalls.c ****   for (DataIdx = 0; DataIdx < len; DataIdx++)
 215              		.loc 1 85 3 view .LVU40
 216              	.LVL14:
 217              		.loc 1 85 16 is_stmt 0 view .LVU41
 218 0004 0024     		movs	r4, #0
 219              		.loc 1 85 3 view .LVU42
 220 0006 05E0     		b	.L10
 221              	.LVL15:
 222              	.L11:
  86:Core/Src/syscalls.c ****   {
  87:Core/Src/syscalls.c ****     __io_putchar(*ptr++);
 223              		.loc 1 87 5 is_stmt 1 view .LVU43
 224              		.loc 1 87 22 is_stmt 0 view .LVU44
 225 0008 4D1C     		adds	r5, r1, #1
 226              	.LVL16:
 227              		.loc 1 87 18 view .LVU45
 228 000a 0878     		ldrb	r0, [r1]
 229              		.loc 1 87 5 view .LVU46
 230 000c FFF7FEFF 		bl	__io_putchar
 231              	.LVL17:
  85:Core/Src/syscalls.c ****   {
 232              		.loc 1 85 43 is_stmt 1 discriminator 3 view .LVU47
 233 0010 0134     		adds	r4, r4, #1
 234              	.LVL18:
 235              		.loc 1 87 22 is_stmt 0 view .LVU48
 236 0012 2900     		movs	r1, r5
 237              	.LVL19:
 238              	.L10:
  85:Core/Src/syscalls.c ****   {
 239              		.loc 1 85 29 is_stmt 1 discriminator 1 view .LVU49
 240 0014 B442     		cmp	r4, r6
 241 0016 F7DB     		blt	.L11
  88:Core/Src/syscalls.c ****   }
  89:Core/Src/syscalls.c ****   return len;
 242              		.loc 1 89 3 view .LVU50
  90:Core/Src/syscalls.c **** }
 243              		.loc 1 90 1 is_stmt 0 view .LVU51
 244 0018 3000     		movs	r0, r6
 245              		@ sp needed
 246              	.LVL20:
 247              	.LVL21:
 248              		.loc 1 90 1 view .LVU52
 249 001a 70BD     		pop	{r4, r5, r6, pc}
 250              		.cfi_endproc
 251              	.LFE30:
 253              		.section	.text._close,"ax",%progbits
 254              		.align	1
 255              		.global	_close
 256              		.syntax unified
 257              		.code	16
 258              		.thumb_func
 260              	_close:
 261              	.LVL22:
ARM GAS  C:\Users\main\AppData\Local\Temp\cc04Yn1I.s 			page 7


 262              	.LFB31:
  91:Core/Src/syscalls.c **** 
  92:Core/Src/syscalls.c **** int _close(int file)
  93:Core/Src/syscalls.c **** {
 263              		.loc 1 93 1 is_stmt 1 view -0
 264              		.cfi_startproc
 265              		@ args = 0, pretend = 0, frame = 0
 266              		@ frame_needed = 0, uses_anonymous_args = 0
 267              		@ link register save eliminated.
  94:Core/Src/syscalls.c ****   (void)file;
 268              		.loc 1 94 3 view .LVU54
  95:Core/Src/syscalls.c ****   return -1;
 269              		.loc 1 95 3 view .LVU55
 270              		.loc 1 95 10 is_stmt 0 discriminator 1 view .LVU56
 271 0000 0120     		movs	r0, #1
 272              	.LVL23:
  96:Core/Src/syscalls.c **** }
 273              		.loc 1 96 1 view .LVU57
 274 0002 4042     		rsbs	r0, r0, #0
 275              		@ sp needed
 276 0004 7047     		bx	lr
 277              		.cfi_endproc
 278              	.LFE31:
 280              		.section	.text._fstat,"ax",%progbits
 281              		.align	1
 282              		.global	_fstat
 283              		.syntax unified
 284              		.code	16
 285              		.thumb_func
 287              	_fstat:
 288              	.LVL24:
 289              	.LFB32:
  97:Core/Src/syscalls.c **** 
  98:Core/Src/syscalls.c **** 
  99:Core/Src/syscalls.c **** int _fstat(int file, struct stat *st)
 100:Core/Src/syscalls.c **** {
 290              		.loc 1 100 1 is_stmt 1 view -0
 291              		.cfi_startproc
 292              		@ args = 0, pretend = 0, frame = 0
 293              		@ frame_needed = 0, uses_anonymous_args = 0
 294              		@ link register save eliminated.
 101:Core/Src/syscalls.c ****   (void)file;
 295              		.loc 1 101 3 view .LVU59
 102:Core/Src/syscalls.c ****   st->st_mode = S_IFCHR;
 296              		.loc 1 102 3 view .LVU60
 297              		.loc 1 102 15 is_stmt 0 view .LVU61
 298 0000 8023     		movs	r3, #128
 299 0002 9B01     		lsls	r3, r3, #6
 300 0004 4B60     		str	r3, [r1, #4]
 103:Core/Src/syscalls.c ****   return 0;
 301              		.loc 1 103 3 is_stmt 1 view .LVU62
 104:Core/Src/syscalls.c **** }
 302              		.loc 1 104 1 is_stmt 0 view .LVU63
 303 0006 0020     		movs	r0, #0
 304              	.LVL25:
 305              		.loc 1 104 1 view .LVU64
 306              		@ sp needed
ARM GAS  C:\Users\main\AppData\Local\Temp\cc04Yn1I.s 			page 8


 307 0008 7047     		bx	lr
 308              		.cfi_endproc
 309              	.LFE32:
 311              		.section	.text._isatty,"ax",%progbits
 312              		.align	1
 313              		.global	_isatty
 314              		.syntax unified
 315              		.code	16
 316              		.thumb_func
 318              	_isatty:
 319              	.LVL26:
 320              	.LFB33:
 105:Core/Src/syscalls.c **** 
 106:Core/Src/syscalls.c **** int _isatty(int file)
 107:Core/Src/syscalls.c **** {
 321              		.loc 1 107 1 is_stmt 1 view -0
 322              		.cfi_startproc
 323              		@ args = 0, pretend = 0, frame = 0
 324              		@ frame_needed = 0, uses_anonymous_args = 0
 325              		@ link register save eliminated.
 108:Core/Src/syscalls.c ****   (void)file;
 326              		.loc 1 108 3 view .LVU66
 109:Core/Src/syscalls.c ****   return 1;
 327              		.loc 1 109 3 view .LVU67
 110:Core/Src/syscalls.c **** }
 328              		.loc 1 110 1 is_stmt 0 view .LVU68
 329 0000 0120     		movs	r0, #1
 330              	.LVL27:
 331              		.loc 1 110 1 view .LVU69
 332              		@ sp needed
 333 0002 7047     		bx	lr
 334              		.cfi_endproc
 335              	.LFE33:
 337              		.section	.text._lseek,"ax",%progbits
 338              		.align	1
 339              		.global	_lseek
 340              		.syntax unified
 341              		.code	16
 342              		.thumb_func
 344              	_lseek:
 345              	.LVL28:
 346              	.LFB34:
 111:Core/Src/syscalls.c **** 
 112:Core/Src/syscalls.c **** int _lseek(int file, int ptr, int dir)
 113:Core/Src/syscalls.c **** {
 347              		.loc 1 113 1 is_stmt 1 view -0
 348              		.cfi_startproc
 349              		@ args = 0, pretend = 0, frame = 0
 350              		@ frame_needed = 0, uses_anonymous_args = 0
 351              		@ link register save eliminated.
 114:Core/Src/syscalls.c ****   (void)file;
 352              		.loc 1 114 3 view .LVU71
 115:Core/Src/syscalls.c ****   (void)ptr;
 353              		.loc 1 115 3 view .LVU72
 116:Core/Src/syscalls.c ****   (void)dir;
 354              		.loc 1 116 3 view .LVU73
 117:Core/Src/syscalls.c ****   return 0;
ARM GAS  C:\Users\main\AppData\Local\Temp\cc04Yn1I.s 			page 9


 355              		.loc 1 117 3 view .LVU74
 118:Core/Src/syscalls.c **** }
 356              		.loc 1 118 1 is_stmt 0 view .LVU75
 357 0000 0020     		movs	r0, #0
 358              	.LVL29:
 359              		.loc 1 118 1 view .LVU76
 360              		@ sp needed
 361 0002 7047     		bx	lr
 362              		.cfi_endproc
 363              	.LFE34:
 365              		.section	.text._open,"ax",%progbits
 366              		.align	1
 367              		.global	_open
 368              		.syntax unified
 369              		.code	16
 370              		.thumb_func
 372              	_open:
 373              	.LVL30:
 374              	.LFB35:
 119:Core/Src/syscalls.c **** 
 120:Core/Src/syscalls.c **** int _open(char *path, int flags, ...)
 121:Core/Src/syscalls.c **** {
 375              		.loc 1 121 1 is_stmt 1 view -0
 376              		.cfi_startproc
 377              		@ args = 4, pretend = 12, frame = 0
 378              		@ frame_needed = 0, uses_anonymous_args = 1
 379              		@ link register save eliminated.
 380              		.loc 1 121 1 is_stmt 0 view .LVU78
 381 0000 0EB4     		push	{r1, r2, r3}
 382              		.cfi_def_cfa_offset 12
 122:Core/Src/syscalls.c ****   (void)path;
 383              		.loc 1 122 3 is_stmt 1 view .LVU79
 123:Core/Src/syscalls.c ****   (void)flags;
 384              		.loc 1 123 3 view .LVU80
 124:Core/Src/syscalls.c ****   /* Pretend like we always fail */
 125:Core/Src/syscalls.c ****   return -1;
 385              		.loc 1 125 3 view .LVU81
 386              		.loc 1 125 10 is_stmt 0 discriminator 1 view .LVU82
 387 0002 0120     		movs	r0, #1
 388              	.LVL31:
 126:Core/Src/syscalls.c **** }
 389              		.loc 1 126 1 view .LVU83
 390 0004 4042     		rsbs	r0, r0, #0
 391              		@ sp needed
 392 0006 03B0     		add	sp, sp, #12
 393 0008 7047     		bx	lr
 394              		.cfi_endproc
 395              	.LFE35:
 397              		.section	.text._wait,"ax",%progbits
 398              		.align	1
 399              		.global	_wait
 400              		.syntax unified
 401              		.code	16
 402              		.thumb_func
 404              	_wait:
 405              	.LVL32:
 406              	.LFB36:
ARM GAS  C:\Users\main\AppData\Local\Temp\cc04Yn1I.s 			page 10


 127:Core/Src/syscalls.c **** 
 128:Core/Src/syscalls.c **** int _wait(int *status)
 129:Core/Src/syscalls.c **** {
 407              		.loc 1 129 1 is_stmt 1 view -0
 408              		.cfi_startproc
 409              		@ args = 0, pretend = 0, frame = 0
 410              		@ frame_needed = 0, uses_anonymous_args = 0
 411              		.loc 1 129 1 is_stmt 0 view .LVU85
 412 0000 10B5     		push	{r4, lr}
 413              		.cfi_def_cfa_offset 8
 414              		.cfi_offset 4, -8
 415              		.cfi_offset 14, -4
 130:Core/Src/syscalls.c ****   (void)status;
 416              		.loc 1 130 3 is_stmt 1 view .LVU86
 131:Core/Src/syscalls.c ****   errno = ECHILD;
 417              		.loc 1 131 3 view .LVU87
 418 0002 FFF7FEFF 		bl	__errno
 419              	.LVL33:
 420              		.loc 1 131 9 is_stmt 0 discriminator 1 view .LVU88
 421 0006 0A23     		movs	r3, #10
 422 0008 0360     		str	r3, [r0]
 132:Core/Src/syscalls.c ****   return -1;
 423              		.loc 1 132 3 is_stmt 1 view .LVU89
 424              		.loc 1 132 10 is_stmt 0 discriminator 1 view .LVU90
 425 000a 0120     		movs	r0, #1
 133:Core/Src/syscalls.c **** }
 426              		.loc 1 133 1 view .LVU91
 427 000c 4042     		rsbs	r0, r0, #0
 428              		@ sp needed
 429 000e 10BD     		pop	{r4, pc}
 430              		.cfi_endproc
 431              	.LFE36:
 433              		.section	.text._unlink,"ax",%progbits
 434              		.align	1
 435              		.global	_unlink
 436              		.syntax unified
 437              		.code	16
 438              		.thumb_func
 440              	_unlink:
 441              	.LVL34:
 442              	.LFB37:
 134:Core/Src/syscalls.c **** 
 135:Core/Src/syscalls.c **** int _unlink(char *name)
 136:Core/Src/syscalls.c **** {
 443              		.loc 1 136 1 is_stmt 1 view -0
 444              		.cfi_startproc
 445              		@ args = 0, pretend = 0, frame = 0
 446              		@ frame_needed = 0, uses_anonymous_args = 0
 447              		.loc 1 136 1 is_stmt 0 view .LVU93
 448 0000 10B5     		push	{r4, lr}
 449              		.cfi_def_cfa_offset 8
 450              		.cfi_offset 4, -8
 451              		.cfi_offset 14, -4
 137:Core/Src/syscalls.c ****   (void)name;
 452              		.loc 1 137 3 is_stmt 1 view .LVU94
 138:Core/Src/syscalls.c ****   errno = ENOENT;
 453              		.loc 1 138 3 view .LVU95
ARM GAS  C:\Users\main\AppData\Local\Temp\cc04Yn1I.s 			page 11


 454 0002 FFF7FEFF 		bl	__errno
 455              	.LVL35:
 456              		.loc 1 138 9 is_stmt 0 discriminator 1 view .LVU96
 457 0006 0223     		movs	r3, #2
 458 0008 0360     		str	r3, [r0]
 139:Core/Src/syscalls.c ****   return -1;
 459              		.loc 1 139 3 is_stmt 1 view .LVU97
 460              		.loc 1 139 10 is_stmt 0 discriminator 1 view .LVU98
 461 000a 0120     		movs	r0, #1
 140:Core/Src/syscalls.c **** }
 462              		.loc 1 140 1 view .LVU99
 463 000c 4042     		rsbs	r0, r0, #0
 464              		@ sp needed
 465 000e 10BD     		pop	{r4, pc}
 466              		.cfi_endproc
 467              	.LFE37:
 469              		.section	.text._times,"ax",%progbits
 470              		.align	1
 471              		.global	_times
 472              		.syntax unified
 473              		.code	16
 474              		.thumb_func
 476              	_times:
 477              	.LVL36:
 478              	.LFB38:
 141:Core/Src/syscalls.c **** 
 142:Core/Src/syscalls.c **** int _times(struct tms *buf)
 143:Core/Src/syscalls.c **** {
 479              		.loc 1 143 1 is_stmt 1 view -0
 480              		.cfi_startproc
 481              		@ args = 0, pretend = 0, frame = 0
 482              		@ frame_needed = 0, uses_anonymous_args = 0
 483              		@ link register save eliminated.
 144:Core/Src/syscalls.c ****   (void)buf;
 484              		.loc 1 144 3 view .LVU101
 145:Core/Src/syscalls.c ****   return -1;
 485              		.loc 1 145 3 view .LVU102
 486              		.loc 1 145 10 is_stmt 0 discriminator 1 view .LVU103
 487 0000 0120     		movs	r0, #1
 488              	.LVL37:
 146:Core/Src/syscalls.c **** }
 489              		.loc 1 146 1 view .LVU104
 490 0002 4042     		rsbs	r0, r0, #0
 491              		@ sp needed
 492 0004 7047     		bx	lr
 493              		.cfi_endproc
 494              	.LFE38:
 496              		.section	.text._stat,"ax",%progbits
 497              		.align	1
 498              		.global	_stat
 499              		.syntax unified
 500              		.code	16
 501              		.thumb_func
 503              	_stat:
 504              	.LVL38:
 505              	.LFB39:
 147:Core/Src/syscalls.c **** 
ARM GAS  C:\Users\main\AppData\Local\Temp\cc04Yn1I.s 			page 12


 148:Core/Src/syscalls.c **** int _stat(char *file, struct stat *st)
 149:Core/Src/syscalls.c **** {
 506              		.loc 1 149 1 is_stmt 1 view -0
 507              		.cfi_startproc
 508              		@ args = 0, pretend = 0, frame = 0
 509              		@ frame_needed = 0, uses_anonymous_args = 0
 510              		@ link register save eliminated.
 150:Core/Src/syscalls.c ****   (void)file;
 511              		.loc 1 150 3 view .LVU106
 151:Core/Src/syscalls.c ****   st->st_mode = S_IFCHR;
 512              		.loc 1 151 3 view .LVU107
 513              		.loc 1 151 15 is_stmt 0 view .LVU108
 514 0000 8023     		movs	r3, #128
 515 0002 9B01     		lsls	r3, r3, #6
 516 0004 4B60     		str	r3, [r1, #4]
 152:Core/Src/syscalls.c ****   return 0;
 517              		.loc 1 152 3 is_stmt 1 view .LVU109
 153:Core/Src/syscalls.c **** }
 518              		.loc 1 153 1 is_stmt 0 view .LVU110
 519 0006 0020     		movs	r0, #0
 520              	.LVL39:
 521              		.loc 1 153 1 view .LVU111
 522              		@ sp needed
 523 0008 7047     		bx	lr
 524              		.cfi_endproc
 525              	.LFE39:
 527              		.section	.text._link,"ax",%progbits
 528              		.align	1
 529              		.global	_link
 530              		.syntax unified
 531              		.code	16
 532              		.thumb_func
 534              	_link:
 535              	.LVL40:
 536              	.LFB40:
 154:Core/Src/syscalls.c **** 
 155:Core/Src/syscalls.c **** int _link(char *old, char *new)
 156:Core/Src/syscalls.c **** {
 537              		.loc 1 156 1 is_stmt 1 view -0
 538              		.cfi_startproc
 539              		@ args = 0, pretend = 0, frame = 0
 540              		@ frame_needed = 0, uses_anonymous_args = 0
 541              		.loc 1 156 1 is_stmt 0 view .LVU113
 542 0000 10B5     		push	{r4, lr}
 543              		.cfi_def_cfa_offset 8
 544              		.cfi_offset 4, -8
 545              		.cfi_offset 14, -4
 157:Core/Src/syscalls.c ****   (void)old;
 546              		.loc 1 157 3 is_stmt 1 view .LVU114
 158:Core/Src/syscalls.c ****   (void)new;
 547              		.loc 1 158 3 view .LVU115
 159:Core/Src/syscalls.c ****   errno = EMLINK;
 548              		.loc 1 159 3 view .LVU116
 549 0002 FFF7FEFF 		bl	__errno
 550              	.LVL41:
 551              		.loc 1 159 9 is_stmt 0 discriminator 1 view .LVU117
 552 0006 1F23     		movs	r3, #31
ARM GAS  C:\Users\main\AppData\Local\Temp\cc04Yn1I.s 			page 13


 553 0008 0360     		str	r3, [r0]
 160:Core/Src/syscalls.c ****   return -1;
 554              		.loc 1 160 3 is_stmt 1 view .LVU118
 555              		.loc 1 160 10 is_stmt 0 discriminator 1 view .LVU119
 556 000a 0120     		movs	r0, #1
 161:Core/Src/syscalls.c **** }
 557              		.loc 1 161 1 view .LVU120
 558 000c 4042     		rsbs	r0, r0, #0
 559              		@ sp needed
 560 000e 10BD     		pop	{r4, pc}
 561              		.cfi_endproc
 562              	.LFE40:
 564              		.section	.text._fork,"ax",%progbits
 565              		.align	1
 566              		.global	_fork
 567              		.syntax unified
 568              		.code	16
 569              		.thumb_func
 571              	_fork:
 572              	.LFB41:
 162:Core/Src/syscalls.c **** 
 163:Core/Src/syscalls.c **** int _fork(void)
 164:Core/Src/syscalls.c **** {
 573              		.loc 1 164 1 is_stmt 1 view -0
 574              		.cfi_startproc
 575              		@ args = 0, pretend = 0, frame = 0
 576              		@ frame_needed = 0, uses_anonymous_args = 0
 577 0000 10B5     		push	{r4, lr}
 578              		.cfi_def_cfa_offset 8
 579              		.cfi_offset 4, -8
 580              		.cfi_offset 14, -4
 165:Core/Src/syscalls.c ****   errno = EAGAIN;
 581              		.loc 1 165 3 view .LVU122
 582 0002 FFF7FEFF 		bl	__errno
 583              	.LVL42:
 584              		.loc 1 165 9 is_stmt 0 discriminator 1 view .LVU123
 585 0006 0B23     		movs	r3, #11
 586 0008 0360     		str	r3, [r0]
 166:Core/Src/syscalls.c ****   return -1;
 587              		.loc 1 166 3 is_stmt 1 view .LVU124
 588              		.loc 1 166 10 is_stmt 0 discriminator 1 view .LVU125
 589 000a 0120     		movs	r0, #1
 167:Core/Src/syscalls.c **** }
 590              		.loc 1 167 1 view .LVU126
 591 000c 4042     		rsbs	r0, r0, #0
 592              		@ sp needed
 593 000e 10BD     		pop	{r4, pc}
 594              		.cfi_endproc
 595              	.LFE41:
 597              		.section	.text._execve,"ax",%progbits
 598              		.align	1
 599              		.global	_execve
 600              		.syntax unified
 601              		.code	16
 602              		.thumb_func
 604              	_execve:
 605              	.LVL43:
ARM GAS  C:\Users\main\AppData\Local\Temp\cc04Yn1I.s 			page 14


 606              	.LFB42:
 168:Core/Src/syscalls.c **** 
 169:Core/Src/syscalls.c **** int _execve(char *name, char **argv, char **env)
 170:Core/Src/syscalls.c **** {
 607              		.loc 1 170 1 is_stmt 1 view -0
 608              		.cfi_startproc
 609              		@ args = 0, pretend = 0, frame = 0
 610              		@ frame_needed = 0, uses_anonymous_args = 0
 611              		.loc 1 170 1 is_stmt 0 view .LVU128
 612 0000 10B5     		push	{r4, lr}
 613              		.cfi_def_cfa_offset 8
 614              		.cfi_offset 4, -8
 615              		.cfi_offset 14, -4
 171:Core/Src/syscalls.c ****   (void)name;
 616              		.loc 1 171 3 is_stmt 1 view .LVU129
 172:Core/Src/syscalls.c ****   (void)argv;
 617              		.loc 1 172 3 view .LVU130
 173:Core/Src/syscalls.c ****   (void)env;
 618              		.loc 1 173 3 view .LVU131
 174:Core/Src/syscalls.c ****   errno = ENOMEM;
 619              		.loc 1 174 3 view .LVU132
 620 0002 FFF7FEFF 		bl	__errno
 621              	.LVL44:
 622              		.loc 1 174 9 is_stmt 0 discriminator 1 view .LVU133
 623 0006 0C23     		movs	r3, #12
 624 0008 0360     		str	r3, [r0]
 175:Core/Src/syscalls.c ****   return -1;
 625              		.loc 1 175 3 is_stmt 1 view .LVU134
 626              		.loc 1 175 10 is_stmt 0 discriminator 1 view .LVU135
 627 000a 0120     		movs	r0, #1
 176:Core/Src/syscalls.c **** }
 628              		.loc 1 176 1 view .LVU136
 629 000c 4042     		rsbs	r0, r0, #0
 630              		@ sp needed
 631 000e 10BD     		pop	{r4, pc}
 632              		.cfi_endproc
 633              	.LFE42:
 635              		.global	environ
 636              		.section	.data.environ,"aw"
 637              		.align	2
 640              	environ:
 641 0000 00000000 		.word	__env
 642              		.global	__env
 643              		.section	.bss.__env,"aw",%nobits
 644              		.align	2
 647              	__env:
 648 0000 00000000 		.space	4
 649              		.weak	__io_putchar
 650              		.weak	__io_getchar
 651              		.text
 652              	.Letext0:
 653              		.file 2 "C:/Users/main/AppData/Roaming/Code/User/globalStorage/bmd.stm32-for-vscode/@xpack-dev-too
 654              		.file 3 "C:/Users/main/AppData/Roaming/Code/User/globalStorage/bmd.stm32-for-vscode/@xpack-dev-too
 655              		.file 4 "C:/Users/main/AppData/Roaming/Code/User/globalStorage/bmd.stm32-for-vscode/@xpack-dev-too
 656              		.file 5 "C:/Users/main/AppData/Roaming/Code/User/globalStorage/bmd.stm32-for-vscode/@xpack-dev-too
 657              		.file 6 "C:/Users/main/AppData/Roaming/Code/User/globalStorage/bmd.stm32-for-vscode/@xpack-dev-too
 658              		.file 7 "C:/Users/main/AppData/Roaming/Code/User/globalStorage/bmd.stm32-for-vscode/@xpack-dev-too
ARM GAS  C:\Users\main\AppData\Local\Temp\cc04Yn1I.s 			page 15


 659              		.file 8 "C:/Users/main/AppData/Roaming/Code/User/globalStorage/bmd.stm32-for-vscode/@xpack-dev-too
 660              		.file 9 "C:/Users/main/AppData/Roaming/Code/User/globalStorage/bmd.stm32-for-vscode/@xpack-dev-too
ARM GAS  C:\Users\main\AppData\Local\Temp\cc04Yn1I.s 			page 16


DEFINED SYMBOLS
                            *ABS*:00000000 syscalls.c
C:\Users\main\AppData\Local\Temp\cc04Yn1I.s:19     .text.initialise_monitor_handles:00000000 $t
C:\Users\main\AppData\Local\Temp\cc04Yn1I.s:25     .text.initialise_monitor_handles:00000000 initialise_monitor_handles
C:\Users\main\AppData\Local\Temp\cc04Yn1I.s:39     .text._getpid:00000000 $t
C:\Users\main\AppData\Local\Temp\cc04Yn1I.s:45     .text._getpid:00000000 _getpid
C:\Users\main\AppData\Local\Temp\cc04Yn1I.s:61     .text._kill:00000000 $t
C:\Users\main\AppData\Local\Temp\cc04Yn1I.s:67     .text._kill:00000000 _kill
C:\Users\main\AppData\Local\Temp\cc04Yn1I.s:98     .text._exit:00000000 $t
C:\Users\main\AppData\Local\Temp\cc04Yn1I.s:104    .text._exit:00000000 _exit
C:\Users\main\AppData\Local\Temp\cc04Yn1I.s:131    .text._read:00000000 $t
C:\Users\main\AppData\Local\Temp\cc04Yn1I.s:137    .text._read:00000000 _read
C:\Users\main\AppData\Local\Temp\cc04Yn1I.s:192    .text._write:00000000 $t
C:\Users\main\AppData\Local\Temp\cc04Yn1I.s:198    .text._write:00000000 _write
C:\Users\main\AppData\Local\Temp\cc04Yn1I.s:254    .text._close:00000000 $t
C:\Users\main\AppData\Local\Temp\cc04Yn1I.s:260    .text._close:00000000 _close
C:\Users\main\AppData\Local\Temp\cc04Yn1I.s:281    .text._fstat:00000000 $t
C:\Users\main\AppData\Local\Temp\cc04Yn1I.s:287    .text._fstat:00000000 _fstat
C:\Users\main\AppData\Local\Temp\cc04Yn1I.s:312    .text._isatty:00000000 $t
C:\Users\main\AppData\Local\Temp\cc04Yn1I.s:318    .text._isatty:00000000 _isatty
C:\Users\main\AppData\Local\Temp\cc04Yn1I.s:338    .text._lseek:00000000 $t
C:\Users\main\AppData\Local\Temp\cc04Yn1I.s:344    .text._lseek:00000000 _lseek
C:\Users\main\AppData\Local\Temp\cc04Yn1I.s:366    .text._open:00000000 $t
C:\Users\main\AppData\Local\Temp\cc04Yn1I.s:372    .text._open:00000000 _open
C:\Users\main\AppData\Local\Temp\cc04Yn1I.s:398    .text._wait:00000000 $t
C:\Users\main\AppData\Local\Temp\cc04Yn1I.s:404    .text._wait:00000000 _wait
C:\Users\main\AppData\Local\Temp\cc04Yn1I.s:434    .text._unlink:00000000 $t
C:\Users\main\AppData\Local\Temp\cc04Yn1I.s:440    .text._unlink:00000000 _unlink
C:\Users\main\AppData\Local\Temp\cc04Yn1I.s:470    .text._times:00000000 $t
C:\Users\main\AppData\Local\Temp\cc04Yn1I.s:476    .text._times:00000000 _times
C:\Users\main\AppData\Local\Temp\cc04Yn1I.s:497    .text._stat:00000000 $t
C:\Users\main\AppData\Local\Temp\cc04Yn1I.s:503    .text._stat:00000000 _stat
C:\Users\main\AppData\Local\Temp\cc04Yn1I.s:528    .text._link:00000000 $t
C:\Users\main\AppData\Local\Temp\cc04Yn1I.s:534    .text._link:00000000 _link
C:\Users\main\AppData\Local\Temp\cc04Yn1I.s:565    .text._fork:00000000 $t
C:\Users\main\AppData\Local\Temp\cc04Yn1I.s:571    .text._fork:00000000 _fork
C:\Users\main\AppData\Local\Temp\cc04Yn1I.s:598    .text._execve:00000000 $t
C:\Users\main\AppData\Local\Temp\cc04Yn1I.s:604    .text._execve:00000000 _execve
C:\Users\main\AppData\Local\Temp\cc04Yn1I.s:640    .data.environ:00000000 environ
C:\Users\main\AppData\Local\Temp\cc04Yn1I.s:637    .data.environ:00000000 $d
C:\Users\main\AppData\Local\Temp\cc04Yn1I.s:647    .bss.__env:00000000 __env
C:\Users\main\AppData\Local\Temp\cc04Yn1I.s:644    .bss.__env:00000000 $d

UNDEFINED SYMBOLS
__errno
__io_getchar
__io_putchar
