ARM GAS  C:\Users\main\AppData\Local\Temp\ccELsL8e.s 			page 1


   1              		.cpu cortex-m0plus
   2              		.arch armv6s-m
   3              		.fpu softvfp
   4              		.eabi_attribute 20, 1
   5              		.eabi_attribute 21, 1
   6              		.eabi_attribute 23, 3
   7              		.eabi_attribute 24, 1
   8              		.eabi_attribute 25, 1
   9              		.eabi_attribute 26, 1
  10              		.eabi_attribute 30, 1
  11              		.eabi_attribute 34, 0
  12              		.eabi_attribute 18, 4
  13              		.file	"adc.c"
  14              		.text
  15              	.Ltext0:
  16              		.cfi_sections	.debug_frame
  17              		.section	.text.MX_ADC1_Init,"ax",%progbits
  18              		.align	1
  19              		.global	MX_ADC1_Init
  20              		.syntax unified
  21              		.code	16
  22              		.thumb_func
  24              	MX_ADC1_Init:
  25              	.LFB345:
  26              		.file 1 "Core/Src/adc.c"
   1:Core/Src/adc.c **** /* USER CODE BEGIN Header */
   2:Core/Src/adc.c **** /**
   3:Core/Src/adc.c ****   ******************************************************************************
   4:Core/Src/adc.c ****   * @file    adc.c
   5:Core/Src/adc.c ****   * @brief   This file provides code for the configuration
   6:Core/Src/adc.c ****   *          of the ADC instances.
   7:Core/Src/adc.c ****   ******************************************************************************
   8:Core/Src/adc.c ****   * @attention
   9:Core/Src/adc.c ****   *
  10:Core/Src/adc.c ****   * Copyright (c) 2025 STMicroelectronics.
  11:Core/Src/adc.c ****   * All rights reserved.
  12:Core/Src/adc.c ****   *
  13:Core/Src/adc.c ****   * This software is licensed under terms that can be found in the LICENSE file
  14:Core/Src/adc.c ****   * in the root directory of this software component.
  15:Core/Src/adc.c ****   * If no LICENSE file comes with this software, it is provided AS-IS.
  16:Core/Src/adc.c ****   *
  17:Core/Src/adc.c ****   ******************************************************************************
  18:Core/Src/adc.c ****   */
  19:Core/Src/adc.c **** /* USER CODE END Header */
  20:Core/Src/adc.c **** /* Includes ------------------------------------------------------------------*/
  21:Core/Src/adc.c **** #include "adc.h"
  22:Core/Src/adc.c **** 
  23:Core/Src/adc.c **** /* USER CODE BEGIN 0 */
  24:Core/Src/adc.c **** 
  25:Core/Src/adc.c **** /* USER CODE END 0 */
  26:Core/Src/adc.c **** 
  27:Core/Src/adc.c **** ADC_HandleTypeDef hadc1;
  28:Core/Src/adc.c **** 
  29:Core/Src/adc.c **** /* ADC1 init function */
  30:Core/Src/adc.c **** void MX_ADC1_Init(void)
  31:Core/Src/adc.c **** {
  27              		.loc 1 31 1 view -0
ARM GAS  C:\Users\main\AppData\Local\Temp\ccELsL8e.s 			page 2


  28              		.cfi_startproc
  29              		@ args = 0, pretend = 0, frame = 16
  30              		@ frame_needed = 0, uses_anonymous_args = 0
  31 0000 00B5     		push	{lr}
  32              	.LCFI0:
  33              		.cfi_def_cfa_offset 4
  34              		.cfi_offset 14, -4
  35 0002 85B0     		sub	sp, sp, #20
  36              	.LCFI1:
  37              		.cfi_def_cfa_offset 24
  32:Core/Src/adc.c **** 
  33:Core/Src/adc.c ****   /* USER CODE BEGIN ADC1_Init 0 */
  34:Core/Src/adc.c **** 
  35:Core/Src/adc.c ****   /* USER CODE END ADC1_Init 0 */
  36:Core/Src/adc.c **** 
  37:Core/Src/adc.c ****   ADC_ChannelConfTypeDef sConfig = {0};
  38              		.loc 1 37 3 view .LVU1
  39              		.loc 1 37 26 is_stmt 0 view .LVU2
  40 0004 0C22     		movs	r2, #12
  41 0006 0021     		movs	r1, #0
  42 0008 01A8     		add	r0, sp, #4
  43 000a FFF7FEFF 		bl	memset
  44              	.LVL0:
  38:Core/Src/adc.c **** 
  39:Core/Src/adc.c ****   /* USER CODE BEGIN ADC1_Init 1 */
  40:Core/Src/adc.c **** 
  41:Core/Src/adc.c ****   /* USER CODE END ADC1_Init 1 */
  42:Core/Src/adc.c **** 
  43:Core/Src/adc.c ****   /** Configure the global features of the ADC (Clock, Resolution, Data Alignment and number of con
  44:Core/Src/adc.c ****   */
  45:Core/Src/adc.c ****   hadc1.Instance = ADC1;
  45              		.loc 1 45 3 is_stmt 1 view .LVU3
  46              		.loc 1 45 18 is_stmt 0 view .LVU4
  47 000e 1948     		ldr	r0, .L6
  48 0010 194B     		ldr	r3, .L6+4
  49 0012 0360     		str	r3, [r0]
  46:Core/Src/adc.c ****   hadc1.Init.ClockPrescaler = ADC_CLOCK_SYNC_PCLK_DIV2;
  50              		.loc 1 46 3 is_stmt 1 view .LVU5
  51              		.loc 1 46 29 is_stmt 0 view .LVU6
  52 0014 8023     		movs	r3, #128
  53 0016 DB05     		lsls	r3, r3, #23
  54 0018 4360     		str	r3, [r0, #4]
  47:Core/Src/adc.c ****   hadc1.Init.Resolution = ADC_RESOLUTION_12B;
  55              		.loc 1 47 3 is_stmt 1 view .LVU7
  56              		.loc 1 47 25 is_stmt 0 view .LVU8
  57 001a 0023     		movs	r3, #0
  58 001c 8360     		str	r3, [r0, #8]
  48:Core/Src/adc.c ****   hadc1.Init.DataAlign = ADC_DATAALIGN_RIGHT;
  59              		.loc 1 48 3 is_stmt 1 view .LVU9
  60              		.loc 1 48 24 is_stmt 0 view .LVU10
  61 001e C360     		str	r3, [r0, #12]
  49:Core/Src/adc.c ****   hadc1.Init.ScanConvMode = ADC_SCAN_SEQ_FIXED;
  62              		.loc 1 49 3 is_stmt 1 view .LVU11
  63              		.loc 1 49 27 is_stmt 0 view .LVU12
  64 0020 8022     		movs	r2, #128
  65 0022 1206     		lsls	r2, r2, #24
  66 0024 0261     		str	r2, [r0, #16]
ARM GAS  C:\Users\main\AppData\Local\Temp\ccELsL8e.s 			page 3


  50:Core/Src/adc.c ****   hadc1.Init.EOCSelection = ADC_EOC_SINGLE_CONV;
  67              		.loc 1 50 3 is_stmt 1 view .LVU13
  68              		.loc 1 50 27 is_stmt 0 view .LVU14
  69 0026 0422     		movs	r2, #4
  70 0028 4261     		str	r2, [r0, #20]
  51:Core/Src/adc.c ****   hadc1.Init.LowPowerAutoWait = DISABLE;
  71              		.loc 1 51 3 is_stmt 1 view .LVU15
  72              		.loc 1 51 31 is_stmt 0 view .LVU16
  73 002a 0376     		strb	r3, [r0, #24]
  52:Core/Src/adc.c ****   hadc1.Init.LowPowerAutoPowerOff = DISABLE;
  74              		.loc 1 52 3 is_stmt 1 view .LVU17
  75              		.loc 1 52 35 is_stmt 0 view .LVU18
  76 002c 4376     		strb	r3, [r0, #25]
  53:Core/Src/adc.c ****   hadc1.Init.ContinuousConvMode = DISABLE;
  77              		.loc 1 53 3 is_stmt 1 view .LVU19
  78              		.loc 1 53 33 is_stmt 0 view .LVU20
  79 002e 8376     		strb	r3, [r0, #26]
  54:Core/Src/adc.c ****   hadc1.Init.NbrOfConversion = 1;
  80              		.loc 1 54 3 is_stmt 1 view .LVU21
  81              		.loc 1 54 30 is_stmt 0 view .LVU22
  82 0030 033A     		subs	r2, r2, #3
  83 0032 C261     		str	r2, [r0, #28]
  55:Core/Src/adc.c ****   hadc1.Init.DiscontinuousConvMode = DISABLE;
  84              		.loc 1 55 3 is_stmt 1 view .LVU23
  85              		.loc 1 55 36 is_stmt 0 view .LVU24
  86 0034 1F32     		adds	r2, r2, #31
  87 0036 8354     		strb	r3, [r0, r2]
  56:Core/Src/adc.c ****   hadc1.Init.ExternalTrigConv = ADC_SOFTWARE_START;
  88              		.loc 1 56 3 is_stmt 1 view .LVU25
  89              		.loc 1 56 31 is_stmt 0 view .LVU26
  90 0038 4362     		str	r3, [r0, #36]
  57:Core/Src/adc.c ****   hadc1.Init.ExternalTrigConvEdge = ADC_EXTERNALTRIGCONVEDGE_NONE;
  91              		.loc 1 57 3 is_stmt 1 view .LVU27
  92              		.loc 1 57 35 is_stmt 0 view .LVU28
  93 003a 8362     		str	r3, [r0, #40]
  58:Core/Src/adc.c ****   hadc1.Init.DMAContinuousRequests = DISABLE;
  94              		.loc 1 58 3 is_stmt 1 view .LVU29
  95              		.loc 1 58 36 is_stmt 0 view .LVU30
  96 003c 0C32     		adds	r2, r2, #12
  97 003e 8354     		strb	r3, [r0, r2]
  59:Core/Src/adc.c ****   hadc1.Init.Overrun = ADC_OVR_DATA_PRESERVED;
  98              		.loc 1 59 3 is_stmt 1 view .LVU31
  99              		.loc 1 59 22 is_stmt 0 view .LVU32
 100 0040 0363     		str	r3, [r0, #48]
  60:Core/Src/adc.c ****   hadc1.Init.SamplingTimeCommon1 = ADC_SAMPLETIME_1CYCLE_5;
 101              		.loc 1 60 3 is_stmt 1 view .LVU33
 102              		.loc 1 60 34 is_stmt 0 view .LVU34
 103 0042 4363     		str	r3, [r0, #52]
  61:Core/Src/adc.c ****   hadc1.Init.OversamplingMode = DISABLE;
 104              		.loc 1 61 3 is_stmt 1 view .LVU35
 105              		.loc 1 61 31 is_stmt 0 view .LVU36
 106 0044 1032     		adds	r2, r2, #16
 107 0046 8354     		strb	r3, [r0, r2]
  62:Core/Src/adc.c ****   hadc1.Init.TriggerFrequencyMode = ADC_TRIGGER_FREQ_HIGH;
 108              		.loc 1 62 3 is_stmt 1 view .LVU37
 109              		.loc 1 62 35 is_stmt 0 view .LVU38
 110 0048 C364     		str	r3, [r0, #76]
ARM GAS  C:\Users\main\AppData\Local\Temp\ccELsL8e.s 			page 4


  63:Core/Src/adc.c ****   if (HAL_ADC_Init(&hadc1) != HAL_OK)
 111              		.loc 1 63 3 is_stmt 1 view .LVU39
 112              		.loc 1 63 7 is_stmt 0 view .LVU40
 113 004a FFF7FEFF 		bl	HAL_ADC_Init
 114              	.LVL1:
 115              		.loc 1 63 6 view .LVU41
 116 004e 0028     		cmp	r0, #0
 117 0050 0AD1     		bne	.L4
 118              	.L2:
  64:Core/Src/adc.c ****   {
  65:Core/Src/adc.c ****     Error_Handler();
  66:Core/Src/adc.c ****   }
  67:Core/Src/adc.c **** 
  68:Core/Src/adc.c ****   /** Configure Regular Channel
  69:Core/Src/adc.c ****   */
  70:Core/Src/adc.c ****   sConfig.Channel = ADC_CHANNEL_0;
 119              		.loc 1 70 3 is_stmt 1 view .LVU42
 120              		.loc 1 70 19 is_stmt 0 view .LVU43
 121 0052 0123     		movs	r3, #1
 122 0054 0193     		str	r3, [sp, #4]
  71:Core/Src/adc.c ****   sConfig.Rank = ADC_RANK_CHANNEL_NUMBER;
 123              		.loc 1 71 3 is_stmt 1 view .LVU44
 124              		.loc 1 71 16 is_stmt 0 view .LVU45
 125 0056 0293     		str	r3, [sp, #8]
  72:Core/Src/adc.c ****   if (HAL_ADC_ConfigChannel(&hadc1, &sConfig) != HAL_OK)
 126              		.loc 1 72 3 is_stmt 1 view .LVU46
 127              		.loc 1 72 7 is_stmt 0 view .LVU47
 128 0058 01A9     		add	r1, sp, #4
 129 005a 0648     		ldr	r0, .L6
 130 005c FFF7FEFF 		bl	HAL_ADC_ConfigChannel
 131              	.LVL2:
 132              		.loc 1 72 6 view .LVU48
 133 0060 0028     		cmp	r0, #0
 134 0062 04D1     		bne	.L5
 135              	.L1:
  73:Core/Src/adc.c ****   {
  74:Core/Src/adc.c ****     Error_Handler();
  75:Core/Src/adc.c ****   }
  76:Core/Src/adc.c ****   /* USER CODE BEGIN ADC1_Init 2 */
  77:Core/Src/adc.c **** 
  78:Core/Src/adc.c ****   /* USER CODE END ADC1_Init 2 */
  79:Core/Src/adc.c **** 
  80:Core/Src/adc.c **** }
 136              		.loc 1 80 1 view .LVU49
 137 0064 05B0     		add	sp, sp, #20
 138              		@ sp needed
 139 0066 00BD     		pop	{pc}
 140              	.L4:
  65:Core/Src/adc.c ****   }
 141              		.loc 1 65 5 is_stmt 1 view .LVU50
 142 0068 FFF7FEFF 		bl	Error_Handler
 143              	.LVL3:
 144 006c F1E7     		b	.L2
 145              	.L5:
  74:Core/Src/adc.c ****   }
 146              		.loc 1 74 5 view .LVU51
 147 006e FFF7FEFF 		bl	Error_Handler
ARM GAS  C:\Users\main\AppData\Local\Temp\ccELsL8e.s 			page 5


 148              	.LVL4:
 149              		.loc 1 80 1 is_stmt 0 view .LVU52
 150 0072 F7E7     		b	.L1
 151              	.L7:
 152              		.align	2
 153              	.L6:
 154 0074 00000000 		.word	.LANCHOR0
 155 0078 00240140 		.word	1073816576
 156              		.cfi_endproc
 157              	.LFE345:
 159              		.section	.text.HAL_ADC_MspInit,"ax",%progbits
 160              		.align	1
 161              		.global	HAL_ADC_MspInit
 162              		.syntax unified
 163              		.code	16
 164              		.thumb_func
 166              	HAL_ADC_MspInit:
 167              	.LVL5:
 168              	.LFB346:
  81:Core/Src/adc.c **** 
  82:Core/Src/adc.c **** void HAL_ADC_MspInit(ADC_HandleTypeDef* adcHandle)
  83:Core/Src/adc.c **** {
 169              		.loc 1 83 1 is_stmt 1 view -0
 170              		.cfi_startproc
 171              		@ args = 0, pretend = 0, frame = 56
 172              		@ frame_needed = 0, uses_anonymous_args = 0
 173              		.loc 1 83 1 is_stmt 0 view .LVU54
 174 0000 10B5     		push	{r4, lr}
 175              	.LCFI2:
 176              		.cfi_def_cfa_offset 8
 177              		.cfi_offset 4, -8
 178              		.cfi_offset 14, -4
 179 0002 8EB0     		sub	sp, sp, #56
 180              	.LCFI3:
 181              		.cfi_def_cfa_offset 64
 182 0004 0400     		movs	r4, r0
  84:Core/Src/adc.c **** 
  85:Core/Src/adc.c ****   GPIO_InitTypeDef GPIO_InitStruct = {0};
 183              		.loc 1 85 3 is_stmt 1 view .LVU55
 184              		.loc 1 85 20 is_stmt 0 view .LVU56
 185 0006 1422     		movs	r2, #20
 186 0008 0021     		movs	r1, #0
 187 000a 09A8     		add	r0, sp, #36
 188              	.LVL6:
 189              		.loc 1 85 20 view .LVU57
 190 000c FFF7FEFF 		bl	memset
 191              	.LVL7:
  86:Core/Src/adc.c ****   RCC_PeriphCLKInitTypeDef PeriphClkInit = {0};
 192              		.loc 1 86 3 is_stmt 1 view .LVU58
 193              		.loc 1 86 28 is_stmt 0 view .LVU59
 194 0010 1C22     		movs	r2, #28
 195 0012 0021     		movs	r1, #0
 196 0014 02A8     		add	r0, sp, #8
 197 0016 FFF7FEFF 		bl	memset
 198              	.LVL8:
  87:Core/Src/adc.c ****   if(adcHandle->Instance==ADC1)
 199              		.loc 1 87 3 is_stmt 1 view .LVU60
ARM GAS  C:\Users\main\AppData\Local\Temp\ccELsL8e.s 			page 6


 200              		.loc 1 87 15 is_stmt 0 view .LVU61
 201 001a 2268     		ldr	r2, [r4]
 202              		.loc 1 87 5 view .LVU62
 203 001c 154B     		ldr	r3, .L13
 204 001e 9A42     		cmp	r2, r3
 205 0020 01D0     		beq	.L11
 206              	.L8:
  88:Core/Src/adc.c ****   {
  89:Core/Src/adc.c ****   /* USER CODE BEGIN ADC1_MspInit 0 */
  90:Core/Src/adc.c **** 
  91:Core/Src/adc.c ****   /* USER CODE END ADC1_MspInit 0 */
  92:Core/Src/adc.c **** 
  93:Core/Src/adc.c ****   /** Initializes the peripherals clocks
  94:Core/Src/adc.c ****   */
  95:Core/Src/adc.c ****     PeriphClkInit.PeriphClockSelection = RCC_PERIPHCLK_ADC;
  96:Core/Src/adc.c ****     PeriphClkInit.AdcClockSelection = RCC_ADCCLKSOURCE_SYSCLK;
  97:Core/Src/adc.c ****     if (HAL_RCCEx_PeriphCLKConfig(&PeriphClkInit) != HAL_OK)
  98:Core/Src/adc.c ****     {
  99:Core/Src/adc.c ****       Error_Handler();
 100:Core/Src/adc.c ****     }
 101:Core/Src/adc.c **** 
 102:Core/Src/adc.c ****     /* ADC1 clock enable */
 103:Core/Src/adc.c ****     __HAL_RCC_ADC_CLK_ENABLE();
 104:Core/Src/adc.c **** 
 105:Core/Src/adc.c ****     __HAL_RCC_GPIOA_CLK_ENABLE();
 106:Core/Src/adc.c ****     /**ADC1 GPIO Configuration
 107:Core/Src/adc.c ****     PA0     ------> ADC1_IN0
 108:Core/Src/adc.c ****     */
 109:Core/Src/adc.c ****     GPIO_InitStruct.Pin = GPIO_PIN_0;
 110:Core/Src/adc.c ****     GPIO_InitStruct.Mode = GPIO_MODE_ANALOG;
 111:Core/Src/adc.c ****     GPIO_InitStruct.Pull = GPIO_NOPULL;
 112:Core/Src/adc.c ****     HAL_GPIO_Init(GPIOA, &GPIO_InitStruct);
 113:Core/Src/adc.c **** 
 114:Core/Src/adc.c ****   /* USER CODE BEGIN ADC1_MspInit 1 */
 115:Core/Src/adc.c **** 
 116:Core/Src/adc.c ****   /* USER CODE END ADC1_MspInit 1 */
 117:Core/Src/adc.c ****   }
 118:Core/Src/adc.c **** }
 207              		.loc 1 118 1 view .LVU63
 208 0022 0EB0     		add	sp, sp, #56
 209              		@ sp needed
 210              	.LVL9:
 211              		.loc 1 118 1 view .LVU64
 212 0024 10BD     		pop	{r4, pc}
 213              	.LVL10:
 214              	.L11:
  95:Core/Src/adc.c ****     PeriphClkInit.AdcClockSelection = RCC_ADCCLKSOURCE_SYSCLK;
 215              		.loc 1 95 5 is_stmt 1 view .LVU65
  95:Core/Src/adc.c ****     PeriphClkInit.AdcClockSelection = RCC_ADCCLKSOURCE_SYSCLK;
 216              		.loc 1 95 40 is_stmt 0 view .LVU66
 217 0026 2023     		movs	r3, #32
 218 0028 0293     		str	r3, [sp, #8]
  96:Core/Src/adc.c ****     if (HAL_RCCEx_PeriphCLKConfig(&PeriphClkInit) != HAL_OK)
 219              		.loc 1 96 5 is_stmt 1 view .LVU67
  97:Core/Src/adc.c ****     {
 220              		.loc 1 97 5 view .LVU68
  97:Core/Src/adc.c ****     {
ARM GAS  C:\Users\main\AppData\Local\Temp\ccELsL8e.s 			page 7


 221              		.loc 1 97 9 is_stmt 0 view .LVU69
 222 002a 02A8     		add	r0, sp, #8
 223 002c FFF7FEFF 		bl	HAL_RCCEx_PeriphCLKConfig
 224              	.LVL11:
  97:Core/Src/adc.c ****     {
 225              		.loc 1 97 8 view .LVU70
 226 0030 0028     		cmp	r0, #0
 227 0032 1CD1     		bne	.L12
 228              	.L10:
 103:Core/Src/adc.c **** 
 229              		.loc 1 103 5 is_stmt 1 view .LVU71
 230              	.LBB2:
 103:Core/Src/adc.c **** 
 231              		.loc 1 103 5 view .LVU72
 103:Core/Src/adc.c **** 
 232              		.loc 1 103 5 view .LVU73
 233 0034 104B     		ldr	r3, .L13+4
 234 0036 196C     		ldr	r1, [r3, #64]
 235 0038 8020     		movs	r0, #128
 236 003a 4003     		lsls	r0, r0, #13
 237 003c 0143     		orrs	r1, r0
 238 003e 1964     		str	r1, [r3, #64]
 103:Core/Src/adc.c **** 
 239              		.loc 1 103 5 view .LVU74
 240 0040 1A6C     		ldr	r2, [r3, #64]
 241 0042 0240     		ands	r2, r0
 242 0044 0092     		str	r2, [sp]
 103:Core/Src/adc.c **** 
 243              		.loc 1 103 5 view .LVU75
 244 0046 009A     		ldr	r2, [sp]
 245              	.LBE2:
 103:Core/Src/adc.c **** 
 246              		.loc 1 103 5 view .LVU76
 105:Core/Src/adc.c ****     /**ADC1 GPIO Configuration
 247              		.loc 1 105 5 view .LVU77
 248              	.LBB3:
 105:Core/Src/adc.c ****     /**ADC1 GPIO Configuration
 249              		.loc 1 105 5 view .LVU78
 105:Core/Src/adc.c ****     /**ADC1 GPIO Configuration
 250              		.loc 1 105 5 view .LVU79
 251 0048 596B     		ldr	r1, [r3, #52]
 252 004a 0122     		movs	r2, #1
 253 004c 1143     		orrs	r1, r2
 254 004e 5963     		str	r1, [r3, #52]
 105:Core/Src/adc.c ****     /**ADC1 GPIO Configuration
 255              		.loc 1 105 5 view .LVU80
 256 0050 5B6B     		ldr	r3, [r3, #52]
 257 0052 1340     		ands	r3, r2
 258 0054 0193     		str	r3, [sp, #4]
 105:Core/Src/adc.c ****     /**ADC1 GPIO Configuration
 259              		.loc 1 105 5 view .LVU81
 260 0056 019B     		ldr	r3, [sp, #4]
 261              	.LBE3:
 105:Core/Src/adc.c ****     /**ADC1 GPIO Configuration
 262              		.loc 1 105 5 view .LVU82
 109:Core/Src/adc.c ****     GPIO_InitStruct.Mode = GPIO_MODE_ANALOG;
 263              		.loc 1 109 5 view .LVU83
ARM GAS  C:\Users\main\AppData\Local\Temp\ccELsL8e.s 			page 8


 109:Core/Src/adc.c ****     GPIO_InitStruct.Mode = GPIO_MODE_ANALOG;
 264              		.loc 1 109 25 is_stmt 0 view .LVU84
 265 0058 0992     		str	r2, [sp, #36]
 110:Core/Src/adc.c ****     GPIO_InitStruct.Pull = GPIO_NOPULL;
 266              		.loc 1 110 5 is_stmt 1 view .LVU85
 110:Core/Src/adc.c ****     GPIO_InitStruct.Pull = GPIO_NOPULL;
 267              		.loc 1 110 26 is_stmt 0 view .LVU86
 268 005a 0323     		movs	r3, #3
 269 005c 0A93     		str	r3, [sp, #40]
 111:Core/Src/adc.c ****     HAL_GPIO_Init(GPIOA, &GPIO_InitStruct);
 270              		.loc 1 111 5 is_stmt 1 view .LVU87
 111:Core/Src/adc.c ****     HAL_GPIO_Init(GPIOA, &GPIO_InitStruct);
 271              		.loc 1 111 26 is_stmt 0 view .LVU88
 272 005e 0023     		movs	r3, #0
 273 0060 0B93     		str	r3, [sp, #44]
 112:Core/Src/adc.c **** 
 274              		.loc 1 112 5 is_stmt 1 view .LVU89
 275 0062 A020     		movs	r0, #160
 276 0064 09A9     		add	r1, sp, #36
 277 0066 C005     		lsls	r0, r0, #23
 278 0068 FFF7FEFF 		bl	HAL_GPIO_Init
 279              	.LVL12:
 280              		.loc 1 118 1 is_stmt 0 view .LVU90
 281 006c D9E7     		b	.L8
 282              	.L12:
  99:Core/Src/adc.c ****     }
 283              		.loc 1 99 7 is_stmt 1 view .LVU91
 284 006e FFF7FEFF 		bl	Error_Handler
 285              	.LVL13:
 286 0072 DFE7     		b	.L10
 287              	.L14:
 288              		.align	2
 289              	.L13:
 290 0074 00240140 		.word	1073816576
 291 0078 00100240 		.word	1073876992
 292              		.cfi_endproc
 293              	.LFE346:
 295              		.section	.text.HAL_ADC_MspDeInit,"ax",%progbits
 296              		.align	1
 297              		.global	HAL_ADC_MspDeInit
 298              		.syntax unified
 299              		.code	16
 300              		.thumb_func
 302              	HAL_ADC_MspDeInit:
 303              	.LVL14:
 304              	.LFB347:
 119:Core/Src/adc.c **** 
 120:Core/Src/adc.c **** void HAL_ADC_MspDeInit(ADC_HandleTypeDef* adcHandle)
 121:Core/Src/adc.c **** {
 305              		.loc 1 121 1 view -0
 306              		.cfi_startproc
 307              		@ args = 0, pretend = 0, frame = 0
 308              		@ frame_needed = 0, uses_anonymous_args = 0
 309              		.loc 1 121 1 is_stmt 0 view .LVU93
 310 0000 10B5     		push	{r4, lr}
 311              	.LCFI4:
 312              		.cfi_def_cfa_offset 8
ARM GAS  C:\Users\main\AppData\Local\Temp\ccELsL8e.s 			page 9


 313              		.cfi_offset 4, -8
 314              		.cfi_offset 14, -4
 122:Core/Src/adc.c **** 
 123:Core/Src/adc.c ****   if(adcHandle->Instance==ADC1)
 315              		.loc 1 123 3 is_stmt 1 view .LVU94
 316              		.loc 1 123 15 is_stmt 0 view .LVU95
 317 0002 0268     		ldr	r2, [r0]
 318              		.loc 1 123 5 view .LVU96
 319 0004 074B     		ldr	r3, .L18
 320 0006 9A42     		cmp	r2, r3
 321 0008 00D0     		beq	.L17
 322              	.LVL15:
 323              	.L15:
 124:Core/Src/adc.c ****   {
 125:Core/Src/adc.c ****   /* USER CODE BEGIN ADC1_MspDeInit 0 */
 126:Core/Src/adc.c **** 
 127:Core/Src/adc.c ****   /* USER CODE END ADC1_MspDeInit 0 */
 128:Core/Src/adc.c ****     /* Peripheral clock disable */
 129:Core/Src/adc.c ****     __HAL_RCC_ADC_CLK_DISABLE();
 130:Core/Src/adc.c **** 
 131:Core/Src/adc.c ****     /**ADC1 GPIO Configuration
 132:Core/Src/adc.c ****     PA0     ------> ADC1_IN0
 133:Core/Src/adc.c ****     */
 134:Core/Src/adc.c ****     HAL_GPIO_DeInit(GPIOA, GPIO_PIN_0);
 135:Core/Src/adc.c **** 
 136:Core/Src/adc.c ****   /* USER CODE BEGIN ADC1_MspDeInit 1 */
 137:Core/Src/adc.c **** 
 138:Core/Src/adc.c ****   /* USER CODE END ADC1_MspDeInit 1 */
 139:Core/Src/adc.c ****   }
 140:Core/Src/adc.c **** }
 324              		.loc 1 140 1 view .LVU97
 325              		@ sp needed
 326 000a 10BD     		pop	{r4, pc}
 327              	.LVL16:
 328              	.L17:
 129:Core/Src/adc.c **** 
 329              		.loc 1 129 5 is_stmt 1 view .LVU98
 330 000c 064A     		ldr	r2, .L18+4
 331 000e 136C     		ldr	r3, [r2, #64]
 332 0010 0649     		ldr	r1, .L18+8
 333 0012 0B40     		ands	r3, r1
 334 0014 1364     		str	r3, [r2, #64]
 134:Core/Src/adc.c **** 
 335              		.loc 1 134 5 view .LVU99
 336 0016 A020     		movs	r0, #160
 337              	.LVL17:
 134:Core/Src/adc.c **** 
 338              		.loc 1 134 5 is_stmt 0 view .LVU100
 339 0018 0121     		movs	r1, #1
 340 001a C005     		lsls	r0, r0, #23
 341 001c FFF7FEFF 		bl	HAL_GPIO_DeInit
 342              	.LVL18:
 343              		.loc 1 140 1 view .LVU101
 344 0020 F3E7     		b	.L15
 345              	.L19:
 346 0022 C046     		.align	2
 347              	.L18:
ARM GAS  C:\Users\main\AppData\Local\Temp\ccELsL8e.s 			page 10


 348 0024 00240140 		.word	1073816576
 349 0028 00100240 		.word	1073876992
 350 002c FFFFEFFF 		.word	-1048577
 351              		.cfi_endproc
 352              	.LFE347:
 354              		.global	hadc1
 355              		.section	.bss.hadc1,"aw",%nobits
 356              		.align	2
 357              		.set	.LANCHOR0,. + 0
 360              	hadc1:
 361 0000 00000000 		.space	100
 361      00000000 
 361      00000000 
 361      00000000 
 361      00000000 
 362              		.text
 363              	.Letext0:
 364              		.file 2 "c:\\program files (x86)\\gnu arm embedded toolchain\\10 2021.10\\arm-none-eabi\\include\\
 365              		.file 3 "c:\\program files (x86)\\gnu arm embedded toolchain\\10 2021.10\\arm-none-eabi\\include\\
 366              		.file 4 "Drivers/CMSIS/Device/ST/STM32C0xx/Include/stm32c031xx.h"
 367              		.file 5 "Drivers/CMSIS/Device/ST/STM32C0xx/Include/stm32c0xx.h"
 368              		.file 6 "Drivers/STM32C0xx_HAL_Driver/Inc/stm32c0xx_hal_def.h"
 369              		.file 7 "Drivers/STM32C0xx_HAL_Driver/Inc/stm32c0xx_hal_rcc_ex.h"
 370              		.file 8 "Drivers/STM32C0xx_HAL_Driver/Inc/stm32c0xx_hal_gpio.h"
 371              		.file 9 "Drivers/STM32C0xx_HAL_Driver/Inc/stm32c0xx_hal_dma.h"
 372              		.file 10 "Drivers/STM32C0xx_HAL_Driver/Inc/stm32c0xx_hal_adc.h"
 373              		.file 11 "Core/Inc/main.h"
 374              		.file 12 "Core/Inc/adc.h"
 375              		.file 13 "<built-in>"
ARM GAS  C:\Users\main\AppData\Local\Temp\ccELsL8e.s 			page 11


DEFINED SYMBOLS
                            *ABS*:00000000 adc.c
C:\Users\main\AppData\Local\Temp\ccELsL8e.s:18     .text.MX_ADC1_Init:00000000 $t
C:\Users\main\AppData\Local\Temp\ccELsL8e.s:24     .text.MX_ADC1_Init:00000000 MX_ADC1_Init
C:\Users\main\AppData\Local\Temp\ccELsL8e.s:154    .text.MX_ADC1_Init:00000074 $d
C:\Users\main\AppData\Local\Temp\ccELsL8e.s:160    .text.HAL_ADC_MspInit:00000000 $t
C:\Users\main\AppData\Local\Temp\ccELsL8e.s:166    .text.HAL_ADC_MspInit:00000000 HAL_ADC_MspInit
C:\Users\main\AppData\Local\Temp\ccELsL8e.s:290    .text.HAL_ADC_MspInit:00000074 $d
C:\Users\main\AppData\Local\Temp\ccELsL8e.s:296    .text.HAL_ADC_MspDeInit:00000000 $t
C:\Users\main\AppData\Local\Temp\ccELsL8e.s:302    .text.HAL_ADC_MspDeInit:00000000 HAL_ADC_MspDeInit
C:\Users\main\AppData\Local\Temp\ccELsL8e.s:348    .text.HAL_ADC_MspDeInit:00000024 $d
C:\Users\main\AppData\Local\Temp\ccELsL8e.s:360    .bss.hadc1:00000000 hadc1
C:\Users\main\AppData\Local\Temp\ccELsL8e.s:356    .bss.hadc1:00000000 $d

UNDEFINED SYMBOLS
memset
HAL_ADC_Init
HAL_ADC_ConfigChannel
Error_Handler
HAL_RCCEx_PeriphCLKConfig
HAL_GPIO_Init
HAL_GPIO_DeInit
