ARM GAS  C:\Users\main\AppData\Local\Temp\ccnoCEym.s 			page 1


   1              		.cpu cortex-m0plus
   2              		.arch armv6s-m
   3              		.fpu softvfp
   4              		.eabi_attribute 20, 1
   5              		.eabi_attribute 21, 1
   6              		.eabi_attribute 23, 3
   7              		.eabi_attribute 24, 1
   8              		.eabi_attribute 25, 1
   9              		.eabi_attribute 26, 1
  10              		.eabi_attribute 30, 1
  11              		.eabi_attribute 34, 0
  12              		.eabi_attribute 18, 4
  13              		.file	"i2c.c"
  14              		.text
  15              	.Ltext0:
  16              		.cfi_sections	.debug_frame
  17              		.section	.text.MX_I2C1_Init,"ax",%progbits
  18              		.align	1
  19              		.global	MX_I2C1_Init
  20              		.syntax unified
  21              		.code	16
  22              		.thumb_func
  24              	MX_I2C1_Init:
  25              	.LFB345:
  26              		.file 1 "Core/Src/i2c.c"
   1:Core/Src/i2c.c **** /* USER CODE BEGIN Header */
   2:Core/Src/i2c.c **** /**
   3:Core/Src/i2c.c ****   ******************************************************************************
   4:Core/Src/i2c.c ****   * @file    i2c.c
   5:Core/Src/i2c.c ****   * @brief   This file provides code for the configuration
   6:Core/Src/i2c.c ****   *          of the I2C instances.
   7:Core/Src/i2c.c ****   ******************************************************************************
   8:Core/Src/i2c.c ****   * @attention
   9:Core/Src/i2c.c ****   *
  10:Core/Src/i2c.c ****   * Copyright (c) 2025 STMicroelectronics.
  11:Core/Src/i2c.c ****   * All rights reserved.
  12:Core/Src/i2c.c ****   *
  13:Core/Src/i2c.c ****   * This software is licensed under terms that can be found in the LICENSE file
  14:Core/Src/i2c.c ****   * in the root directory of this software component.
  15:Core/Src/i2c.c ****   * If no LICENSE file comes with this software, it is provided AS-IS.
  16:Core/Src/i2c.c ****   *
  17:Core/Src/i2c.c ****   ******************************************************************************
  18:Core/Src/i2c.c ****   */
  19:Core/Src/i2c.c **** /* USER CODE END Header */
  20:Core/Src/i2c.c **** /* Includes ------------------------------------------------------------------*/
  21:Core/Src/i2c.c **** #include "i2c.h"
  22:Core/Src/i2c.c **** 
  23:Core/Src/i2c.c **** /* USER CODE BEGIN 0 */
  24:Core/Src/i2c.c **** 
  25:Core/Src/i2c.c **** /* USER CODE END 0 */
  26:Core/Src/i2c.c **** 
  27:Core/Src/i2c.c **** I2C_HandleTypeDef hi2c1;
  28:Core/Src/i2c.c **** DMA_HandleTypeDef hdma_i2c1_tx;
  29:Core/Src/i2c.c **** 
  30:Core/Src/i2c.c **** /* I2C1 init function */
  31:Core/Src/i2c.c **** void MX_I2C1_Init(void)
  32:Core/Src/i2c.c **** {
ARM GAS  C:\Users\main\AppData\Local\Temp\ccnoCEym.s 			page 2


  27              		.loc 1 32 1 view -0
  28              		.cfi_startproc
  29              		@ args = 0, pretend = 0, frame = 0
  30              		@ frame_needed = 0, uses_anonymous_args = 0
  31 0000 10B5     		push	{r4, lr}
  32              	.LCFI0:
  33              		.cfi_def_cfa_offset 8
  34              		.cfi_offset 4, -8
  35              		.cfi_offset 14, -4
  33:Core/Src/i2c.c **** 
  34:Core/Src/i2c.c ****   /* USER CODE BEGIN I2C1_Init 0 */
  35:Core/Src/i2c.c **** 
  36:Core/Src/i2c.c ****   /* USER CODE END I2C1_Init 0 */
  37:Core/Src/i2c.c **** 
  38:Core/Src/i2c.c ****   /* USER CODE BEGIN I2C1_Init 1 */
  39:Core/Src/i2c.c **** 
  40:Core/Src/i2c.c ****   /* USER CODE END I2C1_Init 1 */
  41:Core/Src/i2c.c ****   hi2c1.Instance = I2C1;
  36              		.loc 1 41 3 view .LVU1
  37              		.loc 1 41 18 is_stmt 0 view .LVU2
  38 0002 1448     		ldr	r0, .L8
  39 0004 144B     		ldr	r3, .L8+4
  40 0006 0360     		str	r3, [r0]
  42:Core/Src/i2c.c ****   hi2c1.Init.Timing = 0x20303E5D;
  41              		.loc 1 42 3 is_stmt 1 view .LVU3
  42              		.loc 1 42 21 is_stmt 0 view .LVU4
  43 0008 144B     		ldr	r3, .L8+8
  44 000a 4360     		str	r3, [r0, #4]
  43:Core/Src/i2c.c ****   hi2c1.Init.OwnAddress1 = 0;
  45              		.loc 1 43 3 is_stmt 1 view .LVU5
  46              		.loc 1 43 26 is_stmt 0 view .LVU6
  47 000c 0023     		movs	r3, #0
  48 000e 8360     		str	r3, [r0, #8]
  44:Core/Src/i2c.c ****   hi2c1.Init.AddressingMode = I2C_ADDRESSINGMODE_7BIT;
  49              		.loc 1 44 3 is_stmt 1 view .LVU7
  50              		.loc 1 44 29 is_stmt 0 view .LVU8
  51 0010 0122     		movs	r2, #1
  52 0012 C260     		str	r2, [r0, #12]
  45:Core/Src/i2c.c ****   hi2c1.Init.DualAddressMode = I2C_DUALADDRESS_DISABLE;
  53              		.loc 1 45 3 is_stmt 1 view .LVU9
  54              		.loc 1 45 30 is_stmt 0 view .LVU10
  55 0014 0361     		str	r3, [r0, #16]
  46:Core/Src/i2c.c ****   hi2c1.Init.OwnAddress2 = 0;
  56              		.loc 1 46 3 is_stmt 1 view .LVU11
  57              		.loc 1 46 26 is_stmt 0 view .LVU12
  58 0016 4361     		str	r3, [r0, #20]
  47:Core/Src/i2c.c ****   hi2c1.Init.OwnAddress2Masks = I2C_OA2_NOMASK;
  59              		.loc 1 47 3 is_stmt 1 view .LVU13
  60              		.loc 1 47 31 is_stmt 0 view .LVU14
  61 0018 8361     		str	r3, [r0, #24]
  48:Core/Src/i2c.c ****   hi2c1.Init.GeneralCallMode = I2C_GENERALCALL_DISABLE;
  62              		.loc 1 48 3 is_stmt 1 view .LVU15
  63              		.loc 1 48 30 is_stmt 0 view .LVU16
  64 001a C361     		str	r3, [r0, #28]
  49:Core/Src/i2c.c ****   hi2c1.Init.NoStretchMode = I2C_NOSTRETCH_DISABLE;
  65              		.loc 1 49 3 is_stmt 1 view .LVU17
  66              		.loc 1 49 28 is_stmt 0 view .LVU18
ARM GAS  C:\Users\main\AppData\Local\Temp\ccnoCEym.s 			page 3


  67 001c 0362     		str	r3, [r0, #32]
  50:Core/Src/i2c.c ****   if (HAL_I2C_Init(&hi2c1) != HAL_OK)
  68              		.loc 1 50 3 is_stmt 1 view .LVU19
  69              		.loc 1 50 7 is_stmt 0 view .LVU20
  70 001e FFF7FEFF 		bl	HAL_I2C_Init
  71              	.LVL0:
  72              		.loc 1 50 6 view .LVU21
  73 0022 0028     		cmp	r0, #0
  74 0024 0CD1     		bne	.L5
  75              	.L2:
  51:Core/Src/i2c.c ****   {
  52:Core/Src/i2c.c ****     Error_Handler();
  53:Core/Src/i2c.c ****   }
  54:Core/Src/i2c.c **** 
  55:Core/Src/i2c.c ****   /** Configure Analogue filter
  56:Core/Src/i2c.c ****   */
  57:Core/Src/i2c.c ****   if (HAL_I2CEx_ConfigAnalogFilter(&hi2c1, I2C_ANALOGFILTER_ENABLE) != HAL_OK)
  76              		.loc 1 57 3 is_stmt 1 view .LVU22
  77              		.loc 1 57 7 is_stmt 0 view .LVU23
  78 0026 0021     		movs	r1, #0
  79 0028 0A48     		ldr	r0, .L8
  80 002a FFF7FEFF 		bl	HAL_I2CEx_ConfigAnalogFilter
  81              	.LVL1:
  82              		.loc 1 57 6 view .LVU24
  83 002e 0028     		cmp	r0, #0
  84 0030 09D1     		bne	.L6
  85              	.L3:
  58:Core/Src/i2c.c ****   {
  59:Core/Src/i2c.c ****     Error_Handler();
  60:Core/Src/i2c.c ****   }
  61:Core/Src/i2c.c **** 
  62:Core/Src/i2c.c ****   /** Configure Digital filter
  63:Core/Src/i2c.c ****   */
  64:Core/Src/i2c.c ****   if (HAL_I2CEx_ConfigDigitalFilter(&hi2c1, 0) != HAL_OK)
  86              		.loc 1 64 3 is_stmt 1 view .LVU25
  87              		.loc 1 64 7 is_stmt 0 view .LVU26
  88 0032 0021     		movs	r1, #0
  89 0034 0748     		ldr	r0, .L8
  90 0036 FFF7FEFF 		bl	HAL_I2CEx_ConfigDigitalFilter
  91              	.LVL2:
  92              		.loc 1 64 6 view .LVU27
  93 003a 0028     		cmp	r0, #0
  94 003c 06D1     		bne	.L7
  95              	.L1:
  65:Core/Src/i2c.c ****   {
  66:Core/Src/i2c.c ****     Error_Handler();
  67:Core/Src/i2c.c ****   }
  68:Core/Src/i2c.c ****   /* USER CODE BEGIN I2C1_Init 2 */
  69:Core/Src/i2c.c **** 
  70:Core/Src/i2c.c ****   /* USER CODE END I2C1_Init 2 */
  71:Core/Src/i2c.c **** 
  72:Core/Src/i2c.c **** }
  96              		.loc 1 72 1 view .LVU28
  97              		@ sp needed
  98 003e 10BD     		pop	{r4, pc}
  99              	.L5:
  52:Core/Src/i2c.c ****   }
ARM GAS  C:\Users\main\AppData\Local\Temp\ccnoCEym.s 			page 4


 100              		.loc 1 52 5 is_stmt 1 view .LVU29
 101 0040 FFF7FEFF 		bl	Error_Handler
 102              	.LVL3:
 103 0044 EFE7     		b	.L2
 104              	.L6:
  59:Core/Src/i2c.c ****   }
 105              		.loc 1 59 5 view .LVU30
 106 0046 FFF7FEFF 		bl	Error_Handler
 107              	.LVL4:
 108 004a F2E7     		b	.L3
 109              	.L7:
  66:Core/Src/i2c.c ****   }
 110              		.loc 1 66 5 view .LVU31
 111 004c FFF7FEFF 		bl	Error_Handler
 112              	.LVL5:
 113              		.loc 1 72 1 is_stmt 0 view .LVU32
 114 0050 F5E7     		b	.L1
 115              	.L9:
 116 0052 C046     		.align	2
 117              	.L8:
 118 0054 00000000 		.word	.LANCHOR0
 119 0058 00540040 		.word	1073763328
 120 005c 5D3E3020 		.word	540032605
 121              		.cfi_endproc
 122              	.LFE345:
 124              		.section	.text.HAL_I2C_MspInit,"ax",%progbits
 125              		.align	1
 126              		.global	HAL_I2C_MspInit
 127              		.syntax unified
 128              		.code	16
 129              		.thumb_func
 131              	HAL_I2C_MspInit:
 132              	.LVL6:
 133              	.LFB346:
  73:Core/Src/i2c.c **** 
  74:Core/Src/i2c.c **** void HAL_I2C_MspInit(I2C_HandleTypeDef* i2cHandle)
  75:Core/Src/i2c.c **** {
 134              		.loc 1 75 1 is_stmt 1 view -0
 135              		.cfi_startproc
 136              		@ args = 0, pretend = 0, frame = 64
 137              		@ frame_needed = 0, uses_anonymous_args = 0
 138              		.loc 1 75 1 is_stmt 0 view .LVU34
 139 0000 F0B5     		push	{r4, r5, r6, r7, lr}
 140              	.LCFI1:
 141              		.cfi_def_cfa_offset 20
 142              		.cfi_offset 4, -20
 143              		.cfi_offset 5, -16
 144              		.cfi_offset 6, -12
 145              		.cfi_offset 7, -8
 146              		.cfi_offset 14, -4
 147 0002 CE46     		mov	lr, r9
 148 0004 4746     		mov	r7, r8
 149 0006 80B5     		push	{r7, lr}
 150              	.LCFI2:
 151              		.cfi_def_cfa_offset 28
 152              		.cfi_offset 8, -28
 153              		.cfi_offset 9, -24
ARM GAS  C:\Users\main\AppData\Local\Temp\ccnoCEym.s 			page 5


 154 0008 91B0     		sub	sp, sp, #68
 155              	.LCFI3:
 156              		.cfi_def_cfa_offset 96
 157 000a 0400     		movs	r4, r0
  76:Core/Src/i2c.c **** 
  77:Core/Src/i2c.c ****   GPIO_InitTypeDef GPIO_InitStruct = {0};
 158              		.loc 1 77 3 is_stmt 1 view .LVU35
 159              		.loc 1 77 20 is_stmt 0 view .LVU36
 160 000c 1422     		movs	r2, #20
 161 000e 0021     		movs	r1, #0
 162 0010 0BA8     		add	r0, sp, #44
 163              	.LVL7:
 164              		.loc 1 77 20 view .LVU37
 165 0012 FFF7FEFF 		bl	memset
 166              	.LVL8:
  78:Core/Src/i2c.c ****   RCC_PeriphCLKInitTypeDef PeriphClkInit = {0};
 167              		.loc 1 78 3 is_stmt 1 view .LVU38
 168              		.loc 1 78 28 is_stmt 0 view .LVU39
 169 0016 1C22     		movs	r2, #28
 170 0018 0021     		movs	r1, #0
 171 001a 04A8     		add	r0, sp, #16
 172 001c FFF7FEFF 		bl	memset
 173              	.LVL9:
  79:Core/Src/i2c.c ****   if(i2cHandle->Instance==I2C1)
 174              		.loc 1 79 3 is_stmt 1 view .LVU40
 175              		.loc 1 79 5 is_stmt 0 view .LVU41
 176 0020 314B     		ldr	r3, .L17
 177 0022 2268     		ldr	r2, [r4]
 178 0024 9A42     		cmp	r2, r3
 179 0026 04D0     		beq	.L14
 180              	.L10:
  80:Core/Src/i2c.c ****   {
  81:Core/Src/i2c.c ****   /* USER CODE BEGIN I2C1_MspInit 0 */
  82:Core/Src/i2c.c **** 
  83:Core/Src/i2c.c ****   /* USER CODE END I2C1_MspInit 0 */
  84:Core/Src/i2c.c **** 
  85:Core/Src/i2c.c ****   /** Initializes the peripherals clocks
  86:Core/Src/i2c.c ****   */
  87:Core/Src/i2c.c ****     PeriphClkInit.PeriphClockSelection = RCC_PERIPHCLK_I2C1;
  88:Core/Src/i2c.c ****     PeriphClkInit.I2c1ClockSelection = RCC_I2C1CLKSOURCE_PCLK1;
  89:Core/Src/i2c.c ****     if (HAL_RCCEx_PeriphCLKConfig(&PeriphClkInit) != HAL_OK)
  90:Core/Src/i2c.c ****     {
  91:Core/Src/i2c.c ****       Error_Handler();
  92:Core/Src/i2c.c ****     }
  93:Core/Src/i2c.c **** 
  94:Core/Src/i2c.c ****     __HAL_RCC_GPIOA_CLK_ENABLE();
  95:Core/Src/i2c.c ****     __HAL_RCC_GPIOB_CLK_ENABLE();
  96:Core/Src/i2c.c ****     /**I2C1 GPIO Configuration
  97:Core/Src/i2c.c ****     PA10     ------> I2C1_SDA
  98:Core/Src/i2c.c ****     PB6     ------> I2C1_SCL
  99:Core/Src/i2c.c ****     */
 100:Core/Src/i2c.c ****     GPIO_InitStruct.Pin = GPIO_PIN_10;
 101:Core/Src/i2c.c ****     GPIO_InitStruct.Mode = GPIO_MODE_AF_OD;
 102:Core/Src/i2c.c ****     GPIO_InitStruct.Pull = GPIO_PULLUP;
 103:Core/Src/i2c.c ****     GPIO_InitStruct.Speed = GPIO_SPEED_FREQ_VERY_HIGH;
 104:Core/Src/i2c.c ****     GPIO_InitStruct.Alternate = GPIO_AF6_I2C1;
 105:Core/Src/i2c.c ****     HAL_GPIO_Init(GPIOA, &GPIO_InitStruct);
ARM GAS  C:\Users\main\AppData\Local\Temp\ccnoCEym.s 			page 6


 106:Core/Src/i2c.c **** 
 107:Core/Src/i2c.c ****     GPIO_InitStruct.Pin = GPIO_PIN_6;
 108:Core/Src/i2c.c ****     GPIO_InitStruct.Mode = GPIO_MODE_AF_OD;
 109:Core/Src/i2c.c ****     GPIO_InitStruct.Pull = GPIO_PULLUP;
 110:Core/Src/i2c.c ****     GPIO_InitStruct.Speed = GPIO_SPEED_FREQ_VERY_HIGH;
 111:Core/Src/i2c.c ****     GPIO_InitStruct.Alternate = GPIO_AF6_I2C1;
 112:Core/Src/i2c.c ****     HAL_GPIO_Init(GPIOB, &GPIO_InitStruct);
 113:Core/Src/i2c.c **** 
 114:Core/Src/i2c.c ****     /* I2C1 clock enable */
 115:Core/Src/i2c.c ****     __HAL_RCC_I2C1_CLK_ENABLE();
 116:Core/Src/i2c.c **** 
 117:Core/Src/i2c.c ****     /* I2C1 DMA Init */
 118:Core/Src/i2c.c ****     /* I2C1_TX Init */
 119:Core/Src/i2c.c ****     hdma_i2c1_tx.Instance = DMA1_Channel1;
 120:Core/Src/i2c.c ****     hdma_i2c1_tx.Init.Request = DMA_REQUEST_I2C1_TX;
 121:Core/Src/i2c.c ****     hdma_i2c1_tx.Init.Direction = DMA_MEMORY_TO_PERIPH;
 122:Core/Src/i2c.c ****     hdma_i2c1_tx.Init.PeriphInc = DMA_PINC_DISABLE;
 123:Core/Src/i2c.c ****     hdma_i2c1_tx.Init.MemInc = DMA_MINC_ENABLE;
 124:Core/Src/i2c.c ****     hdma_i2c1_tx.Init.PeriphDataAlignment = DMA_PDATAALIGN_BYTE;
 125:Core/Src/i2c.c ****     hdma_i2c1_tx.Init.MemDataAlignment = DMA_MDATAALIGN_BYTE;
 126:Core/Src/i2c.c ****     hdma_i2c1_tx.Init.Mode = DMA_NORMAL;
 127:Core/Src/i2c.c ****     hdma_i2c1_tx.Init.Priority = DMA_PRIORITY_LOW;
 128:Core/Src/i2c.c ****     if (HAL_DMA_Init(&hdma_i2c1_tx) != HAL_OK)
 129:Core/Src/i2c.c ****     {
 130:Core/Src/i2c.c ****       Error_Handler();
 131:Core/Src/i2c.c ****     }
 132:Core/Src/i2c.c **** 
 133:Core/Src/i2c.c ****     __HAL_LINKDMA(i2cHandle,hdmatx,hdma_i2c1_tx);
 134:Core/Src/i2c.c **** 
 135:Core/Src/i2c.c ****   /* USER CODE BEGIN I2C1_MspInit 1 */
 136:Core/Src/i2c.c **** 
 137:Core/Src/i2c.c ****   /* USER CODE END I2C1_MspInit 1 */
 138:Core/Src/i2c.c ****   }
 139:Core/Src/i2c.c **** }
 181              		.loc 1 139 1 view .LVU42
 182 0028 11B0     		add	sp, sp, #68
 183              		@ sp needed
 184              	.LVL10:
 185              		.loc 1 139 1 view .LVU43
 186 002a C0BC     		pop	{r6, r7}
 187 002c B946     		mov	r9, r7
 188 002e B046     		mov	r8, r6
 189 0030 F0BD     		pop	{r4, r5, r6, r7, pc}
 190              	.LVL11:
 191              	.L14:
  87:Core/Src/i2c.c ****     PeriphClkInit.I2c1ClockSelection = RCC_I2C1CLKSOURCE_PCLK1;
 192              		.loc 1 87 5 is_stmt 1 view .LVU44
  87:Core/Src/i2c.c ****     PeriphClkInit.I2c1ClockSelection = RCC_I2C1CLKSOURCE_PCLK1;
 193              		.loc 1 87 40 is_stmt 0 view .LVU45
 194 0032 0223     		movs	r3, #2
 195 0034 0493     		str	r3, [sp, #16]
  88:Core/Src/i2c.c ****     if (HAL_RCCEx_PeriphCLKConfig(&PeriphClkInit) != HAL_OK)
 196              		.loc 1 88 5 is_stmt 1 view .LVU46
  89:Core/Src/i2c.c ****     {
 197              		.loc 1 89 5 view .LVU47
  89:Core/Src/i2c.c ****     {
 198              		.loc 1 89 9 is_stmt 0 view .LVU48
ARM GAS  C:\Users\main\AppData\Local\Temp\ccnoCEym.s 			page 7


 199 0036 04A8     		add	r0, sp, #16
 200 0038 FFF7FEFF 		bl	HAL_RCCEx_PeriphCLKConfig
 201              	.LVL12:
  89:Core/Src/i2c.c ****     {
 202              		.loc 1 89 8 view .LVU49
 203 003c 0028     		cmp	r0, #0
 204 003e 4DD1     		bne	.L15
 205              	.L12:
  94:Core/Src/i2c.c ****     __HAL_RCC_GPIOB_CLK_ENABLE();
 206              		.loc 1 94 5 is_stmt 1 view .LVU50
 207              	.LBB2:
  94:Core/Src/i2c.c ****     __HAL_RCC_GPIOB_CLK_ENABLE();
 208              		.loc 1 94 5 view .LVU51
  94:Core/Src/i2c.c ****     __HAL_RCC_GPIOB_CLK_ENABLE();
 209              		.loc 1 94 5 view .LVU52
 210 0040 2A4D     		ldr	r5, .L17+4
 211 0042 6B6B     		ldr	r3, [r5, #52]
 212 0044 0126     		movs	r6, #1
 213 0046 3343     		orrs	r3, r6
 214 0048 6B63     		str	r3, [r5, #52]
  94:Core/Src/i2c.c ****     __HAL_RCC_GPIOB_CLK_ENABLE();
 215              		.loc 1 94 5 view .LVU53
 216 004a 6B6B     		ldr	r3, [r5, #52]
 217 004c 3340     		ands	r3, r6
 218 004e 0193     		str	r3, [sp, #4]
  94:Core/Src/i2c.c ****     __HAL_RCC_GPIOB_CLK_ENABLE();
 219              		.loc 1 94 5 view .LVU54
 220 0050 019B     		ldr	r3, [sp, #4]
 221              	.LBE2:
  94:Core/Src/i2c.c ****     __HAL_RCC_GPIOB_CLK_ENABLE();
 222              		.loc 1 94 5 view .LVU55
  95:Core/Src/i2c.c ****     /**I2C1 GPIO Configuration
 223              		.loc 1 95 5 view .LVU56
 224              	.LBB3:
  95:Core/Src/i2c.c ****     /**I2C1 GPIO Configuration
 225              		.loc 1 95 5 view .LVU57
  95:Core/Src/i2c.c ****     /**I2C1 GPIO Configuration
 226              		.loc 1 95 5 view .LVU58
 227 0052 6A6B     		ldr	r2, [r5, #52]
 228 0054 0223     		movs	r3, #2
 229 0056 1A43     		orrs	r2, r3
 230 0058 6A63     		str	r2, [r5, #52]
  95:Core/Src/i2c.c ****     /**I2C1 GPIO Configuration
 231              		.loc 1 95 5 view .LVU59
 232 005a 6A6B     		ldr	r2, [r5, #52]
 233 005c 1340     		ands	r3, r2
 234 005e 0293     		str	r3, [sp, #8]
  95:Core/Src/i2c.c ****     /**I2C1 GPIO Configuration
 235              		.loc 1 95 5 view .LVU60
 236 0060 029B     		ldr	r3, [sp, #8]
 237              	.LBE3:
  95:Core/Src/i2c.c ****     /**I2C1 GPIO Configuration
 238              		.loc 1 95 5 view .LVU61
 100:Core/Src/i2c.c ****     GPIO_InitStruct.Mode = GPIO_MODE_AF_OD;
 239              		.loc 1 100 5 view .LVU62
 100:Core/Src/i2c.c ****     GPIO_InitStruct.Mode = GPIO_MODE_AF_OD;
 240              		.loc 1 100 25 is_stmt 0 view .LVU63
ARM GAS  C:\Users\main\AppData\Local\Temp\ccnoCEym.s 			page 8


 241 0062 8023     		movs	r3, #128
 242 0064 DB00     		lsls	r3, r3, #3
 243 0066 0B93     		str	r3, [sp, #44]
 101:Core/Src/i2c.c ****     GPIO_InitStruct.Pull = GPIO_PULLUP;
 244              		.loc 1 101 5 is_stmt 1 view .LVU64
 101:Core/Src/i2c.c ****     GPIO_InitStruct.Pull = GPIO_PULLUP;
 245              		.loc 1 101 26 is_stmt 0 view .LVU65
 246 0068 1223     		movs	r3, #18
 247 006a 9946     		mov	r9, r3
 248 006c 0C93     		str	r3, [sp, #48]
 102:Core/Src/i2c.c ****     GPIO_InitStruct.Speed = GPIO_SPEED_FREQ_VERY_HIGH;
 249              		.loc 1 102 5 is_stmt 1 view .LVU66
 102:Core/Src/i2c.c ****     GPIO_InitStruct.Speed = GPIO_SPEED_FREQ_VERY_HIGH;
 250              		.loc 1 102 26 is_stmt 0 view .LVU67
 251 006e 0D96     		str	r6, [sp, #52]
 103:Core/Src/i2c.c ****     GPIO_InitStruct.Alternate = GPIO_AF6_I2C1;
 252              		.loc 1 103 5 is_stmt 1 view .LVU68
 103:Core/Src/i2c.c ****     GPIO_InitStruct.Alternate = GPIO_AF6_I2C1;
 253              		.loc 1 103 27 is_stmt 0 view .LVU69
 254 0070 0F3B     		subs	r3, r3, #15
 255 0072 9846     		mov	r8, r3
 256 0074 0E93     		str	r3, [sp, #56]
 104:Core/Src/i2c.c ****     HAL_GPIO_Init(GPIOA, &GPIO_InitStruct);
 257              		.loc 1 104 5 is_stmt 1 view .LVU70
 104:Core/Src/i2c.c ****     HAL_GPIO_Init(GPIOA, &GPIO_InitStruct);
 258              		.loc 1 104 31 is_stmt 0 view .LVU71
 259 0076 0627     		movs	r7, #6
 260 0078 0F97     		str	r7, [sp, #60]
 105:Core/Src/i2c.c **** 
 261              		.loc 1 105 5 is_stmt 1 view .LVU72
 262 007a A020     		movs	r0, #160
 263 007c 0BA9     		add	r1, sp, #44
 264 007e C005     		lsls	r0, r0, #23
 265 0080 FFF7FEFF 		bl	HAL_GPIO_Init
 266              	.LVL13:
 107:Core/Src/i2c.c ****     GPIO_InitStruct.Mode = GPIO_MODE_AF_OD;
 267              		.loc 1 107 5 view .LVU73
 107:Core/Src/i2c.c ****     GPIO_InitStruct.Mode = GPIO_MODE_AF_OD;
 268              		.loc 1 107 25 is_stmt 0 view .LVU74
 269 0084 4023     		movs	r3, #64
 270 0086 0B93     		str	r3, [sp, #44]
 108:Core/Src/i2c.c ****     GPIO_InitStruct.Pull = GPIO_PULLUP;
 271              		.loc 1 108 5 is_stmt 1 view .LVU75
 108:Core/Src/i2c.c ****     GPIO_InitStruct.Pull = GPIO_PULLUP;
 272              		.loc 1 108 26 is_stmt 0 view .LVU76
 273 0088 4B46     		mov	r3, r9
 274 008a 0C93     		str	r3, [sp, #48]
 109:Core/Src/i2c.c ****     GPIO_InitStruct.Speed = GPIO_SPEED_FREQ_VERY_HIGH;
 275              		.loc 1 109 5 is_stmt 1 view .LVU77
 109:Core/Src/i2c.c ****     GPIO_InitStruct.Speed = GPIO_SPEED_FREQ_VERY_HIGH;
 276              		.loc 1 109 26 is_stmt 0 view .LVU78
 277 008c 0D96     		str	r6, [sp, #52]
 110:Core/Src/i2c.c ****     GPIO_InitStruct.Alternate = GPIO_AF6_I2C1;
 278              		.loc 1 110 5 is_stmt 1 view .LVU79
 110:Core/Src/i2c.c ****     GPIO_InitStruct.Alternate = GPIO_AF6_I2C1;
 279              		.loc 1 110 27 is_stmt 0 view .LVU80
 280 008e 4346     		mov	r3, r8
ARM GAS  C:\Users\main\AppData\Local\Temp\ccnoCEym.s 			page 9


 281 0090 0E93     		str	r3, [sp, #56]
 111:Core/Src/i2c.c ****     HAL_GPIO_Init(GPIOB, &GPIO_InitStruct);
 282              		.loc 1 111 5 is_stmt 1 view .LVU81
 111:Core/Src/i2c.c ****     HAL_GPIO_Init(GPIOB, &GPIO_InitStruct);
 283              		.loc 1 111 31 is_stmt 0 view .LVU82
 284 0092 0F97     		str	r7, [sp, #60]
 112:Core/Src/i2c.c **** 
 285              		.loc 1 112 5 is_stmt 1 view .LVU83
 286 0094 0BA9     		add	r1, sp, #44
 287 0096 1648     		ldr	r0, .L17+8
 288 0098 FFF7FEFF 		bl	HAL_GPIO_Init
 289              	.LVL14:
 115:Core/Src/i2c.c **** 
 290              		.loc 1 115 5 view .LVU84
 291              	.LBB4:
 115:Core/Src/i2c.c **** 
 292              		.loc 1 115 5 view .LVU85
 115:Core/Src/i2c.c **** 
 293              		.loc 1 115 5 view .LVU86
 294 009c EA6B     		ldr	r2, [r5, #60]
 295 009e 8021     		movs	r1, #128
 296 00a0 8903     		lsls	r1, r1, #14
 297 00a2 0A43     		orrs	r2, r1
 298 00a4 EA63     		str	r2, [r5, #60]
 115:Core/Src/i2c.c **** 
 299              		.loc 1 115 5 view .LVU87
 300 00a6 EB6B     		ldr	r3, [r5, #60]
 301 00a8 0B40     		ands	r3, r1
 302 00aa 0393     		str	r3, [sp, #12]
 115:Core/Src/i2c.c **** 
 303              		.loc 1 115 5 view .LVU88
 304 00ac 039B     		ldr	r3, [sp, #12]
 305              	.LBE4:
 115:Core/Src/i2c.c **** 
 306              		.loc 1 115 5 view .LVU89
 119:Core/Src/i2c.c ****     hdma_i2c1_tx.Init.Request = DMA_REQUEST_I2C1_TX;
 307              		.loc 1 119 5 view .LVU90
 119:Core/Src/i2c.c ****     hdma_i2c1_tx.Init.Request = DMA_REQUEST_I2C1_TX;
 308              		.loc 1 119 27 is_stmt 0 view .LVU91
 309 00ae 1148     		ldr	r0, .L17+12
 310 00b0 114B     		ldr	r3, .L17+16
 311 00b2 0360     		str	r3, [r0]
 120:Core/Src/i2c.c ****     hdma_i2c1_tx.Init.Direction = DMA_MEMORY_TO_PERIPH;
 312              		.loc 1 120 5 is_stmt 1 view .LVU92
 120:Core/Src/i2c.c ****     hdma_i2c1_tx.Init.Direction = DMA_MEMORY_TO_PERIPH;
 313              		.loc 1 120 31 is_stmt 0 view .LVU93
 314 00b4 0B23     		movs	r3, #11
 315 00b6 4360     		str	r3, [r0, #4]
 121:Core/Src/i2c.c ****     hdma_i2c1_tx.Init.PeriphInc = DMA_PINC_DISABLE;
 316              		.loc 1 121 5 is_stmt 1 view .LVU94
 121:Core/Src/i2c.c ****     hdma_i2c1_tx.Init.PeriphInc = DMA_PINC_DISABLE;
 317              		.loc 1 121 33 is_stmt 0 view .LVU95
 318 00b8 0533     		adds	r3, r3, #5
 319 00ba 8360     		str	r3, [r0, #8]
 122:Core/Src/i2c.c ****     hdma_i2c1_tx.Init.MemInc = DMA_MINC_ENABLE;
 320              		.loc 1 122 5 is_stmt 1 view .LVU96
 122:Core/Src/i2c.c ****     hdma_i2c1_tx.Init.MemInc = DMA_MINC_ENABLE;
ARM GAS  C:\Users\main\AppData\Local\Temp\ccnoCEym.s 			page 10


 321              		.loc 1 122 33 is_stmt 0 view .LVU97
 322 00bc 0023     		movs	r3, #0
 323 00be C360     		str	r3, [r0, #12]
 123:Core/Src/i2c.c ****     hdma_i2c1_tx.Init.PeriphDataAlignment = DMA_PDATAALIGN_BYTE;
 324              		.loc 1 123 5 is_stmt 1 view .LVU98
 123:Core/Src/i2c.c ****     hdma_i2c1_tx.Init.PeriphDataAlignment = DMA_PDATAALIGN_BYTE;
 325              		.loc 1 123 30 is_stmt 0 view .LVU99
 326 00c0 8022     		movs	r2, #128
 327 00c2 0261     		str	r2, [r0, #16]
 124:Core/Src/i2c.c ****     hdma_i2c1_tx.Init.MemDataAlignment = DMA_MDATAALIGN_BYTE;
 328              		.loc 1 124 5 is_stmt 1 view .LVU100
 124:Core/Src/i2c.c ****     hdma_i2c1_tx.Init.MemDataAlignment = DMA_MDATAALIGN_BYTE;
 329              		.loc 1 124 43 is_stmt 0 view .LVU101
 330 00c4 4361     		str	r3, [r0, #20]
 125:Core/Src/i2c.c ****     hdma_i2c1_tx.Init.Mode = DMA_NORMAL;
 331              		.loc 1 125 5 is_stmt 1 view .LVU102
 125:Core/Src/i2c.c ****     hdma_i2c1_tx.Init.Mode = DMA_NORMAL;
 332              		.loc 1 125 40 is_stmt 0 view .LVU103
 333 00c6 8361     		str	r3, [r0, #24]
 126:Core/Src/i2c.c ****     hdma_i2c1_tx.Init.Priority = DMA_PRIORITY_LOW;
 334              		.loc 1 126 5 is_stmt 1 view .LVU104
 126:Core/Src/i2c.c ****     hdma_i2c1_tx.Init.Priority = DMA_PRIORITY_LOW;
 335              		.loc 1 126 28 is_stmt 0 view .LVU105
 336 00c8 C361     		str	r3, [r0, #28]
 127:Core/Src/i2c.c ****     if (HAL_DMA_Init(&hdma_i2c1_tx) != HAL_OK)
 337              		.loc 1 127 5 is_stmt 1 view .LVU106
 127:Core/Src/i2c.c ****     if (HAL_DMA_Init(&hdma_i2c1_tx) != HAL_OK)
 338              		.loc 1 127 32 is_stmt 0 view .LVU107
 339 00ca 0362     		str	r3, [r0, #32]
 128:Core/Src/i2c.c ****     {
 340              		.loc 1 128 5 is_stmt 1 view .LVU108
 128:Core/Src/i2c.c ****     {
 341              		.loc 1 128 9 is_stmt 0 view .LVU109
 342 00cc FFF7FEFF 		bl	HAL_DMA_Init
 343              	.LVL15:
 128:Core/Src/i2c.c ****     {
 344              		.loc 1 128 8 view .LVU110
 345 00d0 0028     		cmp	r0, #0
 346 00d2 06D1     		bne	.L16
 347              	.L13:
 133:Core/Src/i2c.c **** 
 348              		.loc 1 133 5 is_stmt 1 view .LVU111
 133:Core/Src/i2c.c **** 
 349              		.loc 1 133 5 view .LVU112
 350 00d4 074B     		ldr	r3, .L17+12
 351 00d6 A363     		str	r3, [r4, #56]
 133:Core/Src/i2c.c **** 
 352              		.loc 1 133 5 view .LVU113
 353 00d8 9C62     		str	r4, [r3, #40]
 133:Core/Src/i2c.c **** 
 354              		.loc 1 133 5 view .LVU114
 355              		.loc 1 139 1 is_stmt 0 view .LVU115
 356 00da A5E7     		b	.L10
 357              	.L15:
  91:Core/Src/i2c.c ****     }
 358              		.loc 1 91 7 is_stmt 1 view .LVU116
 359 00dc FFF7FEFF 		bl	Error_Handler
ARM GAS  C:\Users\main\AppData\Local\Temp\ccnoCEym.s 			page 11


 360              	.LVL16:
 361 00e0 AEE7     		b	.L12
 362              	.L16:
 130:Core/Src/i2c.c ****     }
 363              		.loc 1 130 7 view .LVU117
 364 00e2 FFF7FEFF 		bl	Error_Handler
 365              	.LVL17:
 366 00e6 F5E7     		b	.L13
 367              	.L18:
 368              		.align	2
 369              	.L17:
 370 00e8 00540040 		.word	1073763328
 371 00ec 00100240 		.word	1073876992
 372 00f0 00040050 		.word	1342178304
 373 00f4 00000000 		.word	.LANCHOR1
 374 00f8 08000240 		.word	1073872904
 375              		.cfi_endproc
 376              	.LFE346:
 378              		.section	.text.HAL_I2C_MspDeInit,"ax",%progbits
 379              		.align	1
 380              		.global	HAL_I2C_MspDeInit
 381              		.syntax unified
 382              		.code	16
 383              		.thumb_func
 385              	HAL_I2C_MspDeInit:
 386              	.LVL18:
 387              	.LFB347:
 140:Core/Src/i2c.c **** 
 141:Core/Src/i2c.c **** void HAL_I2C_MspDeInit(I2C_HandleTypeDef* i2cHandle)
 142:Core/Src/i2c.c **** {
 388              		.loc 1 142 1 view -0
 389              		.cfi_startproc
 390              		@ args = 0, pretend = 0, frame = 0
 391              		@ frame_needed = 0, uses_anonymous_args = 0
 392              		.loc 1 142 1 is_stmt 0 view .LVU119
 393 0000 10B5     		push	{r4, lr}
 394              	.LCFI4:
 395              		.cfi_def_cfa_offset 8
 396              		.cfi_offset 4, -8
 397              		.cfi_offset 14, -4
 398 0002 0400     		movs	r4, r0
 143:Core/Src/i2c.c **** 
 144:Core/Src/i2c.c ****   if(i2cHandle->Instance==I2C1)
 399              		.loc 1 144 3 is_stmt 1 view .LVU120
 400              		.loc 1 144 5 is_stmt 0 view .LVU121
 401 0004 0B4B     		ldr	r3, .L22
 402 0006 0268     		ldr	r2, [r0]
 403 0008 9A42     		cmp	r2, r3
 404 000a 00D0     		beq	.L21
 405              	.LVL19:
 406              	.L19:
 145:Core/Src/i2c.c ****   {
 146:Core/Src/i2c.c ****   /* USER CODE BEGIN I2C1_MspDeInit 0 */
 147:Core/Src/i2c.c **** 
 148:Core/Src/i2c.c ****   /* USER CODE END I2C1_MspDeInit 0 */
 149:Core/Src/i2c.c ****     /* Peripheral clock disable */
 150:Core/Src/i2c.c ****     __HAL_RCC_I2C1_CLK_DISABLE();
ARM GAS  C:\Users\main\AppData\Local\Temp\ccnoCEym.s 			page 12


 151:Core/Src/i2c.c **** 
 152:Core/Src/i2c.c ****     /**I2C1 GPIO Configuration
 153:Core/Src/i2c.c ****     PA10     ------> I2C1_SDA
 154:Core/Src/i2c.c ****     PB6     ------> I2C1_SCL
 155:Core/Src/i2c.c ****     */
 156:Core/Src/i2c.c ****     HAL_GPIO_DeInit(GPIOA, GPIO_PIN_10);
 157:Core/Src/i2c.c **** 
 158:Core/Src/i2c.c ****     HAL_GPIO_DeInit(GPIOB, GPIO_PIN_6);
 159:Core/Src/i2c.c **** 
 160:Core/Src/i2c.c ****     /* I2C1 DMA DeInit */
 161:Core/Src/i2c.c ****     HAL_DMA_DeInit(i2cHandle->hdmatx);
 162:Core/Src/i2c.c ****   /* USER CODE BEGIN I2C1_MspDeInit 1 */
 163:Core/Src/i2c.c **** 
 164:Core/Src/i2c.c ****   /* USER CODE END I2C1_MspDeInit 1 */
 165:Core/Src/i2c.c ****   }
 166:Core/Src/i2c.c **** }
 407              		.loc 1 166 1 view .LVU122
 408              		@ sp needed
 409              	.LVL20:
 410              		.loc 1 166 1 view .LVU123
 411 000c 10BD     		pop	{r4, pc}
 412              	.LVL21:
 413              	.L21:
 150:Core/Src/i2c.c **** 
 414              		.loc 1 150 5 is_stmt 1 view .LVU124
 415 000e 0A4A     		ldr	r2, .L22+4
 416 0010 D36B     		ldr	r3, [r2, #60]
 417 0012 0A49     		ldr	r1, .L22+8
 418 0014 0B40     		ands	r3, r1
 419 0016 D363     		str	r3, [r2, #60]
 156:Core/Src/i2c.c **** 
 420              		.loc 1 156 5 view .LVU125
 421 0018 8021     		movs	r1, #128
 422 001a A020     		movs	r0, #160
 423              	.LVL22:
 156:Core/Src/i2c.c **** 
 424              		.loc 1 156 5 is_stmt 0 view .LVU126
 425 001c C900     		lsls	r1, r1, #3
 426 001e C005     		lsls	r0, r0, #23
 427 0020 FFF7FEFF 		bl	HAL_GPIO_DeInit
 428              	.LVL23:
 158:Core/Src/i2c.c **** 
 429              		.loc 1 158 5 is_stmt 1 view .LVU127
 430 0024 4021     		movs	r1, #64
 431 0026 0648     		ldr	r0, .L22+12
 432 0028 FFF7FEFF 		bl	HAL_GPIO_DeInit
 433              	.LVL24:
 161:Core/Src/i2c.c ****   /* USER CODE BEGIN I2C1_MspDeInit 1 */
 434              		.loc 1 161 5 view .LVU128
 435 002c A06B     		ldr	r0, [r4, #56]
 436 002e FFF7FEFF 		bl	HAL_DMA_DeInit
 437              	.LVL25:
 438              		.loc 1 166 1 is_stmt 0 view .LVU129
 439 0032 EBE7     		b	.L19
 440              	.L23:
 441              		.align	2
 442              	.L22:
ARM GAS  C:\Users\main\AppData\Local\Temp\ccnoCEym.s 			page 13


 443 0034 00540040 		.word	1073763328
 444 0038 00100240 		.word	1073876992
 445 003c FFFFDFFF 		.word	-2097153
 446 0040 00040050 		.word	1342178304
 447              		.cfi_endproc
 448              	.LFE347:
 450              		.global	hdma_i2c1_tx
 451              		.global	hi2c1
 452              		.section	.bss.hdma_i2c1_tx,"aw",%nobits
 453              		.align	2
 454              		.set	.LANCHOR1,. + 0
 457              	hdma_i2c1_tx:
 458 0000 00000000 		.space	92
 458      00000000 
 458      00000000 
 458      00000000 
 458      00000000 
 459              		.section	.bss.hi2c1,"aw",%nobits
 460              		.align	2
 461              		.set	.LANCHOR0,. + 0
 464              	hi2c1:
 465 0000 00000000 		.space	84
 465      00000000 
 465      00000000 
 465      00000000 
 465      00000000 
 466              		.text
 467              	.Letext0:
 468              		.file 2 "c:\\program files (x86)\\gnu arm embedded toolchain\\10 2021.10\\arm-none-eabi\\include\\
 469              		.file 3 "c:\\program files (x86)\\gnu arm embedded toolchain\\10 2021.10\\arm-none-eabi\\include\\
 470              		.file 4 "Drivers/CMSIS/Device/ST/STM32C0xx/Include/stm32c031xx.h"
 471              		.file 5 "Drivers/STM32C0xx_HAL_Driver/Inc/stm32c0xx_hal_def.h"
 472              		.file 6 "Drivers/STM32C0xx_HAL_Driver/Inc/stm32c0xx_hal_rcc_ex.h"
 473              		.file 7 "Drivers/STM32C0xx_HAL_Driver/Inc/stm32c0xx_hal_gpio.h"
 474              		.file 8 "Drivers/STM32C0xx_HAL_Driver/Inc/stm32c0xx_hal_dma.h"
 475              		.file 9 "Drivers/STM32C0xx_HAL_Driver/Inc/stm32c0xx_hal_i2c.h"
 476              		.file 10 "Core/Inc/i2c.h"
 477              		.file 11 "Core/Inc/main.h"
 478              		.file 12 "Drivers/STM32C0xx_HAL_Driver/Inc/stm32c0xx_hal_i2c_ex.h"
 479              		.file 13 "<built-in>"
ARM GAS  C:\Users\main\AppData\Local\Temp\ccnoCEym.s 			page 14


DEFINED SYMBOLS
                            *ABS*:00000000 i2c.c
C:\Users\main\AppData\Local\Temp\ccnoCEym.s:18     .text.MX_I2C1_Init:00000000 $t
C:\Users\main\AppData\Local\Temp\ccnoCEym.s:24     .text.MX_I2C1_Init:00000000 MX_I2C1_Init
C:\Users\main\AppData\Local\Temp\ccnoCEym.s:118    .text.MX_I2C1_Init:00000054 $d
C:\Users\main\AppData\Local\Temp\ccnoCEym.s:125    .text.HAL_I2C_MspInit:00000000 $t
C:\Users\main\AppData\Local\Temp\ccnoCEym.s:131    .text.HAL_I2C_MspInit:00000000 HAL_I2C_MspInit
C:\Users\main\AppData\Local\Temp\ccnoCEym.s:370    .text.HAL_I2C_MspInit:000000e8 $d
C:\Users\main\AppData\Local\Temp\ccnoCEym.s:379    .text.HAL_I2C_MspDeInit:00000000 $t
C:\Users\main\AppData\Local\Temp\ccnoCEym.s:385    .text.HAL_I2C_MspDeInit:00000000 HAL_I2C_MspDeInit
C:\Users\main\AppData\Local\Temp\ccnoCEym.s:443    .text.HAL_I2C_MspDeInit:00000034 $d
C:\Users\main\AppData\Local\Temp\ccnoCEym.s:457    .bss.hdma_i2c1_tx:00000000 hdma_i2c1_tx
C:\Users\main\AppData\Local\Temp\ccnoCEym.s:464    .bss.hi2c1:00000000 hi2c1
C:\Users\main\AppData\Local\Temp\ccnoCEym.s:453    .bss.hdma_i2c1_tx:00000000 $d
C:\Users\main\AppData\Local\Temp\ccnoCEym.s:460    .bss.hi2c1:00000000 $d

UNDEFINED SYMBOLS
HAL_I2C_Init
HAL_I2CEx_ConfigAnalogFilter
HAL_I2CEx_ConfigDigitalFilter
Error_Handler
memset
HAL_RCCEx_PeriphCLKConfig
HAL_GPIO_Init
HAL_DMA_Init
HAL_GPIO_DeInit
HAL_DMA_DeInit
